    [Client 4] Initializing...
    [Client 4] Starting on host: cdr2597.int.cedar.computecanada.ca
Loading data from .npy files...
Training set: (50000, 32, 32, 3), Labels: (50000, 1)
Test set:     (10000, 32, 32, 3), Labels: (10000, 1)
    [Client 4] Round 1 - Waiting for global weights...
    [Client 9] Initializing...
    [Client 9] Starting on host: cdr2655.int.cedar.computecanada.ca
Loading data from .npy files...
Training set: (50000, 32, 32, 3), Labels: (50000, 1)
Test set:     (10000, 32, 32, 3), Labels: (10000, 1)
    [Client 9] Round 1 - Waiting for global weights...
    [Client 8] Initializing...
    [Client 8] Starting on host: cdr2653.int.cedar.computecanada.ca
Loading data from .npy files...
Training set: (50000, 32, 32, 3), Labels: (50000, 1)
Test set:     (10000, 32, 32, 3), Labels: (10000, 1)
    [Client 8] Round 1 - Waiting for global weights...
    [Client 6] Initializing...
    [Client 6] Starting on host: cdr2637.int.cedar.computecanada.ca
=== Federated Server Started ===
Total processes: 11 (1 server + 10 clients)

    [Client 1] Initializing...
    [Client 1] Starting on host: cdr2530.int.cedar.computecanada.ca
    [Client 2] Initializing...
    [Client 2] Starting on host: cdr2543.int.cedar.computecanada.ca
    [Client 3] Initializing...
    [Client 3] Starting on host: cdr2586.int.cedar.computecanada.ca
    [Client 7] Initializing...
    [Client 7] Starting on host: cdr2641.int.cedar.computecanada.ca
    [Client 10] Initializing...
    [Client 10] Starting on host: cdr2657.int.cedar.computecanada.ca
    [Client 5] Initializing...
    [Client 5] Starting on host: cdr2608.int.cedar.computecanada.ca
Loading data from .npy files...
Training set: (50000, 32, 32, 3), Labels: (50000, 1)
Test set:     (10000, 32, 32, 3), Labels: (10000, 1)
    [Client 1] Round 1 - Waiting for global weights...
Loading data from .npy files...
Training set: (50000, 32, 32, 3), Labels: (50000, 1)
Test set:     (10000, 32, 32, 3), Labels: (10000, 1)
    [Client 3] Round 1 - Waiting for global weights...
Loading data from .npy files...
Training set: (50000, 32, 32, 3), Labels: (50000, 1)
Test set:     (10000, 32, 32, 3), Labels: (10000, 1)
    [Client 5] Round 1 - Waiting for global weights...
Loading data from .npy files...
Training set: (50000, 32, 32, 3), Labels: (50000, 1)
Test set:     (10000, 32, 32, 3), Labels: (10000, 1)
    [Client 2] Round 1 - Waiting for global weights...
Loading data from .npy files...
Training set: (50000, 32, 32, 3), Labels: (50000, 1)
Test set:     (10000, 32, 32, 3), Labels: (10000, 1)
    [Client 7] Round 1 - Waiting for global weights...
Loading data from .npy files...
Training set: (50000, 32, 32, 3), Labels: (50000, 1)
Test set:     (10000, 32, 32, 3), Labels: (10000, 1)
    [Client 10] Round 1 - Waiting for global weights...
Loading data from .npy files...
Training set: (50000, 32, 32, 3), Labels: (50000, 1)
Test set:     (10000, 32, 32, 3), Labels: (10000, 1)
    [Client 6] Round 1 - Waiting for global weights...
Loading data from .npy files...
Training set: (50000, 32, 32, 3), Labels: (50000, 10)
Test set:     (10000, 32, 32, 3), Labels: (10000, 10)

===== Round 1 =====
Broadcasting global model to all clients...
Waiting for model weights from client 1...
    [Client 1] Round 1 - Training on local data...
    [Client 5] Round 1 - Training on local data...
    [Client 2] Round 1 - Training on local data...
    [Client 3] Round 1 - Training on local data...
    [Client 6] Round 1 - Training on local data...
    [Client 7] Round 1 - Training on local data...
    [Client 10] Round 1 - Training on local data...
    [Client 8] Round 1 - Training on local data...
    [Client 4] Round 1 - Training on local data...
    [Client 9] Round 1 - Training on local data...
    [Client 4] System Stats: {'client_rank': 4, 'round': 1, 'timestamp': '2025-07-25 10:18:45', 'cpu_time': 1179586.28, 'cpu_freq_mhz': 2060.92353125, 'ram_used_mb': 52795.838464, 'net_sent_bytes': 10238569659, 'net_recv_bytes': 71451389952, 'gpu_mem_used_mb': 31471.0, 'gpu_load': 0.01}
    [Client 4] Round 1 - Sending updated weights to server...
    [Client 9] System Stats: {'client_rank': 9, 'round': 1, 'timestamp': '2025-07-25 10:18:45', 'cpu_time': 857731.8099999999, 'cpu_freq_mhz': 2100.00078125, 'ram_used_mb': 22343.831552, 'net_sent_bytes': 29816731494, 'net_recv_bytes': 289040987271, 'gpu_mem_used_mb': 31471.0, 'gpu_load': 0.0}
    [Client 9] Round 1 - Sending updated weights to server...
    [Client 8] System Stats: {'client_rank': 8, 'round': 1, 'timestamp': '2025-07-25 10:18:47', 'cpu_time': 831038.8, 'cpu_freq_mhz': 2077.48809375, 'ram_used_mb': 48851.652608, 'net_sent_bytes': 25841550630, 'net_recv_bytes': 52321436122, 'gpu_mem_used_mb': 31471.0, 'gpu_load': 0.0}
    [Client 8] Round 1 - Sending updated weights to server...
    [Client 10] System Stats: {'client_rank': 10, 'round': 1, 'timestamp': '2025-07-25 10:18:52', 'cpu_time': 871773.69, 'cpu_freq_mhz': 2091.6855, 'ram_used_mb': 57368.502272, 'net_sent_bytes': 43361936764, 'net_recv_bytes': 316504224533, 'gpu_mem_used_mb': 31471.0, 'gpu_load': 0.01}
    [Client 3] System Stats: {'client_rank': 3, 'round': 1, 'timestamp': '2025-07-25 10:18:52', 'cpu_time': 809220.8300000001, 'cpu_freq_mhz': 2080.89825, 'ram_used_mb': 13096.439808, 'net_sent_bytes': 2172073300, 'net_recv_bytes': 16208351530, 'gpu_mem_used_mb': 31471.0, 'gpu_load': 0.0}
    [Client 5] System Stats: {'client_rank': 5, 'round': 1, 'timestamp': '2025-07-25 10:18:52', 'cpu_time': 553977.25, 'cpu_freq_mhz': 2083.79465625, 'ram_used_mb': 5772.816384, 'net_sent_bytes': 4267126698, 'net_recv_bytes': 231169615291, 'gpu_mem_used_mb': 31471.0, 'gpu_load': 0.01}
    [Client 10] Round 1 - Sending updated weights to server...
    [Client 3] Round 1 - Sending updated weights to server...
    [Client 5] Round 1 - Sending updated weights to server...
    [Client 7] System Stats: {'client_rank': 7, 'round': 1, 'timestamp': '2025-07-25 10:18:52', 'cpu_time': 990443.39, 'cpu_freq_mhz': 2100.00121875, 'ram_used_mb': 29610.299392, 'net_sent_bytes': 34955307602, 'net_recv_bytes': 540666494154, 'gpu_mem_used_mb': 31471.0, 'gpu_load': 0.0}
    [Client 7] Round 1 - Sending updated weights to server...
    [Client 2] System Stats: {'client_rank': 2, 'round': 1, 'timestamp': '2025-07-25 10:18:52', 'cpu_time': 1209642.35, 'cpu_freq_mhz': 2099.1459999999997, 'ram_used_mb': 28186.84928, 'net_sent_bytes': 6319531407, 'net_recv_bytes': 27236287716, 'gpu_mem_used_mb': 31471.0, 'gpu_load': 0.0}
    [Client 2] Round 1 - Sending updated weights to server...
    [Client 6] System Stats: {'client_rank': 6, 'round': 1, 'timestamp': '2025-07-25 10:18:52', 'cpu_time': 1190431.8900000001, 'cpu_freq_mhz': 2100.00040625, 'ram_used_mb': 33983.717376, 'net_sent_bytes': 73987955199, 'net_recv_bytes': 154063454667, 'gpu_mem_used_mb': 31471.0, 'gpu_load': 0.01}
    [Client 6] Round 1 - Sending updated weights to server...
    [Client 1] System Stats: {'client_rank': 1, 'round': 1, 'timestamp': '2025-07-25 10:18:53', 'cpu_time': 857776.84, 'cpu_freq_mhz': 2092.90475, 'ram_used_mb': 14318.534656, 'net_sent_bytes': 4743465981, 'net_recv_bytes': 26828893067, 'gpu_mem_used_mb': 31471.0, 'gpu_load': 0.0}
    [Client 1] Round 1 - Sending updated weights to server...
Received weights from client 1
Waiting for model weights from client 2...
Received weights from client 2
Waiting for model weights from client 3...
Received weights from client 3
Waiting for model weights from client 4...
Received weights from client 4
Waiting for model weights from client 5...
Received weights from client 5
Waiting for model weights from client 6...
Received weights from client 6
Waiting for model weights from client 7...
Received weights from client 7
Waiting for model weights from client 8...
Received weights from client 8
Waiting for model weights from client 9...
Received weights from client 9
Waiting for model weights from client 10...
Received weights from client 10
Received system metrics from client 1: {'client_rank': 1, 'round': 1, 'timestamp': '2025-07-25 10:18:53', 'cpu_time': 857776.84, 'cpu_freq_mhz': 2092.90475, 'ram_used_mb': 14318.534656, 'net_sent_bytes': 4743465981, 'net_recv_bytes': 26828893067, 'gpu_mem_used_mb': 31471.0, 'gpu_load': 0.0}
Received system metrics from client 2: {'client_rank': 2, 'round': 1, 'timestamp': '2025-07-25 10:18:52', 'cpu_time': 1209642.35, 'cpu_freq_mhz': 2099.1459999999997, 'ram_used_mb': 28186.84928, 'net_sent_bytes': 6319531407, 'net_recv_bytes': 27236287716, 'gpu_mem_used_mb': 31471.0, 'gpu_load': 0.0}
Received system metrics from client 3: {'client_rank': 3, 'round': 1, 'timestamp': '2025-07-25 10:18:52', 'cpu_time': 809220.8300000001, 'cpu_freq_mhz': 2080.89825, 'ram_used_mb': 13096.439808, 'net_sent_bytes': 2172073300, 'net_recv_bytes': 16208351530, 'gpu_mem_used_mb': 31471.0, 'gpu_load': 0.0}
Received system metrics from client 4: {'client_rank': 4, 'round': 1, 'timestamp': '2025-07-25 10:18:45', 'cpu_time': 1179586.28, 'cpu_freq_mhz': 2060.92353125, 'ram_used_mb': 52795.838464, 'net_sent_bytes': 10238569659, 'net_recv_bytes': 71451389952, 'gpu_mem_used_mb': 31471.0, 'gpu_load': 0.01}
Received system metrics from client 5: {'client_rank': 5, 'round': 1, 'timestamp': '2025-07-25 10:18:52', 'cpu_time': 553977.25, 'cpu_freq_mhz': 2083.79465625, 'ram_used_mb': 5772.816384, 'net_sent_bytes': 4267126698, 'net_recv_bytes': 231169615291, 'gpu_mem_used_mb': 31471.0, 'gpu_load': 0.01}
Received system metrics from client 6: {'client_rank': 6, 'round': 1, 'timestamp': '2025-07-25 10:18:52', 'cpu_time': 1190431.8900000001, 'cpu_freq_mhz': 2100.00040625, 'ram_used_mb': 33983.717376, 'net_sent_bytes': 73987955199, 'net_recv_bytes': 154063454667, 'gpu_mem_used_mb': 31471.0, 'gpu_load': 0.01}
Received system metrics from client 7: {'client_rank': 7, 'round': 1, 'timestamp': '2025-07-25 10:18:52', 'cpu_time': 990443.39, 'cpu_freq_mhz': 2100.00121875, 'ram_used_mb': 29610.299392, 'net_sent_bytes': 34955307602, 'net_recv_bytes': 540666494154, 'gpu_mem_used_mb': 31471.0, 'gpu_load': 0.0}
Received system metrics from client 8: {'client_rank': 8, 'round': 1, 'timestamp': '2025-07-25 10:18:47', 'cpu_time': 831038.8, 'cpu_freq_mhz': 2077.48809375, 'ram_used_mb': 48851.652608, 'net_sent_bytes': 25841550630, 'net_recv_bytes': 52321436122, 'gpu_mem_used_mb': 31471.0, 'gpu_load': 0.0}
Received system metrics from client 9: {'client_rank': 9, 'round': 1, 'timestamp': '2025-07-25 10:18:45', 'cpu_time': 857731.8099999999, 'cpu_freq_mhz': 2100.00078125, 'ram_used_mb': 22343.831552, 'net_sent_bytes': 29816731494, 'net_recv_bytes': 289040987271, 'gpu_mem_used_mb': 31471.0, 'gpu_load': 0.0}
Received system metrics from client 10: {'client_rank': 10, 'round': 1, 'timestamp': '2025-07-25 10:18:52', 'cpu_time': 871773.69, 'cpu_freq_mhz': 2091.6855, 'ram_used_mb': 57368.502272, 'net_sent_bytes': 43361936764, 'net_recv_bytes': 316504224533, 'gpu_mem_used_mb': 31471.0, 'gpu_load': 0.01}
Averaging model weights...
Evaluating updated global model on test set...
    [Client 1] Round 2 - Waiting for global weights...
    [Client 2] Round 2 - Waiting for global weights...
    [Client 3] Round 2 - Waiting for global weights...
    [Client 5] Round 2 - Waiting for global weights...
    [Client 8] Round 2 - Waiting for global weights...
    [Client 10] Round 2 - Waiting for global weights...
    [Client 4] Round 2 - Waiting for global weights...
    [Client 7] Round 2 - Waiting for global weights...
    [Client 6] Round 2 - Waiting for global weights...
    [Client 9] Round 2 - Waiting for global weights...
Round 1 Evaluation - Accuracy: 0.1157, Loss: 2.4560

===== Round 2 =====
Broadcasting global model to all clients...
Waiting for model weights from client 1...
    [Client 3] Round 2 - Training on local data...
    [Client 10] Round 2 - Training on local data...
    [Client 8] Round 2 - Training on local data...
    [Client 5] Round 2 - Training on local data...
    [Client 4] Round 2 - Training on local data...
    [Client 1] Round 2 - Training on local data...
    [Client 9] Round 2 - Training on local data...
    [Client 2] Round 2 - Training on local data...
    [Client 7] Round 2 - Training on local data...
    [Client 6] Round 2 - Training on local data...
    [Client 10] System Stats: {'client_rank': 10, 'round': 2, 'timestamp': '2025-07-25 10:19:14', 'cpu_time': 871778.12, 'cpu_freq_mhz': 2062.27371875, 'ram_used_mb': 61273.944064, 'net_sent_bytes': 43361939985, 'net_recv_bytes': 316504289916, 'gpu_mem_used_mb': 31471.0, 'gpu_load': 0.0}
    [Client 10] Round 2 - Sending updated weights to server...
    [Client 1] System Stats: {'client_rank': 1, 'round': 2, 'timestamp': '2025-07-25 10:19:14', 'cpu_time': 857793.8300000001, 'cpu_freq_mhz': 2099.228375, 'ram_used_mb': 14565.412864, 'net_sent_bytes': 4743472353, 'net_recv_bytes': 26828959392, 'gpu_mem_used_mb': 31471.0, 'gpu_load': 0.0}
    [Client 1] Round 2 - Sending updated weights to server...
Received weights from client 1
Waiting for model weights from client 2...
    [Client 8] System Stats: {'client_rank': 8, 'round': 2, 'timestamp': '2025-07-25 10:19:14', 'cpu_time': 831047.34, 'cpu_freq_mhz': 2063.4179375, 'ram_used_mb': 42646.409216, 'net_sent_bytes': 25841581838, 'net_recv_bytes': 52321519476, 'gpu_mem_used_mb': 31471.0, 'gpu_load': 0.0}
    [Client 8] Round 2 - Sending updated weights to server...
    [Client 3] System Stats: {'client_rank': 3, 'round': 2, 'timestamp': '2025-07-25 10:19:15', 'cpu_time': 809223.73, 'cpu_freq_mhz': 2078.02615625, 'ram_used_mb': 13351.907328, 'net_sent_bytes': 2172077866, 'net_recv_bytes': 16208418824, 'gpu_mem_used_mb': 31471.0, 'gpu_load': 0.0}
    [Client 3] Round 2 - Sending updated weights to server...
    [Client 1] Round 3 - Waiting for global weights...
    [Client 5] System Stats: {'client_rank': 5, 'round': 2, 'timestamp': '2025-07-25 10:19:15', 'cpu_time': 553978.65, 'cpu_freq_mhz': 2083.26815625, 'ram_used_mb': 6064.9472, 'net_sent_bytes': 4267129922, 'net_recv_bytes': 231169681466, 'gpu_mem_used_mb': 31471.0, 'gpu_load': 0.0}
    [Client 5] Round 2 - Sending updated weights to server...
    [Client 2] System Stats: {'client_rank': 2, 'round': 2, 'timestamp': '2025-07-25 10:19:15', 'cpu_time': 1209644.28, 'cpu_freq_mhz': 2098.3545937500003, 'ram_used_mb': 28499.922944, 'net_sent_bytes': 6319535003, 'net_recv_bytes': 27236354400, 'gpu_mem_used_mb': 31471.0, 'gpu_load': 0.0}
    [Client 2] Round 2 - Sending updated weights to server...
Received weights from client 2
Waiting for model weights from client 3...
Received weights from client 3
Waiting for model weights from client 4...
    [Client 4] System Stats: {'client_rank': 4, 'round': 2, 'timestamp': '2025-07-25 10:19:15', 'cpu_time': 1179601.8699999999, 'cpu_freq_mhz': 2075.3095625, 'ram_used_mb': 39118.692352, 'net_sent_bytes': 10238603933, 'net_recv_bytes': 71451481392, 'gpu_mem_used_mb': 31471.0, 'gpu_load': 0.01}
    [Client 4] Round 2 - Sending updated weights to server...
Received weights from client 4
Waiting for model weights from client 5...
Received weights from client 5
Waiting for model weights from client 6...
    [Client 2] Round 3 - Waiting for global weights...
    [Client 3] Round 3 - Waiting for global weights...
    [Client 7] System Stats: {'client_rank': 7, 'round': 2, 'timestamp': '2025-07-25 10:19:15', 'cpu_time': 990455.1499999999, 'cpu_freq_mhz': 2100.0012500000003, 'ram_used_mb': 33723.682816, 'net_sent_bytes': 34955312113, 'net_recv_bytes': 540666563099, 'gpu_mem_used_mb': 31471.0, 'gpu_load': 0.01}
    [Client 7] Round 2 - Sending updated weights to server...
    [Client 5] Round 3 - Waiting for global weights...
    [Client 4] Round 3 - Waiting for global weights...
    [Client 9] System Stats: {'client_rank': 9, 'round': 2, 'timestamp': '2025-07-25 10:19:15', 'cpu_time': 857746.4099999999, 'cpu_freq_mhz': 2100.0005625, 'ram_used_mb': 29015.109632, 'net_sent_bytes': 29816736619, 'net_recv_bytes': 289041075169, 'gpu_mem_used_mb': 31471.0, 'gpu_load': 0.01}
    [Client 9] Round 2 - Sending updated weights to server...
    [Client 6] System Stats: {'client_rank': 6, 'round': 2, 'timestamp': '2025-07-25 10:19:16', 'cpu_time': 1190468.41, 'cpu_freq_mhz': 2100.000375, 'ram_used_mb': 26331.353088, 'net_sent_bytes': 73987959362, 'net_recv_bytes': 154063524496, 'gpu_mem_used_mb': 31471.0, 'gpu_load': 0.0}
    [Client 6] Round 2 - Sending updated weights to server...
Received weights from client 6
Waiting for model weights from client 7...
Received weights from client 7
Waiting for model weights from client 8...
Received weights from client 8
Waiting for model weights from client 9...
Received weights from client 9
Waiting for model weights from client 10...
Received weights from client 10
Received system metrics from client 1: {'client_rank': 1, 'round': 2, 'timestamp': '2025-07-25 10:19:14', 'cpu_time': 857793.8300000001, 'cpu_freq_mhz': 2099.228375, 'ram_used_mb': 14565.412864, 'net_sent_bytes': 4743472353, 'net_recv_bytes': 26828959392, 'gpu_mem_used_mb': 31471.0, 'gpu_load': 0.0}
Received system metrics from client 2: {'client_rank': 2, 'round': 2, 'timestamp': '2025-07-25 10:19:15', 'cpu_time': 1209644.28, 'cpu_freq_mhz': 2098.3545937500003, 'ram_used_mb': 28499.922944, 'net_sent_bytes': 6319535003, 'net_recv_bytes': 27236354400, 'gpu_mem_used_mb': 31471.0, 'gpu_load': 0.0}
Received system metrics from client 3: {'client_rank': 3, 'round': 2, 'timestamp': '2025-07-25 10:19:15', 'cpu_time': 809223.73, 'cpu_freq_mhz': 2078.02615625, 'ram_used_mb': 13351.907328, 'net_sent_bytes': 2172077866, 'net_recv_bytes': 16208418824, 'gpu_mem_used_mb': 31471.0, 'gpu_load': 0.0}
Received system metrics from client 4: {'client_rank': 4, 'round': 2, 'timestamp': '2025-07-25 10:19:15', 'cpu_time': 1179601.8699999999, 'cpu_freq_mhz': 2075.3095625, 'ram_used_mb': 39118.692352, 'net_sent_bytes': 10238603933, 'net_recv_bytes': 71451481392, 'gpu_mem_used_mb': 31471.0, 'gpu_load': 0.01}
Received system metrics from client 5: {'client_rank': 5, 'round': 2, 'timestamp': '2025-07-25 10:19:15', 'cpu_time': 553978.65, 'cpu_freq_mhz': 2083.26815625, 'ram_used_mb': 6064.9472, 'net_sent_bytes': 4267129922, 'net_recv_bytes': 231169681466, 'gpu_mem_used_mb': 31471.0, 'gpu_load': 0.0}
Received system metrics from client 6: {'client_rank': 6, 'round': 2, 'timestamp': '2025-07-25 10:19:16', 'cpu_time': 1190468.41, 'cpu_freq_mhz': 2100.000375, 'ram_used_mb': 26331.353088, 'net_sent_bytes': 73987959362, 'net_recv_bytes': 154063524496, 'gpu_mem_used_mb': 31471.0, 'gpu_load': 0.0}
Received system metrics from client 7: {'client_rank': 7, 'round': 2, 'timestamp': '2025-07-25 10:19:15', 'cpu_time': 990455.1499999999, 'cpu_freq_mhz': 2100.0012500000003, 'ram_used_mb': 33723.682816, 'net_sent_bytes': 34955312113, 'net_recv_bytes': 540666563099, 'gpu_mem_used_mb': 31471.0, 'gpu_load': 0.01}
Received system metrics from client 8: {'client_rank': 8, 'round': 2, 'timestamp': '2025-07-25 10:19:14', 'cpu_time': 831047.34, 'cpu_freq_mhz': 2063.4179375, 'ram_used_mb': 42646.409216, 'net_sent_bytes': 25841581838, 'net_recv_bytes': 52321519476, 'gpu_mem_used_mb': 31471.0, 'gpu_load': 0.0}
Received system metrics from client 9: {'client_rank': 9, 'round': 2, 'timestamp': '2025-07-25 10:19:15', 'cpu_time': 857746.4099999999, 'cpu_freq_mhz': 2100.0005625, 'ram_used_mb': 29015.109632, 'net_sent_bytes': 29816736619, 'net_recv_bytes': 289041075169, 'gpu_mem_used_mb': 31471.0, 'gpu_load': 0.01}
Received system metrics from client 10: {'client_rank': 10, 'round': 2, 'timestamp': '2025-07-25 10:19:14', 'cpu_time': 871778.12, 'cpu_freq_mhz': 2062.27371875, 'ram_used_mb': 61273.944064, 'net_sent_bytes': 43361939985, 'net_recv_bytes': 316504289916, 'gpu_mem_used_mb': 31471.0, 'gpu_load': 0.0}
Averaging model weights...
Evaluating updated global model on test set...
    [Client 10] Round 3 - Waiting for global weights...
    [Client 6] Round 3 - Waiting for global weights...
    [Client 8] Round 3 - Waiting for global weights...
    [Client 7] Round 3 - Waiting for global weights...
    [Client 9] Round 3 - Waiting for global weights...
Round 2 Evaluation - Accuracy: 0.2572, Loss: 2.0142

===== Round 3 =====
Broadcasting global model to all clients...
Waiting for model weights from client 1...
    [Client 3] Round 3 - Training on local data...
    [Client 1] Round 3 - Training on local data...
    [Client 10] Round 3 - Training on local data...
    [Client 4] Round 3 - Training on local data...
    [Client 7] Round 3 - Training on local data...
    [Client 5] Round 3 - Training on local data...
    [Client 2] Round 3 - Training on local data...
    [Client 8] Round 3 - Training on local data...
    [Client 6] Round 3 - Training on local data...
    [Client 9] Round 3 - Training on local data...
    [Client 1] System Stats: {'client_rank': 1, 'round': 3, 'timestamp': '2025-07-25 10:19:34', 'cpu_time': 857808.85, 'cpu_freq_mhz': 2100.0005625, 'ram_used_mb': 14747.926528, 'net_sent_bytes': 4743475195, 'net_recv_bytes': 26829012363, 'gpu_mem_used_mb': 31473.0, 'gpu_load': 0.01}
    [Client 1] Round 3 - Sending updated weights to server...
Received weights from client 1
Waiting for model weights from client 2...
    [Client 8] System Stats: {'client_rank': 8, 'round': 3, 'timestamp': '2025-07-25 10:19:34', 'cpu_time': 831054.31, 'cpu_freq_mhz': 2080.72375, 'ram_used_mb': 33419.419648, 'net_sent_bytes': 25841584949, 'net_recv_bytes': 52321574514, 'gpu_mem_used_mb': 31473.0, 'gpu_load': 0.01}
    [Client 10] System Stats: {'client_rank': 10, 'round': 3, 'timestamp': '2025-07-25 10:19:34', 'cpu_time': 871782.48, 'cpu_freq_mhz': 2074.10534375, 'ram_used_mb': 64244.224, 'net_sent_bytes': 43361942731, 'net_recv_bytes': 316504344335, 'gpu_mem_used_mb': 31473.0, 'gpu_load': 0.0}
    [Client 8] Round 3 - Sending updated weights to server...
    [Client 10] Round 3 - Sending updated weights to server...
    [Client 4] System Stats: {'client_rank': 4, 'round': 3, 'timestamp': '2025-07-25 10:19:34', 'cpu_time': 1179610.33, 'cpu_freq_mhz': 2081.32209375, 'ram_used_mb': 41094.361088, 'net_sent_bytes': 10238609142, 'net_recv_bytes': 71451537121, 'gpu_mem_used_mb': 31473.0, 'gpu_load': 0.0}
    [Client 4] Round 3 - Sending updated weights to server...
    [Client 1] Round 4 - Waiting for global weights...
    [Client 3] System Stats: {'client_rank': 3, 'round': 3, 'timestamp': '2025-07-25 10:19:34', 'cpu_time': 809226.17, 'cpu_freq_mhz': 2068.6731875, 'ram_used_mb': 13499.502592, 'net_sent_bytes': 2172106464, 'net_recv_bytes': 16208577208, 'gpu_mem_used_mb': 31473.0, 'gpu_load': 0.01}
    [Client 3] Round 3 - Sending updated weights to server...
    [Client 5] System Stats: {'client_rank': 5, 'round': 3, 'timestamp': '2025-07-25 10:19:34', 'cpu_time': 553979.99, 'cpu_freq_mhz': 2085.20175, 'ram_used_mb': 6256.08704, 'net_sent_bytes': 4267133501, 'net_recv_bytes': 231169736713, 'gpu_mem_used_mb': 31473.0, 'gpu_load': 0.01}
    [Client 5] Round 3 - Sending updated weights to server...
    [Client 2] System Stats: {'client_rank': 2, 'round': 3, 'timestamp': '2025-07-25 10:19:34', 'cpu_time': 1209645.3900000001, 'cpu_freq_mhz': 2098.433125, 'ram_used_mb': 28711.706624, 'net_sent_bytes': 6319537508, 'net_recv_bytes': 27236407128, 'gpu_mem_used_mb': 31473.0, 'gpu_load': 0.0}
    [Client 2] Round 3 - Sending updated weights to server...
Received weights from client 2
Waiting for model weights from client 3...
Received weights from client 3
Waiting for model weights from client 4...
Received weights from client 4
Waiting for model weights from client 5...
Received weights from client 5
Waiting for model weights from client 6...
    [Client 6] System Stats: {'client_rank': 6, 'round': 3, 'timestamp': '2025-07-25 10:19:35', 'cpu_time': 1190482.27, 'cpu_freq_mhz': 2100.00053125, 'ram_used_mb': 28530.905088, 'net_sent_bytes': 73987962492, 'net_recv_bytes': 154063576353, 'gpu_mem_used_mb': 31473.0, 'gpu_load': 0.01}
    [Client 6] Round 3 - Sending updated weights to server...
Received weights from client 6
Waiting for model weights from client 7...
    [Client 3] Round 4 - Waiting for global weights...
    [Client 4] Round 4 - Waiting for global weights...
    [Client 5] Round 4 - Waiting for global weights...
    [Client 2] Round 4 - Waiting for global weights...
    [Client 9] System Stats: {'client_rank': 9, 'round': 3, 'timestamp': '2025-07-25 10:19:35', 'cpu_time': 857753.6100000001, 'cpu_freq_mhz': 2100.00121875, 'ram_used_mb': 28824.363008, 'net_sent_bytes': 29816740022, 'net_recv_bytes': 289041129757, 'gpu_mem_used_mb': 31473.0, 'gpu_load': 0.0}
    [Client 9] Round 3 - Sending updated weights to server...
    [Client 7] System Stats: {'client_rank': 7, 'round': 3, 'timestamp': '2025-07-25 10:19:35', 'cpu_time': 990463.21, 'cpu_freq_mhz': 2100.0005, 'ram_used_mb': 32820.555776, 'net_sent_bytes': 34955315684, 'net_recv_bytes': 540666618275, 'gpu_mem_used_mb': 31473.0, 'gpu_load': 0.01}
    [Client 7] Round 3 - Sending updated weights to server...
Received weights from client 7
Waiting for model weights from client 8...
Received weights from client 8
Waiting for model weights from client 9...
Received weights from client 9
Waiting for model weights from client 10...
Received weights from client 10
Received system metrics from client 1: {'client_rank': 1, 'round': 3, 'timestamp': '2025-07-25 10:19:34', 'cpu_time': 857808.85, 'cpu_freq_mhz': 2100.0005625, 'ram_used_mb': 14747.926528, 'net_sent_bytes': 4743475195, 'net_recv_bytes': 26829012363, 'gpu_mem_used_mb': 31473.0, 'gpu_load': 0.01}
Received system metrics from client 2: {'client_rank': 2, 'round': 3, 'timestamp': '2025-07-25 10:19:34', 'cpu_time': 1209645.3900000001, 'cpu_freq_mhz': 2098.433125, 'ram_used_mb': 28711.706624, 'net_sent_bytes': 6319537508, 'net_recv_bytes': 27236407128, 'gpu_mem_used_mb': 31473.0, 'gpu_load': 0.0}
Received system metrics from client 3: {'client_rank': 3, 'round': 3, 'timestamp': '2025-07-25 10:19:34', 'cpu_time': 809226.17, 'cpu_freq_mhz': 2068.6731875, 'ram_used_mb': 13499.502592, 'net_sent_bytes': 2172106464, 'net_recv_bytes': 16208577208, 'gpu_mem_used_mb': 31473.0, 'gpu_load': 0.01}
Received system metrics from client 4: {'client_rank': 4, 'round': 3, 'timestamp': '2025-07-25 10:19:34', 'cpu_time': 1179610.33, 'cpu_freq_mhz': 2081.32209375, 'ram_used_mb': 41094.361088, 'net_sent_bytes': 10238609142, 'net_recv_bytes': 71451537121, 'gpu_mem_used_mb': 31473.0, 'gpu_load': 0.0}
Received system metrics from client 5: {'client_rank': 5, 'round': 3, 'timestamp': '2025-07-25 10:19:34', 'cpu_time': 553979.99, 'cpu_freq_mhz': 2085.20175, 'ram_used_mb': 6256.08704, 'net_sent_bytes': 4267133501, 'net_recv_bytes': 231169736713, 'gpu_mem_used_mb': 31473.0, 'gpu_load': 0.01}
Received system metrics from client 6: {'client_rank': 6, 'round': 3, 'timestamp': '2025-07-25 10:19:35', 'cpu_time': 1190482.27, 'cpu_freq_mhz': 2100.00053125, 'ram_used_mb': 28530.905088, 'net_sent_bytes': 73987962492, 'net_recv_bytes': 154063576353, 'gpu_mem_used_mb': 31473.0, 'gpu_load': 0.01}
Received system metrics from client 7: {'client_rank': 7, 'round': 3, 'timestamp': '2025-07-25 10:19:35', 'cpu_time': 990463.21, 'cpu_freq_mhz': 2100.0005, 'ram_used_mb': 32820.555776, 'net_sent_bytes': 34955315684, 'net_recv_bytes': 540666618275, 'gpu_mem_used_mb': 31473.0, 'gpu_load': 0.01}
Received system metrics from client 8: {'client_rank': 8, 'round': 3, 'timestamp': '2025-07-25 10:19:34', 'cpu_time': 831054.31, 'cpu_freq_mhz': 2080.72375, 'ram_used_mb': 33419.419648, 'net_sent_bytes': 25841584949, 'net_recv_bytes': 52321574514, 'gpu_mem_used_mb': 31473.0, 'gpu_load': 0.01}
Received system metrics from client 9: {'client_rank': 9, 'round': 3, 'timestamp': '2025-07-25 10:19:35', 'cpu_time': 857753.6100000001, 'cpu_freq_mhz': 2100.00121875, 'ram_used_mb': 28824.363008, 'net_sent_bytes': 29816740022, 'net_recv_bytes': 289041129757, 'gpu_mem_used_mb': 31473.0, 'gpu_load': 0.0}
Received system metrics from client 10: {'client_rank': 10, 'round': 3, 'timestamp': '2025-07-25 10:19:34', 'cpu_time': 871782.48, 'cpu_freq_mhz': 2074.10534375, 'ram_used_mb': 64244.224, 'net_sent_bytes': 43361942731, 'net_recv_bytes': 316504344335, 'gpu_mem_used_mb': 31473.0, 'gpu_load': 0.0}
Averaging model weights...
Evaluating updated global model on test set...
    [Client 6] Round 4 - Waiting for global weights...
    [Client 10] Round 4 - Waiting for global weights...
    [Client 8] Round 4 - Waiting for global weights...
    [Client 7] Round 4 - Waiting for global weights...
    [Client 9] Round 4 - Waiting for global weights...
Round 3 Evaluation - Accuracy: 0.4545, Loss: 1.4989

===== Round 4 =====
Broadcasting global model to all clients...
Waiting for model weights from client 1...
    [Client 10] Round 4 - Training on local data...
    [Client 3] Round 4 - Training on local data...
    [Client 8] Round 4 - Training on local data...
    [Client 4] Round 4 - Training on local data...
    [Client 1] Round 4 - Training on local data...
    [Client 7] Round 4 - Training on local data...
    [Client 6] Round 4 - Training on local data...
    [Client 5] Round 4 - Training on local data...
    [Client 2] Round 4 - Training on local data...
    [Client 9] Round 4 - Training on local data...
    [Client 1] System Stats: {'client_rank': 1, 'round': 4, 'timestamp': '2025-07-25 10:19:51', 'cpu_time': 857822.3200000001, 'cpu_freq_mhz': 2099.94690625, 'ram_used_mb': 14864.367616, 'net_sent_bytes': 4743478800, 'net_recv_bytes': 26829059703, 'gpu_mem_used_mb': 31473.0, 'gpu_load': 0.01}
    [Client 1] Round 4 - Sending updated weights to server...
Received weights from client 1
Waiting for model weights from client 2...
    [Client 4] System Stats: {'client_rank': 4, 'round': 4, 'timestamp': '2025-07-25 10:19:51', 'cpu_time': 1179613.59, 'cpu_freq_mhz': 2071.245125, 'ram_used_mb': 41358.946304, 'net_sent_bytes': 10238612695, 'net_recv_bytes': 71451584139, 'gpu_mem_used_mb': 31473.0, 'gpu_load': 0.0}
    [Client 8] System Stats: {'client_rank': 8, 'round': 4, 'timestamp': '2025-07-25 10:19:51', 'cpu_time': 831059.13, 'cpu_freq_mhz': 2065.06721875, 'ram_used_mb': 38569.627648, 'net_sent_bytes': 25841587331, 'net_recv_bytes': 52321620432, 'gpu_mem_used_mb': 31473.0, 'gpu_load': 0.01}
    [Client 4] Round 4 - Sending updated weights to server...
    [Client 8] Round 4 - Sending updated weights to server...
    [Client 10] System Stats: {'client_rank': 10, 'round': 4, 'timestamp': '2025-07-25 10:19:51', 'cpu_time': 871787.58, 'cpu_freq_mhz': 2072.52046875, 'ram_used_mb': 67726.163968, 'net_sent_bytes': 43361946284, 'net_recv_bytes': 316504392110, 'gpu_mem_used_mb': 31473.0, 'gpu_load': 0.0}
    [Client 10] Round 4 - Sending updated weights to server...
    [Client 1] Round 5 - Waiting for global weights...
    [Client 3] System Stats: {'client_rank': 3, 'round': 4, 'timestamp': '2025-07-25 10:19:51', 'cpu_time': 809228.2999999999, 'cpu_freq_mhz': 2071.14134375, 'ram_used_mb': 13681.0496, 'net_sent_bytes': 2172108385, 'net_recv_bytes': 16208622581, 'gpu_mem_used_mb': 31473.0, 'gpu_load': 0.01}
    [Client 3] Round 4 - Sending updated weights to server...
    [Client 5] System Stats: {'client_rank': 5, 'round': 4, 'timestamp': '2025-07-25 10:19:52', 'cpu_time': 553981.24, 'cpu_freq_mhz': 2065.18909375, 'ram_used_mb': 6405.34528, 'net_sent_bytes': 4267135071, 'net_recv_bytes': 231169781971, 'gpu_mem_used_mb': 31473.0, 'gpu_load': 0.01}
    [Client 5] Round 4 - Sending updated weights to server...
    [Client 7] System Stats: {'client_rank': 7, 'round': 4, 'timestamp': '2025-07-25 10:19:52', 'cpu_time': 990470.92, 'cpu_freq_mhz': 2099.99996875, 'ram_used_mb': 32758.431744, 'net_sent_bytes': 34955317460, 'net_recv_bytes': 540666662769, 'gpu_mem_used_mb': 31473.0, 'gpu_load': 0.01}
    [Client 7] Round 4 - Sending updated weights to server...
    [Client 2] System Stats: {'client_rank': 2, 'round': 4, 'timestamp': '2025-07-25 10:19:52', 'cpu_time': 1209646.6400000001, 'cpu_freq_mhz': 2098.74634375, 'ram_used_mb': 28930.220032, 'net_sent_bytes': 6319539352, 'net_recv_bytes': 27236453524, 'gpu_mem_used_mb': 31473.0, 'gpu_load': 0.0}
    [Client 2] Round 4 - Sending updated weights to server...
Received weights from client 2
Waiting for model weights from client 3...
Received weights from client 3
Waiting for model weights from client 4...
Received weights from client 4
Waiting for model weights from client 5...
Received weights from client 5
Waiting for model weights from client 6...
    [Client 6] System Stats: {'client_rank': 6, 'round': 4, 'timestamp': '2025-07-25 10:19:52', 'cpu_time': 1190494.1, 'cpu_freq_mhz': 2100.0005312499998, 'ram_used_mb': 28651.900928, 'net_sent_bytes': 73987964989, 'net_recv_bytes': 154063622105, 'gpu_mem_used_mb': 31473.0, 'gpu_load': 0.0}
    [Client 6] Round 4 - Sending updated weights to server...
Received weights from client 6
Waiting for model weights from client 7...
Received weights from client 7
Waiting for model weights from client 8...
Received weights from client 8
Waiting for model weights from client 9...
    [Client 9] System Stats: {'client_rank': 9, 'round': 4, 'timestamp': '2025-07-25 10:19:52', 'cpu_time': 857759.79, 'cpu_freq_mhz': 2100.00021875, 'ram_used_mb': 29346.93888, 'net_sent_bytes': 29816743071, 'net_recv_bytes': 289041175865, 'gpu_mem_used_mb': 31473.0, 'gpu_load': 0.01}
    [Client 9] Round 4 - Sending updated weights to server...
Received weights from client 9
Waiting for model weights from client 10...
Received weights from client 10
Received system metrics from client 1: {'client_rank': 1, 'round': 4, 'timestamp': '2025-07-25 10:19:51', 'cpu_time': 857822.3200000001, 'cpu_freq_mhz': 2099.94690625, 'ram_used_mb': 14864.367616, 'net_sent_bytes': 4743478800, 'net_recv_bytes': 26829059703, 'gpu_mem_used_mb': 31473.0, 'gpu_load': 0.01}
Received system metrics from client 2: {'client_rank': 2, 'round': 4, 'timestamp': '2025-07-25 10:19:52', 'cpu_time': 1209646.6400000001, 'cpu_freq_mhz': 2098.74634375, 'ram_used_mb': 28930.220032, 'net_sent_bytes': 6319539352, 'net_recv_bytes': 27236453524, 'gpu_mem_used_mb': 31473.0, 'gpu_load': 0.0}
Received system metrics from client 3: {'client_rank': 3, 'round': 4, 'timestamp': '2025-07-25 10:19:51', 'cpu_time': 809228.2999999999, 'cpu_freq_mhz': 2071.14134375, 'ram_used_mb': 13681.0496, 'net_sent_bytes': 2172108385, 'net_recv_bytes': 16208622581, 'gpu_mem_used_mb': 31473.0, 'gpu_load': 0.01}
Received system metrics from client 4: {'client_rank': 4, 'round': 4, 'timestamp': '2025-07-25 10:19:51', 'cpu_time': 1179613.59, 'cpu_freq_mhz': 2071.245125, 'ram_used_mb': 41358.946304, 'net_sent_bytes': 10238612695, 'net_recv_bytes': 71451584139, 'gpu_mem_used_mb': 31473.0, 'gpu_load': 0.0}
Received system metrics from client 5: {'client_rank': 5, 'round': 4, 'timestamp': '2025-07-25 10:19:52', 'cpu_time': 553981.24, 'cpu_freq_mhz': 2065.18909375, 'ram_used_mb': 6405.34528, 'net_sent_bytes': 4267135071, 'net_recv_bytes': 231169781971, 'gpu_mem_used_mb': 31473.0, 'gpu_load': 0.01}
Received system metrics from client 6: {'client_rank': 6, 'round': 4, 'timestamp': '2025-07-25 10:19:52', 'cpu_time': 1190494.1, 'cpu_freq_mhz': 2100.0005312499998, 'ram_used_mb': 28651.900928, 'net_sent_bytes': 73987964989, 'net_recv_bytes': 154063622105, 'gpu_mem_used_mb': 31473.0, 'gpu_load': 0.0}
Received system metrics from client 7: {'client_rank': 7, 'round': 4, 'timestamp': '2025-07-25 10:19:52', 'cpu_time': 990470.92, 'cpu_freq_mhz': 2099.99996875, 'ram_used_mb': 32758.431744, 'net_sent_bytes': 34955317460, 'net_recv_bytes': 540666662769, 'gpu_mem_used_mb': 31473.0, 'gpu_load': 0.01}
Received system metrics from client 8: {'client_rank': 8, 'round': 4, 'timestamp': '2025-07-25 10:19:51', 'cpu_time': 831059.13, 'cpu_freq_mhz': 2065.06721875, 'ram_used_mb': 38569.627648, 'net_sent_bytes': 25841587331, 'net_recv_bytes': 52321620432, 'gpu_mem_used_mb': 31473.0, 'gpu_load': 0.01}
Received system metrics from client 9: {'client_rank': 9, 'round': 4, 'timestamp': '2025-07-25 10:19:52', 'cpu_time': 857759.79, 'cpu_freq_mhz': 2100.00021875, 'ram_used_mb': 29346.93888, 'net_sent_bytes': 29816743071, 'net_recv_bytes': 289041175865, 'gpu_mem_used_mb': 31473.0, 'gpu_load': 0.01}
Received system metrics from client 10: {'client_rank': 10, 'round': 4, 'timestamp': '2025-07-25 10:19:51', 'cpu_time': 871787.58, 'cpu_freq_mhz': 2072.52046875, 'ram_used_mb': 67726.163968, 'net_sent_bytes': 43361946284, 'net_recv_bytes': 316504392110, 'gpu_mem_used_mb': 31473.0, 'gpu_load': 0.0}
Averaging model weights...
Evaluating updated global model on test set...
    [Client 2] Round 5 - Waiting for global weights...
    [Client 3] Round 5 - Waiting for global weights...
    [Client 4] Round 5 - Waiting for global weights...
    [Client 5] Round 5 - Waiting for global weights...
    [Client 8] Round 5 - Waiting for global weights...
    [Client 7] Round 5 - Waiting for global weights...
    [Client 10] Round 5 - Waiting for global weights...
    [Client 6] Round 5 - Waiting for global weights...
    [Client 9] Round 5 - Waiting for global weights...
Round 4 Evaluation - Accuracy: 0.5200, Loss: 1.3209

===== Round 5 =====
Broadcasting global model to all clients...
Waiting for model weights from client 1...
    [Client 1] Round 5 - Training on local data...
    [Client 4] Round 5 - Training on local data...
    [Client 5] Round 5 - Training on local data...
    [Client 3] Round 5 - Training on local data...
    [Client 2] Round 5 - Training on local data...
    [Client 10] Round 5 - Training on local data...
    [Client 8] Round 5 - Training on local data...
    [Client 6] Round 5 - Training on local data...
    [Client 7] Round 5 - Training on local data...
    [Client 9] Round 5 - Training on local data...
    [Client 1] System Stats: {'client_rank': 1, 'round': 5, 'timestamp': '2025-07-25 10:20:08', 'cpu_time': 857835.53, 'cpu_freq_mhz': 2100.00009375, 'ram_used_mb': 15058.419712, 'net_sent_bytes': 4743485687, 'net_recv_bytes': 26829112851, 'gpu_mem_used_mb': 31475.0, 'gpu_load': 0.01}
    [Client 1] Round 5 - Sending updated weights to server...
Received weights from client 1
Waiting for model weights from client 2...
    [Client 10] System Stats: {'client_rank': 10, 'round': 5, 'timestamp': '2025-07-25 10:20:08', 'cpu_time': 871796.53, 'cpu_freq_mhz': 2099.99996875, 'ram_used_mb': 66037.579776, 'net_sent_bytes': 43361950537, 'net_recv_bytes': 316504441356, 'gpu_mem_used_mb': 31475.0, 'gpu_load': 0.0}
    [Client 10] Round 5 - Sending updated weights to server...
    [Client 8] System Stats: {'client_rank': 8, 'round': 5, 'timestamp': '2025-07-25 10:20:08', 'cpu_time': 831061.2000000001, 'cpu_freq_mhz': 2071.0645, 'ram_used_mb': 38759.174144, 'net_sent_bytes': 25841592427, 'net_recv_bytes': 52321670766, 'gpu_mem_used_mb': 31475.0, 'gpu_load': 0.0}
    [Client 8] Round 5 - Sending updated weights to server...
    [Client 1] Round 6 - Waiting for global weights...
    [Client 3] System Stats: {'client_rank': 3, 'round': 5, 'timestamp': '2025-07-25 10:20:08', 'cpu_time': 809230.53, 'cpu_freq_mhz': 2063.4173124999998, 'ram_used_mb': 13854.744576, 'net_sent_bytes': 2172111826, 'net_recv_bytes': 16208672205, 'gpu_mem_used_mb': 31475.0, 'gpu_load': 0.01}
    [Client 3] Round 5 - Sending updated weights to server...
    [Client 4] System Stats: {'client_rank': 4, 'round': 5, 'timestamp': '2025-07-25 10:20:08', 'cpu_time': 1179616.81, 'cpu_freq_mhz': 2080.67690625, 'ram_used_mb': 43001.348096, 'net_sent_bytes': 10238619341, 'net_recv_bytes': 71451635649, 'gpu_mem_used_mb': 31475.0, 'gpu_load': 0.0}
    [Client 4] Round 5 - Sending updated weights to server...
    [Client 2] System Stats: {'client_rank': 2, 'round': 5, 'timestamp': '2025-07-25 10:20:08', 'cpu_time': 1209647.56, 'cpu_freq_mhz': 2100.0008749999997, 'ram_used_mb': 29036.761088, 'net_sent_bytes': 6319542463, 'net_recv_bytes': 27236501000, 'gpu_mem_used_mb': 31475.0, 'gpu_load': 0.01}
    [Client 2] Round 5 - Sending updated weights to server...
Received weights from client 2
Waiting for model weights from client 3...
Received weights from client 3
Waiting for model weights from client 4...
    [Client 5] System Stats: {'client_rank': 5, 'round': 5, 'timestamp': '2025-07-25 10:20:09', 'cpu_time': 553982.51, 'cpu_freq_mhz': 2070.96265625, 'ram_used_mb': 6591.041536, 'net_sent_bytes': 4267144794, 'net_recv_bytes': 231169835119, 'gpu_mem_used_mb': 31475.0, 'gpu_load': 0.0}
Received weights from client 4
Waiting for model weights from client 5...
    [Client 5] Round 5 - Sending updated weights to server...
Received weights from client 5
Waiting for model weights from client 6...
    [Client 7] System Stats: {'client_rank': 7, 'round': 5, 'timestamp': '2025-07-25 10:20:09', 'cpu_time': 990477.85, 'cpu_freq_mhz': 2100.00009375, 'ram_used_mb': 32791.404544, 'net_sent_bytes': 34955354522, 'net_recv_bytes': 540666722128, 'gpu_mem_used_mb': 31475.0, 'gpu_load': 0.0}
    [Client 7] Round 5 - Sending updated weights to server...
    [Client 3] Round 6 - Waiting for global weights...
    [Client 4] Round 6 - Waiting for global weights...
    [Client 2] Round 6 - Waiting for global weights...
    [Client 5] Round 6 - Waiting for global weights...
    [Client 9] System Stats: {'client_rank': 9, 'round': 5, 'timestamp': '2025-07-25 10:20:09', 'cpu_time': 857766.6, 'cpu_freq_mhz': 2100.000625, 'ram_used_mb': 30872.109056, 'net_sent_bytes': 29816747499, 'net_recv_bytes': 289041228513, 'gpu_mem_used_mb': 31475.0, 'gpu_load': 0.0}
    [Client 9] Round 5 - Sending updated weights to server...
    [Client 6] System Stats: {'client_rank': 6, 'round': 5, 'timestamp': '2025-07-25 10:20:10', 'cpu_time': 1190513.3399999999, 'cpu_freq_mhz': 2100.00040625, 'ram_used_mb': 29288.091648, 'net_sent_bytes': 73987969902, 'net_recv_bytes': 154063677177, 'gpu_mem_used_mb': 31475.0, 'gpu_load': 0.01}
    [Client 6] Round 5 - Sending updated weights to server...
Received weights from client 6
Waiting for model weights from client 7...
Received weights from client 7
Waiting for model weights from client 8...
Received weights from client 8
Waiting for model weights from client 9...
Received weights from client 9
Waiting for model weights from client 10...
Received weights from client 10
Received system metrics from client 1: {'client_rank': 1, 'round': 5, 'timestamp': '2025-07-25 10:20:08', 'cpu_time': 857835.53, 'cpu_freq_mhz': 2100.00009375, 'ram_used_mb': 15058.419712, 'net_sent_bytes': 4743485687, 'net_recv_bytes': 26829112851, 'gpu_mem_used_mb': 31475.0, 'gpu_load': 0.01}
Received system metrics from client 2: {'client_rank': 2, 'round': 5, 'timestamp': '2025-07-25 10:20:08', 'cpu_time': 1209647.56, 'cpu_freq_mhz': 2100.0008749999997, 'ram_used_mb': 29036.761088, 'net_sent_bytes': 6319542463, 'net_recv_bytes': 27236501000, 'gpu_mem_used_mb': 31475.0, 'gpu_load': 0.01}
Received system metrics from client 3: {'client_rank': 3, 'round': 5, 'timestamp': '2025-07-25 10:20:08', 'cpu_time': 809230.53, 'cpu_freq_mhz': 2063.4173124999998, 'ram_used_mb': 13854.744576, 'net_sent_bytes': 2172111826, 'net_recv_bytes': 16208672205, 'gpu_mem_used_mb': 31475.0, 'gpu_load': 0.01}
Received system metrics from client 4: {'client_rank': 4, 'round': 5, 'timestamp': '2025-07-25 10:20:08', 'cpu_time': 1179616.81, 'cpu_freq_mhz': 2080.67690625, 'ram_used_mb': 43001.348096, 'net_sent_bytes': 10238619341, 'net_recv_bytes': 71451635649, 'gpu_mem_used_mb': 31475.0, 'gpu_load': 0.0}
Received system metrics from client 5: {'client_rank': 5, 'round': 5, 'timestamp': '2025-07-25 10:20:09', 'cpu_time': 553982.51, 'cpu_freq_mhz': 2070.96265625, 'ram_used_mb': 6591.041536, 'net_sent_bytes': 4267144794, 'net_recv_bytes': 231169835119, 'gpu_mem_used_mb': 31475.0, 'gpu_load': 0.0}
Received system metrics from client 6: {'client_rank': 6, 'round': 5, 'timestamp': '2025-07-25 10:20:10', 'cpu_time': 1190513.3399999999, 'cpu_freq_mhz': 2100.00040625, 'ram_used_mb': 29288.091648, 'net_sent_bytes': 73987969902, 'net_recv_bytes': 154063677177, 'gpu_mem_used_mb': 31475.0, 'gpu_load': 0.01}
Received system metrics from client 7: {'client_rank': 7, 'round': 5, 'timestamp': '2025-07-25 10:20:09', 'cpu_time': 990477.85, 'cpu_freq_mhz': 2100.00009375, 'ram_used_mb': 32791.404544, 'net_sent_bytes': 34955354522, 'net_recv_bytes': 540666722128, 'gpu_mem_used_mb': 31475.0, 'gpu_load': 0.0}
Received system metrics from client 8: {'client_rank': 8, 'round': 5, 'timestamp': '2025-07-25 10:20:08', 'cpu_time': 831061.2000000001, 'cpu_freq_mhz': 2071.0645, 'ram_used_mb': 38759.174144, 'net_sent_bytes': 25841592427, 'net_recv_bytes': 52321670766, 'gpu_mem_used_mb': 31475.0, 'gpu_load': 0.0}
Received system metrics from client 9: {'client_rank': 9, 'round': 5, 'timestamp': '2025-07-25 10:20:09', 'cpu_time': 857766.6, 'cpu_freq_mhz': 2100.000625, 'ram_used_mb': 30872.109056, 'net_sent_bytes': 29816747499, 'net_recv_bytes': 289041228513, 'gpu_mem_used_mb': 31475.0, 'gpu_load': 0.0}
Received system metrics from client 10: {'client_rank': 10, 'round': 5, 'timestamp': '2025-07-25 10:20:08', 'cpu_time': 871796.53, 'cpu_freq_mhz': 2099.99996875, 'ram_used_mb': 66037.579776, 'net_sent_bytes': 43361950537, 'net_recv_bytes': 316504441356, 'gpu_mem_used_mb': 31475.0, 'gpu_load': 0.0}
Averaging model weights...
Evaluating updated global model on test set...
    [Client 10] Round 6 - Waiting for global weights...
    [Client 8] Round 6 - Waiting for global weights...
    [Client 9] Round 6 - Waiting for global weights...
    [Client 7] Round 6 - Waiting for global weights...
    [Client 6] Round 6 - Waiting for global weights...
Round 5 Evaluation - Accuracy: 0.5972, Loss: 1.1294

===== Round 6 =====
Broadcasting global model to all clients...
Waiting for model weights from client 1...
    [Client 10] Round 6 - Training on local data...
    [Client 1] Round 6 - Training on local data...
    [Client 8] Round 6 - Training on local data...
    [Client 5] Round 6 - Training on local data...
    [Client 6] Round 6 - Training on local data...
    [Client 4] Round 6 - Training on local data...
    [Client 9] Round 6 - Training on local data...
    [Client 2] Round 6 - Training on local data...
    [Client 3] Round 6 - Training on local data...
    [Client 7] Round 6 - Training on local data...
    [Client 1] System Stats: {'client_rank': 1, 'round': 6, 'timestamp': '2025-07-25 10:20:26', 'cpu_time': 857849.84, 'cpu_freq_mhz': 2100.0000625, 'ram_used_mb': 15176.556544, 'net_sent_bytes': 4743510536, 'net_recv_bytes': 26829223648, 'gpu_mem_used_mb': 31475.0, 'gpu_load': 0.0}
    [Client 1] Round 6 - Sending updated weights to server...
Received weights from client 1
Waiting for model weights from client 2...
    [Client 8] System Stats: {'client_rank': 8, 'round': 6, 'timestamp': '2025-07-25 10:20:26', 'cpu_time': 831063.61, 'cpu_freq_mhz': 2066.0775937500002, 'ram_used_mb': 40239.988736, 'net_sent_bytes': 25841621151, 'net_recv_bytes': 52321996173, 'gpu_mem_used_mb': 31475.0, 'gpu_load': 0.01}
    [Client 8] Round 6 - Sending updated weights to server...
    [Client 4] System Stats: {'client_rank': 4, 'round': 6, 'timestamp': '2025-07-25 10:20:26', 'cpu_time': 1179619.85, 'cpu_freq_mhz': 2061.5526875, 'ram_used_mb': 44726.915072, 'net_sent_bytes': 10238644141, 'net_recv_bytes': 71451748499, 'gpu_mem_used_mb': 31475.0, 'gpu_load': 0.01}
    [Client 4] Round 6 - Sending updated weights to server...
    [Client 10] System Stats: {'client_rank': 10, 'round': 6, 'timestamp': '2025-07-25 10:20:26', 'cpu_time': 871801.6799999999, 'cpu_freq_mhz': 2065.91678125, 'ram_used_mb': 63290.773504, 'net_sent_bytes': 43361972159, 'net_recv_bytes': 316504548801, 'gpu_mem_used_mb': 31475.0, 'gpu_load': 0.01}
    [Client 10] Round 6 - Sending updated weights to server...
    [Client 3] System Stats: {'client_rank': 3, 'round': 6, 'timestamp': '2025-07-25 10:20:27', 'cpu_time': 809233.14, 'cpu_freq_mhz': 2064.21734375, 'ram_used_mb': 13968.510976, 'net_sent_bytes': 2172140166, 'net_recv_bytes': 16208784503, 'gpu_mem_used_mb': 31475.0, 'gpu_load': 0.0}
    [Client 3] Round 6 - Sending updated weights to server...
    [Client 5] System Stats: {'client_rank': 5, 'round': 6, 'timestamp': '2025-07-25 10:20:27', 'cpu_time': 553984.4500000001, 'cpu_freq_mhz': 2066.3218125000003, 'ram_used_mb': 6913.875968, 'net_sent_bytes': 4267165013, 'net_recv_bytes': 231169940932, 'gpu_mem_used_mb': 31475.0, 'gpu_load': 0.0}
    [Client 5] Round 6 - Sending updated weights to server...
    [Client 1] Round 7 - Waiting for global weights...
    [Client 7] System Stats: {'client_rank': 7, 'round': 6, 'timestamp': '2025-07-25 10:20:27', 'cpu_time': 990485.49, 'cpu_freq_mhz': 2100.0014375, 'ram_used_mb': 35151.433728, 'net_sent_bytes': 34955376265, 'net_recv_bytes': 540666825661, 'gpu_mem_used_mb': 31475.0, 'gpu_load': 0.01}
    [Client 7] Round 6 - Sending updated weights to server...
    [Client 9] System Stats: {'client_rank': 9, 'round': 6, 'timestamp': '2025-07-25 10:20:27', 'cpu_time': 857773.29, 'cpu_freq_mhz': 2100.000625, 'ram_used_mb': 31489.982464, 'net_sent_bytes': 29816767228, 'net_recv_bytes': 289041330350, 'gpu_mem_used_mb': 31475.0, 'gpu_load': 0.01}
    [Client 2] System Stats: {'client_rank': 2, 'round': 6, 'timestamp': '2025-07-25 10:20:27', 'cpu_time': 1209648.8499999999, 'cpu_freq_mhz': 2099.1808125, 'ram_used_mb': 29227.364352, 'net_sent_bytes': 6319564758, 'net_recv_bytes': 27236609092, 'gpu_mem_used_mb': 31475.0, 'gpu_load': 0.0}
    [Client 9] Round 6 - Sending updated weights to server...
    [Client 2] Round 6 - Sending updated weights to server...
Received weights from client 2
Waiting for model weights from client 3...
Received weights from client 3
Waiting for model weights from client 4...
Received weights from client 4
Waiting for model weights from client 5...
Received weights from client 5
Waiting for model weights from client 6...
    [Client 5] Round 7 - Waiting for global weights...
    [Client 2] Round 7 - Waiting for global weights...
    [Client 3] Round 7 - Waiting for global weights...
    [Client 4] Round 7 - Waiting for global weights...
    [Client 6] System Stats: {'client_rank': 6, 'round': 6, 'timestamp': '2025-07-25 10:20:27', 'cpu_time': 1190529.4300000002, 'cpu_freq_mhz': 2100.00084375, 'ram_used_mb': 30263.95136, 'net_sent_bytes': 73987990969, 'net_recv_bytes': 154063779642, 'gpu_mem_used_mb': 31475.0, 'gpu_load': 0.0}
    [Client 6] Round 6 - Sending updated weights to server...
Received weights from client 6
Waiting for model weights from client 7...
Received weights from client 7
Waiting for model weights from client 8...
Received weights from client 8
Waiting for model weights from client 9...
Received weights from client 9
Waiting for model weights from client 10...
Received weights from client 10
Received system metrics from client 1: {'client_rank': 1, 'round': 6, 'timestamp': '2025-07-25 10:20:26', 'cpu_time': 857849.84, 'cpu_freq_mhz': 2100.0000625, 'ram_used_mb': 15176.556544, 'net_sent_bytes': 4743510536, 'net_recv_bytes': 26829223648, 'gpu_mem_used_mb': 31475.0, 'gpu_load': 0.0}
Received system metrics from client 2: {'client_rank': 2, 'round': 6, 'timestamp': '2025-07-25 10:20:27', 'cpu_time': 1209648.8499999999, 'cpu_freq_mhz': 2099.1808125, 'ram_used_mb': 29227.364352, 'net_sent_bytes': 6319564758, 'net_recv_bytes': 27236609092, 'gpu_mem_used_mb': 31475.0, 'gpu_load': 0.0}
Received system metrics from client 3: {'client_rank': 3, 'round': 6, 'timestamp': '2025-07-25 10:20:27', 'cpu_time': 809233.14, 'cpu_freq_mhz': 2064.21734375, 'ram_used_mb': 13968.510976, 'net_sent_bytes': 2172140166, 'net_recv_bytes': 16208784503, 'gpu_mem_used_mb': 31475.0, 'gpu_load': 0.0}
Received system metrics from client 4: {'client_rank': 4, 'round': 6, 'timestamp': '2025-07-25 10:20:26', 'cpu_time': 1179619.85, 'cpu_freq_mhz': 2061.5526875, 'ram_used_mb': 44726.915072, 'net_sent_bytes': 10238644141, 'net_recv_bytes': 71451748499, 'gpu_mem_used_mb': 31475.0, 'gpu_load': 0.01}
Received system metrics from client 5: {'client_rank': 5, 'round': 6, 'timestamp': '2025-07-25 10:20:27', 'cpu_time': 553984.4500000001, 'cpu_freq_mhz': 2066.3218125000003, 'ram_used_mb': 6913.875968, 'net_sent_bytes': 4267165013, 'net_recv_bytes': 231169940932, 'gpu_mem_used_mb': 31475.0, 'gpu_load': 0.0}
Received system metrics from client 6: {'client_rank': 6, 'round': 6, 'timestamp': '2025-07-25 10:20:27', 'cpu_time': 1190529.4300000002, 'cpu_freq_mhz': 2100.00084375, 'ram_used_mb': 30263.95136, 'net_sent_bytes': 73987990969, 'net_recv_bytes': 154063779642, 'gpu_mem_used_mb': 31475.0, 'gpu_load': 0.0}
Received system metrics from client 7: {'client_rank': 7, 'round': 6, 'timestamp': '2025-07-25 10:20:27', 'cpu_time': 990485.49, 'cpu_freq_mhz': 2100.0014375, 'ram_used_mb': 35151.433728, 'net_sent_bytes': 34955376265, 'net_recv_bytes': 540666825661, 'gpu_mem_used_mb': 31475.0, 'gpu_load': 0.01}
Received system metrics from client 8: {'client_rank': 8, 'round': 6, 'timestamp': '2025-07-25 10:20:26', 'cpu_time': 831063.61, 'cpu_freq_mhz': 2066.0775937500002, 'ram_used_mb': 40239.988736, 'net_sent_bytes': 25841621151, 'net_recv_bytes': 52321996173, 'gpu_mem_used_mb': 31475.0, 'gpu_load': 0.01}
Received system metrics from client 9: {'client_rank': 9, 'round': 6, 'timestamp': '2025-07-25 10:20:27', 'cpu_time': 857773.29, 'cpu_freq_mhz': 2100.000625, 'ram_used_mb': 31489.982464, 'net_sent_bytes': 29816767228, 'net_recv_bytes': 289041330350, 'gpu_mem_used_mb': 31475.0, 'gpu_load': 0.01}
Received system metrics from client 10: {'client_rank': 10, 'round': 6, 'timestamp': '2025-07-25 10:20:26', 'cpu_time': 871801.6799999999, 'cpu_freq_mhz': 2065.91678125, 'ram_used_mb': 63290.773504, 'net_sent_bytes': 43361972159, 'net_recv_bytes': 316504548801, 'gpu_mem_used_mb': 31475.0, 'gpu_load': 0.01}
Averaging model weights...
Evaluating updated global model on test set...
    [Client 8] Round 7 - Waiting for global weights...
    [Client 10] Round 7 - Waiting for global weights...
    [Client 6] Round 7 - Waiting for global weights...
    [Client 7] Round 7 - Waiting for global weights...
    [Client 9] Round 7 - Waiting for global weights...
Round 6 Evaluation - Accuracy: 0.6049, Loss: 1.1101

===== Round 7 =====
Broadcasting global model to all clients...
Waiting for model weights from client 1...
    [Client 10] Round 7 - Training on local data...
    [Client 1] Round 7 - Training on local data...
    [Client 8] Round 7 - Training on local data...
    [Client 9] Round 7 - Training on local data...
    [Client 2] Round 7 - Training on local data...
    [Client 6] Round 7 - Training on local data...
    [Client 5] Round 7 - Training on local data...
    [Client 7] Round 7 - Training on local data...
    [Client 3] Round 7 - Training on local data...
    [Client 4] Round 7 - Training on local data...
    [Client 1] System Stats: {'client_rank': 1, 'round': 7, 'timestamp': '2025-07-25 10:20:43', 'cpu_time': 857863.14, 'cpu_freq_mhz': 2100.0002812499997, 'ram_used_mb': 15357.93152, 'net_sent_bytes': 4743513401, 'net_recv_bytes': 26829272854, 'gpu_mem_used_mb': 31475.0, 'gpu_load': 0.01}
    [Client 1] Round 7 - Sending updated weights to server...
Received weights from client 1
Waiting for model weights from client 2...
    [Client 10] System Stats: {'client_rank': 10, 'round': 7, 'timestamp': '2025-07-25 10:20:44', 'cpu_time': 871805.17, 'cpu_freq_mhz': 2070.74321875, 'ram_used_mb': 66421.547008, 'net_sent_bytes': 43362002408, 'net_recv_bytes': 316504601067, 'gpu_mem_used_mb': 31475.0, 'gpu_load': 0.0}
    [Client 10] Round 7 - Sending updated weights to server...
    [Client 1] Round 8 - Waiting for global weights...
    [Client 4] System Stats: {'client_rank': 4, 'round': 7, 'timestamp': '2025-07-25 10:20:44', 'cpu_time': 1179625.1300000001, 'cpu_freq_mhz': 2091.95953125, 'ram_used_mb': 49008.013312, 'net_sent_bytes': 10238649028, 'net_recv_bytes': 71451800240, 'gpu_mem_used_mb': 31475.0, 'gpu_load': 0.01}
    [Client 4] Round 7 - Sending updated weights to server...
    [Client 8] System Stats: {'client_rank': 8, 'round': 7, 'timestamp': '2025-07-25 10:20:44', 'cpu_time': 831067.46, 'cpu_freq_mhz': 2087.14315625, 'ram_used_mb': 43659.165696, 'net_sent_bytes': 25841669710, 'net_recv_bytes': 52322116387, 'gpu_mem_used_mb': 31475.0, 'gpu_load': 0.0}
    [Client 8] Round 7 - Sending updated weights to server...
    [Client 2] System Stats: {'client_rank': 2, 'round': 7, 'timestamp': '2025-07-25 10:20:44', 'cpu_time': 1209649.83, 'cpu_freq_mhz': 2097.4782187499995, 'ram_used_mb': 29360.406528, 'net_sent_bytes': 6319596232, 'net_recv_bytes': 27236667618, 'gpu_mem_used_mb': 31475.0, 'gpu_load': 0.0}
    [Client 2] Round 7 - Sending updated weights to server...
Received weights from client 2
Waiting for model weights from client 3...
    [Client 5] System Stats: {'client_rank': 5, 'round': 7, 'timestamp': '2025-07-25 10:20:44', 'cpu_time': 553988.19, 'cpu_freq_mhz': 2100.0005312499998, 'ram_used_mb': 7205.0688, 'net_sent_bytes': 4267263620, 'net_recv_bytes': 231170133753, 'gpu_mem_used_mb': 31475.0, 'gpu_load': 0.0}
    [Client 5] Round 7 - Sending updated weights to server...
    [Client 3] System Stats: {'client_rank': 3, 'round': 7, 'timestamp': '2025-07-25 10:20:44', 'cpu_time': 809236.7200000001, 'cpu_freq_mhz': 2100.00234375, 'ram_used_mb': 14297.45664, 'net_sent_bytes': 2172188402, 'net_recv_bytes': 16208904662, 'gpu_mem_used_mb': 31475.0, 'gpu_load': 0.0}
    [Client 3] Round 7 - Sending updated weights to server...
Received weights from client 3
Waiting for model weights from client 4...
Received weights from client 4
Waiting for model weights from client 5...
Received weights from client 5
Waiting for model weights from client 6...
    [Client 9] System Stats: {'client_rank': 9, 'round': 7, 'timestamp': '2025-07-25 10:20:44', 'cpu_time': 857783.22, 'cpu_freq_mhz': 2100.00315625, 'ram_used_mb': 34487.13216, 'net_sent_bytes': 29816843155, 'net_recv_bytes': 289041452915, 'gpu_mem_used_mb': 31475.0, 'gpu_load': 0.01}
    [Client 9] Round 7 - Sending updated weights to server...
    [Client 2] Round 8 - Waiting for global weights...
    [Client 7] System Stats: {'client_rank': 7, 'round': 7, 'timestamp': '2025-07-25 10:20:44', 'cpu_time': 990495.7899999999, 'cpu_freq_mhz': 2100.0001875, 'ram_used_mb': 24434.282496, 'net_sent_bytes': 34955467487, 'net_recv_bytes': 540666982615, 'gpu_mem_used_mb': 31475.0, 'gpu_load': 0.0}
    [Client 7] Round 7 - Sending updated weights to server...
    [Client 5] Round 8 - Waiting for global weights...
    [Client 4] Round 8 - Waiting for global weights...
    [Client 3] Round 8 - Waiting for global weights...
    [Client 6] System Stats: {'client_rank': 6, 'round': 7, 'timestamp': '2025-07-25 10:20:44', 'cpu_time': 1190544.59, 'cpu_freq_mhz': 2100.00015625, 'ram_used_mb': 32065.777664, 'net_sent_bytes': 73988080530, 'net_recv_bytes': 154063927529, 'gpu_mem_used_mb': 31475.0, 'gpu_load': 0.01}
    [Client 6] Round 7 - Sending updated weights to server...
Received weights from client 6
Waiting for model weights from client 7...
Received weights from client 7
Waiting for model weights from client 8...
Received weights from client 8
Waiting for model weights from client 9...
Received weights from client 9
Waiting for model weights from client 10...
Received weights from client 10
Received system metrics from client 1: {'client_rank': 1, 'round': 7, 'timestamp': '2025-07-25 10:20:43', 'cpu_time': 857863.14, 'cpu_freq_mhz': 2100.0002812499997, 'ram_used_mb': 15357.93152, 'net_sent_bytes': 4743513401, 'net_recv_bytes': 26829272854, 'gpu_mem_used_mb': 31475.0, 'gpu_load': 0.01}
Received system metrics from client 2: {'client_rank': 2, 'round': 7, 'timestamp': '2025-07-25 10:20:44', 'cpu_time': 1209649.83, 'cpu_freq_mhz': 2097.4782187499995, 'ram_used_mb': 29360.406528, 'net_sent_bytes': 6319596232, 'net_recv_bytes': 27236667618, 'gpu_mem_used_mb': 31475.0, 'gpu_load': 0.0}
Received system metrics from client 3: {'client_rank': 3, 'round': 7, 'timestamp': '2025-07-25 10:20:44', 'cpu_time': 809236.7200000001, 'cpu_freq_mhz': 2100.00234375, 'ram_used_mb': 14297.45664, 'net_sent_bytes': 2172188402, 'net_recv_bytes': 16208904662, 'gpu_mem_used_mb': 31475.0, 'gpu_load': 0.0}
Received system metrics from client 4: {'client_rank': 4, 'round': 7, 'timestamp': '2025-07-25 10:20:44', 'cpu_time': 1179625.1300000001, 'cpu_freq_mhz': 2091.95953125, 'ram_used_mb': 49008.013312, 'net_sent_bytes': 10238649028, 'net_recv_bytes': 71451800240, 'gpu_mem_used_mb': 31475.0, 'gpu_load': 0.01}
Received system metrics from client 5: {'client_rank': 5, 'round': 7, 'timestamp': '2025-07-25 10:20:44', 'cpu_time': 553988.19, 'cpu_freq_mhz': 2100.0005312499998, 'ram_used_mb': 7205.0688, 'net_sent_bytes': 4267263620, 'net_recv_bytes': 231170133753, 'gpu_mem_used_mb': 31475.0, 'gpu_load': 0.0}
Received system metrics from client 6: {'client_rank': 6, 'round': 7, 'timestamp': '2025-07-25 10:20:44', 'cpu_time': 1190544.59, 'cpu_freq_mhz': 2100.00015625, 'ram_used_mb': 32065.777664, 'net_sent_bytes': 73988080530, 'net_recv_bytes': 154063927529, 'gpu_mem_used_mb': 31475.0, 'gpu_load': 0.01}
Received system metrics from client 7: {'client_rank': 7, 'round': 7, 'timestamp': '2025-07-25 10:20:44', 'cpu_time': 990495.7899999999, 'cpu_freq_mhz': 2100.0001875, 'ram_used_mb': 24434.282496, 'net_sent_bytes': 34955467487, 'net_recv_bytes': 540666982615, 'gpu_mem_used_mb': 31475.0, 'gpu_load': 0.0}
Received system metrics from client 8: {'client_rank': 8, 'round': 7, 'timestamp': '2025-07-25 10:20:44', 'cpu_time': 831067.46, 'cpu_freq_mhz': 2087.14315625, 'ram_used_mb': 43659.165696, 'net_sent_bytes': 25841669710, 'net_recv_bytes': 52322116387, 'gpu_mem_used_mb': 31475.0, 'gpu_load': 0.0}
Received system metrics from client 9: {'client_rank': 9, 'round': 7, 'timestamp': '2025-07-25 10:20:44', 'cpu_time': 857783.22, 'cpu_freq_mhz': 2100.00315625, 'ram_used_mb': 34487.13216, 'net_sent_bytes': 29816843155, 'net_recv_bytes': 289041452915, 'gpu_mem_used_mb': 31475.0, 'gpu_load': 0.01}
Received system metrics from client 10: {'client_rank': 10, 'round': 7, 'timestamp': '2025-07-25 10:20:44', 'cpu_time': 871805.17, 'cpu_freq_mhz': 2070.74321875, 'ram_used_mb': 66421.547008, 'net_sent_bytes': 43362002408, 'net_recv_bytes': 316504601067, 'gpu_mem_used_mb': 31475.0, 'gpu_load': 0.0}
Averaging model weights...
Evaluating updated global model on test set...
    [Client 8] Round 8 - Waiting for global weights...
    [Client 10] Round 8 - Waiting for global weights...
    [Client 6] Round 8 - Waiting for global weights...
    [Client 7] Round 8 - Waiting for global weights...
    [Client 9] Round 8 - Waiting for global weights...
Round 7 Evaluation - Accuracy: 0.6552, Loss: 0.9725

===== Round 8 =====
Broadcasting global model to all clients...
Waiting for model weights from client 1...
    [Client 1] Round 8 - Training on local data...
    [Client 10] Round 8 - Training on local data...
    [Client 2] Round 8 - Training on local data...
    [Client 5] Round 8 - Training on local data...
    [Client 6] Round 8 - Training on local data...
    [Client 4] Round 8 - Training on local data...
    [Client 7] Round 8 - Training on local data...
    [Client 8] Round 8 - Training on local data...
    [Client 9] Round 8 - Training on local data...
    [Client 3] Round 8 - Training on local data...
    [Client 1] System Stats: {'client_rank': 1, 'round': 8, 'timestamp': '2025-07-25 10:21:01', 'cpu_time': 857876.4, 'cpu_freq_mhz': 2100.0000312499997, 'ram_used_mb': 15549.804544, 'net_sent_bytes': 4743546847, 'net_recv_bytes': 26829338189, 'gpu_mem_used_mb': 31477.0, 'gpu_load': 0.01}
    [Client 1] Round 8 - Sending updated weights to server...
Received weights from client 1
Waiting for model weights from client 2...
    [Client 8] System Stats: {'client_rank': 8, 'round': 8, 'timestamp': '2025-07-25 10:21:01', 'cpu_time': 831071.6000000001, 'cpu_freq_mhz': 2060.99375, 'ram_used_mb': 48421.84704, 'net_sent_bytes': 25841678965, 'net_recv_bytes': 52322173726, 'gpu_mem_used_mb': 31477.0, 'gpu_load': 0.0}
    [Client 10] System Stats: {'client_rank': 10, 'round': 8, 'timestamp': '2025-07-25 10:21:01', 'cpu_time': 871808.9400000001, 'cpu_freq_mhz': 2065.4699375, 'ram_used_mb': 44553.781248, 'net_sent_bytes': 43362017989, 'net_recv_bytes': 316504658465, 'gpu_mem_used_mb': 31477.0, 'gpu_load': 0.0}
    [Client 8] Round 8 - Sending updated weights to server...
    [Client 10] Round 8 - Sending updated weights to server...
    [Client 2] System Stats: {'client_rank': 2, 'round': 8, 'timestamp': '2025-07-25 10:21:01', 'cpu_time': 1209650.6400000001, 'cpu_freq_mhz': 2100.0004062499997, 'ram_used_mb': 29554.610176, 'net_sent_bytes': 6319597643, 'net_recv_bytes': 27236719120, 'gpu_mem_used_mb': 31477.0, 'gpu_load': 0.0}
    [Client 2] Round 8 - Sending updated weights to server...
Received weights from client 2
Waiting for model weights from client 3...
    [Client 5] System Stats: {'client_rank': 5, 'round': 8, 'timestamp': '2025-07-25 10:21:01', 'cpu_time': 553991.24, 'cpu_freq_mhz': 2080.4478125, 'ram_used_mb': 7557.021696, 'net_sent_bytes': 4267265118, 'net_recv_bytes': 231170185677, 'gpu_mem_used_mb': 31477.0, 'gpu_load': 0.0}
    [Client 5] Round 8 - Sending updated weights to server...
    [Client 4] System Stats: {'client_rank': 4, 'round': 8, 'timestamp': '2025-07-25 10:21:01', 'cpu_time': 1179629.7, 'cpu_freq_mhz': 2065.288125, 'ram_used_mb': 50379.513856, 'net_sent_bytes': 10238652242, 'net_recv_bytes': 71451854342, 'gpu_mem_used_mb': 31477.0, 'gpu_load': 0.01}
    [Client 3] System Stats: {'client_rank': 3, 'round': 8, 'timestamp': '2025-07-25 10:21:01', 'cpu_time': 809239.9, 'cpu_freq_mhz': 2075.1049375000002, 'ram_used_mb': 14563.807232, 'net_sent_bytes': 2172189916, 'net_recv_bytes': 16208956534, 'gpu_mem_used_mb': 31477.0, 'gpu_load': 0.01}
    [Client 4] Round 8 - Sending updated weights to server...
    [Client 3] Round 8 - Sending updated weights to server...
Received weights from client 3
Waiting for model weights from client 4...
Received weights from client 4
Waiting for model weights from client 5...
Received weights from client 5
Waiting for model weights from client 6...
    [Client 7] System Stats: {'client_rank': 7, 'round': 8, 'timestamp': '2025-07-25 10:21:01', 'cpu_time': 990508.26, 'cpu_freq_mhz': 2100.00025, 'ram_used_mb': 32120.180736, 'net_sent_bytes': 34957038451, 'net_recv_bytes': 541097475930, 'gpu_mem_used_mb': 31477.0, 'gpu_load': 0.0}
    [Client 1] Round 9 - Waiting for global weights...
    [Client 7] Round 8 - Sending updated weights to server...
    [Client 2] Round 9 - Waiting for global weights...
    [Client 9] System Stats: {'client_rank': 9, 'round': 8, 'timestamp': '2025-07-25 10:21:02', 'cpu_time': 857790.4, 'cpu_freq_mhz': 2100.0024375000003, 'ram_used_mb': 34230.878208, 'net_sent_bytes': 29816844556, 'net_recv_bytes': 289041506147, 'gpu_mem_used_mb': 31477.0, 'gpu_load': 0.01}
    [Client 9] Round 8 - Sending updated weights to server...
    [Client 3] Round 9 - Waiting for global weights...
    [Client 4] Round 9 - Waiting for global weights...
    [Client 5] Round 9 - Waiting for global weights...
    [Client 6] System Stats: {'client_rank': 6, 'round': 8, 'timestamp': '2025-07-25 10:21:03', 'cpu_time': 1190579.19, 'cpu_freq_mhz': 2099.9860625, 'ram_used_mb': 34462.80192, 'net_sent_bytes': 73989653754, 'net_recv_bytes': 154500252283, 'gpu_mem_used_mb': 31477.0, 'gpu_load': 0.01}
    [Client 6] Round 8 - Sending updated weights to server...
Received weights from client 6
Waiting for model weights from client 7...
Received weights from client 7
Waiting for model weights from client 8...
Received weights from client 8
Waiting for model weights from client 9...
Received weights from client 9
Waiting for model weights from client 10...
Received weights from client 10
Received system metrics from client 1: {'client_rank': 1, 'round': 8, 'timestamp': '2025-07-25 10:21:01', 'cpu_time': 857876.4, 'cpu_freq_mhz': 2100.0000312499997, 'ram_used_mb': 15549.804544, 'net_sent_bytes': 4743546847, 'net_recv_bytes': 26829338189, 'gpu_mem_used_mb': 31477.0, 'gpu_load': 0.01}
Received system metrics from client 2: {'client_rank': 2, 'round': 8, 'timestamp': '2025-07-25 10:21:01', 'cpu_time': 1209650.6400000001, 'cpu_freq_mhz': 2100.0004062499997, 'ram_used_mb': 29554.610176, 'net_sent_bytes': 6319597643, 'net_recv_bytes': 27236719120, 'gpu_mem_used_mb': 31477.0, 'gpu_load': 0.0}
Received system metrics from client 3: {'client_rank': 3, 'round': 8, 'timestamp': '2025-07-25 10:21:01', 'cpu_time': 809239.9, 'cpu_freq_mhz': 2075.1049375000002, 'ram_used_mb': 14563.807232, 'net_sent_bytes': 2172189916, 'net_recv_bytes': 16208956534, 'gpu_mem_used_mb': 31477.0, 'gpu_load': 0.01}
Received system metrics from client 4: {'client_rank': 4, 'round': 8, 'timestamp': '2025-07-25 10:21:01', 'cpu_time': 1179629.7, 'cpu_freq_mhz': 2065.288125, 'ram_used_mb': 50379.513856, 'net_sent_bytes': 10238652242, 'net_recv_bytes': 71451854342, 'gpu_mem_used_mb': 31477.0, 'gpu_load': 0.01}
Received system metrics from client 5: {'client_rank': 5, 'round': 8, 'timestamp': '2025-07-25 10:21:01', 'cpu_time': 553991.24, 'cpu_freq_mhz': 2080.4478125, 'ram_used_mb': 7557.021696, 'net_sent_bytes': 4267265118, 'net_recv_bytes': 231170185677, 'gpu_mem_used_mb': 31477.0, 'gpu_load': 0.0}
Received system metrics from client 6: {'client_rank': 6, 'round': 8, 'timestamp': '2025-07-25 10:21:03', 'cpu_time': 1190579.19, 'cpu_freq_mhz': 2099.9860625, 'ram_used_mb': 34462.80192, 'net_sent_bytes': 73989653754, 'net_recv_bytes': 154500252283, 'gpu_mem_used_mb': 31477.0, 'gpu_load': 0.01}
Received system metrics from client 7: {'client_rank': 7, 'round': 8, 'timestamp': '2025-07-25 10:21:01', 'cpu_time': 990508.26, 'cpu_freq_mhz': 2100.00025, 'ram_used_mb': 32120.180736, 'net_sent_bytes': 34957038451, 'net_recv_bytes': 541097475930, 'gpu_mem_used_mb': 31477.0, 'gpu_load': 0.0}
Received system metrics from client 8: {'client_rank': 8, 'round': 8, 'timestamp': '2025-07-25 10:21:01', 'cpu_time': 831071.6000000001, 'cpu_freq_mhz': 2060.99375, 'ram_used_mb': 48421.84704, 'net_sent_bytes': 25841678965, 'net_recv_bytes': 52322173726, 'gpu_mem_used_mb': 31477.0, 'gpu_load': 0.0}
Received system metrics from client 9: {'client_rank': 9, 'round': 8, 'timestamp': '2025-07-25 10:21:02', 'cpu_time': 857790.4, 'cpu_freq_mhz': 2100.0024375000003, 'ram_used_mb': 34230.878208, 'net_sent_bytes': 29816844556, 'net_recv_bytes': 289041506147, 'gpu_mem_used_mb': 31477.0, 'gpu_load': 0.01}
Received system metrics from client 10: {'client_rank': 10, 'round': 8, 'timestamp': '2025-07-25 10:21:01', 'cpu_time': 871808.9400000001, 'cpu_freq_mhz': 2065.4699375, 'ram_used_mb': 44553.781248, 'net_sent_bytes': 43362017989, 'net_recv_bytes': 316504658465, 'gpu_mem_used_mb': 31477.0, 'gpu_load': 0.0}
Averaging model weights...
Evaluating updated global model on test set...
    [Client 10] Round 9 - Waiting for global weights...
    [Client 8] Round 9 - Waiting for global weights...
    [Client 6] Round 9 - Waiting for global weights...
    [Client 7] Round 9 - Waiting for global weights...
    [Client 9] Round 9 - Waiting for global weights...
Round 8 Evaluation - Accuracy: 0.6673, Loss: 0.9326

===== Round 9 =====
Broadcasting global model to all clients...
Waiting for model weights from client 1...
    [Client 8] Round 9 - Training on local data...
    [Client 10] Round 9 - Training on local data...
    [Client 1] Round 9 - Training on local data...
    [Client 9] Round 9 - Training on local data...
    [Client 7] Round 9 - Training on local data...
    [Client 6] Round 9 - Training on local data...
    [Client 4] Round 9 - Training on local data...
    [Client 5] Round 9 - Training on local data...
    [Client 2] Round 9 - Training on local data...
    [Client 3] Round 9 - Training on local data...
    [Client 1] System Stats: {'client_rank': 1, 'round': 9, 'timestamp': '2025-07-25 10:21:19', 'cpu_time': 857891.04, 'cpu_freq_mhz': 2100.00065625, 'ram_used_mb': 15671.246848, 'net_sent_bytes': 4743555977, 'net_recv_bytes': 26829395474, 'gpu_mem_used_mb': 31477.0, 'gpu_load': 0.01}
    [Client 1] Round 9 - Sending updated weights to server...
Received weights from client 1
Waiting for model weights from client 2...
    [Client 8] System Stats: {'client_rank': 8, 'round': 9, 'timestamp': '2025-07-25 10:21:19', 'cpu_time': 831076.46, 'cpu_freq_mhz': 2060.8140625, 'ram_used_mb': 48150.58944, 'net_sent_bytes': 25841680947, 'net_recv_bytes': 52322225122, 'gpu_mem_used_mb': 31477.0, 'gpu_load': 0.0}
    [Client 8] Round 9 - Sending updated weights to server...
    [Client 10] System Stats: {'client_rank': 10, 'round': 9, 'timestamp': '2025-07-25 10:21:19', 'cpu_time': 871811.36, 'cpu_freq_mhz': 2063.11140625, 'ram_used_mb': 48239.792128, 'net_sent_bytes': 43362035449, 'net_recv_bytes': 316504721847, 'gpu_mem_used_mb': 31477.0, 'gpu_load': 0.01}
    [Client 10] Round 9 - Sending updated weights to server...
    [Client 1] Round 10 - Waiting for global weights...
    [Client 3] System Stats: {'client_rank': 3, 'round': 9, 'timestamp': '2025-07-25 10:21:19', 'cpu_time': 809242.74, 'cpu_freq_mhz': 2100.0011875, 'ram_used_mb': 14702.268416, 'net_sent_bytes': 2172219244, 'net_recv_bytes': 16209010359, 'gpu_mem_used_mb': 31477.0, 'gpu_load': 0.0}
    [Client 3] Round 9 - Sending updated weights to server...
    [Client 4] System Stats: {'client_rank': 4, 'round': 9, 'timestamp': '2025-07-25 10:21:19', 'cpu_time': 1179635.89, 'cpu_freq_mhz': 2084.80765625, 'ram_used_mb': 52989.435904, 'net_sent_bytes': 10238659053, 'net_recv_bytes': 71451909267, 'gpu_mem_used_mb': 31477.0, 'gpu_load': 0.01}
    [Client 4] Round 9 - Sending updated weights to server...
    [Client 5] System Stats: {'client_rank': 5, 'round': 9, 'timestamp': '2025-07-25 10:21:20', 'cpu_time': 553993.33, 'cpu_freq_mhz': 2068.40253125, 'ram_used_mb': 7849.172992, 'net_sent_bytes': 4267267094, 'net_recv_bytes': 231170237050, 'gpu_mem_used_mb': 31477.0, 'gpu_load': 0.0}
    [Client 5] Round 9 - Sending updated weights to server...
    [Client 2] System Stats: {'client_rank': 2, 'round': 9, 'timestamp': '2025-07-25 10:21:20', 'cpu_time': 1209651.96, 'cpu_freq_mhz': 2100.0008125, 'ram_used_mb': 29725.032448, 'net_sent_bytes': 6319605511, 'net_recv_bytes': 27236776642, 'gpu_mem_used_mb': 31477.0, 'gpu_load': 0.01}
    [Client 2] Round 9 - Sending updated weights to server...
Received weights from client 2
Waiting for model weights from client 3...
Received weights from client 3
Waiting for model weights from client 4...
Received weights from client 4
Waiting for model weights from client 5...
Received weights from client 5
Waiting for model weights from client 6...
    [Client 7] System Stats: {'client_rank': 7, 'round': 9, 'timestamp': '2025-07-25 10:21:20', 'cpu_time': 990516.4600000001, 'cpu_freq_mhz': 2100.00115625, 'ram_used_mb': 29701.18144, 'net_sent_bytes': 34957067820, 'net_recv_bytes': 541097632674, 'gpu_mem_used_mb': 31477.0, 'gpu_load': 0.01}
    [Client 7] Round 9 - Sending updated weights to server...
    [Client 9] System Stats: {'client_rank': 9, 'round': 9, 'timestamp': '2025-07-25 10:21:20', 'cpu_time': 857797.66, 'cpu_freq_mhz': 2100.000125, 'ram_used_mb': 35699.093504, 'net_sent_bytes': 29816847540, 'net_recv_bytes': 289041557258, 'gpu_mem_used_mb': 31477.0, 'gpu_load': 0.01}
    [Client 9] Round 9 - Sending updated weights to server...
    [Client 2] Round 10 - Waiting for global weights...
    [Client 4] Round 10 - Waiting for global weights...
    [Client 3] Round 10 - Waiting for global weights...
    [Client 5] Round 10 - Waiting for global weights...
    [Client 6] System Stats: {'client_rank': 6, 'round': 9, 'timestamp': '2025-07-25 10:21:21', 'cpu_time': 1190614.3399999999, 'cpu_freq_mhz': 2100.0, 'ram_used_mb': 33962.418176, 'net_sent_bytes': 73989656549, 'net_recv_bytes': 154500303107, 'gpu_mem_used_mb': 31477.0, 'gpu_load': 0.0}
    [Client 6] Round 9 - Sending updated weights to server...
Received weights from client 6
Waiting for model weights from client 7...
Received weights from client 7
Waiting for model weights from client 8...
Received weights from client 8
Waiting for model weights from client 9...
Received weights from client 9
Waiting for model weights from client 10...
Received weights from client 10
Received system metrics from client 1: {'client_rank': 1, 'round': 9, 'timestamp': '2025-07-25 10:21:19', 'cpu_time': 857891.04, 'cpu_freq_mhz': 2100.00065625, 'ram_used_mb': 15671.246848, 'net_sent_bytes': 4743555977, 'net_recv_bytes': 26829395474, 'gpu_mem_used_mb': 31477.0, 'gpu_load': 0.01}
Received system metrics from client 2: {'client_rank': 2, 'round': 9, 'timestamp': '2025-07-25 10:21:20', 'cpu_time': 1209651.96, 'cpu_freq_mhz': 2100.0008125, 'ram_used_mb': 29725.032448, 'net_sent_bytes': 6319605511, 'net_recv_bytes': 27236776642, 'gpu_mem_used_mb': 31477.0, 'gpu_load': 0.01}
Received system metrics from client 3: {'client_rank': 3, 'round': 9, 'timestamp': '2025-07-25 10:21:19', 'cpu_time': 809242.74, 'cpu_freq_mhz': 2100.0011875, 'ram_used_mb': 14702.268416, 'net_sent_bytes': 2172219244, 'net_recv_bytes': 16209010359, 'gpu_mem_used_mb': 31477.0, 'gpu_load': 0.0}
Received system metrics from client 4: {'client_rank': 4, 'round': 9, 'timestamp': '2025-07-25 10:21:19', 'cpu_time': 1179635.89, 'cpu_freq_mhz': 2084.80765625, 'ram_used_mb': 52989.435904, 'net_sent_bytes': 10238659053, 'net_recv_bytes': 71451909267, 'gpu_mem_used_mb': 31477.0, 'gpu_load': 0.01}
Received system metrics from client 5: {'client_rank': 5, 'round': 9, 'timestamp': '2025-07-25 10:21:20', 'cpu_time': 553993.33, 'cpu_freq_mhz': 2068.40253125, 'ram_used_mb': 7849.172992, 'net_sent_bytes': 4267267094, 'net_recv_bytes': 231170237050, 'gpu_mem_used_mb': 31477.0, 'gpu_load': 0.0}
Received system metrics from client 6: {'client_rank': 6, 'round': 9, 'timestamp': '2025-07-25 10:21:21', 'cpu_time': 1190614.3399999999, 'cpu_freq_mhz': 2100.0, 'ram_used_mb': 33962.418176, 'net_sent_bytes': 73989656549, 'net_recv_bytes': 154500303107, 'gpu_mem_used_mb': 31477.0, 'gpu_load': 0.0}
Received system metrics from client 7: {'client_rank': 7, 'round': 9, 'timestamp': '2025-07-25 10:21:20', 'cpu_time': 990516.4600000001, 'cpu_freq_mhz': 2100.00115625, 'ram_used_mb': 29701.18144, 'net_sent_bytes': 34957067820, 'net_recv_bytes': 541097632674, 'gpu_mem_used_mb': 31477.0, 'gpu_load': 0.01}
Received system metrics from client 8: {'client_rank': 8, 'round': 9, 'timestamp': '2025-07-25 10:21:19', 'cpu_time': 831076.46, 'cpu_freq_mhz': 2060.8140625, 'ram_used_mb': 48150.58944, 'net_sent_bytes': 25841680947, 'net_recv_bytes': 52322225122, 'gpu_mem_used_mb': 31477.0, 'gpu_load': 0.0}
Received system metrics from client 9: {'client_rank': 9, 'round': 9, 'timestamp': '2025-07-25 10:21:20', 'cpu_time': 857797.66, 'cpu_freq_mhz': 2100.000125, 'ram_used_mb': 35699.093504, 'net_sent_bytes': 29816847540, 'net_recv_bytes': 289041557258, 'gpu_mem_used_mb': 31477.0, 'gpu_load': 0.01}
Received system metrics from client 10: {'client_rank': 10, 'round': 9, 'timestamp': '2025-07-25 10:21:19', 'cpu_time': 871811.36, 'cpu_freq_mhz': 2063.11140625, 'ram_used_mb': 48239.792128, 'net_sent_bytes': 43362035449, 'net_recv_bytes': 316504721847, 'gpu_mem_used_mb': 31477.0, 'gpu_load': 0.01}
Averaging model weights...
Evaluating updated global model on test set...
    [Client 10] Round 10 - Waiting for global weights...
    [Client 8] Round 10 - Waiting for global weights...
    [Client 6] Round 10 - Waiting for global weights...
    [Client 9] Round 10 - Waiting for global weights...
    [Client 7] Round 10 - Waiting for global weights...
Round 9 Evaluation - Accuracy: 0.6904, Loss: 0.8737

===== Round 10 =====
Broadcasting global model to all clients...
Waiting for model weights from client 1...
    [Client 1] Round 10 - Training on local data...
    [Client 10] Round 10 - Training on local data...
    [Client 4] Round 10 - Training on local data...
    [Client 6] Round 10 - Training on local data...
    [Client 8] Round 10 - Training on local data...
    [Client 5] Round 10 - Training on local data...
    [Client 9] Round 10 - Training on local data...
    [Client 2] Round 10 - Training on local data...
    [Client 3] Round 10 - Training on local data...
    [Client 7] Round 10 - Training on local data...
    [Client 1] System Stats: {'client_rank': 1, 'round': 10, 'timestamp': '2025-07-25 10:21:37', 'cpu_time': 857905.36, 'cpu_freq_mhz': 2100.00021875, 'ram_used_mb': 15861.895168, 'net_sent_bytes': 4743561221, 'net_recv_bytes': 26829453267, 'gpu_mem_used_mb': 31479.0, 'gpu_load': 0.0}
    [Client 1] Round 10 - Sending updated weights to server...
Received weights from client 1
Waiting for model weights from client 2...
    [Client 10] System Stats: {'client_rank': 10, 'round': 10, 'timestamp': '2025-07-25 10:21:38', 'cpu_time': 871818.13, 'cpu_freq_mhz': 2060.63940625, 'ram_used_mb': 40550.227968, 'net_sent_bytes': 43362038212, 'net_recv_bytes': 316504776733, 'gpu_mem_used_mb': 31479.0, 'gpu_load': 0.0}
    [Client 10] Round 10 - Sending updated weights to server...
    [Client 4] System Stats: {'client_rank': 4, 'round': 10, 'timestamp': '2025-07-25 10:21:38', 'cpu_time': 1179639.23, 'cpu_freq_mhz': 2065.6388125, 'ram_used_mb': 51941.093376, 'net_sent_bytes': 10238663151, 'net_recv_bytes': 71451965617, 'gpu_mem_used_mb': 31479.0, 'gpu_load': 0.01}
    [Client 4] Round 10 - Sending updated weights to server...
    [Client 1] Round 11 - Waiting for global weights...
    [Client 3] System Stats: {'client_rank': 3, 'round': 10, 'timestamp': '2025-07-25 10:21:38', 'cpu_time': 809245.45, 'cpu_freq_mhz': 2075.76915625, 'ram_used_mb': 14897.053696, 'net_sent_bytes': 2172225942, 'net_recv_bytes': 16209075854, 'gpu_mem_used_mb': 31479.0, 'gpu_load': 0.01}
    [Client 8] System Stats: {'client_rank': 8, 'round': 10, 'timestamp': '2025-07-25 10:21:38', 'cpu_time': 831079.36, 'cpu_freq_mhz': 2086.53625, 'ram_used_mb': 49315.00032, 'net_sent_bytes': 25841683013, 'net_recv_bytes': 52322280502, 'gpu_mem_used_mb': 31479.0, 'gpu_load': 0.0}
    [Client 8] Round 10 - Sending updated weights to server...
    [Client 3] Round 10 - Sending updated weights to server...
    [Client 2] System Stats: {'client_rank': 2, 'round': 10, 'timestamp': '2025-07-25 10:21:38', 'cpu_time': 1209653.05, 'cpu_freq_mhz': 2099.1445000000003, 'ram_used_mb': 29851.4432, 'net_sent_bytes': 6319609999, 'net_recv_bytes': 27236832788, 'gpu_mem_used_mb': 31479.0, 'gpu_load': 0.01}
    [Client 2] Round 10 - Sending updated weights to server...
Received weights from client 2
Waiting for model weights from client 3...
Received weights from client 3
Waiting for model weights from client 4...
Received weights from client 4
Waiting for model weights from client 5...
    [Client 5] System Stats: {'client_rank': 5, 'round': 10, 'timestamp': '2025-07-25 10:21:38', 'cpu_time': 553995.96, 'cpu_freq_mhz': 2100.0, 'ram_used_mb': 8096.804864, 'net_sent_bytes': 4267297950, 'net_recv_bytes': 231170304695, 'gpu_mem_used_mb': 31479.0, 'gpu_load': 0.0}
    [Client 5] Round 10 - Sending updated weights to server...
Received weights from client 5
Waiting for model weights from client 6...
    [Client 3] Round 11 - Waiting for global weights...
    [Client 4] Round 11 - Waiting for global weights...
    [Client 2] Round 11 - Waiting for global weights...
    [Client 7] System Stats: {'client_rank': 7, 'round': 10, 'timestamp': '2025-07-25 10:21:38', 'cpu_time': 990524.95, 'cpu_freq_mhz': 2100.001, 'ram_used_mb': 30192.410624, 'net_sent_bytes': 34957070211, 'net_recv_bytes': 541097687384, 'gpu_mem_used_mb': 31479.0, 'gpu_load': 0.01}
    [Client 7] Round 10 - Sending updated weights to server...
    [Client 5] Round 11 - Waiting for global weights...
    [Client 9] System Stats: {'client_rank': 9, 'round': 10, 'timestamp': '2025-07-25 10:21:38', 'cpu_time': 857805.2699999999, 'cpu_freq_mhz': 2100.00059375, 'ram_used_mb': 34017.492992, 'net_sent_bytes': 29816856277, 'net_recv_bytes': 289041617850, 'gpu_mem_used_mb': 31479.0, 'gpu_load': 0.01}
    [Client 9] Round 10 - Sending updated weights to server...
    [Client 6] System Stats: {'client_rank': 6, 'round': 10, 'timestamp': '2025-07-25 10:21:39', 'cpu_time': 1190641.35, 'cpu_freq_mhz': 2094.21134375, 'ram_used_mb': 33644.015616, 'net_sent_bytes': 73989659556, 'net_recv_bytes': 154500357053, 'gpu_mem_used_mb': 31479.0, 'gpu_load': 0.01}
    [Client 6] Round 10 - Sending updated weights to server...
Received weights from client 6
Waiting for model weights from client 7...
Received weights from client 7
Waiting for model weights from client 8...
Received weights from client 8
Waiting for model weights from client 9...
Received weights from client 9
Waiting for model weights from client 10...
Received weights from client 10
Received system metrics from client 1: {'client_rank': 1, 'round': 10, 'timestamp': '2025-07-25 10:21:37', 'cpu_time': 857905.36, 'cpu_freq_mhz': 2100.00021875, 'ram_used_mb': 15861.895168, 'net_sent_bytes': 4743561221, 'net_recv_bytes': 26829453267, 'gpu_mem_used_mb': 31479.0, 'gpu_load': 0.0}
Received system metrics from client 2: {'client_rank': 2, 'round': 10, 'timestamp': '2025-07-25 10:21:38', 'cpu_time': 1209653.05, 'cpu_freq_mhz': 2099.1445000000003, 'ram_used_mb': 29851.4432, 'net_sent_bytes': 6319609999, 'net_recv_bytes': 27236832788, 'gpu_mem_used_mb': 31479.0, 'gpu_load': 0.01}
Received system metrics from client 3: {'client_rank': 3, 'round': 10, 'timestamp': '2025-07-25 10:21:38', 'cpu_time': 809245.45, 'cpu_freq_mhz': 2075.76915625, 'ram_used_mb': 14897.053696, 'net_sent_bytes': 2172225942, 'net_recv_bytes': 16209075854, 'gpu_mem_used_mb': 31479.0, 'gpu_load': 0.01}
Received system metrics from client 4: {'client_rank': 4, 'round': 10, 'timestamp': '2025-07-25 10:21:38', 'cpu_time': 1179639.23, 'cpu_freq_mhz': 2065.6388125, 'ram_used_mb': 51941.093376, 'net_sent_bytes': 10238663151, 'net_recv_bytes': 71451965617, 'gpu_mem_used_mb': 31479.0, 'gpu_load': 0.01}
Received system metrics from client 5: {'client_rank': 5, 'round': 10, 'timestamp': '2025-07-25 10:21:38', 'cpu_time': 553995.96, 'cpu_freq_mhz': 2100.0, 'ram_used_mb': 8096.804864, 'net_sent_bytes': 4267297950, 'net_recv_bytes': 231170304695, 'gpu_mem_used_mb': 31479.0, 'gpu_load': 0.0}
Received system metrics from client 6: {'client_rank': 6, 'round': 10, 'timestamp': '2025-07-25 10:21:39', 'cpu_time': 1190641.35, 'cpu_freq_mhz': 2094.21134375, 'ram_used_mb': 33644.015616, 'net_sent_bytes': 73989659556, 'net_recv_bytes': 154500357053, 'gpu_mem_used_mb': 31479.0, 'gpu_load': 0.01}
Received system metrics from client 7: {'client_rank': 7, 'round': 10, 'timestamp': '2025-07-25 10:21:38', 'cpu_time': 990524.95, 'cpu_freq_mhz': 2100.001, 'ram_used_mb': 30192.410624, 'net_sent_bytes': 34957070211, 'net_recv_bytes': 541097687384, 'gpu_mem_used_mb': 31479.0, 'gpu_load': 0.01}
Received system metrics from client 8: {'client_rank': 8, 'round': 10, 'timestamp': '2025-07-25 10:21:38', 'cpu_time': 831079.36, 'cpu_freq_mhz': 2086.53625, 'ram_used_mb': 49315.00032, 'net_sent_bytes': 25841683013, 'net_recv_bytes': 52322280502, 'gpu_mem_used_mb': 31479.0, 'gpu_load': 0.0}
Received system metrics from client 9: {'client_rank': 9, 'round': 10, 'timestamp': '2025-07-25 10:21:38', 'cpu_time': 857805.2699999999, 'cpu_freq_mhz': 2100.00059375, 'ram_used_mb': 34017.492992, 'net_sent_bytes': 29816856277, 'net_recv_bytes': 289041617850, 'gpu_mem_used_mb': 31479.0, 'gpu_load': 0.01}
Received system metrics from client 10: {'client_rank': 10, 'round': 10, 'timestamp': '2025-07-25 10:21:38', 'cpu_time': 871818.13, 'cpu_freq_mhz': 2060.63940625, 'ram_used_mb': 40550.227968, 'net_sent_bytes': 43362038212, 'net_recv_bytes': 316504776733, 'gpu_mem_used_mb': 31479.0, 'gpu_load': 0.0}
Averaging model weights...
Evaluating updated global model on test set...
    [Client 8] Round 11 - Waiting for global weights...
    [Client 10] Round 11 - Waiting for global weights...
    [Client 9] Round 11 - Waiting for global weights...
    [Client 7] Round 11 - Waiting for global weights...
    [Client 6] Round 11 - Waiting for global weights...
Round 10 Evaluation - Accuracy: 0.7125, Loss: 0.8173

===== Round 11 =====
Broadcasting global model to all clients...
Waiting for model weights from client 1...
    [Client 1] Round 11 - Training on local data...
    [Client 10] Round 11 - Training on local data...
    [Client 3] Round 11 - Training on local data...
    [Client 8] Round 11 - Training on local data...
    [Client 9] Round 11 - Training on local data...
    [Client 4] Round 11 - Training on local data...
    [Client 6] Round 11 - Training on local data...
    [Client 5] Round 11 - Training on local data...
    [Client 2] Round 11 - Training on local data...
    [Client 7] Round 11 - Training on local data...
    [Client 1] System Stats: {'client_rank': 1, 'round': 11, 'timestamp': '2025-07-25 10:21:56', 'cpu_time': 857919.8400000001, 'cpu_freq_mhz': 2099.232125, 'ram_used_mb': 15964.229632, 'net_sent_bytes': 4743566994, 'net_recv_bytes': 26829504694, 'gpu_mem_used_mb': 31479.0, 'gpu_load': 0.01}
    [Client 8] System Stats: {'client_rank': 8, 'round': 11, 'timestamp': '2025-07-25 10:21:56', 'cpu_time': 831087.55, 'cpu_freq_mhz': 2069.71959375, 'ram_used_mb': 48423.120896, 'net_sent_bytes': 25841783431, 'net_recv_bytes': 52322428506, 'gpu_mem_used_mb': 31479.0, 'gpu_load': 0.01}
    [Client 1] Round 11 - Sending updated weights to server...
    [Client 10] System Stats: {'client_rank': 10, 'round': 11, 'timestamp': '2025-07-25 10:21:56', 'cpu_time': 871824.5, 'cpu_freq_mhz': 2080.3803749999997, 'ram_used_mb': 47729.09056, 'net_sent_bytes': 43362041302, 'net_recv_bytes': 316504825227, 'gpu_mem_used_mb': 31479.0, 'gpu_load': 0.0}
Received weights from client 1
Waiting for model weights from client 2...
    [Client 8] Round 11 - Sending updated weights to server...
    [Client 10] Round 11 - Sending updated weights to server...
    [Client 1] Round 12 - Waiting for global weights...
    [Client 4] System Stats: {'client_rank': 4, 'round': 11, 'timestamp': '2025-07-25 10:21:56', 'cpu_time': 1179645.69, 'cpu_freq_mhz': 2063.16146875, 'ram_used_mb': 54044.000256, 'net_sent_bytes': 10238672953, 'net_recv_bytes': 71452020192, 'gpu_mem_used_mb': 31479.0, 'gpu_load': 0.01}
    [Client 4] Round 11 - Sending updated weights to server...
    [Client 2] System Stats: {'client_rank': 2, 'round': 11, 'timestamp': '2025-07-25 10:21:56', 'cpu_time': 1209654.75, 'cpu_freq_mhz': 2098.374, 'ram_used_mb': 28859.88352, 'net_sent_bytes': 6319613198, 'net_recv_bytes': 27236880992, 'gpu_mem_used_mb': 31479.0, 'gpu_load': 0.01}
    [Client 2] Round 11 - Sending updated weights to server...
Received weights from client 2
Waiting for model weights from client 3...
    [Client 5] System Stats: {'client_rank': 5, 'round': 11, 'timestamp': '2025-07-25 10:21:57', 'cpu_time': 554000.4400000001, 'cpu_freq_mhz': 2099.9844375000002, 'ram_used_mb': 8834.3552, 'net_sent_bytes': 4267304346, 'net_recv_bytes': 231170357447, 'gpu_mem_used_mb': 31479.0, 'gpu_load': 0.01}
    [Client 5] Round 11 - Sending updated weights to server...
    [Client 2] Round 12 - Waiting for global weights...
    [Client 7] System Stats: {'client_rank': 7, 'round': 11, 'timestamp': '2025-07-25 10:21:57', 'cpu_time': 990533.37, 'cpu_freq_mhz': 2100.00159375, 'ram_used_mb': 30294.142976, 'net_sent_bytes': 34957202116, 'net_recv_bytes': 541144312297, 'gpu_mem_used_mb': 31479.0, 'gpu_load': 0.0}
    [Client 7] Round 11 - Sending updated weights to server...
    [Client 3] System Stats: {'client_rank': 3, 'round': 11, 'timestamp': '2025-07-25 10:21:57', 'cpu_time': 809252.45, 'cpu_freq_mhz': 2100.00178125, 'ram_used_mb': 15767.2448, 'net_sent_bytes': 2172230972, 'net_recv_bytes': 16209128626, 'gpu_mem_used_mb': 31479.0, 'gpu_load': 0.01}
    [Client 3] Round 11 - Sending updated weights to server...
Received weights from client 3
Waiting for model weights from client 4...
Received weights from client 4
Waiting for model weights from client 5...
Received weights from client 5
Waiting for model weights from client 6...
    [Client 9] System Stats: {'client_rank': 9, 'round': 11, 'timestamp': '2025-07-25 10:21:57', 'cpu_time': 857817.1499999999, 'cpu_freq_mhz': 2100.00165625, 'ram_used_mb': 37735.604224, 'net_sent_bytes': 29816920032, 'net_recv_bytes': 289041750566, 'gpu_mem_used_mb': 31479.0, 'gpu_load': 0.01}
    [Client 9] Round 11 - Sending updated weights to server...
    [Client 5] Round 12 - Waiting for global weights...
    [Client 4] Round 12 - Waiting for global weights...
    [Client 3] Round 12 - Waiting for global weights...
    [Client 6] System Stats: {'client_rank': 6, 'round': 11, 'timestamp': '2025-07-25 10:21:58', 'cpu_time': 1190665.92, 'cpu_freq_mhz': 2099.99921875, 'ram_used_mb': 33568.550912, 'net_sent_bytes': 73989788221, 'net_recv_bytes': 154546976053, 'gpu_mem_used_mb': 31479.0, 'gpu_load': 0.01}
    [Client 6] Round 11 - Sending updated weights to server...
Received weights from client 6
Waiting for model weights from client 7...
Received weights from client 7
Waiting for model weights from client 8...
Received weights from client 8
Waiting for model weights from client 9...
Received weights from client 9
Waiting for model weights from client 10...
Received weights from client 10
Received system metrics from client 1: {'client_rank': 1, 'round': 11, 'timestamp': '2025-07-25 10:21:56', 'cpu_time': 857919.8400000001, 'cpu_freq_mhz': 2099.232125, 'ram_used_mb': 15964.229632, 'net_sent_bytes': 4743566994, 'net_recv_bytes': 26829504694, 'gpu_mem_used_mb': 31479.0, 'gpu_load': 0.01}
Received system metrics from client 2: {'client_rank': 2, 'round': 11, 'timestamp': '2025-07-25 10:21:56', 'cpu_time': 1209654.75, 'cpu_freq_mhz': 2098.374, 'ram_used_mb': 28859.88352, 'net_sent_bytes': 6319613198, 'net_recv_bytes': 27236880992, 'gpu_mem_used_mb': 31479.0, 'gpu_load': 0.01}
Received system metrics from client 3: {'client_rank': 3, 'round': 11, 'timestamp': '2025-07-25 10:21:57', 'cpu_time': 809252.45, 'cpu_freq_mhz': 2100.00178125, 'ram_used_mb': 15767.2448, 'net_sent_bytes': 2172230972, 'net_recv_bytes': 16209128626, 'gpu_mem_used_mb': 31479.0, 'gpu_load': 0.01}
Received system metrics from client 4: {'client_rank': 4, 'round': 11, 'timestamp': '2025-07-25 10:21:56', 'cpu_time': 1179645.69, 'cpu_freq_mhz': 2063.16146875, 'ram_used_mb': 54044.000256, 'net_sent_bytes': 10238672953, 'net_recv_bytes': 71452020192, 'gpu_mem_used_mb': 31479.0, 'gpu_load': 0.01}
Received system metrics from client 5: {'client_rank': 5, 'round': 11, 'timestamp': '2025-07-25 10:21:57', 'cpu_time': 554000.4400000001, 'cpu_freq_mhz': 2099.9844375000002, 'ram_used_mb': 8834.3552, 'net_sent_bytes': 4267304346, 'net_recv_bytes': 231170357447, 'gpu_mem_used_mb': 31479.0, 'gpu_load': 0.01}
Received system metrics from client 6: {'client_rank': 6, 'round': 11, 'timestamp': '2025-07-25 10:21:58', 'cpu_time': 1190665.92, 'cpu_freq_mhz': 2099.99921875, 'ram_used_mb': 33568.550912, 'net_sent_bytes': 73989788221, 'net_recv_bytes': 154546976053, 'gpu_mem_used_mb': 31479.0, 'gpu_load': 0.01}
Received system metrics from client 7: {'client_rank': 7, 'round': 11, 'timestamp': '2025-07-25 10:21:57', 'cpu_time': 990533.37, 'cpu_freq_mhz': 2100.00159375, 'ram_used_mb': 30294.142976, 'net_sent_bytes': 34957202116, 'net_recv_bytes': 541144312297, 'gpu_mem_used_mb': 31479.0, 'gpu_load': 0.0}
Received system metrics from client 8: {'client_rank': 8, 'round': 11, 'timestamp': '2025-07-25 10:21:56', 'cpu_time': 831087.55, 'cpu_freq_mhz': 2069.71959375, 'ram_used_mb': 48423.120896, 'net_sent_bytes': 25841783431, 'net_recv_bytes': 52322428506, 'gpu_mem_used_mb': 31479.0, 'gpu_load': 0.01}
Received system metrics from client 9: {'client_rank': 9, 'round': 11, 'timestamp': '2025-07-25 10:21:57', 'cpu_time': 857817.1499999999, 'cpu_freq_mhz': 2100.00165625, 'ram_used_mb': 37735.604224, 'net_sent_bytes': 29816920032, 'net_recv_bytes': 289041750566, 'gpu_mem_used_mb': 31479.0, 'gpu_load': 0.01}
Received system metrics from client 10: {'client_rank': 10, 'round': 11, 'timestamp': '2025-07-25 10:21:56', 'cpu_time': 871824.5, 'cpu_freq_mhz': 2080.3803749999997, 'ram_used_mb': 47729.09056, 'net_sent_bytes': 43362041302, 'net_recv_bytes': 316504825227, 'gpu_mem_used_mb': 31479.0, 'gpu_load': 0.0}
Averaging model weights...
Evaluating updated global model on test set...
    [Client 8] Round 12 - Waiting for global weights...
    [Client 10] Round 12 - Waiting for global weights...
    [Client 7] Round 12 - Waiting for global weights...
    [Client 6] Round 12 - Waiting for global weights...
    [Client 9] Round 12 - Waiting for global weights...
Round 11 Evaluation - Accuracy: 0.7287, Loss: 0.7771

===== Round 12 =====
Broadcasting global model to all clients...
Waiting for model weights from client 1...
    [Client 1] Round 12 - Training on local data...
    [Client 10] Round 12 - Training on local data...
    [Client 2] Round 12 - Training on local data...
    [Client 8] Round 12 - Training on local data...
    [Client 7] Round 12 - Training on local data...
    [Client 4] Round 12 - Training on local data...
    [Client 5] Round 12 - Training on local data...
    [Client 9] Round 12 - Training on local data...
    [Client 3] Round 12 - Training on local data...
