=== Federated Server Started ===
Total processes: 51 (1 server + 50 clients)

    [Client 11] Initializing...
    [Client 11] Starting on host: ng10705
    [Client 10] Initializing...
    [Client 10] Starting on host: ng10701
    [Client 34] Initializing...
    [Client 34] Starting on host: ng30705
    [Client 4] Initializing...
    [Client 4] Starting on host: ng10501
    [Client 32] Initializing...
    [Client 32] Starting on host: ng30701
    [Client 30] Initializing...
    [Client 30] Starting on host: ng30604
    [Client 35] Initializing...
    [Client 35] Starting on host: ng30709
    [Client 48] Initializing...
    [Client 48] Starting on host: ng31305
    [Client 1] Initializing...
    [Client 1] Starting on host: ng10204
    [Client 17] Initializing...
    [Client 17] Starting on host: ng10903
    [Client 40] Initializing...
    [Client 40] Starting on host: ng31103
    [Client 38] Initializing...
    [Client 38] Starting on host: ng31004
    [Client 43] Initializing...
    [Client 43] Starting on host: ng31204
    [Client 5] Initializing...
    [Client 5] Starting on host: ng10503
    [Client 50] Initializing...
    [Client 50] Starting on host: ng31402
    [Client 45] Initializing...
    [Client 45] Starting on host: ng31301
    [Client 21] Initializing...
    [Client 21] Starting on host: ng11006
    [Client 2] Initializing...
    [Client 2] Starting on host: ng10303
    [Client 16] Initializing...
    [Client 16] Starting on host: ng10807
    [Client 6] Initializing...
    [Client 6] Starting on host: ng10504
    [Client 26] Initializing...
    [Client 26] Starting on host: ng20201
    [Client 47] Initializing...
    [Client 47] Starting on host: ng31304
    [Client 3] Initializing...
    [Client 3] Starting on host: ng10304
    [Client 13] Initializing...
    [Client 13] Starting on host: ng10710
    [Client 20] Initializing...
    [Client 20] Starting on host: ng11004
    [Client 22] Initializing...
    [Client 22] Starting on host: ng11101
    [Client 8] Initializing...
    [Client 8] Starting on host: ng10605
    [Client 28] Initializing...
    [Client 28] Starting on host: ng30601
    [Client 36] Initializing...
    [Client 36] Starting on host: ng30712
    [Client 31] Initializing...
    [Client 31] Starting on host: ng30605
    [Client 37] Initializing...
    [Client 37] Starting on host: ng31001
    [Client 19] Initializing...
    [Client 19] Starting on host: ng11002
    [Client 44] Initializing...
    [Client 44] Starting on host: ng31205
    [Client 42] Initializing...
    [Client 42] Starting on host: ng31203
    [Client 46] Initializing...
    [Client 46] Starting on host: ng31302
    [Client 49] Initializing...
    [Client 49] Starting on host: ng31401
    [Client 41] Initializing...
    [Client 41] Starting on host: ng31201
    [Client 24] Initializing...
    [Client 24] Starting on host: ng11105
    [Client 29] Initializing...
    [Client 29] Starting on host: ng30603
    [Client 27] Initializing...
    [Client 27] Starting on host: ng20302
    [Client 23] Initializing...
    [Client 23] Starting on host: ng11103
    [Client 39] Initializing...
    [Client 39] Starting on host: ng31005
    [Client 33] Initializing...
    [Client 33] Starting on host: ng30704
    [Client 25] Initializing...
    [Client 25] Starting on host: ng11106
    [Client 7] Initializing...
    [Client 7] Starting on host: ng10603
    [Client 14] Initializing...
    [Client 14] Starting on host: ng10711
Loading data from .npy files...
Training set: (50000, 32, 32, 3), Labels: (50000, 1)
Test set:     (10000, 32, 32, 3), Labels: (10000, 1)
    [Client 1] Round 1 - Waiting for global weights...
Loading data from .npy files...
Training set: (50000, 32, 32, 3), Labels: (50000, 1)
Test set:     (10000, 32, 32, 3), Labels: (10000, 1)
    [Client 3] Round 1 - Waiting for global weights...
Loading data from .npy files...
Training set: (50000, 32, 32, 3), Labels: (50000, 1)
Test set:     (10000, 32, 32, 3), Labels: (10000, 1)
    [Client 31] Round 1 - Waiting for global weights...
Loading data from .npy files...
Training set: (50000, 32, 32, 3), Labels: (50000, 1)
Test set:     (10000, 32, 32, 3), Labels: (10000, 1)
    [Client 6] Round 1 - Waiting for global weights...
Loading data from .npy files...
Training set: (50000, 32, 32, 3), Labels: (50000, 1)
Test set:     (10000, 32, 32, 3), Labels: (10000, 1)
    [Client 28] Round 1 - Waiting for global weights...
Loading data from .npy files...
Training set: (50000, 32, 32, 3), Labels: (50000, 1)
Test set:     (10000, 32, 32, 3), Labels: (10000, 1)
    [Client 26] Round 1 - Waiting for global weights...
Loading data from .npy files...
Training set: (50000, 32, 32, 3), Labels: (50000, 1)
Test set:     (10000, 32, 32, 3), Labels: (10000, 1)
    [Client 2] Round 1 - Waiting for global weights...
Loading data from .npy files...
Training set: (50000, 32, 32, 3), Labels: (50000, 1)
Test set:     (10000, 32, 32, 3), Labels: (10000, 1)
    [Client 4] Round 1 - Waiting for global weights...
Loading data from .npy files...
Training set: (50000, 32, 32, 3), Labels: (50000, 1)
Test set:     (10000, 32, 32, 3), Labels: (10000, 1)
    [Client 29] Round 1 - Waiting for global weights...
Loading data from .npy files...
Training set: (50000, 32, 32, 3), Labels: (50000, 1)
Test set:     (10000, 32, 32, 3), Labels: (10000, 1)
    [Client 32] Round 1 - Waiting for global weights...
Loading data from .npy files...
Training set: (50000, 32, 32, 3), Labels: (50000, 1)
Test set:     (10000, 32, 32, 3), Labels: (10000, 1)
    [Client 33] Round 1 - Waiting for global weights...
Loading data from .npy files...
Training set: (50000, 32, 32, 3), Labels: (50000, 1)
Test set:     (10000, 32, 32, 3), Labels: (10000, 1)
    [Client 35] Round 1 - Waiting for global weights...
Loading data from .npy files...
Training set: (50000, 32, 32, 3), Labels: (50000, 1)
Test set:     (10000, 32, 32, 3), Labels: (10000, 1)
    [Client 39] Round 1 - Waiting for global weights...
Loading data from .npy files...
Training set: (50000, 32, 32, 3), Labels: (50000, 1)
Test set:     (10000, 32, 32, 3), Labels: (10000, 1)
    [Client 30] Round 1 - Waiting for global weights...
Loading data from .npy files...
Training set: (50000, 32, 32, 3), Labels: (50000, 1)
Test set:     (10000, 32, 32, 3), Labels: (10000, 1)
    [Client 38] Round 1 - Waiting for global weights...
Loading data from .npy files...
Training set: (50000, 32, 32, 3), Labels: (50000, 1)
Test set:     (10000, 32, 32, 3), Labels: (10000, 1)
    [Client 50] Round 1 - Waiting for global weights...
Loading data from .npy files...
Training set: (50000, 32, 32, 3), Labels: (50000, 1)
Test set:     (10000, 32, 32, 3), Labels: (10000, 1)
    [Client 5] Round 1 - Waiting for global weights...
Loading data from .npy files...
Training set: (50000, 32, 32, 3), Labels: (50000, 1)
Test set:     (10000, 32, 32, 3), Labels: (10000, 1)
    [Client 21] Round 1 - Waiting for global weights...
Loading data from .npy files...
Training set: (50000, 32, 32, 3), Labels: (50000, 1)
Test set:     (10000, 32, 32, 3), Labels: (10000, 1)
    [Client 27] Round 1 - Waiting for global weights...
Loading data from .npy files...
Training set: (50000, 32, 32, 3), Labels: (50000, 1)
Test set:     (10000, 32, 32, 3), Labels: (10000, 1)
    [Client 11] Round 1 - Waiting for global weights...
Loading data from .npy files...
Training set: (50000, 32, 32, 3), Labels: (50000, 1)
Test set:     (10000, 32, 32, 3), Labels: (10000, 1)
    [Client 13] Round 1 - Waiting for global weights...
Loading data from .npy files...
Training set: (50000, 32, 32, 3), Labels: (50000, 1)
Test set:     (10000, 32, 32, 3), Labels: (10000, 1)
    [Client 49] Round 1 - Waiting for global weights...
Loading data from .npy files...
Training set: (50000, 32, 32, 3), Labels: (50000, 1)
Test set:     (10000, 32, 32, 3), Labels: (10000, 1)
    [Client 10] Round 1 - Waiting for global weights...
Loading data from .npy files...
Training set: (50000, 32, 32, 3), Labels: (50000, 1)
Test set:     (10000, 32, 32, 3), Labels: (10000, 1)
    [Client 34] Round 1 - Waiting for global weights...
Loading data from .npy files...
Training set: (50000, 32, 32, 3), Labels: (50000, 1)
Test set:     (10000, 32, 32, 3), Labels: (10000, 1)
    [Client 8] Round 1 - Waiting for global weights...
Loading data from .npy files...
Training set: (50000, 32, 32, 3), Labels: (50000, 1)
Test set:     (10000, 32, 32, 3), Labels: (10000, 1)
    [Client 40] Round 1 - Waiting for global weights...
Loading data from .npy files...
Training set: (50000, 32, 32, 3), Labels: (50000, 1)
Test set:     (10000, 32, 32, 3), Labels: (10000, 1)
    [Client 41] Round 1 - Waiting for global weights...
Loading data from .npy files...
Training set: (50000, 32, 32, 3), Labels: (50000, 1)
Test set:     (10000, 32, 32, 3), Labels: (10000, 1)
    [Client 17] Round 1 - Waiting for global weights...
Loading data from .npy files...
Training set: (50000, 32, 32, 3), Labels: (50000, 1)
Test set:     (10000, 32, 32, 3), Labels: (10000, 1)
    [Client 24] Round 1 - Waiting for global weights...
Loading data from .npy files...
Training set: (50000, 32, 32, 3), Labels: (50000, 1)
Test set:     (10000, 32, 32, 3), Labels: (10000, 1)
    [Client 16] Round 1 - Waiting for global weights...
Loading data from .npy files...
Training set: (50000, 32, 32, 3), Labels: (50000, 10)
Test set:     (10000, 32, 32, 3), Labels: (10000, 10)

===== Round 1 =====
Broadcasting global model to all clients...
Loading data from .npy files...
Training set: (50000, 32, 32, 3), Labels: (50000, 1)
Test set:     (10000, 32, 32, 3), Labels: (10000, 1)
    [Client 36] Round 1 - Waiting for global weights...
Loading data from .npy files...
Training set: (50000, 32, 32, 3), Labels: (50000, 1)
Test set:     (10000, 32, 32, 3), Labels: (10000, 1)
    [Client 20] Round 1 - Waiting for global weights...
Loading data from .npy files...
Training set: (50000, 32, 32, 3), Labels: (50000, 1)
Test set:     (10000, 32, 32, 3), Labels: (10000, 1)
    [Client 22] Round 1 - Waiting for global weights...
Loading data from .npy files...
Training set: (50000, 32, 32, 3), Labels: (50000, 1)
Test set:     (10000, 32, 32, 3), Labels: (10000, 1)
    [Client 14] Round 1 - Waiting for global weights...
Loading data from .npy files...
Training set: (50000, 32, 32, 3), Labels: (50000, 1)
Test set:     (10000, 32, 32, 3), Labels: (10000, 1)
    [Client 37] Round 1 - Waiting for global weights...
Loading data from .npy files...
Training set: (50000, 32, 32, 3), Labels: (50000, 1)
Test set:     (10000, 32, 32, 3), Labels: (10000, 1)
    [Client 23] Round 1 - Waiting for global weights...
Loading data from .npy files...
Training set: (50000, 32, 32, 3), Labels: (50000, 1)
Test set:     (10000, 32, 32, 3), Labels: (10000, 1)
    [Client 42] Round 1 - Waiting for global weights...
    [Client 33] Round 1 - Training on local data...
    [Client 34] Round 1 - Training on local data...
    [Client 35] Round 1 - Training on local data...
    [Client 5] Round 1 - Training on local data...
    [Client 37] Round 1 - Training on local data...
    [Client 17] Round 1 - Training on local data...
    [Client 6] Round 1 - Training on local data...
    [Client 1] Round 1 - Training on local data...
    [Client 38] Round 1 - Training on local data...
    [Client 10] Round 1 - Training on local data...
    [Client 26] Round 1 - Training on local data...
    [Client 21] Round 1 - Training on local data...
    [Client 22] Round 1 - Training on local data...
    [Client 3] Round 1 - Training on local data...
    [Client 2] Round 1 - Training on local data...
    [Client 27] Round 1 - Training on local data...
    [Client 42] Round 1 - Training on local data...
Loading data from .npy files...
Training set: (50000, 32, 32, 3), Labels: (50000, 1)
Test set:     (10000, 32, 32, 3), Labels: (10000, 1)
    [Client 46] Round 1 - Waiting for global weights...
Loading data from .npy files...
Training set: (50000, 32, 32, 3), Labels: (50000, 1)
Test set:     (10000, 32, 32, 3), Labels: (10000, 1)
    [Client 47] Round 1 - Waiting for global weights...
Loading data from .npy files...
Training set: (50000, 32, 32, 3), Labels: (50000, 1)
Test set:     (10000, 32, 32, 3), Labels: (10000, 1)
    [Client 19] Round 1 - Waiting for global weights...
Loading data from .npy files...
Training set: (50000, 32, 32, 3), Labels: (50000, 1)
Test set:     (10000, 32, 32, 3), Labels: (10000, 1)
    [Client 45] Round 1 - Waiting for global weights...
    [Client 19] Round 1 - Training on local data...
Loading data from .npy files...
Training set: (50000, 32, 32, 3), Labels: (50000, 1)
Test set:     (10000, 32, 32, 3), Labels: (10000, 1)
    [Client 43] Round 1 - Waiting for global weights...
    [Client 11] Round 1 - Training on local data...
Loading data from .npy files...
Training set: (50000, 32, 32, 3), Labels: (50000, 1)
Test set:     (10000, 32, 32, 3), Labels: (10000, 1)
    [Client 48] Round 1 - Waiting for global weights...
    [Client 43] Round 1 - Training on local data...
    [Client 49] Round 1 - Training on local data...
Loading data from .npy files...
Training set: (50000, 32, 32, 3), Labels: (50000, 1)
Test set:     (10000, 32, 32, 3), Labels: (10000, 1)
    [Client 25] Round 1 - Waiting for global weights...
Loading data from .npy files...
Training set: (50000, 32, 32, 3), Labels: (50000, 1)
Test set:     (10000, 32, 32, 3), Labels: (10000, 1)
    [Client 44] Round 1 - Waiting for global weights...
Loading data from .npy files...
Training set: (50000, 32, 32, 3), Labels: (50000, 1)
Test set:     (10000, 32, 32, 3), Labels: (10000, 1)
    [Client 7] Round 1 - Waiting for global weights...
    [Client 23] Round 1 - Training on local data...
    [Client 20] Round 1 - Training on local data...
    [Client 36] Round 1 - Training on local data...
    [Client 39] Round 1 - Training on local data...
    [Client 4] Round 1 - Training on local data...
    [Client 7] Round 1 - Training on local data...
    [Client 49] System Stats: {'cpu_time': 63.83999999985099, 'ram_used_mb': 2842.27584, 'net_sent_bytes': 79310, 'net_recv_bytes': 93205, 'gpu_mem_used_mb': 38937.0, 'gpu_load': 0.0, 'client_rank': 49, 'round': 1, 'timestamp': '2025-07-30 14:21:05'}
    [Client 1] System Stats: {'cpu_time': 41.39000000059605, 'ram_used_mb': 2856.05888, 'net_sent_bytes': 72079, 'net_recv_bytes': 58147, 'gpu_mem_used_mb': 38937.0, 'gpu_load': 0.0, 'client_rank': 1, 'round': 1, 'timestamp': '2025-07-30 14:21:05'}
    [Client 42] System Stats: {'cpu_time': 52.03000000119209, 'ram_used_mb': 2813.739008, 'net_sent_bytes': 44634, 'net_recv_bytes': 78482, 'gpu_mem_used_mb': 38937.0, 'gpu_load': 0.01, 'client_rank': 42, 'round': 1, 'timestamp': '2025-07-30 14:21:05'}
    [Client 34] System Stats: {'cpu_time': 26.11999999731779, 'ram_used_mb': 2814.160896, 'net_sent_bytes': 3973, 'net_recv_bytes': 45505, 'gpu_mem_used_mb': 38937.0, 'gpu_load': 0.0, 'client_rank': 34, 'round': 1, 'timestamp': '2025-07-30 14:21:05'}
    [Client 5] System Stats: {'cpu_time': 52.28999999910593, 'ram_used_mb': 2855.71072, 'net_sent_bytes': 54860, 'net_recv_bytes': 63170, 'gpu_mem_used_mb': 38937.0, 'gpu_load': 0.0, 'client_rank': 5, 'round': 1, 'timestamp': '2025-07-30 14:21:05'}
    [Client 10] System Stats: {'cpu_time': 25.419999999925494, 'ram_used_mb': 2822.569984, 'net_sent_bytes': 31059, 'net_recv_bytes': 58638, 'gpu_mem_used_mb': 38937.0, 'gpu_load': 0.0, 'client_rank': 10, 'round': 1, 'timestamp': '2025-07-30 14:21:05'}
    [Client 38] System Stats: {'cpu_time': 37.25, 'ram_used_mb': 2847.932416, 'net_sent_bytes': 80750, 'net_recv_bytes': 81121, 'gpu_mem_used_mb': 38937.0, 'gpu_load': 0.0, 'client_rank': 38, 'round': 1, 'timestamp': '2025-07-30 14:21:05'}
    [Client 35] System Stats: {'cpu_time': 36.49999999627471, 'ram_used_mb': 2843.377664, 'net_sent_bytes': 101834, 'net_recv_bytes': 75795, 'gpu_mem_used_mb': 38937.0, 'gpu_load': 0.0, 'client_rank': 35, 'round': 1, 'timestamp': '2025-07-30 14:21:05'}
    [Client 11] System Stats: {'cpu_time': 36.75999999977648, 'ram_used_mb': 2824.282112, 'net_sent_bytes': 44862, 'net_recv_bytes': 63392, 'gpu_mem_used_mb': 38937.0, 'gpu_load': 0.0, 'client_rank': 11, 'round': 1, 'timestamp': '2025-07-30 14:21:05'}
    [Client 6] System Stats: {'cpu_time': 35.2200000025332, 'ram_used_mb': 2858.999808, 'net_sent_bytes': 2286, 'net_recv_bytes': 44819, 'gpu_mem_used_mb': 38937.0, 'gpu_load': 0.0, 'client_rank': 6, 'round': 1, 'timestamp': '2025-07-30 14:21:05'}
    [Client 3] System Stats: {'cpu_time': 37.41000000014901, 'ram_used_mb': 2857.762816, 'net_sent_bytes': 31241, 'net_recv_bytes': 76540, 'gpu_mem_used_mb': 38937.0, 'gpu_load': 0.0, 'client_rank': 3, 'round': 1, 'timestamp': '2025-07-30 14:21:05'}
    [Client 37] System Stats: {'cpu_time': 37.059999998658895, 'ram_used_mb': 2845.237248, 'net_sent_bytes': 104255, 'net_recv_bytes': 72568, 'gpu_mem_used_mb': 38937.0, 'gpu_load': 0.0, 'client_rank': 37, 'round': 1, 'timestamp': '2025-07-30 14:21:05'}
    [Client 36] System Stats: {'cpu_time': 46.95999999996275, 'ram_used_mb': 2823.192576, 'net_sent_bytes': 70931, 'net_recv_bytes': 58296, 'gpu_mem_used_mb': 38937.0, 'gpu_load': 0.0, 'client_rank': 36, 'round': 1, 'timestamp': '2025-07-30 14:21:05'}
    [Client 33] System Stats: {'cpu_time': 48.07000000029802, 'ram_used_mb': 2843.672576, 'net_sent_bytes': 44164, 'net_recv_bytes': 64820, 'gpu_mem_used_mb': 38937.0, 'gpu_load': 0.0, 'client_rank': 33, 'round': 1, 'timestamp': '2025-07-30 14:21:05'}
    [Client 23] System Stats: {'cpu_time': 182.57000000029802, 'ram_used_mb': 2845.126656, 'net_sent_bytes': 3296, 'net_recv_bytes': 48975, 'gpu_mem_used_mb': 38937.0, 'gpu_load': 0.0, 'client_rank': 23, 'round': 1, 'timestamp': '2025-07-30 14:21:05'}
    [Client 22] System Stats: {'cpu_time': 37.209999999031425, 'ram_used_mb': 2845.220864, 'net_sent_bytes': 72276, 'net_recv_bytes': 64624, 'gpu_mem_used_mb': 38937.0, 'gpu_load': 0.0, 'client_rank': 22, 'round': 1, 'timestamp': '2025-07-30 14:21:05'}
    [Client 43] System Stats: {'cpu_time': 36.230000004172325, 'ram_used_mb': 2812.256256, 'net_sent_bytes': 51283, 'net_recv_bytes': 56040, 'gpu_mem_used_mb': 38937.0, 'gpu_load': 0.0, 'client_rank': 43, 'round': 1, 'timestamp': '2025-07-30 14:21:05'}
    [Client 21] System Stats: {'cpu_time': 123.07000000216067, 'ram_used_mb': 2812.116992, 'net_sent_bytes': 35759, 'net_recv_bytes': 45908, 'gpu_mem_used_mb': 38937.0, 'gpu_load': 0.0, 'client_rank': 21, 'round': 1, 'timestamp': '2025-07-30 14:21:05'}
    [Client 26] System Stats: {'cpu_time': 54.06000000052154, 'ram_used_mb': 2847.645696, 'net_sent_bytes': 155639, 'net_recv_bytes': 9542984, 'gpu_mem_used_mb': 38937.0, 'gpu_load': 0.0, 'client_rank': 26, 'round': 1, 'timestamp': '2025-07-30 14:21:05'}
    [Client 20] System Stats: {'cpu_time': 63.269999999552965, 'ram_used_mb': 2825.613312, 'net_sent_bytes': 10613, 'net_recv_bytes': 52259, 'gpu_mem_used_mb': 38937.0, 'gpu_load': 0.0, 'client_rank': 20, 'round': 1, 'timestamp': '2025-07-30 14:21:05'}
    [Client 27] System Stats: {'cpu_time': 37.77000000141561, 'ram_used_mb': 2815.791104, 'net_sent_bytes': 24937, 'net_recv_bytes': 6106521, 'gpu_mem_used_mb': 38937.0, 'gpu_load': 0.01, 'client_rank': 27, 'round': 1, 'timestamp': '2025-07-30 14:21:05'}
    [Client 7] System Stats: {'cpu_time': 234.42999999970198, 'ram_used_mb': 2826.379264, 'net_sent_bytes': 12986, 'net_recv_bytes': 48731, 'gpu_mem_used_mb': 38937.0, 'gpu_load': 0.0, 'client_rank': 7, 'round': 1, 'timestamp': '2025-07-30 14:21:06'}
    [Client 2] System Stats: {'cpu_time': 49.33000000100583, 'ram_used_mb': 2821.062656, 'net_sent_bytes': 24367, 'net_recv_bytes': 69164, 'gpu_mem_used_mb': 38937.0, 'gpu_load': 0.0, 'client_rank': 2, 'round': 1, 'timestamp': '2025-07-30 14:21:06'}
    [Client 4] System Stats: {'cpu_time': 47.42999999970198, 'ram_used_mb': 2858.442752, 'net_sent_bytes': 43302, 'net_recv_bytes': 9847787, 'gpu_mem_used_mb': 38937.0, 'gpu_load': 0.0, 'client_rank': 4, 'round': 1, 'timestamp': '2025-07-30 14:21:06'}
    [Client 19] System Stats: {'cpu_time': 52.1600000038743, 'ram_used_mb': 2762.006528, 'net_sent_bytes': 44721, 'net_recv_bytes': 73132, 'gpu_mem_used_mb': 38937.0, 'gpu_load': 0.0, 'client_rank': 19, 'round': 1, 'timestamp': '2025-07-30 14:21:06'}
    [Client 9] Initializing...
    [Client 9] Starting on host: ng10610
    [Client 49] Statistical Utility: {'client_rank': 49, 'round': 1, 'data_size': 1000, 'data_variance': 0.06412339955568314, 'local_loss': 2.7812323570251465, 'local_accuracy': 11.800000071525574}
    [Client 1] Statistical Utility: {'client_rank': 1, 'round': 1, 'data_size': 1000, 'data_variance': 0.06304291635751724, 'local_loss': 2.3740947246551514, 'local_accuracy': 12.600000202655792}
    [Client 42] Statistical Utility: {'client_rank': 42, 'round': 1, 'data_size': 1000, 'data_variance': 0.06342273205518723, 'local_loss': 2.5708115100860596, 'local_accuracy': 11.900000274181366}
    [Client 49] Round 1 - Sending updated weights to server...
    [Client 1] Round 1 - Sending updated weights to server...
    [Client 42] Round 1 - Sending updated weights to server...
    [Client 34] Statistical Utility: {'client_rank': 34, 'round': 1, 'data_size': 1000, 'data_variance': 0.06271310895681381, 'local_loss': 2.2863314151763916, 'local_accuracy': 16.699999570846558}
    [Client 34] Round 1 - Sending updated weights to server...
    [Client 10] Statistical Utility: {'client_rank': 10, 'round': 1, 'data_size': 1000, 'data_variance': 0.061787206679582596, 'local_loss': 2.461493730545044, 'local_accuracy': 12.09999993443489}
    [Client 5] Statistical Utility: {'client_rank': 5, 'round': 1, 'data_size': 1000, 'data_variance': 0.06460008025169373, 'local_loss': 2.5697853565216064, 'local_accuracy': 12.5}
    [Client 10] Round 1 - Sending updated weights to server...
    [Client 5] Round 1 - Sending updated weights to server...
    [Client 39] System Stats: {'cpu_time': 84.94999999995343, 'ram_used_mb': 2843.676672, 'net_sent_bytes': 95365, 'net_recv_bytes': 4393553, 'gpu_mem_used_mb': 38937.0, 'gpu_load': 0.01, 'client_rank': 39, 'round': 1, 'timestamp': '2025-07-30 14:21:06'}
    [Client 38] Statistical Utility: {'client_rank': 38, 'round': 1, 'data_size': 1000, 'data_variance': 0.06330214440822601, 'local_loss': 2.3344686031341553, 'local_accuracy': 14.300000667572021}
    [Client 6] Statistical Utility: {'client_rank': 6, 'round': 1, 'data_size': 1000, 'data_variance': 0.0648491382598877, 'local_loss': 2.2598657608032227, 'local_accuracy': 19.699999690055847}
    [Client 36] Statistical Utility: {'client_rank': 36, 'round': 1, 'data_size': 1000, 'data_variance': 0.0626750960946083, 'local_loss': 2.438131093978882, 'local_accuracy': 15.50000011920929}
    [Client 3] Statistical Utility: {'client_rank': 3, 'round': 1, 'data_size': 1000, 'data_variance': 0.06297580152750015, 'local_loss': 2.344078302383423, 'local_accuracy': 14.20000046491623}
    [Client 35] Statistical Utility: {'client_rank': 35, 'round': 1, 'data_size': 1000, 'data_variance': 0.06273230165243149, 'local_loss': 2.6627767086029053, 'local_accuracy': 11.500000208616257}
    [Client 11] Statistical Utility: {'client_rank': 11, 'round': 1, 'data_size': 1000, 'data_variance': 0.06343869864940643, 'local_loss': 2.3467159271240234, 'local_accuracy': 14.100000262260437}
    [Client 37] Statistical Utility: {'client_rank': 37, 'round': 1, 'data_size': 1000, 'data_variance': 0.06331593543291092, 'local_loss': 2.6894474029541016, 'local_accuracy': 11.800000071525574}
    [Client 38] Round 1 - Sending updated weights to server...
    [Client 35] Round 1 - Sending updated weights to server...
    [Client 6] Round 1 - Sending updated weights to server...
    [Client 11] Round 1 - Sending updated weights to server...
    [Client 3] Round 1 - Sending updated weights to server...
    [Client 37] Round 1 - Sending updated weights to server...
    [Client 36] Round 1 - Sending updated weights to server...
    [Client 33] Statistical Utility: {'client_rank': 33, 'round': 1, 'data_size': 1000, 'data_variance': 0.062238916754722595, 'local_loss': 2.790365695953369, 'local_accuracy': 15.999999642372131}
    [Client 33] Round 1 - Sending updated weights to server...
    [Client 22] Statistical Utility: {'client_rank': 22, 'round': 1, 'data_size': 1000, 'data_variance': 0.06407291442155838, 'local_loss': 2.650508165359497, 'local_accuracy': 11.999999731779099}
    [Client 23] Statistical Utility: {'client_rank': 23, 'round': 1, 'data_size': 1000, 'data_variance': 0.06287793815135956, 'local_loss': 2.3154001235961914, 'local_accuracy': 19.200000166893005}
    [Client 43] Statistical Utility: {'client_rank': 43, 'round': 1, 'data_size': 1000, 'data_variance': 0.06206141784787178, 'local_loss': 2.378645181655884, 'local_accuracy': 14.499999582767487}
    [Client 20] Statistical Utility: {'client_rank': 20, 'round': 1, 'data_size': 1000, 'data_variance': 0.06467297673225403, 'local_loss': 2.598132610321045, 'local_accuracy': 15.700000524520874}
    [Client 22] Round 1 - Sending updated weights to server...
    [Client 23] Round 1 - Sending updated weights to server...
    [Client 43] Round 1 - Sending updated weights to server...
    [Client 20] Round 1 - Sending updated weights to server...
    [Client 26] Statistical Utility: {'client_rank': 26, 'round': 1, 'data_size': 1000, 'data_variance': 0.06296330690383911, 'local_loss': 2.3266305923461914, 'local_accuracy': 14.599999785423279}
    [Client 26] Round 1 - Sending updated weights to server...
    [Client 17] System Stats: {'cpu_time': 56.3199999993667, 'ram_used_mb': 2854.498304, 'net_sent_bytes': 478458, 'net_recv_bytes': 123680597, 'gpu_mem_used_mb': 38937.0, 'gpu_load': 0.0, 'client_rank': 17, 'round': 1, 'timestamp': '2025-07-30 14:21:07'}
    [Client 27] Statistical Utility: {'client_rank': 27, 'round': 1, 'data_size': 1000, 'data_variance': 0.06279454380273819, 'local_loss': 3.1256656646728516, 'local_accuracy': 9.700000286102295}
    [Client 21] Statistical Utility: {'client_rank': 21, 'round': 1, 'data_size': 1000, 'data_variance': 0.06378570944070816, 'local_loss': 2.3181071281433105, 'local_accuracy': 12.09999993443489}
    [Client 27] Round 1 - Sending updated weights to server...
    [Client 21] Round 1 - Sending updated weights to server...
    [Client 7] Statistical Utility: {'client_rank': 7, 'round': 1, 'data_size': 1000, 'data_variance': 0.062439024448394775, 'local_loss': 2.451082468032837, 'local_accuracy': 13.79999965429306}
    [Client 7] Round 1 - Sending updated weights to server...
    [Client 2] Statistical Utility: {'client_rank': 2, 'round': 1, 'data_size': 1000, 'data_variance': 0.06219617277383804, 'local_loss': 2.4748215675354004, 'local_accuracy': 13.40000033378601}
    [Client 4] Statistical Utility: {'client_rank': 4, 'round': 1, 'data_size': 1000, 'data_variance': 0.06605824083089828, 'local_loss': 2.884998321533203, 'local_accuracy': 13.600000739097595}
    [Client 2] Round 1 - Sending updated weights to server...
    [Client 4] Round 1 - Sending updated weights to server...
    [Client 19] Statistical Utility: {'client_rank': 19, 'round': 1, 'data_size': 1000, 'data_variance': 0.06328505277633667, 'local_loss': 2.4266138076782227, 'local_accuracy': 13.899999856948853}
    [Client 19] Round 1 - Sending updated weights to server...
    [Client 39] Statistical Utility: {'client_rank': 39, 'round': 1, 'data_size': 1000, 'data_variance': 0.062065280973911285, 'local_loss': 2.3949544429779053, 'local_accuracy': 15.999999642372131}
    [Client 39] Round 1 - Sending updated weights to server...
    [Client 17] Statistical Utility: {'client_rank': 17, 'round': 1, 'data_size': 1000, 'data_variance': 0.06338687986135483, 'local_loss': 2.4406914710998535, 'local_accuracy': 10.499999672174454}
    [Client 17] Round 1 - Sending updated weights to server...
Loading data from .npy files...
Training set: (50000, 32, 32, 3), Labels: (50000, 1)
Test set:     (10000, 32, 32, 3), Labels: (10000, 1)
    [Client 9] Round 1 - Waiting for global weights...
    [Client 9] Round 1 - Training on local data...
    [Client 8] Round 1 - Training on local data...
    [Client 41] Round 1 - Training on local data...
    [Client 40] Round 1 - Training on local data...
    [Client 24] Round 1 - Training on local data...
    [Client 25] Round 1 - Training on local data...
    [Client 24] System Stats: {'cpu_time': 53.3600000012666, 'ram_used_mb': 2855.337984, 'net_sent_bytes': 42643, 'net_recv_bytes': 65555, 'gpu_mem_used_mb': 38937.0, 'gpu_load': 0.0, 'client_rank': 24, 'round': 1, 'timestamp': '2025-07-30 14:21:20'}
    [Client 41] System Stats: {'cpu_time': 44.1800000006333, 'ram_used_mb': 2843.635712, 'net_sent_bytes': 33093, 'net_recv_bytes': 60123, 'gpu_mem_used_mb': 38937.0, 'gpu_load': 0.0, 'client_rank': 41, 'round': 1, 'timestamp': '2025-07-30 14:21:20'}
    [Client 8] System Stats: {'cpu_time': 71.79999999888241, 'ram_used_mb': 2857.095168, 'net_sent_bytes': 87772, 'net_recv_bytes': 18454688, 'gpu_mem_used_mb': 38937.0, 'gpu_load': 0.0, 'client_rank': 8, 'round': 1, 'timestamp': '2025-07-30 14:21:20'}
    [Client 25] System Stats: {'cpu_time': 52.5299999974668, 'ram_used_mb': 2830.389248, 'net_sent_bytes': 46178, 'net_recv_bytes': 50272, 'gpu_mem_used_mb': 38937.0, 'gpu_load': 0.0, 'client_rank': 25, 'round': 1, 'timestamp': '2025-07-30 14:21:21'}
    [Client 9] System Stats: {'cpu_time': 207.96000000089407, 'ram_used_mb': 2857.24672, 'net_sent_bytes': 1775, 'net_recv_bytes': 45628, 'gpu_mem_used_mb': 38937.0, 'gpu_load': 0.0, 'client_rank': 9, 'round': 1, 'timestamp': '2025-07-30 14:21:22'}
    [Client 24] Statistical Utility: {'client_rank': 24, 'round': 1, 'data_size': 1000, 'data_variance': 0.06459339708089828, 'local_loss': 2.802699089050293, 'local_accuracy': 12.399999797344208}
    [Client 24] Round 1 - Sending updated weights to server...
    [Client 41] Statistical Utility: {'client_rank': 41, 'round': 1, 'data_size': 1000, 'data_variance': 0.06398945301771164, 'local_loss': 2.910130500793457, 'local_accuracy': 10.700000077486038}
    [Client 41] Round 1 - Sending updated weights to server...
    [Client 8] Statistical Utility: {'client_rank': 8, 'round': 1, 'data_size': 1000, 'data_variance': 0.06447488814592361, 'local_loss': 2.2484240531921387, 'local_accuracy': 18.299999833106995}
    [Client 8] Round 1 - Sending updated weights to server...
    [Client 40] System Stats: {'cpu_time': 59.40999999991618, 'ram_used_mb': 2856.677376, 'net_sent_bytes': 766562, 'net_recv_bytes': 181131802, 'gpu_mem_used_mb': 38937.0, 'gpu_load': 0.0, 'client_rank': 40, 'round': 1, 'timestamp': '2025-07-30 14:21:23'}
    [Client 25] Statistical Utility: {'client_rank': 25, 'round': 1, 'data_size': 1000, 'data_variance': 0.06275417655706406, 'local_loss': 2.3924384117126465, 'local_accuracy': 14.399999380111694}
    [Client 25] Round 1 - Sending updated weights to server...
    [Client 9] Statistical Utility: {'client_rank': 9, 'round': 1, 'data_size': 1000, 'data_variance': 0.06502631306648254, 'local_loss': 2.6158673763275146, 'local_accuracy': 11.999999731779099}
    [Client 9] Round 1 - Sending updated weights to server...
    [Client 40] Statistical Utility: {'client_rank': 40, 'round': 1, 'data_size': 1000, 'data_variance': 0.06172897666692734, 'local_loss': 2.2812116146087646, 'local_accuracy': 16.099999845027924}
    [Client 40] Round 1 - Sending updated weights to server...
    [Client 12] Initializing...
    [Client 12] Starting on host: ng10706
    [Client 18] Initializing...
    [Client 18] Starting on host: ng10905
Loading data from .npy files...
Training set: (50000, 32, 32, 3), Labels: (50000, 1)
Test set:     (10000, 32, 32, 3), Labels: (10000, 1)
    [Client 18] Round 1 - Waiting for global weights...
    [Client 18] Round 1 - Training on local data...
    [Client 48] Round 1 - Training on local data...
    [Client 50] Round 1 - Training on local data...
    [Client 50] System Stats: {'cpu_time': 34.140000000130385, 'ram_used_mb': 2844.54912, 'net_sent_bytes': 41265, 'net_recv_bytes': 47252, 'gpu_mem_used_mb': 38937.0, 'gpu_load': 0.0, 'client_rank': 50, 'round': 1, 'timestamp': '2025-07-30 14:22:45'}
    [Client 48] System Stats: {'cpu_time': 74.76000000163913, 'ram_used_mb': 2824.695808, 'net_sent_bytes': 76087, 'net_recv_bytes': 56183, 'gpu_mem_used_mb': 38937.0, 'gpu_load': 0.0, 'client_rank': 48, 'round': 1, 'timestamp': '2025-07-30 14:22:45'}
    [Client 50] Statistical Utility: {'client_rank': 50, 'round': 1, 'data_size': 1000, 'data_variance': 0.06303901970386505, 'local_loss': 2.618521213531494, 'local_accuracy': 13.300000131130219}
    [Client 50] Round 1 - Sending updated weights to server...
    [Client 48] Statistical Utility: {'client_rank': 48, 'round': 1, 'data_size': 1000, 'data_variance': 0.061648909002542496, 'local_loss': 2.333799362182617, 'local_accuracy': 18.09999942779541}
    [Client 48] Round 1 - Sending updated weights to server...
    [Client 18] System Stats: {'cpu_time': 167.60000000149012, 'ram_used_mb': 2852.397056, 'net_sent_bytes': 75295, 'net_recv_bytes': 83304, 'gpu_mem_used_mb': 38937.0, 'gpu_load': 0.01, 'client_rank': 18, 'round': 1, 'timestamp': '2025-07-30 14:22:50'}
    [Client 18] Statistical Utility: {'client_rank': 18, 'round': 1, 'data_size': 1000, 'data_variance': 0.06338585913181305, 'local_loss': 2.335841178894043, 'local_accuracy': 14.300000667572021}
    [Client 18] Round 1 - Sending updated weights to server...
Loading data from .npy files...
Training set: (50000, 32, 32, 3), Labels: (50000, 1)
Test set:     (10000, 32, 32, 3), Labels: (10000, 1)
    [Client 12] Round 1 - Waiting for global weights...
Waiting for model weights from client 1...
Received weights from client 1
Waiting for model weights from client 2...
Received weights from client 2
Waiting for model weights from client 3...
Received weights from client 3
Waiting for model weights from client 4...
Received weights from client 4
Waiting for model weights from client 5...
Received weights from client 5
Waiting for model weights from client 6...
Received weights from client 6
Waiting for model weights from client 7...
Received weights from client 7
Waiting for model weights from client 8...
Received weights from client 8
Waiting for model weights from client 9...
Received weights from client 9
Waiting for model weights from client 10...
Received weights from client 10
Waiting for model weights from client 11...
Received weights from client 11
Waiting for model weights from client 12...
    [Client 32] Round 1 - Training on local data...
    [Client 16] Round 1 - Training on local data...
    [Client 45] Round 1 - Training on local data...
    [Client 13] Round 1 - Training on local data...
    [Client 30] Round 1 - Training on local data...
    [Client 46] Round 1 - Training on local data...
    [Client 29] Round 1 - Training on local data...
    [Client 14] Round 1 - Training on local data...
    [Client 1] Round 2 - Waiting for global weights...
    [Client 3] Round 2 - Waiting for global weights...
    [Client 5] Round 2 - Waiting for global weights...
    [Client 7] Round 2 - Waiting for global weights...
    [Client 4] Round 2 - Waiting for global weights...
    [Client 11] Round 2 - Waiting for global weights...
    [Client 6] Round 2 - Waiting for global weights...
    [Client 2] Round 2 - Waiting for global weights...
    [Client 10] Round 2 - Waiting for global weights...
    [Client 8] Round 2 - Waiting for global weights...
    [Client 9] Round 2 - Waiting for global weights...
    [Client 32] System Stats: {'cpu_time': 46.53000000119209, 'ram_used_mb': 2857.132032, 'net_sent_bytes': 40548, 'net_recv_bytes': 65079, 'gpu_mem_used_mb': 38937.0, 'gpu_load': 0.0, 'client_rank': 32, 'round': 1, 'timestamp': '2025-07-30 14:23:06'}
    [Client 29] System Stats: {'cpu_time': 47.190000001341105, 'ram_used_mb': 2842.734592, 'net_sent_bytes': 35308, 'net_recv_bytes': 49032, 'gpu_mem_used_mb': 38937.0, 'gpu_load': 0.01, 'client_rank': 29, 'round': 1, 'timestamp': '2025-07-30 14:23:06'}
    [Client 13] System Stats: {'cpu_time': 43.889999999664724, 'ram_used_mb': 2855.907328, 'net_sent_bytes': 42951, 'net_recv_bytes': 65582, 'gpu_mem_used_mb': 38937.0, 'gpu_load': 0.0, 'client_rank': 13, 'round': 1, 'timestamp': '2025-07-30 14:23:06'}
    [Client 30] System Stats: {'cpu_time': 27.52000000141561, 'ram_used_mb': 2815.766528, 'net_sent_bytes': 65573, 'net_recv_bytes': 13219102, 'gpu_mem_used_mb': 38937.0, 'gpu_load': 0.0, 'client_rank': 30, 'round': 1, 'timestamp': '2025-07-30 14:23:06'}
    [Client 16] System Stats: {'cpu_time': 54.12000000104308, 'ram_used_mb': 2856.062976, 'net_sent_bytes': 17104, 'net_recv_bytes': 55739, 'gpu_mem_used_mb': 38937.0, 'gpu_load': 0.0, 'client_rank': 16, 'round': 1, 'timestamp': '2025-07-30 14:23:06'}
    [Client 45] System Stats: {'cpu_time': 27.890000000596046, 'ram_used_mb': 2814.926848, 'net_sent_bytes': 3603, 'net_recv_bytes': 51920, 'gpu_mem_used_mb': 38937.0, 'gpu_load': 0.0, 'client_rank': 45, 'round': 1, 'timestamp': '2025-07-30 14:23:06'}
    [Client 46] System Stats: {'cpu_time': 42.4300000006333, 'ram_used_mb': 2845.691904, 'net_sent_bytes': 4246, 'net_recv_bytes': 51038, 'gpu_mem_used_mb': 38937.0, 'gpu_load': 0.0, 'client_rank': 46, 'round': 1, 'timestamp': '2025-07-30 14:23:07'}
    [Client 32] Statistical Utility: {'client_rank': 32, 'round': 1, 'data_size': 1000, 'data_variance': 0.06383143365383148, 'local_loss': 2.2679967880249023, 'local_accuracy': 18.700000643730164}
    [Client 32] Round 1 - Sending updated weights to server...
    [Client 29] Statistical Utility: {'client_rank': 29, 'round': 1, 'data_size': 1000, 'data_variance': 0.06191827729344368, 'local_loss': 2.5171523094177246, 'local_accuracy': 15.199999511241913}
    [Client 13] Statistical Utility: {'client_rank': 13, 'round': 1, 'data_size': 1000, 'data_variance': 0.06224581226706505, 'local_loss': 2.369758367538452, 'local_accuracy': 17.70000010728836}
    [Client 30] Statistical Utility: {'client_rank': 30, 'round': 1, 'data_size': 1000, 'data_variance': 0.06519876420497894, 'local_loss': 2.648383617401123, 'local_accuracy': 12.5}
    [Client 29] Round 1 - Sending updated weights to server...
    [Client 13] Round 1 - Sending updated weights to server...
    [Client 30] Round 1 - Sending updated weights to server...
    [Client 16] Statistical Utility: {'client_rank': 16, 'round': 1, 'data_size': 1000, 'data_variance': 0.06373865902423859, 'local_loss': 3.4635891914367676, 'local_accuracy': 9.000000357627869}
    [Client 45] Statistical Utility: {'client_rank': 45, 'round': 1, 'data_size': 1000, 'data_variance': 0.06353891640901566, 'local_loss': 2.5172979831695557, 'local_accuracy': 15.800000727176666}
    [Client 46] Statistical Utility: {'client_rank': 46, 'round': 1, 'data_size': 1000, 'data_variance': 0.061332784593105316, 'local_loss': 2.807453155517578, 'local_accuracy': 11.900000274181366}
    [Client 45] Round 1 - Sending updated weights to server...
    [Client 16] Round 1 - Sending updated weights to server...
    [Client 46] Round 1 - Sending updated weights to server...
    [Client 15] Initializing...
    [Client 15] Starting on host: ng10802
Loading data from .npy files...
Training set: (50000, 32, 32, 3), Labels: (50000, 1)
Test set:     (10000, 32, 32, 3), Labels: (10000, 1)
    [Client 15] Round 1 - Waiting for global weights...
    [Client 47] Round 1 - Training on local data...
    [Client 31] Round 1 - Training on local data...
    [Client 44] Round 1 - Training on local data...
    [Client 28] Round 1 - Training on local data...
    [Client 12] Round 1 - Training on local data...
    [Client 31] System Stats: {'cpu_time': 49.12000000104308, 'ram_used_mb': 2844.135424, 'net_sent_bytes': 3452, 'net_recv_bytes': 46368, 'gpu_mem_used_mb': 38937.0, 'gpu_load': 0.0, 'client_rank': 31, 'round': 1, 'timestamp': '2025-07-30 14:32:14'}
    [Client 47] System Stats: {'cpu_time': 69.99000000022352, 'ram_used_mb': 2810.281984, 'net_sent_bytes': 137986, 'net_recv_bytes': 13042587, 'gpu_mem_used_mb': 38937.0, 'gpu_load': 0.0, 'client_rank': 47, 'round': 1, 'timestamp': '2025-07-30 14:32:14'}
    [Client 28] System Stats: {'cpu_time': 46.53000000026077, 'ram_used_mb': 2683.191296, 'net_sent_bytes': 50141, 'net_recv_bytes': 61933, 'gpu_mem_used_mb': 38937.0, 'gpu_load': 0.0, 'client_rank': 28, 'round': 1, 'timestamp': '2025-07-30 14:32:15'}
    [Client 44] System Stats: {'cpu_time': 114.98999999836087, 'ram_used_mb': 2855.227392, 'net_sent_bytes': 3100, 'net_recv_bytes': 53577, 'gpu_mem_used_mb': 38937.0, 'gpu_load': 0.0, 'client_rank': 44, 'round': 1, 'timestamp': '2025-07-30 14:32:15'}
    [Client 47] Statistical Utility: {'client_rank': 47, 'round': 1, 'data_size': 1000, 'data_variance': 0.06263769418001175, 'local_loss': 2.2374696731567383, 'local_accuracy': 17.000000178813934}
    [Client 47] Round 1 - Sending updated weights to server...
    [Client 31] Statistical Utility: {'client_rank': 31, 'round': 1, 'data_size': 1000, 'data_variance': 0.0643773302435875, 'local_loss': 2.2512991428375244, 'local_accuracy': 15.000000596046448}
    [Client 31] Round 1 - Sending updated weights to server...
    [Client 15] Round 1 - Training on local data...
    [Client 28] Statistical Utility: {'client_rank': 28, 'round': 1, 'data_size': 1000, 'data_variance': 0.06344127655029297, 'local_loss': 2.520310878753662, 'local_accuracy': 12.999999523162842}
    [Client 44] Statistical Utility: {'client_rank': 44, 'round': 1, 'data_size': 1000, 'data_variance': 0.06368353217840195, 'local_loss': 2.8390963077545166, 'local_accuracy': 12.399999797344208}
    [Client 28] Round 1 - Sending updated weights to server...
    [Client 44] Round 1 - Sending updated weights to server...
    [Client 12] System Stats: {'cpu_time': 474.8099999986589, 'ram_used_mb': 2710.265856, 'net_sent_bytes': 533059, 'net_recv_bytes': 747104, 'gpu_mem_used_mb': 38937.0, 'gpu_load': 0.01, 'client_rank': 12, 'round': 1, 'timestamp': '2025-07-30 14:34:18'}
    [Client 12] Statistical Utility: {'client_rank': 12, 'round': 1, 'data_size': 1000, 'data_variance': 0.06238922104239464, 'local_loss': 2.519674777984619, 'local_accuracy': 12.5}
    [Client 12] Round 1 - Sending updated weights to server...
Received weights from client 12
Waiting for model weights from client 13...
Received weights from client 13
Waiting for model weights from client 14...
    [Client 13] Round 2 - Waiting for global weights...
    [Client 12] Round 2 - Waiting for global weights...
    [Client 14] System Stats: {'cpu_time': 5403.160000000149, 'ram_used_mb': 2684.727296, 'net_sent_bytes': 4958699, 'net_recv_bytes': 7695312, 'gpu_mem_used_mb': 38937.0, 'gpu_load': 0.0, 'client_rank': 14, 'round': 1, 'timestamp': '2025-07-30 14:45:16'}
    [Client 14] Statistical Utility: {'client_rank': 14, 'round': 1, 'data_size': 1000, 'data_variance': 0.06388448923826218, 'local_loss': 2.417074203491211, 'local_accuracy': 14.900000393390656}
    [Client 14] Round 1 - Sending updated weights to server...
Received weights from client 14
Waiting for model weights from client 15...
    [Client 14] Round 2 - Waiting for global weights...
    [Client 15] System Stats: {'cpu_time': 21041.78999999538, 'ram_used_mb': 2640.580608, 'net_sent_bytes': 23394324, 'net_recv_bytes': 78271782, 'gpu_mem_used_mb': 38937.0, 'gpu_load': 0.0, 'client_rank': 15, 'round': 1, 'timestamp': '2025-07-30 16:12:55'}
    [Client 15] Statistical Utility: {'client_rank': 15, 'round': 1, 'data_size': 1000, 'data_variance': 0.06275597959756851, 'local_loss': 2.3673434257507324, 'local_accuracy': 12.300000339746475}
    [Client 15] Round 1 - Sending updated weights to server...
Received weights from client 15
Waiting for model weights from client 16...
Received weights from client 16
Waiting for model weights from client 17...
Received weights from client 17
Waiting for model weights from client 18...
Received weights from client 18
Waiting for model weights from client 19...
Received weights from client 19
Waiting for model weights from client 20...
Received weights from client 20
Waiting for model weights from client 21...
Received weights from client 21
Waiting for model weights from client 22...
Received weights from client 22
Waiting for model weights from client 23...
Received weights from client 23
Waiting for model weights from client 24...
Received weights from client 24
Waiting for model weights from client 25...
Received weights from client 25
Waiting for model weights from client 26...
Received weights from client 26
Waiting for model weights from client 27...
Received weights from client 27
Waiting for model weights from client 28...
Received weights from client 28
Waiting for model weights from client 29...
Received weights from client 29
Waiting for model weights from client 30...
Received weights from client 30
Waiting for model weights from client 31...
Received weights from client 31
Waiting for model weights from client 32...
Received weights from client 32
Waiting for model weights from client 33...
Received weights from client 33
Waiting for model weights from client 34...
Received weights from client 34
Waiting for model weights from client 35...
Received weights from client 35
Waiting for model weights from client 36...
Received weights from client 36
Waiting for model weights from client 37...
Received weights from client 37
Waiting for model weights from client 38...
Received weights from client 38
Waiting for model weights from client 39...
Received weights from client 39
Waiting for model weights from client 40...
Received weights from client 40
Waiting for model weights from client 41...
Received weights from client 41
Waiting for model weights from client 42...
Received weights from client 42
Waiting for model weights from client 43...
Received weights from client 43
Waiting for model weights from client 44...
Received weights from client 44
Waiting for model weights from client 45...
Received weights from client 45
Waiting for model weights from client 46...
Received weights from client 46
Waiting for model weights from client 47...
Received weights from client 47
Waiting for model weights from client 48...
Received weights from client 48
Waiting for model weights from client 49...
Received weights from client 49
Waiting for model weights from client 50...
Received weights from client 50
Received system metrics from client 1: {'cpu_time': 41.39000000059605, 'ram_used_mb': 2856.05888, 'net_sent_bytes': 72079, 'net_recv_bytes': 58147, 'gpu_mem_used_mb': 38937.0, 'gpu_load': 0.0, 'client_rank': 1, 'round': 1, 'timestamp': '2025-07-30 14:21:05'}
Received system metrics from client 2: {'cpu_time': 49.33000000100583, 'ram_used_mb': 2821.062656, 'net_sent_bytes': 24367, 'net_recv_bytes': 69164, 'gpu_mem_used_mb': 38937.0, 'gpu_load': 0.0, 'client_rank': 2, 'round': 1, 'timestamp': '2025-07-30 14:21:06'}
Received system metrics from client 3: {'cpu_time': 37.41000000014901, 'ram_used_mb': 2857.762816, 'net_sent_bytes': 31241, 'net_recv_bytes': 76540, 'gpu_mem_used_mb': 38937.0, 'gpu_load': 0.0, 'client_rank': 3, 'round': 1, 'timestamp': '2025-07-30 14:21:05'}
Received system metrics from client 4: {'cpu_time': 47.42999999970198, 'ram_used_mb': 2858.442752, 'net_sent_bytes': 43302, 'net_recv_bytes': 9847787, 'gpu_mem_used_mb': 38937.0, 'gpu_load': 0.0, 'client_rank': 4, 'round': 1, 'timestamp': '2025-07-30 14:21:06'}
Received system metrics from client 5: {'cpu_time': 52.28999999910593, 'ram_used_mb': 2855.71072, 'net_sent_bytes': 54860, 'net_recv_bytes': 63170, 'gpu_mem_used_mb': 38937.0, 'gpu_load': 0.0, 'client_rank': 5, 'round': 1, 'timestamp': '2025-07-30 14:21:05'}
Received system metrics from client 6: {'cpu_time': 35.2200000025332, 'ram_used_mb': 2858.999808, 'net_sent_bytes': 2286, 'net_recv_bytes': 44819, 'gpu_mem_used_mb': 38937.0, 'gpu_load': 0.0, 'client_rank': 6, 'round': 1, 'timestamp': '2025-07-30 14:21:05'}
Received system metrics from client 7: {'cpu_time': 234.42999999970198, 'ram_used_mb': 2826.379264, 'net_sent_bytes': 12986, 'net_recv_bytes': 48731, 'gpu_mem_used_mb': 38937.0, 'gpu_load': 0.0, 'client_rank': 7, 'round': 1, 'timestamp': '2025-07-30 14:21:06'}
Received system metrics from client 8: {'cpu_time': 71.79999999888241, 'ram_used_mb': 2857.095168, 'net_sent_bytes': 87772, 'net_recv_bytes': 18454688, 'gpu_mem_used_mb': 38937.0, 'gpu_load': 0.0, 'client_rank': 8, 'round': 1, 'timestamp': '2025-07-30 14:21:20'}
Received system metrics from client 9: {'cpu_time': 207.96000000089407, 'ram_used_mb': 2857.24672, 'net_sent_bytes': 1775, 'net_recv_bytes': 45628, 'gpu_mem_used_mb': 38937.0, 'gpu_load': 0.0, 'client_rank': 9, 'round': 1, 'timestamp': '2025-07-30 14:21:22'}
Received system metrics from client 10: {'cpu_time': 25.419999999925494, 'ram_used_mb': 2822.569984, 'net_sent_bytes': 31059, 'net_recv_bytes': 58638, 'gpu_mem_used_mb': 38937.0, 'gpu_load': 0.0, 'client_rank': 10, 'round': 1, 'timestamp': '2025-07-30 14:21:05'}
Received system metrics from client 11: {'cpu_time': 36.75999999977648, 'ram_used_mb': 2824.282112, 'net_sent_bytes': 44862, 'net_recv_bytes': 63392, 'gpu_mem_used_mb': 38937.0, 'gpu_load': 0.0, 'client_rank': 11, 'round': 1, 'timestamp': '2025-07-30 14:21:05'}
Received system metrics from client 12: {'cpu_time': 474.8099999986589, 'ram_used_mb': 2710.265856, 'net_sent_bytes': 533059, 'net_recv_bytes': 747104, 'gpu_mem_used_mb': 38937.0, 'gpu_load': 0.01, 'client_rank': 12, 'round': 1, 'timestamp': '2025-07-30 14:34:18'}
Received system metrics from client 13: {'cpu_time': 43.889999999664724, 'ram_used_mb': 2855.907328, 'net_sent_bytes': 42951, 'net_recv_bytes': 65582, 'gpu_mem_used_mb': 38937.0, 'gpu_load': 0.0, 'client_rank': 13, 'round': 1, 'timestamp': '2025-07-30 14:23:06'}
Received system metrics from client 14: {'cpu_time': 5403.160000000149, 'ram_used_mb': 2684.727296, 'net_sent_bytes': 4958699, 'net_recv_bytes': 7695312, 'gpu_mem_used_mb': 38937.0, 'gpu_load': 0.0, 'client_rank': 14, 'round': 1, 'timestamp': '2025-07-30 14:45:16'}
Received system metrics from client 15: {'cpu_time': 21041.78999999538, 'ram_used_mb': 2640.580608, 'net_sent_bytes': 23394324, 'net_recv_bytes': 78271782, 'gpu_mem_used_mb': 38937.0, 'gpu_load': 0.0, 'client_rank': 15, 'round': 1, 'timestamp': '2025-07-30 16:12:55'}
Received system metrics from client 16: {'cpu_time': 54.12000000104308, 'ram_used_mb': 2856.062976, 'net_sent_bytes': 17104, 'net_recv_bytes': 55739, 'gpu_mem_used_mb': 38937.0, 'gpu_load': 0.0, 'client_rank': 16, 'round': 1, 'timestamp': '2025-07-30 14:23:06'}
Received system metrics from client 17: {'cpu_time': 56.3199999993667, 'ram_used_mb': 2854.498304, 'net_sent_bytes': 478458, 'net_recv_bytes': 123680597, 'gpu_mem_used_mb': 38937.0, 'gpu_load': 0.0, 'client_rank': 17, 'round': 1, 'timestamp': '2025-07-30 14:21:07'}
Received system metrics from client 18: {'cpu_time': 167.60000000149012, 'ram_used_mb': 2852.397056, 'net_sent_bytes': 75295, 'net_recv_bytes': 83304, 'gpu_mem_used_mb': 38937.0, 'gpu_load': 0.01, 'client_rank': 18, 'round': 1, 'timestamp': '2025-07-30 14:22:50'}
Received system metrics from client 19: {'cpu_time': 52.1600000038743, 'ram_used_mb': 2762.006528, 'net_sent_bytes': 44721, 'net_recv_bytes': 73132, 'gpu_mem_used_mb': 38937.0, 'gpu_load': 0.0, 'client_rank': 19, 'round': 1, 'timestamp': '2025-07-30 14:21:06'}
Received system metrics from client 20: {'cpu_time': 63.269999999552965, 'ram_used_mb': 2825.613312, 'net_sent_bytes': 10613, 'net_recv_bytes': 52259, 'gpu_mem_used_mb': 38937.0, 'gpu_load': 0.0, 'client_rank': 20, 'round': 1, 'timestamp': '2025-07-30 14:21:05'}
Received system metrics from client 21: {'cpu_time': 123.07000000216067, 'ram_used_mb': 2812.116992, 'net_sent_bytes': 35759, 'net_recv_bytes': 45908, 'gpu_mem_used_mb': 38937.0, 'gpu_load': 0.0, 'client_rank': 21, 'round': 1, 'timestamp': '2025-07-30 14:21:05'}
Received system metrics from client 22: {'cpu_time': 37.209999999031425, 'ram_used_mb': 2845.220864, 'net_sent_bytes': 72276, 'net_recv_bytes': 64624, 'gpu_mem_used_mb': 38937.0, 'gpu_load': 0.0, 'client_rank': 22, 'round': 1, 'timestamp': '2025-07-30 14:21:05'}
Received system metrics from client 23: {'cpu_time': 182.57000000029802, 'ram_used_mb': 2845.126656, 'net_sent_bytes': 3296, 'net_recv_bytes': 48975, 'gpu_mem_used_mb': 38937.0, 'gpu_load': 0.0, 'client_rank': 23, 'round': 1, 'timestamp': '2025-07-30 14:21:05'}
Received system metrics from client 24: {'cpu_time': 53.3600000012666, 'ram_used_mb': 2855.337984, 'net_sent_bytes': 42643, 'net_recv_bytes': 65555, 'gpu_mem_used_mb': 38937.0, 'gpu_load': 0.0, 'client_rank': 24, 'round': 1, 'timestamp': '2025-07-30 14:21:20'}
Received system metrics from client 25: {'cpu_time': 52.5299999974668, 'ram_used_mb': 2830.389248, 'net_sent_bytes': 46178, 'net_recv_bytes': 50272, 'gpu_mem_used_mb': 38937.0, 'gpu_load': 0.0, 'client_rank': 25, 'round': 1, 'timestamp': '2025-07-30 14:21:21'}
Received system metrics from client 26: {'cpu_time': 54.06000000052154, 'ram_used_mb': 2847.645696, 'net_sent_bytes': 155639, 'net_recv_bytes': 9542984, 'gpu_mem_used_mb': 38937.0, 'gpu_load': 0.0, 'client_rank': 26, 'round': 1, 'timestamp': '2025-07-30 14:21:05'}
Received system metrics from client 27: {'cpu_time': 37.77000000141561, 'ram_used_mb': 2815.791104, 'net_sent_bytes': 24937, 'net_recv_bytes': 6106521, 'gpu_mem_used_mb': 38937.0, 'gpu_load': 0.01, 'client_rank': 27, 'round': 1, 'timestamp': '2025-07-30 14:21:05'}
Received system metrics from client 28: {'cpu_time': 46.53000000026077, 'ram_used_mb': 2683.191296, 'net_sent_bytes': 50141, 'net_recv_bytes': 61933, 'gpu_mem_used_mb': 38937.0, 'gpu_load': 0.0, 'client_rank': 28, 'round': 1, 'timestamp': '2025-07-30 14:32:15'}
Received system metrics from client 29: {'cpu_time': 47.190000001341105, 'ram_used_mb': 2842.734592, 'net_sent_bytes': 35308, 'net_recv_bytes': 49032, 'gpu_mem_used_mb': 38937.0, 'gpu_load': 0.01, 'client_rank': 29, 'round': 1, 'timestamp': '2025-07-30 14:23:06'}
Received system metrics from client 30: {'cpu_time': 27.52000000141561, 'ram_used_mb': 2815.766528, 'net_sent_bytes': 65573, 'net_recv_bytes': 13219102, 'gpu_mem_used_mb': 38937.0, 'gpu_load': 0.0, 'client_rank': 30, 'round': 1, 'timestamp': '2025-07-30 14:23:06'}
Received system metrics from client 31: {'cpu_time': 49.12000000104308, 'ram_used_mb': 2844.135424, 'net_sent_bytes': 3452, 'net_recv_bytes': 46368, 'gpu_mem_used_mb': 38937.0, 'gpu_load': 0.0, 'client_rank': 31, 'round': 1, 'timestamp': '2025-07-30 14:32:14'}
Received system metrics from client 32: {'cpu_time': 46.53000000119209, 'ram_used_mb': 2857.132032, 'net_sent_bytes': 40548, 'net_recv_bytes': 65079, 'gpu_mem_used_mb': 38937.0, 'gpu_load': 0.0, 'client_rank': 32, 'round': 1, 'timestamp': '2025-07-30 14:23:06'}
Received system metrics from client 33: {'cpu_time': 48.07000000029802, 'ram_used_mb': 2843.672576, 'net_sent_bytes': 44164, 'net_recv_bytes': 64820, 'gpu_mem_used_mb': 38937.0, 'gpu_load': 0.0, 'client_rank': 33, 'round': 1, 'timestamp': '2025-07-30 14:21:05'}
Received system metrics from client 34: {'cpu_time': 26.11999999731779, 'ram_used_mb': 2814.160896, 'net_sent_bytes': 3973, 'net_recv_bytes': 45505, 'gpu_mem_used_mb': 38937.0, 'gpu_load': 0.0, 'client_rank': 34, 'round': 1, 'timestamp': '2025-07-30 14:21:05'}
Received system metrics from client 35: {'cpu_time': 36.49999999627471, 'ram_used_mb': 2843.377664, 'net_sent_bytes': 101834, 'net_recv_bytes': 75795, 'gpu_mem_used_mb': 38937.0, 'gpu_load': 0.0, 'client_rank': 35, 'round': 1, 'timestamp': '2025-07-30 14:21:05'}
Received system metrics from client 36: {'cpu_time': 46.95999999996275, 'ram_used_mb': 2823.192576, 'net_sent_bytes': 70931, 'net_recv_bytes': 58296, 'gpu_mem_used_mb': 38937.0, 'gpu_load': 0.0, 'client_rank': 36, 'round': 1, 'timestamp': '2025-07-30 14:21:05'}
Received system metrics from client 37: {'cpu_time': 37.059999998658895, 'ram_used_mb': 2845.237248, 'net_sent_bytes': 104255, 'net_recv_bytes': 72568, 'gpu_mem_used_mb': 38937.0, 'gpu_load': 0.0, 'client_rank': 37, 'round': 1, 'timestamp': '2025-07-30 14:21:05'}
Received system metrics from client 38: {'cpu_time': 37.25, 'ram_used_mb': 2847.932416, 'net_sent_bytes': 80750, 'net_recv_bytes': 81121, 'gpu_mem_used_mb': 38937.0, 'gpu_load': 0.0, 'client_rank': 38, 'round': 1, 'timestamp': '2025-07-30 14:21:05'}
Received system metrics from client 39: {'cpu_time': 84.94999999995343, 'ram_used_mb': 2843.676672, 'net_sent_bytes': 95365, 'net_recv_bytes': 4393553, 'gpu_mem_used_mb': 38937.0, 'gpu_load': 0.01, 'client_rank': 39, 'round': 1, 'timestamp': '2025-07-30 14:21:06'}
Received system metrics from client 40: {'cpu_time': 59.40999999991618, 'ram_used_mb': 2856.677376, 'net_sent_bytes': 766562, 'net_recv_bytes': 181131802, 'gpu_mem_used_mb': 38937.0, 'gpu_load': 0.0, 'client_rank': 40, 'round': 1, 'timestamp': '2025-07-30 14:21:23'}
Received system metrics from client 41: {'cpu_time': 44.1800000006333, 'ram_used_mb': 2843.635712, 'net_sent_bytes': 33093, 'net_recv_bytes': 60123, 'gpu_mem_used_mb': 38937.0, 'gpu_load': 0.0, 'client_rank': 41, 'round': 1, 'timestamp': '2025-07-30 14:21:20'}
Received system metrics from client 42: {'cpu_time': 52.03000000119209, 'ram_used_mb': 2813.739008, 'net_sent_bytes': 44634, 'net_recv_bytes': 78482, 'gpu_mem_used_mb': 38937.0, 'gpu_load': 0.01, 'client_rank': 42, 'round': 1, 'timestamp': '2025-07-30 14:21:05'}
Received system metrics from client 43: {'cpu_time': 36.230000004172325, 'ram_used_mb': 2812.256256, 'net_sent_bytes': 51283, 'net_recv_bytes': 56040, 'gpu_mem_used_mb': 38937.0, 'gpu_load': 0.0, 'client_rank': 43, 'round': 1, 'timestamp': '2025-07-30 14:21:05'}
Received system metrics from client 44: {'cpu_time': 114.98999999836087, 'ram_used_mb': 2855.227392, 'net_sent_bytes': 3100, 'net_recv_bytes': 53577, 'gpu_mem_used_mb': 38937.0, 'gpu_load': 0.0, 'client_rank': 44, 'round': 1, 'timestamp': '2025-07-30 14:32:15'}
Received system metrics from client 45: {'cpu_time': 27.890000000596046, 'ram_used_mb': 2814.926848, 'net_sent_bytes': 3603, 'net_recv_bytes': 51920, 'gpu_mem_used_mb': 38937.0, 'gpu_load': 0.0, 'client_rank': 45, 'round': 1, 'timestamp': '2025-07-30 14:23:06'}
Received system metrics from client 46: {'cpu_time': 42.4300000006333, 'ram_used_mb': 2845.691904, 'net_sent_bytes': 4246, 'net_recv_bytes': 51038, 'gpu_mem_used_mb': 38937.0, 'gpu_load': 0.0, 'client_rank': 46, 'round': 1, 'timestamp': '2025-07-30 14:23:07'}
Received system metrics from client 47: {'cpu_time': 69.99000000022352, 'ram_used_mb': 2810.281984, 'net_sent_bytes': 137986, 'net_recv_bytes': 13042587, 'gpu_mem_used_mb': 38937.0, 'gpu_load': 0.0, 'client_rank': 47, 'round': 1, 'timestamp': '2025-07-30 14:32:14'}
Received system metrics from client 48: {'cpu_time': 74.76000000163913, 'ram_used_mb': 2824.695808, 'net_sent_bytes': 76087, 'net_recv_bytes': 56183, 'gpu_mem_used_mb': 38937.0, 'gpu_load': 0.0, 'client_rank': 48, 'round': 1, 'timestamp': '2025-07-30 14:22:45'}
Received system metrics from client 49: {'cpu_time': 63.83999999985099, 'ram_used_mb': 2842.27584, 'net_sent_bytes': 79310, 'net_recv_bytes': 93205, 'gpu_mem_used_mb': 38937.0, 'gpu_load': 0.0, 'client_rank': 49, 'round': 1, 'timestamp': '2025-07-30 14:21:05'}
Received system metrics from client 50: {'cpu_time': 34.140000000130385, 'ram_used_mb': 2844.54912, 'net_sent_bytes': 41265, 'net_recv_bytes': 47252, 'gpu_mem_used_mb': 38937.0, 'gpu_load': 0.0, 'client_rank': 50, 'round': 1, 'timestamp': '2025-07-30 14:22:45'}
Averaging model weights...
Evaluating updated global model on test set...
    [Client 42] Round 2 - Waiting for global weights...
    [Client 34] Round 2 - Waiting for global weights...
    [Client 28] Round 2 - Waiting for global weights...
    [Client 32] Round 2 - Waiting for global weights...
    [Client 35] Round 2 - Waiting for global weights...
    [Client 27] Round 2 - Waiting for global weights...
    [Client 26] Round 2 - Waiting for global weights...
    [Client 31] Round 2 - Waiting for global weights...
    [Client 40] Round 2 - Waiting for global weights...
    [Client 49] Round 2 - Waiting for global weights...
    [Client 16] Round 2 - Waiting for global weights...
    [Client 17] Round 2 - Waiting for global weights...
    [Client 36] Round 2 - Waiting for global weights...
    [Client 41] Round 2 - Waiting for global weights...
    [Client 43] Round 2 - Waiting for global weights...
    [Client 33] Round 2 - Waiting for global weights...
    [Client 47] Round 2 - Waiting for global weights...
    [Client 29] Round 2 - Waiting for global weights...
    [Client 21] Round 2 - Waiting for global weights...
    [Client 25] Round 2 - Waiting for global weights...
    [Client 38] Round 2 - Waiting for global weights...
    [Client 37] Round 2 - Waiting for global weights...
    [Client 24] Round 2 - Waiting for global weights...
    [Client 45] Round 2 - Waiting for global weights...
    [Client 48] Round 2 - Waiting for global weights...
    [Client 30] Round 2 - Waiting for global weights...
    [Client 50] Round 2 - Waiting for global weights...
    [Client 44] Round 2 - Waiting for global weights...
    [Client 22] Round 2 - Waiting for global weights...
    [Client 19] Round 2 - Waiting for global weights...
    [Client 46] Round 2 - Waiting for global weights...
    [Client 20] Round 2 - Waiting for global weights...
    [Client 39] Round 2 - Waiting for global weights...
Round 1 Evaluation - Accuracy: 0.1528, Loss: 2.2963

===== Round 2 =====
Broadcasting global model to all clients...
    [Client 18] Round 2 - Waiting for global weights...
Waiting for model weights from client 1...
    [Client 34] Round 2 - Training on local data...
    [Client 33] Round 2 - Training on local data...
    [Client 49] Round 2 - Training on local data...
    [Client 48] Round 2 - Training on local data...
    [Client 35] Round 2 - Training on local data...
    [Client 32] Round 2 - Training on local data...
    [Client 17] Round 2 - Training on local data...
    [Client 16] Round 2 - Training on local data...
    [Client 50] Round 2 - Training on local data...
    [Client 19] Round 2 - Training on local data...
    [Client 29] Round 2 - Training on local data...
    [Client 36] Round 2 - Training on local data...
    [Client 27] Round 2 - Training on local data...
    [Client 26] Round 2 - Training on local data...
    [Client 30] Round 2 - Training on local data...
    [Client 24] Round 2 - Training on local data...
    [Client 37] Round 2 - Training on local data...
    [Client 42] Round 2 - Training on local data...
    [Client 43] Round 2 - Training on local data...
    [Client 41] Round 2 - Training on local data...
    [Client 25] Round 2 - Training on local data...
    [Client 21] Round 2 - Training on local data...
    [Client 40] Round 2 - Training on local data...
    [Client 45] Round 2 - Training on local data...
    [Client 39] Round 2 - Training on local data...
    [Client 46] Round 2 - Training on local data...
    [Client 22] Round 2 - Training on local data...
    [Client 38] Round 2 - Training on local data...
    [Client 18] Round 2 - Training on local data...
    [Client 3] Round 2 - Training on local data...
    [Client 1] Round 2 - Training on local data...
    [Client 2] Round 2 - Training on local data...
    [Client 5] Round 2 - Training on local data...
    [Client 8] Round 2 - Training on local data...
    [Client 7] Round 2 - Training on local data...
    [Client 11] Round 2 - Training on local data...
    [Client 4] Round 2 - Training on local data...
    [Client 14] Round 2 - Training on local data...
    [Client 10] Round 2 - Training on local data...
    [Client 13] Round 2 - Training on local data...
    [Client 6] Round 2 - Training on local data...
    [Client 9] Round 2 - Training on local data...
    [Client 49] System Stats: {'cpu_time': 52.78999999910593, 'ram_used_mb': 2937.91744, 'net_sent_bytes': 464, 'net_recv_bytes': 32980, 'gpu_mem_used_mb': 38939.0, 'gpu_load': 0.0, 'client_rank': 49, 'round': 2, 'timestamp': '2025-07-30 16:24:20'}
    [Client 42] System Stats: {'cpu_time': 31.570000004023314, 'ram_used_mb': 3011.301376, 'net_sent_bytes': 31679, 'net_recv_bytes': 47531, 'gpu_mem_used_mb': 38939.0, 'gpu_load': 0.0, 'client_rank': 42, 'round': 2, 'timestamp': '2025-07-30 16:24:20'}
    [Client 32] System Stats: {'cpu_time': 36.89999999944121, 'ram_used_mb': 3040.976896, 'net_sent_bytes': 85809, 'net_recv_bytes': 53110, 'gpu_mem_used_mb': 38939.0, 'gpu_load': 0.0, 'client_rank': 32, 'round': 2, 'timestamp': '2025-07-30 16:24:20'}
    [Client 3] System Stats: {'cpu_time': 28.560000002384186, 'ram_used_mb': 3050.733568, 'net_sent_bytes': 15113, 'net_recv_bytes': 39634, 'gpu_mem_used_mb': 38939.0, 'gpu_load': 0.0, 'client_rank': 3, 'round': 2, 'timestamp': '2025-07-30 16:24:20'}
    [Client 11] System Stats: {'cpu_time': 36.60000000009313, 'ram_used_mb': 3019.149312, 'net_sent_bytes': 31724, 'net_recv_bytes': 65900, 'gpu_mem_used_mb': 38939.0, 'gpu_load': 0.0, 'client_rank': 11, 'round': 2, 'timestamp': '2025-07-30 16:24:20'}
    [Client 48] System Stats: {'cpu_time': 46.71000000089407, 'ram_used_mb': 3017.965568, 'net_sent_bytes': 22562, 'net_recv_bytes': 53643, 'gpu_mem_used_mb': 38939.0, 'gpu_load': 0.0, 'client_rank': 48, 'round': 2, 'timestamp': '2025-07-30 16:24:20'}
    [Client 34] System Stats: {'cpu_time': 28.58999999985099, 'ram_used_mb': 3055.45216, 'net_sent_bytes': 63181, 'net_recv_bytes': 64652, 'gpu_mem_used_mb': 38939.0, 'gpu_load': 0.0, 'client_rank': 34, 'round': 2, 'timestamp': '2025-07-30 16:24:20'}
    [Client 30] System Stats: {'cpu_time': 36.76999999769032, 'ram_used_mb': 3049.45152, 'net_sent_bytes': 88155, 'net_recv_bytes': 65145, 'gpu_mem_used_mb': 38939.0, 'gpu_load': 0.0, 'client_rank': 30, 'round': 2, 'timestamp': '2025-07-30 16:24:20'}
    [Client 50] System Stats: {'cpu_time': 35.02000000001863, 'ram_used_mb': 2921.529344, 'net_sent_bytes': 4949, 'net_recv_bytes': 42406, 'gpu_mem_used_mb': 38939.0, 'gpu_load': 0.0, 'client_rank': 50, 'round': 2, 'timestamp': '2025-07-30 16:24:20'}
    [Client 26] System Stats: {'cpu_time': 52.22999999951571, 'ram_used_mb': 3053.756416, 'net_sent_bytes': 336, 'net_recv_bytes': 33209, 'gpu_mem_used_mb': 38939.0, 'gpu_load': 0.01, 'client_rank': 26, 'round': 2, 'timestamp': '2025-07-30 16:24:20'}
    [Client 13] System Stats: {'cpu_time': 33.480000000447035, 'ram_used_mb': 3046.424576, 'net_sent_bytes': 79490, 'net_recv_bytes': 59633, 'gpu_mem_used_mb': 38939.0, 'gpu_load': 0.0, 'client_rank': 13, 'round': 2, 'timestamp': '2025-07-30 16:24:20'}
    [Client 10] System Stats: {'cpu_time': 19.170000000856817, 'ram_used_mb': 3019.964416, 'net_sent_bytes': 3904, 'net_recv_bytes': 40942, 'gpu_mem_used_mb': 38939.0, 'gpu_load': 0.0, 'client_rank': 10, 'round': 2, 'timestamp': '2025-07-30 16:24:20'}
    [Client 35] System Stats: {'cpu_time': 34.400000002235174, 'ram_used_mb': 3041.8944, 'net_sent_bytes': 42400, 'net_recv_bytes': 72738, 'gpu_mem_used_mb': 38939.0, 'gpu_load': 0.0, 'client_rank': 35, 'round': 2, 'timestamp': '2025-07-30 16:24:20'}
    [Client 36] System Stats: {'cpu_time': 37.1199999996461, 'ram_used_mb': 2905.247744, 'net_sent_bytes': 29993, 'net_recv_bytes': 61999, 'gpu_mem_used_mb': 38939.0, 'gpu_load': 0.0, 'client_rank': 36, 'round': 2, 'timestamp': '2025-07-30 16:24:20'}
    [Client 5] System Stats: {'cpu_time': 11.529999999329448, 'ram_used_mb': 3053.944832, 'net_sent_bytes': 48964, 'net_recv_bytes': 37017, 'gpu_mem_used_mb': 38939.0, 'gpu_load': 0.0, 'client_rank': 5, 'round': 2, 'timestamp': '2025-07-30 16:24:20'}
    [Client 45] System Stats: {'cpu_time': 36.60999999940395, 'ram_used_mb': 2907.291648, 'net_sent_bytes': 38710, 'net_recv_bytes': 45481, 'gpu_mem_used_mb': 38939.0, 'gpu_load': 0.0, 'client_rank': 45, 'round': 2, 'timestamp': '2025-07-30 16:24:20'}
    [Client 1] System Stats: {'cpu_time': 37.35999999940395, 'ram_used_mb': 3027.2512, 'net_sent_bytes': 29455, 'net_recv_bytes': 61274, 'gpu_mem_used_mb': 38939.0, 'gpu_load': 0.0, 'client_rank': 1, 'round': 2, 'timestamp': '2025-07-30 16:24:20'}
    [Client 38] System Stats: {'cpu_time': 28.21000000089407, 'ram_used_mb': 2997.32992, 'net_sent_bytes': 10692, 'net_recv_bytes': 40305, 'gpu_mem_used_mb': 38939.0, 'gpu_load': 0.0, 'client_rank': 38, 'round': 2, 'timestamp': '2025-07-30 16:24:20'}
    [Client 29] System Stats: {'cpu_time': 55.78999999910593, 'ram_used_mb': 3057.3568, 'net_sent_bytes': 43279, 'net_recv_bytes': 57228, 'gpu_mem_used_mb': 38939.0, 'gpu_load': 0.0, 'client_rank': 29, 'round': 2, 'timestamp': '2025-07-30 16:24:20'}
    [Client 27] System Stats: {'cpu_time': 37.900000002235174, 'ram_used_mb': 3036.725248, 'net_sent_bytes': 104825, 'net_recv_bytes': 85943, 'gpu_mem_used_mb': 38939.0, 'gpu_load': 0.0, 'client_rank': 27, 'round': 2, 'timestamp': '2025-07-30 16:24:20'}
    [Client 4] System Stats: {'cpu_time': 36.74000000022352, 'ram_used_mb': 3041.312768, 'net_sent_bytes': 40852, 'net_recv_bytes': 52430, 'gpu_mem_used_mb': 38939.0, 'gpu_load': 0.0, 'client_rank': 4, 'round': 2, 'timestamp': '2025-07-30 16:24:20'}
    [Client 8] System Stats: {'cpu_time': 37.16000000014901, 'ram_used_mb': 3025.068032, 'net_sent_bytes': 14204, 'net_recv_bytes': 39266, 'gpu_mem_used_mb': 38939.0, 'gpu_load': 0.01, 'client_rank': 8, 'round': 2, 'timestamp': '2025-07-30 16:24:20'}
    [Client 7] System Stats: {'cpu_time': 201.27999999932945, 'ram_used_mb': 2890.477568, 'net_sent_bytes': 47011, 'net_recv_bytes': 62046, 'gpu_mem_used_mb': 38939.0, 'gpu_load': 0.0, 'client_rank': 7, 'round': 2, 'timestamp': '2025-07-30 16:24:20'}
    [Client 14] System Stats: {'cpu_time': 55.87000000011176, 'ram_used_mb': 2926.641152, 'net_sent_bytes': 47647, 'net_recv_bytes': 40663, 'gpu_mem_used_mb': 38939.0, 'gpu_load': 0.0, 'client_rank': 14, 'round': 2, 'timestamp': '2025-07-30 16:24:20'}
    [Client 41] System Stats: {'cpu_time': 33.860000000335276, 'ram_used_mb': 3046.342656, 'net_sent_bytes': 60207, 'net_recv_bytes': 80265, 'gpu_mem_used_mb': 38939.0, 'gpu_load': 0.0, 'client_rank': 41, 'round': 2, 'timestamp': '2025-07-30 16:24:20'}
    [Client 16] System Stats: {'cpu_time': 44.21999999880791, 'ram_used_mb': 2926.309376, 'net_sent_bytes': 64919, 'net_recv_bytes': 76400, 'gpu_mem_used_mb': 38939.0, 'gpu_load': 0.0, 'client_rank': 16, 'round': 2, 'timestamp': '2025-07-30 16:24:20'}
    [Client 43] System Stats: {'cpu_time': 40.86999998986721, 'ram_used_mb': 3035.635712, 'net_sent_bytes': 91385, 'net_recv_bytes': 95951, 'gpu_mem_used_mb': 38939.0, 'gpu_load': 0.0, 'client_rank': 43, 'round': 2, 'timestamp': '2025-07-30 16:24:20'}
    [Client 6] System Stats: {'cpu_time': 26.150000002235174, 'ram_used_mb': 3054.637056, 'net_sent_bytes': 34611, 'net_recv_bytes': 39190, 'gpu_mem_used_mb': 38939.0, 'gpu_load': 0.0, 'client_rank': 6, 'round': 2, 'timestamp': '2025-07-30 16:24:20'}
    [Client 33] System Stats: {'cpu_time': 37.730000000447035, 'ram_used_mb': 3044.028416, 'net_sent_bytes': 33612, 'net_recv_bytes': 39817, 'gpu_mem_used_mb': 38939.0, 'gpu_load': 0.0, 'client_rank': 33, 'round': 2, 'timestamp': '2025-07-30 16:24:20'}
    [Client 40] System Stats: {'cpu_time': 54.68999999994412, 'ram_used_mb': 3047.624704, 'net_sent_bytes': 31316, 'net_recv_bytes': 38276, 'gpu_mem_used_mb': 38939.0, 'gpu_load': 0.0, 'client_rank': 40, 'round': 2, 'timestamp': '2025-07-30 16:24:20'}
    [Client 37] System Stats: {'cpu_time': 61.17999999970198, 'ram_used_mb': 2927.046656, 'net_sent_bytes': 32679, 'net_recv_bytes': 67192, 'gpu_mem_used_mb': 38939.0, 'gpu_load': 0.0, 'client_rank': 37, 'round': 2, 'timestamp': '2025-07-30 16:24:20'}
    [Client 24] System Stats: {'cpu_time': 42.230000000447035, 'ram_used_mb': 2891.73504, 'net_sent_bytes': 22495, 'net_recv_bytes': 53171, 'gpu_mem_used_mb': 38939.0, 'gpu_load': 0.0, 'client_rank': 24, 'round': 2, 'timestamp': '2025-07-30 16:24:20'}
    [Client 46] System Stats: {'cpu_time': 39.34999999962747, 'ram_used_mb': 3054.088192, 'net_sent_bytes': 80040, 'net_recv_bytes': 59144, 'gpu_mem_used_mb': 38939.0, 'gpu_load': 0.0, 'client_rank': 46, 'round': 2, 'timestamp': '2025-07-30 16:24:20'}
    [Client 22] System Stats: {'cpu_time': 35.28000000119209, 'ram_used_mb': 2916.909056, 'net_sent_bytes': 46221, 'net_recv_bytes': 80707, 'gpu_mem_used_mb': 38939.0, 'gpu_load': 0.0, 'client_rank': 22, 'round': 2, 'timestamp': '2025-07-30 16:24:20'}
    [Client 2] System Stats: {'cpu_time': 39.77000000048429, 'ram_used_mb': 3041.746944, 'net_sent_bytes': 59698, 'net_recv_bytes': 87998, 'gpu_mem_used_mb': 38939.0, 'gpu_load': 0.0, 'client_rank': 2, 'round': 2, 'timestamp': '2025-07-30 16:24:20'}
    [Client 17] System Stats: {'cpu_time': 102.06000000005588, 'ram_used_mb': 3049.96352, 'net_sent_bytes': 70207, 'net_recv_bytes': 83612, 'gpu_mem_used_mb': 38939.0, 'gpu_load': 0.0, 'client_rank': 17, 'round': 2, 'timestamp': '2025-07-30 16:24:20'}
    [Client 21] System Stats: {'cpu_time': 76.81000000052154, 'ram_used_mb': 3039.260672, 'net_sent_bytes': 74244, 'net_recv_bytes': 86747, 'gpu_mem_used_mb': 38939.0, 'gpu_load': 0.0, 'client_rank': 21, 'round': 2, 'timestamp': '2025-07-30 16:24:20'}
    [Client 25] System Stats: {'cpu_time': 41.17999999970198, 'ram_used_mb': 3003.994112, 'net_sent_bytes': 34681, 'net_recv_bytes': 38718, 'gpu_mem_used_mb': 38939.0, 'gpu_load': 0.0, 'client_rank': 25, 'round': 2, 'timestamp': '2025-07-30 16:24:20'}
    [Client 49] Statistical Utility: {'client_rank': 49, 'round': 2, 'data_size': 1000, 'data_variance': 0.06412339955568314, 'local_loss': 2.3448586463928223, 'local_accuracy': 17.499999701976776}
    [Client 49] Round 2 - Sending updated weights to server...
    [Client 42] Statistical Utility: {'client_rank': 42, 'round': 2, 'data_size': 1000, 'data_variance': 0.06342273205518723, 'local_loss': 2.3045058250427246, 'local_accuracy': 17.59999990463257}
    [Client 42] Round 2 - Sending updated weights to server...
    [Client 32] Statistical Utility: {'client_rank': 32, 'round': 2, 'data_size': 1000, 'data_variance': 0.06383143365383148, 'local_loss': 2.457545518875122, 'local_accuracy': 17.100000381469727}
    [Client 32] Round 2 - Sending updated weights to server...
    [Client 48] Statistical Utility: {'client_rank': 48, 'round': 2, 'data_size': 1000, 'data_variance': 0.061648909002542496, 'local_loss': 2.359771728515625, 'local_accuracy': 22.699999809265137}
    [Client 11] Statistical Utility: {'client_rank': 11, 'round': 2, 'data_size': 1000, 'data_variance': 0.06343869864940643, 'local_loss': 2.381044387817383, 'local_accuracy': 18.299999833106995}
    [Client 48] Round 2 - Sending updated weights to server...
    [Client 11] Round 2 - Sending updated weights to server...
    [Client 3] Statistical Utility: {'client_rank': 3, 'round': 2, 'data_size': 1000, 'data_variance': 0.06297580152750015, 'local_loss': 2.415724277496338, 'local_accuracy': 18.09999942779541}
    [Client 3] Round 2 - Sending updated weights to server...
    [Client 34] Statistical Utility: {'client_rank': 34, 'round': 2, 'data_size': 1000, 'data_variance': 0.06271310895681381, 'local_loss': 2.392314910888672, 'local_accuracy': 19.79999989271164}
    [Client 30] Statistical Utility: {'client_rank': 30, 'round': 2, 'data_size': 1000, 'data_variance': 0.06519876420497894, 'local_loss': 2.7000832557678223, 'local_accuracy': 14.699999988079071}
    [Client 34] Round 2 - Sending updated weights to server...
    [Client 50] Statistical Utility: {'client_rank': 50, 'round': 2, 'data_size': 1000, 'data_variance': 0.06303901970386505, 'local_loss': 2.6649348735809326, 'local_accuracy': 16.699999570846558}
    [Client 30] Round 2 - Sending updated weights to server...
    [Client 26] Statistical Utility: {'client_rank': 26, 'round': 2, 'data_size': 1000, 'data_variance': 0.06296330690383911, 'local_loss': 2.398108959197998, 'local_accuracy': 15.09999930858612}
    [Client 50] Round 2 - Sending updated weights to server...
    [Client 13] Statistical Utility: {'client_rank': 13, 'round': 2, 'data_size': 1000, 'data_variance': 0.06224581226706505, 'local_loss': 2.308730363845825, 'local_accuracy': 20.100000500679016}
    [Client 26] Round 2 - Sending updated weights to server...
    [Client 13] Round 2 - Sending updated weights to server...
    [Client 10] Statistical Utility: {'client_rank': 10, 'round': 2, 'data_size': 1000, 'data_variance': 0.061787206679582596, 'local_loss': 2.534834623336792, 'local_accuracy': 13.40000033378601}
    [Client 10] Round 2 - Sending updated weights to server...
    [Client 36] Statistical Utility: {'client_rank': 36, 'round': 2, 'data_size': 1000, 'data_variance': 0.0626750960946083, 'local_loss': 2.5407094955444336, 'local_accuracy': 18.99999976158142}
    [Client 35] Statistical Utility: {'client_rank': 35, 'round': 2, 'data_size': 1000, 'data_variance': 0.06273230165243149, 'local_loss': 2.7254178524017334, 'local_accuracy': 15.199999511241913}
    [Client 36] Round 2 - Sending updated weights to server...
    [Client 35] Round 2 - Sending updated weights to server...
    [Client 45] Statistical Utility: {'client_rank': 45, 'round': 2, 'data_size': 1000, 'data_variance': 0.06353891640901566, 'local_loss': 2.4712471961975098, 'local_accuracy': 19.79999989271164}
    [Client 45] Round 2 - Sending updated weights to server...
    [Client 5] Statistical Utility: {'client_rank': 5, 'round': 2, 'data_size': 1000, 'data_variance': 0.06460008025169373, 'local_loss': 2.5361969470977783, 'local_accuracy': 16.699999570846558}
    [Client 5] Round 2 - Sending updated weights to server...
    [Client 1] Statistical Utility: {'client_rank': 1, 'round': 2, 'data_size': 1000, 'data_variance': 0.06304291635751724, 'local_loss': 2.7928194999694824, 'local_accuracy': 15.600000321865082}
    [Client 1] Round 2 - Sending updated weights to server...
    [Client 38] Statistical Utility: {'client_rank': 38, 'round': 2, 'data_size': 1000, 'data_variance': 0.06330214440822601, 'local_loss': 2.6594362258911133, 'local_accuracy': 13.300000131130219}
Received weights from client 1
Waiting for model weights from client 2...
    [Client 38] Round 2 - Sending updated weights to server...
    [Client 19] System Stats: {'cpu_time': 80.91999999806285, 'ram_used_mb': 3046.268928, 'net_sent_bytes': 34742, 'net_recv_bytes': 44032, 'gpu_mem_used_mb': 38939.0, 'gpu_load': 0.0, 'client_rank': 19, 'round': 2, 'timestamp': '2025-07-30 16:24:21'}
    [Client 39] System Stats: {'cpu_time': 95.1300000003539, 'ram_used_mb': 3023.884288, 'net_sent_bytes': 45558, 'net_recv_bytes': 59171, 'gpu_mem_used_mb': 38939.0, 'gpu_load': 0.0, 'client_rank': 39, 'round': 2, 'timestamp': '2025-07-30 16:24:21'}
    [Client 1] Round 3 - Waiting for global weights...
    [Client 29] Statistical Utility: {'client_rank': 29, 'round': 2, 'data_size': 1000, 'data_variance': 0.06191827729344368, 'local_loss': 2.735671281814575, 'local_accuracy': 13.500000536441803}
    [Client 8] Statistical Utility: {'client_rank': 8, 'round': 2, 'data_size': 1000, 'data_variance': 0.06447488814592361, 'local_loss': 2.343801498413086, 'local_accuracy': 18.50000023841858}
    [Client 27] Statistical Utility: {'client_rank': 27, 'round': 2, 'data_size': 1000, 'data_variance': 0.06279454380273819, 'local_loss': 2.286907434463501, 'local_accuracy': 19.90000009536743}
    [Client 4] Statistical Utility: {'client_rank': 4, 'round': 2, 'data_size': 1000, 'data_variance': 0.06605824083089828, 'local_loss': 2.179708480834961, 'local_accuracy': 22.80000001192093}
    [Client 29] Round 2 - Sending updated weights to server...
    [Client 8] Round 2 - Sending updated weights to server...
    [Client 27] Round 2 - Sending updated weights to server...
    [Client 4] Round 2 - Sending updated weights to server...
    [Client 7] Statistical Utility: {'client_rank': 7, 'round': 2, 'data_size': 1000, 'data_variance': 0.062439024448394775, 'local_loss': 2.450056791305542, 'local_accuracy': 18.09999942779541}
    [Client 7] Round 2 - Sending updated weights to server...
    [Client 16] Statistical Utility: {'client_rank': 16, 'round': 2, 'data_size': 1000, 'data_variance': 0.06373865902423859, 'local_loss': 2.4822843074798584, 'local_accuracy': 15.800000727176666}
    [Client 14] Statistical Utility: {'client_rank': 14, 'round': 2, 'data_size': 1000, 'data_variance': 0.06388448923826218, 'local_loss': 2.523538112640381, 'local_accuracy': 17.499999701976776}
    [Client 41] Statistical Utility: {'client_rank': 41, 'round': 2, 'data_size': 1000, 'data_variance': 0.06398945301771164, 'local_loss': 2.5726232528686523, 'local_accuracy': 16.4000004529953}
    [Client 16] Round 2 - Sending updated weights to server...
    [Client 14] Round 2 - Sending updated weights to server...
    [Client 41] Round 2 - Sending updated weights to server...
    [Client 43] Statistical Utility: {'client_rank': 43, 'round': 2, 'data_size': 1000, 'data_variance': 0.06206141784787178, 'local_loss': 2.5618929862976074, 'local_accuracy': 17.29999929666519}
    [Client 6] Statistical Utility: {'client_rank': 6, 'round': 2, 'data_size': 1000, 'data_variance': 0.0648491382598877, 'local_loss': 2.366612195968628, 'local_accuracy': 19.200000166893005}
    [Client 33] Statistical Utility: {'client_rank': 33, 'round': 2, 'data_size': 1000, 'data_variance': 0.062238916754722595, 'local_loss': 2.3459129333496094, 'local_accuracy': 21.60000056028366}
    [Client 40] Statistical Utility: {'client_rank': 40, 'round': 2, 'data_size': 1000, 'data_variance': 0.06172897666692734, 'local_loss': 2.3129827976226807, 'local_accuracy': 18.400000035762787}
    [Client 37] Statistical Utility: {'client_rank': 37, 'round': 2, 'data_size': 1000, 'data_variance': 0.06331593543291092, 'local_loss': 2.452523708343506, 'local_accuracy': 17.20000058412552}
    [Client 43] Round 2 - Sending updated weights to server...
    [Client 6] Round 2 - Sending updated weights to server...
    [Client 33] Round 2 - Sending updated weights to server...
    [Client 40] Round 2 - Sending updated weights to server...
    [Client 37] Round 2 - Sending updated weights to server...
    [Client 24] Statistical Utility: {'client_rank': 24, 'round': 2, 'data_size': 1000, 'data_variance': 0.06459339708089828, 'local_loss': 2.613701343536377, 'local_accuracy': 14.000000059604645}
    [Client 46] Statistical Utility: {'client_rank': 46, 'round': 2, 'data_size': 1000, 'data_variance': 0.061332784593105316, 'local_loss': 2.700608491897583, 'local_accuracy': 14.699999988079071}
    [Client 22] Statistical Utility: {'client_rank': 22, 'round': 2, 'data_size': 1000, 'data_variance': 0.06407291442155838, 'local_loss': 2.4102323055267334, 'local_accuracy': 14.000000059604645}
    [Client 2] Statistical Utility: {'client_rank': 2, 'round': 2, 'data_size': 1000, 'data_variance': 0.06219617277383804, 'local_loss': 2.355782985687256, 'local_accuracy': 17.000000178813934}
    [Client 17] Statistical Utility: {'client_rank': 17, 'round': 2, 'data_size': 1000, 'data_variance': 0.06338687986135483, 'local_loss': 2.4201228618621826, 'local_accuracy': 17.900000512599945}
    [Client 21] Statistical Utility: {'client_rank': 21, 'round': 2, 'data_size': 1000, 'data_variance': 0.06378570944070816, 'local_loss': 2.4275434017181396, 'local_accuracy': 16.300000250339508}
    [Client 25] Statistical Utility: {'client_rank': 25, 'round': 2, 'data_size': 1000, 'data_variance': 0.06275417655706406, 'local_loss': 2.7036795616149902, 'local_accuracy': 14.100000262260437}
    [Client 24] Round 2 - Sending updated weights to server...
    [Client 22] Round 2 - Sending updated weights to server...
    [Client 2] Round 2 - Sending updated weights to server...
    [Client 17] Round 2 - Sending updated weights to server...
    [Client 21] Round 2 - Sending updated weights to server...
    [Client 46] Round 2 - Sending updated weights to server...
    [Client 25] Round 2 - Sending updated weights to server...
Received weights from client 2
Waiting for model weights from client 3...
Received weights from client 3
Waiting for model weights from client 4...
Received weights from client 4
Waiting for model weights from client 5...
Received weights from client 5
Waiting for model weights from client 6...
Received weights from client 6
Waiting for model weights from client 7...
Received weights from client 7
Waiting for model weights from client 8...
Received weights from client 8
Waiting for model weights from client 9...
    [Client 19] Statistical Utility: {'client_rank': 19, 'round': 2, 'data_size': 1000, 'data_variance': 0.06328505277633667, 'local_loss': 2.336452007293701, 'local_accuracy': 17.499999701976776}
    [Client 19] Round 2 - Sending updated weights to server...
    [Client 39] Statistical Utility: {'client_rank': 39, 'round': 2, 'data_size': 1000, 'data_variance': 0.062065280973911285, 'local_loss': 2.340273380279541, 'local_accuracy': 19.699999690055847}
    [Client 39] Round 2 - Sending updated weights to server...
    [Client 3] Round 3 - Waiting for global weights...
    [Client 7] Round 3 - Waiting for global weights...
    [Client 6] Round 3 - Waiting for global weights...
    [Client 8] Round 3 - Waiting for global weights...
    [Client 2] Round 3 - Waiting for global weights...
    [Client 5] Round 3 - Waiting for global weights...
    [Client 4] Round 3 - Waiting for global weights...
    [Client 9] System Stats: {'cpu_time': 131.410000000149, 'ram_used_mb': 3038.756864, 'net_sent_bytes': 62603, 'net_recv_bytes': 90458, 'gpu_mem_used_mb': 38939.0, 'gpu_load': 0.0, 'client_rank': 9, 'round': 2, 'timestamp': '2025-07-30 16:24:22'}
    [Client 9] Statistical Utility: {'client_rank': 9, 'round': 2, 'data_size': 1000, 'data_variance': 0.06502631306648254, 'local_loss': 2.5539419651031494, 'local_accuracy': 13.500000536441803}
    [Client 9] Round 2 - Sending updated weights to server...
Received weights from client 9
Waiting for model weights from client 10...
Received weights from client 10
Waiting for model weights from client 11...
Received weights from client 11
Waiting for model weights from client 12...
    [Client 11] Round 3 - Waiting for global weights...
    [Client 10] Round 3 - Waiting for global weights...
    [Client 9] Round 3 - Waiting for global weights...
    [Client 18] System Stats: {'cpu_time': 357.2800000011921, 'ram_used_mb': 3015.426048, 'net_sent_bytes': 188226, 'net_recv_bytes': 263674, 'gpu_mem_used_mb': 38939.0, 'gpu_load': 0.01, 'client_rank': 18, 'round': 2, 'timestamp': '2025-07-30 16:24:46'}
    [Client 18] Statistical Utility: {'client_rank': 18, 'round': 2, 'data_size': 1000, 'data_variance': 0.06338585913181305, 'local_loss': 2.5454580783843994, 'local_accuracy': 17.29999929666519}
    [Client 18] Round 2 - Sending updated weights to server...
    [Client 15] Round 2 - Waiting for global weights...
    [Client 47] Round 2 - Training on local data...
    [Client 31] Round 2 - Training on local data...
    [Client 44] Round 2 - Training on local data...
    [Client 28] Round 2 - Training on local data...
    [Client 12] Round 2 - Training on local data...
    [Client 15] Round 2 - Training on local data...
    [Client 47] System Stats: {'cpu_time': 129.75, 'ram_used_mb': 3045.257216, 'net_sent_bytes': 43250, 'net_recv_bytes': 40194, 'gpu_mem_used_mb': 38939.0, 'gpu_load': 0.0, 'client_rank': 47, 'round': 2, 'timestamp': '2025-07-30 16:25:04'}
    [Client 31] System Stats: {'cpu_time': 30.259999999776483, 'ram_used_mb': 3058.233344, 'net_sent_bytes': 96897, 'net_recv_bytes': 69330, 'gpu_mem_used_mb': 38939.0, 'gpu_load': 0.0, 'client_rank': 31, 'round': 2, 'timestamp': '2025-07-30 16:25:04'}
    [Client 47] Statistical Utility: {'client_rank': 47, 'round': 2, 'data_size': 1000, 'data_variance': 0.06263769418001175, 'local_loss': 2.3045473098754883, 'local_accuracy': 20.000000298023224}
    [Client 47] Round 2 - Sending updated weights to server...
    [Client 44] System Stats: {'cpu_time': 55.51000000163913, 'ram_used_mb': 2902.48704, 'net_sent_bytes': 1138, 'net_recv_bytes': 36747, 'gpu_mem_used_mb': 38939.0, 'gpu_load': 0.0, 'client_rank': 44, 'round': 2, 'timestamp': '2025-07-30 16:25:05'}
    [Client 28] System Stats: {'cpu_time': 31.360000000335276, 'ram_used_mb': 3030.257664, 'net_sent_bytes': 33563, 'net_recv_bytes': 51571, 'gpu_mem_used_mb': 38939.0, 'gpu_load': 0.01, 'client_rank': 28, 'round': 2, 'timestamp': '2025-07-30 16:25:05'}
    [Client 31] Statistical Utility: {'client_rank': 31, 'round': 2, 'data_size': 1000, 'data_variance': 0.0643773302435875, 'local_loss': 2.8515710830688477, 'local_accuracy': 17.29999929666519}
    [Client 31] Round 2 - Sending updated weights to server...
    [Client 44] Statistical Utility: {'client_rank': 44, 'round': 2, 'data_size': 1000, 'data_variance': 0.06368353217840195, 'local_loss': 2.751483917236328, 'local_accuracy': 16.200000047683716}
    [Client 44] Round 2 - Sending updated weights to server...
    [Client 28] Statistical Utility: {'client_rank': 28, 'round': 2, 'data_size': 1000, 'data_variance': 0.06344127655029297, 'local_loss': 2.3773245811462402, 'local_accuracy': 17.100000381469727}
    [Client 28] Round 2 - Sending updated weights to server...
    [Client 23] Round 2 - Waiting for global weights...
    [Client 20] Round 2 - Training on local data...
    [Client 23] Round 2 - Training on local data...
    [Client 20] System Stats: {'cpu_time': 31.390000000596046, 'ram_used_mb': 3034.861568, 'net_sent_bytes': 90607, 'net_recv_bytes': 114495, 'gpu_mem_used_mb': 38939.0, 'gpu_load': 0.0, 'client_rank': 20, 'round': 2, 'timestamp': '2025-07-30 16:25:17'}
    [Client 20] Statistical Utility: {'client_rank': 20, 'round': 2, 'data_size': 1000, 'data_variance': 0.06467297673225403, 'local_loss': 2.4448916912078857, 'local_accuracy': 18.60000044107437}
    [Client 20] Round 2 - Sending updated weights to server...
