    [Client 8] Initializing...
    [Client 8] Starting on host: cdr2641.int.cedar.computecanada.ca
Loading data from .npy files...
Training set: (50000, 32, 32, 3), Labels: (50000, 1)
Test set:     (10000, 32, 32, 3), Labels: (10000, 1)
    [Client 8] Round 1 - Waiting for global weights...
=== Federated Server Started ===
Total processes: 11 (1 server + 10 clients)

    [Client 2] Initializing...
    [Client 2] Starting on host: cdr2568.int.cedar.computecanada.ca
    [Client 1] Initializing...
    [Client 1] Starting on host: cdr2559.int.cedar.computecanada.ca
    [Client 7] Initializing...
    [Client 7] Starting on host: cdr2635.int.cedar.computecanada.ca
    [Client 9] Initializing...
    [Client 9] Starting on host: cdr2643.int.cedar.computecanada.ca
    [Client 10] Initializing...
    [Client 10] Starting on host: cdr2655.int.cedar.computecanada.ca
    [Client 5] Initializing...
    [Client 5] Starting on host: cdr2621.int.cedar.computecanada.ca
    [Client 3] Initializing...
    [Client 3] Starting on host: cdr2606.int.cedar.computecanada.ca
    [Client 4] Initializing...
    [Client 4] Starting on host: cdr2610.int.cedar.computecanada.ca
    [Client 6] Initializing...
    [Client 6] Starting on host: cdr2625.int.cedar.computecanada.ca
Loading data from .npy files...
Training set: (50000, 32, 32, 3), Labels: (50000, 1)
Test set:     (10000, 32, 32, 3), Labels: (10000, 1)
    [Client 4] Round 1 - Waiting for global weights...
Loading data from .npy files...
Training set: (50000, 32, 32, 3), Labels: (50000, 1)
Test set:     (10000, 32, 32, 3), Labels: (10000, 1)
    [Client 9] Round 1 - Waiting for global weights...
Loading data from .npy files...
Training set: (50000, 32, 32, 3), Labels: (50000, 1)
Test set:     (10000, 32, 32, 3), Labels: (10000, 1)
    [Client 3] Round 1 - Waiting for global weights...
Loading data from .npy files...
Training set: (50000, 32, 32, 3), Labels: (50000, 1)
Test set:     (10000, 32, 32, 3), Labels: (10000, 1)
    [Client 2] Round 1 - Waiting for global weights...
Loading data from .npy files...
Training set: (50000, 32, 32, 3), Labels: (50000, 1)
Test set:     (10000, 32, 32, 3), Labels: (10000, 1)
    [Client 7] Round 1 - Waiting for global weights...
Loading data from .npy files...
Training set: (50000, 32, 32, 3), Labels: (50000, 1)
Test set:     (10000, 32, 32, 3), Labels: (10000, 1)
    [Client 5] Round 1 - Waiting for global weights...
Loading data from .npy files...
Training set: (50000, 32, 32, 3), Labels: (50000, 1)
Test set:     (10000, 32, 32, 3), Labels: (10000, 1)
    [Client 6] Round 1 - Waiting for global weights...
Loading data from .npy files...
Training set: (50000, 32, 32, 3), Labels: (50000, 1)
Test set:     (10000, 32, 32, 3), Labels: (10000, 1)
    [Client 1] Round 1 - Waiting for global weights...
Loading data from .npy files...
Training set: (50000, 32, 32, 3), Labels: (50000, 1)
Test set:     (10000, 32, 32, 3), Labels: (10000, 1)
    [Client 10] Round 1 - Waiting for global weights...
Loading data from .npy files...
Training set: (50000, 32, 32, 3), Labels: (50000, 10)
Test set:     (10000, 32, 32, 3), Labels: (10000, 10)

===== Round 1 =====
Broadcasting global model to all clients...
Waiting for model weights from client 1...
    [Client 9] Round 1 - Training on local data...
    [Client 1] Round 1 - Training on local data...
    [Client 4] Round 1 - Training on local data...
    [Client 6] Round 1 - Training on local data...
    [Client 7] Round 1 - Training on local data...
    [Client 10] Round 1 - Training on local data...
    [Client 5] Round 1 - Training on local data...
    [Client 3] Round 1 - Training on local data...
    [Client 2] Round 1 - Training on local data...
    [Client 8] Round 1 - Training on local data...
    [Client 8] System Stats: {'client_rank': 8, 'round': 1, 'timestamp': '2025-07-25 12:10:23', 'cpu_time': 995061.42, 'cpu_freq_mhz': 2100.0000625, 'ram_used_mb': 2539.720704, 'net_sent_bytes': 34961872139, 'net_recv_bytes': 541222076839, 'gpu_mem_used_mb': 31471.0, 'gpu_load': 0.01}
    [Client 8] Round 1 - Sending updated weights to server...
    [Client 6] System Stats: {'client_rank': 6, 'round': 1, 'timestamp': '2025-07-25 12:10:32', 'cpu_time': 1698822.1099999999, 'cpu_freq_mhz': 2083.42721875, 'ram_used_mb': 2511.773696, 'net_sent_bytes': 20598854590, 'net_recv_bytes': 44045811847, 'gpu_mem_used_mb': 31471.0, 'gpu_load': 0.01}
    [Client 9] System Stats: {'client_rank': 9, 'round': 1, 'timestamp': '2025-07-25 12:10:32', 'cpu_time': 978835.42, 'cpu_freq_mhz': 2066.658875, 'ram_used_mb': 2453.36064, 'net_sent_bytes': 24238432170, 'net_recv_bytes': 358391299308, 'gpu_mem_used_mb': 31471.0, 'gpu_load': 0.01}
    [Client 7] System Stats: {'client_rank': 7, 'round': 1, 'timestamp': '2025-07-25 12:10:32', 'cpu_time': 437319.5, 'cpu_freq_mhz': 2064.522125, 'ram_used_mb': 2537.852928, 'net_sent_bytes': 328721032672, 'net_recv_bytes': 360269423239, 'gpu_mem_used_mb': 31471.0, 'gpu_load': 0.01}
    [Client 5] System Stats: {'client_rank': 5, 'round': 1, 'timestamp': '2025-07-25 12:10:32', 'cpu_time': 1340939.71, 'cpu_freq_mhz': 2100.000125, 'ram_used_mb': 2507.902976, 'net_sent_bytes': 16998419644, 'net_recv_bytes': 69083906184, 'gpu_mem_used_mb': 31471.0, 'gpu_load': 0.01}
    [Client 3] System Stats: {'client_rank': 3, 'round': 1, 'timestamp': '2025-07-25 12:10:32', 'cpu_time': 219250.89, 'cpu_freq_mhz': 2100.0002812499997, 'ram_used_mb': 2542.391296, 'net_sent_bytes': 3699646009, 'net_recv_bytes': 19217198524, 'gpu_mem_used_mb': 31471.0, 'gpu_load': 0.01}
    [Client 1] System Stats: {'client_rank': 1, 'round': 1, 'timestamp': '2025-07-25 12:10:32', 'cpu_time': 749243.61, 'cpu_freq_mhz': 2100.00075, 'ram_used_mb': 2536.271872, 'net_sent_bytes': 6906532734, 'net_recv_bytes': 124344106847, 'gpu_mem_used_mb': 31471.0, 'gpu_load': 0.01}
    [Client 4] System Stats: {'client_rank': 4, 'round': 1, 'timestamp': '2025-07-25 12:10:32', 'cpu_time': 432389.87, 'cpu_freq_mhz': 2100.00128125, 'ram_used_mb': 2541.838336, 'net_sent_bytes': 3818790882, 'net_recv_bytes': 18035339407, 'gpu_mem_used_mb': 31471.0, 'gpu_load': 0.01}
    [Client 6] Round 1 - Sending updated weights to server...
    [Client 9] Round 1 - Sending updated weights to server...
    [Client 7] Round 1 - Sending updated weights to server...
    [Client 5] Round 1 - Sending updated weights to server...
    [Client 3] Round 1 - Sending updated weights to server...
    [Client 1] Round 1 - Sending updated weights to server...
    [Client 4] Round 1 - Sending updated weights to server...
Received weights from client 1
Waiting for model weights from client 2...
    [Client 10] System Stats: {'client_rank': 10, 'round': 1, 'timestamp': '2025-07-25 12:10:33', 'cpu_time': 860398.05, 'cpu_freq_mhz': 2100.0005312499998, 'ram_used_mb': 2536.886272, 'net_sent_bytes': 29819591765, 'net_recv_bytes': 289082119816, 'gpu_mem_used_mb': 31471.0, 'gpu_load': 0.01}
    [Client 10] Round 1 - Sending updated weights to server...
    [Client 2] System Stats: {'client_rank': 2, 'round': 1, 'timestamp': '2025-07-25 12:10:33', 'cpu_time': 849955.0900000001, 'cpu_freq_mhz': 2099.99221875, 'ram_used_mb': 2542.104576, 'net_sent_bytes': 4232107988, 'net_recv_bytes': 25141525184, 'gpu_mem_used_mb': 31471.0, 'gpu_load': 0.01}
    [Client 2] Round 1 - Sending updated weights to server...
Received weights from client 2
Waiting for model weights from client 3...
Received weights from client 3
Waiting for model weights from client 4...
Received weights from client 4
Waiting for model weights from client 5...
Received weights from client 5
Waiting for model weights from client 6...
Received weights from client 6
Waiting for model weights from client 7...
Received weights from client 7
Waiting for model weights from client 8...
Received weights from client 8
Waiting for model weights from client 9...
Received weights from client 9
Waiting for model weights from client 10...
Received weights from client 10
Received system metrics from client 1: {'client_rank': 1, 'round': 1, 'timestamp': '2025-07-25 12:10:32', 'cpu_time': 749243.61, 'cpu_freq_mhz': 2100.00075, 'ram_used_mb': 2536.271872, 'net_sent_bytes': 6906532734, 'net_recv_bytes': 124344106847, 'gpu_mem_used_mb': 31471.0, 'gpu_load': 0.01}
Received system metrics from client 2: {'client_rank': 2, 'round': 1, 'timestamp': '2025-07-25 12:10:33', 'cpu_time': 849955.0900000001, 'cpu_freq_mhz': 2099.99221875, 'ram_used_mb': 2542.104576, 'net_sent_bytes': 4232107988, 'net_recv_bytes': 25141525184, 'gpu_mem_used_mb': 31471.0, 'gpu_load': 0.01}
Received system metrics from client 3: {'client_rank': 3, 'round': 1, 'timestamp': '2025-07-25 12:10:32', 'cpu_time': 219250.89, 'cpu_freq_mhz': 2100.0002812499997, 'ram_used_mb': 2542.391296, 'net_sent_bytes': 3699646009, 'net_recv_bytes': 19217198524, 'gpu_mem_used_mb': 31471.0, 'gpu_load': 0.01}
Received system metrics from client 4: {'client_rank': 4, 'round': 1, 'timestamp': '2025-07-25 12:10:32', 'cpu_time': 432389.87, 'cpu_freq_mhz': 2100.00128125, 'ram_used_mb': 2541.838336, 'net_sent_bytes': 3818790882, 'net_recv_bytes': 18035339407, 'gpu_mem_used_mb': 31471.0, 'gpu_load': 0.01}
Received system metrics from client 5: {'client_rank': 5, 'round': 1, 'timestamp': '2025-07-25 12:10:32', 'cpu_time': 1340939.71, 'cpu_freq_mhz': 2100.000125, 'ram_used_mb': 2507.902976, 'net_sent_bytes': 16998419644, 'net_recv_bytes': 69083906184, 'gpu_mem_used_mb': 31471.0, 'gpu_load': 0.01}
Received system metrics from client 6: {'client_rank': 6, 'round': 1, 'timestamp': '2025-07-25 12:10:32', 'cpu_time': 1698822.1099999999, 'cpu_freq_mhz': 2083.42721875, 'ram_used_mb': 2511.773696, 'net_sent_bytes': 20598854590, 'net_recv_bytes': 44045811847, 'gpu_mem_used_mb': 31471.0, 'gpu_load': 0.01}
Received system metrics from client 7: {'client_rank': 7, 'round': 1, 'timestamp': '2025-07-25 12:10:32', 'cpu_time': 437319.5, 'cpu_freq_mhz': 2064.522125, 'ram_used_mb': 2537.852928, 'net_sent_bytes': 328721032672, 'net_recv_bytes': 360269423239, 'gpu_mem_used_mb': 31471.0, 'gpu_load': 0.01}
Received system metrics from client 8: {'client_rank': 8, 'round': 1, 'timestamp': '2025-07-25 12:10:23', 'cpu_time': 995061.42, 'cpu_freq_mhz': 2100.0000625, 'ram_used_mb': 2539.720704, 'net_sent_bytes': 34961872139, 'net_recv_bytes': 541222076839, 'gpu_mem_used_mb': 31471.0, 'gpu_load': 0.01}
Received system metrics from client 9: {'client_rank': 9, 'round': 1, 'timestamp': '2025-07-25 12:10:32', 'cpu_time': 978835.42, 'cpu_freq_mhz': 2066.658875, 'ram_used_mb': 2453.36064, 'net_sent_bytes': 24238432170, 'net_recv_bytes': 358391299308, 'gpu_mem_used_mb': 31471.0, 'gpu_load': 0.01}
Received system metrics from client 10: {'client_rank': 10, 'round': 1, 'timestamp': '2025-07-25 12:10:33', 'cpu_time': 860398.05, 'cpu_freq_mhz': 2100.0005312499998, 'ram_used_mb': 2536.886272, 'net_sent_bytes': 29819591765, 'net_recv_bytes': 289082119816, 'gpu_mem_used_mb': 31471.0, 'gpu_load': 0.01}
Averaging model weights...
Evaluating updated global model on test set...
    [Client 1] Round 2 - Waiting for global weights...
    [Client 4] Round 2 - Waiting for global weights...
    [Client 3] Round 2 - Waiting for global weights...
    [Client 6] Round 2 - Waiting for global weights...
    [Client 5] Round 2 - Waiting for global weights...
    [Client 7] Round 2 - Waiting for global weights...
    [Client 2] Round 2 - Waiting for global weights...
    [Client 9] Round 2 - Waiting for global weights...
    [Client 8] Round 2 - Waiting for global weights...
    [Client 10] Round 2 - Waiting for global weights...
Round 1 Evaluation - Accuracy: 0.1000, Loss: 2.5614

===== Round 2 =====
Broadcasting global model to all clients...
Waiting for model weights from client 1...
    [Client 6] Round 2 - Training on local data...
    [Client 9] Round 2 - Training on local data...
    [Client 8] Round 2 - Training on local data...
    [Client 1] Round 2 - Training on local data...
    [Client 7] Round 2 - Training on local data...
    [Client 4] Round 2 - Training on local data...
    [Client 2] Round 2 - Training on local data...
    [Client 3] Round 2 - Training on local data...
    [Client 10] Round 2 - Training on local data...
    [Client 5] Round 2 - Training on local data...
    [Client 9] System Stats: {'client_rank': 9, 'round': 2, 'timestamp': '2025-07-25 12:10:53', 'cpu_time': 978840.15, 'cpu_freq_mhz': 2064.41934375, 'ram_used_mb': 2689.007616, 'net_sent_bytes': 24238437118, 'net_recv_bytes': 358391355136, 'gpu_mem_used_mb': 31471.0, 'gpu_load': 0.01}
    [Client 9] Round 2 - Sending updated weights to server...
    [Client 4] System Stats: {'client_rank': 4, 'round': 2, 'timestamp': '2025-07-25 12:10:53', 'cpu_time': 432391.74, 'cpu_freq_mhz': 2100.00109375, 'ram_used_mb': 2785.959936, 'net_sent_bytes': 3818796695, 'net_recv_bytes': 18035396725, 'gpu_mem_used_mb': 31471.0, 'gpu_load': 0.0}
    [Client 4] Round 2 - Sending updated weights to server...
    [Client 7] System Stats: {'client_rank': 7, 'round': 2, 'timestamp': '2025-07-25 12:10:53', 'cpu_time': 437321.25999999995, 'cpu_freq_mhz': 2062.1953125, 'ram_used_mb': 2767.548416, 'net_sent_bytes': 328721042259, 'net_recv_bytes': 360269481844, 'gpu_mem_used_mb': 31471.0, 'gpu_load': 0.0}
    [Client 7] Round 2 - Sending updated weights to server...
    [Client 6] System Stats: {'client_rank': 6, 'round': 2, 'timestamp': '2025-07-25 12:10:53', 'cpu_time': 1698827.81, 'cpu_freq_mhz': 2079.86875, 'ram_used_mb': 2761.838592, 'net_sent_bytes': 20598858181, 'net_recv_bytes': 44045867165, 'gpu_mem_used_mb': 31471.0, 'gpu_load': 0.01}
    [Client 6] Round 2 - Sending updated weights to server...
    [Client 10] System Stats: {'client_rank': 10, 'round': 2, 'timestamp': '2025-07-25 12:10:53', 'cpu_time': 860399.1, 'cpu_freq_mhz': 2100.00109375, 'ram_used_mb': 2766.823424, 'net_sent_bytes': 29819594708, 'net_recv_bytes': 289082174426, 'gpu_mem_used_mb': 31471.0, 'gpu_load': 0.0}
    [Client 10] Round 2 - Sending updated weights to server...
    [Client 1] System Stats: {'client_rank': 1, 'round': 2, 'timestamp': '2025-07-25 12:10:53', 'cpu_time': 749253.19, 'cpu_freq_mhz': 2100.0002812499997, 'ram_used_mb': 2765.852672, 'net_sent_bytes': 6906540875, 'net_recv_bytes': 124344165625, 'gpu_mem_used_mb': 31471.0, 'gpu_load': 0.0}
    [Client 1] Round 2 - Sending updated weights to server...
Received weights from client 1
Waiting for model weights from client 2...
    [Client 8] System Stats: {'client_rank': 8, 'round': 2, 'timestamp': '2025-07-25 12:10:53', 'cpu_time': 995064.34, 'cpu_freq_mhz': 2094.21765625, 'ram_used_mb': 2735.198208, 'net_sent_bytes': 34961884864, 'net_recv_bytes': 541222164368, 'gpu_mem_used_mb': 31471.0, 'gpu_load': 0.0}
    [Client 8] Round 2 - Sending updated weights to server...
    [Client 3] System Stats: {'client_rank': 3, 'round': 2, 'timestamp': '2025-07-25 12:10:53', 'cpu_time': 219253.57, 'cpu_freq_mhz': 2100.00071875, 'ram_used_mb': 2773.479424, 'net_sent_bytes': 3700022075, 'net_recv_bytes': 19217626564, 'gpu_mem_used_mb': 31471.0, 'gpu_load': 0.01}
    [Client 3] Round 2 - Sending updated weights to server...
    [Client 5] System Stats: {'client_rank': 5, 'round': 2, 'timestamp': '2025-07-25 12:10:53', 'cpu_time': 1340945.09, 'cpu_freq_mhz': 2100.001125, 'ram_used_mb': 2775.384064, 'net_sent_bytes': 16998424503, 'net_recv_bytes': 69083962951, 'gpu_mem_used_mb': 31471.0, 'gpu_load': 0.01}
    [Client 5] Round 2 - Sending updated weights to server...
    [Client 2] System Stats: {'client_rank': 2, 'round': 2, 'timestamp': '2025-07-25 12:10:53', 'cpu_time': 849957.4, 'cpu_freq_mhz': 2093.0553125, 'ram_used_mb': 2773.2992, 'net_sent_bytes': 4232128388, 'net_recv_bytes': 25141586112, 'gpu_mem_used_mb': 31471.0, 'gpu_load': 0.01}
    [Client 2] Round 2 - Sending updated weights to server...
Received weights from client 2
Waiting for model weights from client 3...
Received weights from client 3
Waiting for model weights from client 4...
Received weights from client 4
Waiting for model weights from client 5...
Received weights from client 5
Waiting for model weights from client 6...
Received weights from client 6
Waiting for model weights from client 7...
Received weights from client 7
Waiting for model weights from client 8...
Received weights from client 8
Waiting for model weights from client 9...
Received weights from client 9
Waiting for model weights from client 10...
Received weights from client 10
Received system metrics from client 1: {'client_rank': 1, 'round': 2, 'timestamp': '2025-07-25 12:10:53', 'cpu_time': 749253.19, 'cpu_freq_mhz': 2100.0002812499997, 'ram_used_mb': 2765.852672, 'net_sent_bytes': 6906540875, 'net_recv_bytes': 124344165625, 'gpu_mem_used_mb': 31471.0, 'gpu_load': 0.0}
Received system metrics from client 2: {'client_rank': 2, 'round': 2, 'timestamp': '2025-07-25 12:10:53', 'cpu_time': 849957.4, 'cpu_freq_mhz': 2093.0553125, 'ram_used_mb': 2773.2992, 'net_sent_bytes': 4232128388, 'net_recv_bytes': 25141586112, 'gpu_mem_used_mb': 31471.0, 'gpu_load': 0.01}
Received system metrics from client 3: {'client_rank': 3, 'round': 2, 'timestamp': '2025-07-25 12:10:53', 'cpu_time': 219253.57, 'cpu_freq_mhz': 2100.00071875, 'ram_used_mb': 2773.479424, 'net_sent_bytes': 3700022075, 'net_recv_bytes': 19217626564, 'gpu_mem_used_mb': 31471.0, 'gpu_load': 0.01}
Received system metrics from client 4: {'client_rank': 4, 'round': 2, 'timestamp': '2025-07-25 12:10:53', 'cpu_time': 432391.74, 'cpu_freq_mhz': 2100.00109375, 'ram_used_mb': 2785.959936, 'net_sent_bytes': 3818796695, 'net_recv_bytes': 18035396725, 'gpu_mem_used_mb': 31471.0, 'gpu_load': 0.0}
Received system metrics from client 5: {'client_rank': 5, 'round': 2, 'timestamp': '2025-07-25 12:10:53', 'cpu_time': 1340945.09, 'cpu_freq_mhz': 2100.001125, 'ram_used_mb': 2775.384064, 'net_sent_bytes': 16998424503, 'net_recv_bytes': 69083962951, 'gpu_mem_used_mb': 31471.0, 'gpu_load': 0.01}
Received system metrics from client 6: {'client_rank': 6, 'round': 2, 'timestamp': '2025-07-25 12:10:53', 'cpu_time': 1698827.81, 'cpu_freq_mhz': 2079.86875, 'ram_used_mb': 2761.838592, 'net_sent_bytes': 20598858181, 'net_recv_bytes': 44045867165, 'gpu_mem_used_mb': 31471.0, 'gpu_load': 0.01}
Received system metrics from client 7: {'client_rank': 7, 'round': 2, 'timestamp': '2025-07-25 12:10:53', 'cpu_time': 437321.25999999995, 'cpu_freq_mhz': 2062.1953125, 'ram_used_mb': 2767.548416, 'net_sent_bytes': 328721042259, 'net_recv_bytes': 360269481844, 'gpu_mem_used_mb': 31471.0, 'gpu_load': 0.0}
Received system metrics from client 8: {'client_rank': 8, 'round': 2, 'timestamp': '2025-07-25 12:10:53', 'cpu_time': 995064.34, 'cpu_freq_mhz': 2094.21765625, 'ram_used_mb': 2735.198208, 'net_sent_bytes': 34961884864, 'net_recv_bytes': 541222164368, 'gpu_mem_used_mb': 31471.0, 'gpu_load': 0.0}
Received system metrics from client 9: {'client_rank': 9, 'round': 2, 'timestamp': '2025-07-25 12:10:53', 'cpu_time': 978840.15, 'cpu_freq_mhz': 2064.41934375, 'ram_used_mb': 2689.007616, 'net_sent_bytes': 24238437118, 'net_recv_bytes': 358391355136, 'gpu_mem_used_mb': 31471.0, 'gpu_load': 0.01}
Received system metrics from client 10: {'client_rank': 10, 'round': 2, 'timestamp': '2025-07-25 12:10:53', 'cpu_time': 860399.1, 'cpu_freq_mhz': 2100.00109375, 'ram_used_mb': 2766.823424, 'net_sent_bytes': 29819594708, 'net_recv_bytes': 289082174426, 'gpu_mem_used_mb': 31471.0, 'gpu_load': 0.0}
Averaging model weights...
Evaluating updated global model on test set...
    [Client 1] Round 3 - Waiting for global weights...
    [Client 4] Round 3 - Waiting for global weights...
    [Client 7] Round 3 - Waiting for global weights...
    [Client 6] Round 3 - Waiting for global weights...
    [Client 2] Round 3 - Waiting for global weights...
    [Client 5] Round 3 - Waiting for global weights...
    [Client 9] Round 3 - Waiting for global weights...
    [Client 8] Round 3 - Waiting for global weights...
    [Client 10] Round 3 - Waiting for global weights...
    [Client 3] Round 3 - Waiting for global weights...
Round 2 Evaluation - Accuracy: 0.1818, Loss: 2.2211

===== Round 3 =====
Broadcasting global model to all clients...
Waiting for model weights from client 1...
    [Client 4] Round 3 - Training on local data...
    [Client 7] Round 3 - Training on local data...
    [Client 9] Round 3 - Training on local data...
    [Client 1] Round 3 - Training on local data...
    [Client 2] Round 3 - Training on local data...
    [Client 10] Round 3 - Training on local data...
    [Client 8] Round 3 - Training on local data...
    [Client 6] Round 3 - Training on local data...
    [Client 5] Round 3 - Training on local data...
    [Client 3] Round 3 - Training on local data...
    [Client 9] System Stats: {'client_rank': 9, 'round': 3, 'timestamp': '2025-07-25 12:11:11', 'cpu_time': 978847.34, 'cpu_freq_mhz': 2078.8963437499997, 'ram_used_mb': 2844.95872, 'net_sent_bytes': 24238438609, 'net_recv_bytes': 358391401031, 'gpu_mem_used_mb': 31473.0, 'gpu_load': 0.01}
    [Client 9] Round 3 - Sending updated weights to server...
    [Client 4] System Stats: {'client_rank': 4, 'round': 3, 'timestamp': '2025-07-25 12:11:11', 'cpu_time': 432393.31, 'cpu_freq_mhz': 2100.00115625, 'ram_used_mb': 2971.471872, 'net_sent_bytes': 3818804882, 'net_recv_bytes': 18035448036, 'gpu_mem_used_mb': 31473.0, 'gpu_load': 0.0}
    [Client 4] Round 3 - Sending updated weights to server...
    [Client 7] System Stats: {'client_rank': 7, 'round': 3, 'timestamp': '2025-07-25 12:11:11', 'cpu_time': 437323.07999999996, 'cpu_freq_mhz': 2068.0868437500003, 'ram_used_mb': 2957.983744, 'net_sent_bytes': 328721078851, 'net_recv_bytes': 360269535292, 'gpu_mem_used_mb': 31473.0, 'gpu_load': 0.01}
    [Client 1] System Stats: {'client_rank': 1, 'round': 3, 'timestamp': '2025-07-25 12:11:11', 'cpu_time': 749261.95, 'cpu_freq_mhz': 2100.00353125, 'ram_used_mb': 2951.626752, 'net_sent_bytes': 6906543374, 'net_recv_bytes': 124344212016, 'gpu_mem_used_mb': 31473.0, 'gpu_load': 0.0}
    [Client 7] Round 3 - Sending updated weights to server...
    [Client 8] System Stats: {'client_rank': 8, 'round': 3, 'timestamp': '2025-07-25 12:11:11', 'cpu_time': 995065.88, 'cpu_freq_mhz': 2046.84053125, 'ram_used_mb': 2943.127552, 'net_sent_bytes': 34961916096, 'net_recv_bytes': 541222214740, 'gpu_mem_used_mb': 31473.0, 'gpu_load': 0.01}
    [Client 1] Round 3 - Sending updated weights to server...
Received weights from client 1
Waiting for model weights from client 2...
    [Client 8] Round 3 - Sending updated weights to server...
    [Client 6] System Stats: {'client_rank': 6, 'round': 3, 'timestamp': '2025-07-25 12:11:11', 'cpu_time': 1698833.74, 'cpu_freq_mhz': 2092.56359375, 'ram_used_mb': 2952.163328, 'net_sent_bytes': 20598866154, 'net_recv_bytes': 44045917916, 'gpu_mem_used_mb': 31473.0, 'gpu_load': 0.01}
    [Client 6] Round 3 - Sending updated weights to server...
    [Client 10] System Stats: {'client_rank': 10, 'round': 3, 'timestamp': '2025-07-25 12:11:11', 'cpu_time': 860400.63, 'cpu_freq_mhz': 2100.00246875, 'ram_used_mb': 2920.206336, 'net_sent_bytes': 29819596568, 'net_recv_bytes': 289082220723, 'gpu_mem_used_mb': 31473.0, 'gpu_load': 0.0}
    [Client 10] Round 3 - Sending updated weights to server...
    [Client 5] System Stats: {'client_rank': 5, 'round': 3, 'timestamp': '2025-07-25 12:11:12', 'cpu_time': 1340950.39, 'cpu_freq_mhz': 2100.00215625, 'ram_used_mb': 2961.190912, 'net_sent_bytes': 16998453913, 'net_recv_bytes': 69084012397, 'gpu_mem_used_mb': 31473.0, 'gpu_load': 0.01}
    [Client 5] Round 3 - Sending updated weights to server...
    [Client 3] System Stats: {'client_rank': 3, 'round': 3, 'timestamp': '2025-07-25 12:11:12', 'cpu_time': 219256.12, 'cpu_freq_mhz': 2100.00078125, 'ram_used_mb': 2961.83808, 'net_sent_bytes': 3700383944, 'net_recv_bytes': 19218031532, 'gpu_mem_used_mb': 31473.0, 'gpu_load': 0.0}
    [Client 3] Round 3 - Sending updated weights to server...
    [Client 1] Round 4 - Waiting for global weights...
    [Client 2] System Stats: {'client_rank': 2, 'round': 3, 'timestamp': '2025-07-25 12:11:12', 'cpu_time': 849959.5499999999, 'cpu_freq_mhz': 2072.61875, 'ram_used_mb': 2929.364992, 'net_sent_bytes': 4232145801, 'net_recv_bytes': 25141638025, 'gpu_mem_used_mb': 31473.0, 'gpu_load': 0.01}
    [Client 2] Round 3 - Sending updated weights to server...
Received weights from client 2
Waiting for model weights from client 3...
Received weights from client 3
Waiting for model weights from client 4...
Received weights from client 4
Waiting for model weights from client 5...
Received weights from client 5
Waiting for model weights from client 6...
Received weights from client 6
Waiting for model weights from client 7...
Received weights from client 7
Waiting for model weights from client 8...
Received weights from client 8
Waiting for model weights from client 9...
Received weights from client 9
Waiting for model weights from client 10...
Received weights from client 10
Received system metrics from client 1: {'client_rank': 1, 'round': 3, 'timestamp': '2025-07-25 12:11:11', 'cpu_time': 749261.95, 'cpu_freq_mhz': 2100.00353125, 'ram_used_mb': 2951.626752, 'net_sent_bytes': 6906543374, 'net_recv_bytes': 124344212016, 'gpu_mem_used_mb': 31473.0, 'gpu_load': 0.0}
Received system metrics from client 2: {'client_rank': 2, 'round': 3, 'timestamp': '2025-07-25 12:11:12', 'cpu_time': 849959.5499999999, 'cpu_freq_mhz': 2072.61875, 'ram_used_mb': 2929.364992, 'net_sent_bytes': 4232145801, 'net_recv_bytes': 25141638025, 'gpu_mem_used_mb': 31473.0, 'gpu_load': 0.01}
Received system metrics from client 3: {'client_rank': 3, 'round': 3, 'timestamp': '2025-07-25 12:11:12', 'cpu_time': 219256.12, 'cpu_freq_mhz': 2100.00078125, 'ram_used_mb': 2961.83808, 'net_sent_bytes': 3700383944, 'net_recv_bytes': 19218031532, 'gpu_mem_used_mb': 31473.0, 'gpu_load': 0.0}
Received system metrics from client 4: {'client_rank': 4, 'round': 3, 'timestamp': '2025-07-25 12:11:11', 'cpu_time': 432393.31, 'cpu_freq_mhz': 2100.00115625, 'ram_used_mb': 2971.471872, 'net_sent_bytes': 3818804882, 'net_recv_bytes': 18035448036, 'gpu_mem_used_mb': 31473.0, 'gpu_load': 0.0}
Received system metrics from client 5: {'client_rank': 5, 'round': 3, 'timestamp': '2025-07-25 12:11:12', 'cpu_time': 1340950.39, 'cpu_freq_mhz': 2100.00215625, 'ram_used_mb': 2961.190912, 'net_sent_bytes': 16998453913, 'net_recv_bytes': 69084012397, 'gpu_mem_used_mb': 31473.0, 'gpu_load': 0.01}
Received system metrics from client 6: {'client_rank': 6, 'round': 3, 'timestamp': '2025-07-25 12:11:11', 'cpu_time': 1698833.74, 'cpu_freq_mhz': 2092.56359375, 'ram_used_mb': 2952.163328, 'net_sent_bytes': 20598866154, 'net_recv_bytes': 44045917916, 'gpu_mem_used_mb': 31473.0, 'gpu_load': 0.01}
Received system metrics from client 7: {'client_rank': 7, 'round': 3, 'timestamp': '2025-07-25 12:11:11', 'cpu_time': 437323.07999999996, 'cpu_freq_mhz': 2068.0868437500003, 'ram_used_mb': 2957.983744, 'net_sent_bytes': 328721078851, 'net_recv_bytes': 360269535292, 'gpu_mem_used_mb': 31473.0, 'gpu_load': 0.01}
Received system metrics from client 8: {'client_rank': 8, 'round': 3, 'timestamp': '2025-07-25 12:11:11', 'cpu_time': 995065.88, 'cpu_freq_mhz': 2046.84053125, 'ram_used_mb': 2943.127552, 'net_sent_bytes': 34961916096, 'net_recv_bytes': 541222214740, 'gpu_mem_used_mb': 31473.0, 'gpu_load': 0.01}
Received system metrics from client 9: {'client_rank': 9, 'round': 3, 'timestamp': '2025-07-25 12:11:11', 'cpu_time': 978847.34, 'cpu_freq_mhz': 2078.8963437499997, 'ram_used_mb': 2844.95872, 'net_sent_bytes': 24238438609, 'net_recv_bytes': 358391401031, 'gpu_mem_used_mb': 31473.0, 'gpu_load': 0.01}
Received system metrics from client 10: {'client_rank': 10, 'round': 3, 'timestamp': '2025-07-25 12:11:11', 'cpu_time': 860400.63, 'cpu_freq_mhz': 2100.00246875, 'ram_used_mb': 2920.206336, 'net_sent_bytes': 29819596568, 'net_recv_bytes': 289082220723, 'gpu_mem_used_mb': 31473.0, 'gpu_load': 0.0}
Averaging model weights...
Evaluating updated global model on test set...
    [Client 6] Round 4 - Waiting for global weights...
    [Client 3] Round 4 - Waiting for global weights...
    [Client 4] Round 4 - Waiting for global weights...
    [Client 8] Round 4 - Waiting for global weights...
    [Client 5] Round 4 - Waiting for global weights...
    [Client 7] Round 4 - Waiting for global weights...
    [Client 2] Round 4 - Waiting for global weights...
    [Client 10] Round 4 - Waiting for global weights...
    [Client 9] Round 4 - Waiting for global weights...
Round 3 Evaluation - Accuracy: 0.4533, Loss: 1.5179

===== Round 4 =====
Broadcasting global model to all clients...
Waiting for model weights from client 1...
    [Client 7] Round 4 - Training on local data...
    [Client 6] Round 4 - Training on local data...
    [Client 8] Round 4 - Training on local data...
    [Client 1] Round 4 - Training on local data...
    [Client 3] Round 4 - Training on local data...
    [Client 10] Round 4 - Training on local data...
    [Client 9] Round 4 - Training on local data...
    [Client 5] Round 4 - Training on local data...
    [Client 4] Round 4 - Training on local data...
    [Client 2] Round 4 - Training on local data...
    [Client 9] System Stats: {'client_rank': 9, 'round': 4, 'timestamp': '2025-07-25 12:11:28', 'cpu_time': 978852.2, 'cpu_freq_mhz': 2069.1471874999997, 'ram_used_mb': 3020.890112, 'net_sent_bytes': 24238442412, 'net_recv_bytes': 358391445896, 'gpu_mem_used_mb': 31473.0, 'gpu_load': 0.0}
    [Client 9] Round 4 - Sending updated weights to server...
    [Client 6] System Stats: {'client_rank': 6, 'round': 4, 'timestamp': '2025-07-25 12:11:28', 'cpu_time': 1698839.1800000002, 'cpu_freq_mhz': 2070.2610624999998, 'ram_used_mb': 3091.628032, 'net_sent_bytes': 20598867747, 'net_recv_bytes': 44045960670, 'gpu_mem_used_mb': 31473.0, 'gpu_load': 0.0}
    [Client 6] Round 4 - Sending updated weights to server...
    [Client 3] System Stats: {'client_rank': 3, 'round': 4, 'timestamp': '2025-07-25 12:11:28', 'cpu_time': 219258.22, 'cpu_freq_mhz': 2100.0005625, 'ram_used_mb': 3105.337344, 'net_sent_bytes': 3700687200, 'net_recv_bytes': 19218375137, 'gpu_mem_used_mb': 31473.0, 'gpu_load': 0.01}
    [Client 3] Round 4 - Sending updated weights to server...
    [Client 1] System Stats: {'client_rank': 1, 'round': 4, 'timestamp': '2025-07-25 12:11:29', 'cpu_time': 749270.0, 'cpu_freq_mhz': 2100.00121875, 'ram_used_mb': 3059.294208, 'net_sent_bytes': 6906546023, 'net_recv_bytes': 124344256120, 'gpu_mem_used_mb': 31473.0, 'gpu_load': 0.01}
    [Client 1] Round 4 - Sending updated weights to server...
Received weights from client 1
Waiting for model weights from client 2...
    [Client 7] System Stats: {'client_rank': 7, 'round': 4, 'timestamp': '2025-07-25 12:11:29', 'cpu_time': 437324.79, 'cpu_freq_mhz': 2087.30209375, 'ram_used_mb': 3085.479936, 'net_sent_bytes': 328721085673, 'net_recv_bytes': 360269581524, 'gpu_mem_used_mb': 31473.0, 'gpu_load': 0.01}
    [Client 7] Round 4 - Sending updated weights to server...
    [Client 4] System Stats: {'client_rank': 4, 'round': 4, 'timestamp': '2025-07-25 12:11:29', 'cpu_time': 432394.86, 'cpu_freq_mhz': 2072.82578125, 'ram_used_mb': 3101.442048, 'net_sent_bytes': 3818808660, 'net_recv_bytes': 18035494403, 'gpu_mem_used_mb': 31473.0, 'gpu_load': 0.0}
    [Client 4] Round 4 - Sending updated weights to server...
    [Client 8] System Stats: {'client_rank': 8, 'round': 4, 'timestamp': '2025-07-25 12:11:29', 'cpu_time': 995067.6799999999, 'cpu_freq_mhz': 2100.001125, 'ram_used_mb': 3070.414848, 'net_sent_bytes': 34961921734, 'net_recv_bytes': 541222268226, 'gpu_mem_used_mb': 31473.0, 'gpu_load': 0.01}
    [Client 5] System Stats: {'client_rank': 5, 'round': 4, 'timestamp': '2025-07-25 12:11:29', 'cpu_time': 1340955.21, 'cpu_freq_mhz': 2100.0004375, 'ram_used_mb': 3067.06432, 'net_sent_bytes': 16998461205, 'net_recv_bytes': 69084059503, 'gpu_mem_used_mb': 31473.0, 'gpu_load': 0.0}
    [Client 8] Round 4 - Sending updated weights to server...
    [Client 5] Round 4 - Sending updated weights to server...
    [Client 2] System Stats: {'client_rank': 2, 'round': 4, 'timestamp': '2025-07-25 12:11:29', 'cpu_time': 849961.93, 'cpu_freq_mhz': 2100.0014375, 'ram_used_mb': 3091.238912, 'net_sent_bytes': 4232192233, 'net_recv_bytes': 25141690012, 'gpu_mem_used_mb': 31473.0, 'gpu_load': 0.0}
    [Client 2] Round 4 - Sending updated weights to server...
Received weights from client 2
Waiting for model weights from client 3...
Received weights from client 3
Waiting for model weights from client 4...
    [Client 10] System Stats: {'client_rank': 10, 'round': 4, 'timestamp': '2025-07-25 12:11:29', 'cpu_time': 860402.1900000001, 'cpu_freq_mhz': 2100.00315625, 'ram_used_mb': 2946.048, 'net_sent_bytes': 29819615943, 'net_recv_bytes': 289086641205, 'gpu_mem_used_mb': 31473.0, 'gpu_load': 0.01}
Received weights from client 4
Waiting for model weights from client 5...
Received weights from client 5
Waiting for model weights from client 6...
Received weights from client 6
Waiting for model weights from client 7...
Received weights from client 7
Waiting for model weights from client 8...
    [Client 10] Round 4 - Sending updated weights to server...
Received weights from client 8
Waiting for model weights from client 9...
Received weights from client 9
Waiting for model weights from client 10...
Received weights from client 10
Received system metrics from client 1: {'client_rank': 1, 'round': 4, 'timestamp': '2025-07-25 12:11:29', 'cpu_time': 749270.0, 'cpu_freq_mhz': 2100.00121875, 'ram_used_mb': 3059.294208, 'net_sent_bytes': 6906546023, 'net_recv_bytes': 124344256120, 'gpu_mem_used_mb': 31473.0, 'gpu_load': 0.01}
Received system metrics from client 2: {'client_rank': 2, 'round': 4, 'timestamp': '2025-07-25 12:11:29', 'cpu_time': 849961.93, 'cpu_freq_mhz': 2100.0014375, 'ram_used_mb': 3091.238912, 'net_sent_bytes': 4232192233, 'net_recv_bytes': 25141690012, 'gpu_mem_used_mb': 31473.0, 'gpu_load': 0.0}
Received system metrics from client 3: {'client_rank': 3, 'round': 4, 'timestamp': '2025-07-25 12:11:28', 'cpu_time': 219258.22, 'cpu_freq_mhz': 2100.0005625, 'ram_used_mb': 3105.337344, 'net_sent_bytes': 3700687200, 'net_recv_bytes': 19218375137, 'gpu_mem_used_mb': 31473.0, 'gpu_load': 0.01}
Received system metrics from client 4: {'client_rank': 4, 'round': 4, 'timestamp': '2025-07-25 12:11:29', 'cpu_time': 432394.86, 'cpu_freq_mhz': 2072.82578125, 'ram_used_mb': 3101.442048, 'net_sent_bytes': 3818808660, 'net_recv_bytes': 18035494403, 'gpu_mem_used_mb': 31473.0, 'gpu_load': 0.0}
Received system metrics from client 5: {'client_rank': 5, 'round': 4, 'timestamp': '2025-07-25 12:11:29', 'cpu_time': 1340955.21, 'cpu_freq_mhz': 2100.0004375, 'ram_used_mb': 3067.06432, 'net_sent_bytes': 16998461205, 'net_recv_bytes': 69084059503, 'gpu_mem_used_mb': 31473.0, 'gpu_load': 0.0}
Received system metrics from client 6: {'client_rank': 6, 'round': 4, 'timestamp': '2025-07-25 12:11:28', 'cpu_time': 1698839.1800000002, 'cpu_freq_mhz': 2070.2610624999998, 'ram_used_mb': 3091.628032, 'net_sent_bytes': 20598867747, 'net_recv_bytes': 44045960670, 'gpu_mem_used_mb': 31473.0, 'gpu_load': 0.0}
Received system metrics from client 7: {'client_rank': 7, 'round': 4, 'timestamp': '2025-07-25 12:11:29', 'cpu_time': 437324.79, 'cpu_freq_mhz': 2087.30209375, 'ram_used_mb': 3085.479936, 'net_sent_bytes': 328721085673, 'net_recv_bytes': 360269581524, 'gpu_mem_used_mb': 31473.0, 'gpu_load': 0.01}
Received system metrics from client 8: {'client_rank': 8, 'round': 4, 'timestamp': '2025-07-25 12:11:29', 'cpu_time': 995067.6799999999, 'cpu_freq_mhz': 2100.001125, 'ram_used_mb': 3070.414848, 'net_sent_bytes': 34961921734, 'net_recv_bytes': 541222268226, 'gpu_mem_used_mb': 31473.0, 'gpu_load': 0.01}
Received system metrics from client 9: {'client_rank': 9, 'round': 4, 'timestamp': '2025-07-25 12:11:28', 'cpu_time': 978852.2, 'cpu_freq_mhz': 2069.1471874999997, 'ram_used_mb': 3020.890112, 'net_sent_bytes': 24238442412, 'net_recv_bytes': 358391445896, 'gpu_mem_used_mb': 31473.0, 'gpu_load': 0.0}
Received system metrics from client 10: {'client_rank': 10, 'round': 4, 'timestamp': '2025-07-25 12:11:29', 'cpu_time': 860402.1900000001, 'cpu_freq_mhz': 2100.00315625, 'ram_used_mb': 2946.048, 'net_sent_bytes': 29819615943, 'net_recv_bytes': 289086641205, 'gpu_mem_used_mb': 31473.0, 'gpu_load': 0.01}
Averaging model weights...
Evaluating updated global model on test set...
    [Client 1] Round 5 - Waiting for global weights...
    [Client 3] Round 5 - Waiting for global weights...
    [Client 2] Round 5 - Waiting for global weights...
    [Client 5] Round 5 - Waiting for global weights...
    [Client 4] Round 5 - Waiting for global weights...
    [Client 7] Round 5 - Waiting for global weights...
    [Client 6] Round 5 - Waiting for global weights...
    [Client 9] Round 5 - Waiting for global weights...
    [Client 8] Round 5 - Waiting for global weights...
    [Client 10] Round 5 - Waiting for global weights...
Round 4 Evaluation - Accuracy: 0.5043, Loss: 1.3563

===== Round 5 =====
Broadcasting global model to all clients...
Waiting for model weights from client 1...
    [Client 9] Round 5 - Training on local data...
    [Client 7] Round 5 - Training on local data...
    [Client 6] Round 5 - Training on local data...
    [Client 10] Round 5 - Training on local data...
    [Client 8] Round 5 - Training on local data...
    [Client 3] Round 5 - Training on local data...
    [Client 1] Round 5 - Training on local data...
    [Client 5] Round 5 - Training on local data...
    [Client 4] Round 5 - Training on local data...
    [Client 2] Round 5 - Training on local data...
    [Client 9] System Stats: {'client_rank': 9, 'round': 5, 'timestamp': '2025-07-25 12:11:45', 'cpu_time': 978855.98, 'cpu_freq_mhz': 2088.4528125, 'ram_used_mb': 3170.992128, 'net_sent_bytes': 24238444476, 'net_recv_bytes': 358391491194, 'gpu_mem_used_mb': 31475.0, 'gpu_load': 0.01}
    [Client 9] Round 5 - Sending updated weights to server...
    [Client 6] System Stats: {'client_rank': 6, 'round': 5, 'timestamp': '2025-07-25 12:11:45', 'cpu_time': 1698844.29, 'cpu_freq_mhz': 2100.0014375, 'ram_used_mb': 3128.119296, 'net_sent_bytes': 20598901614, 'net_recv_bytes': 44050396508, 'gpu_mem_used_mb': 31475.0, 'gpu_load': 0.0}
    [Client 6] Round 5 - Sending updated weights to server...
    [Client 7] System Stats: {'client_rank': 7, 'round': 5, 'timestamp': '2025-07-25 12:11:45', 'cpu_time': 437326.52999999997, 'cpu_freq_mhz': 2099.81353125, 'ram_used_mb': 3278.37696, 'net_sent_bytes': 328721215079, 'net_recv_bytes': 360299239526, 'gpu_mem_used_mb': 31475.0, 'gpu_load': 0.0}
    [Client 4] System Stats: {'client_rank': 4, 'round': 5, 'timestamp': '2025-07-25 12:11:45', 'cpu_time': 432396.16, 'cpu_freq_mhz': 2084.3768437500003, 'ram_used_mb': 3278.753792, 'net_sent_bytes': 3818812452, 'net_recv_bytes': 18035540311, 'gpu_mem_used_mb': 31475.0, 'gpu_load': 0.0}
    [Client 7] Round 5 - Sending updated weights to server...
    [Client 4] Round 5 - Sending updated weights to server...
    [Client 10] System Stats: {'client_rank': 10, 'round': 5, 'timestamp': '2025-07-25 12:11:45', 'cpu_time': 860403.62, 'cpu_freq_mhz': 2100.00059375, 'ram_used_mb': 3118.538752, 'net_sent_bytes': 29819645459, 'net_recv_bytes': 289086689060, 'gpu_mem_used_mb': 31475.0, 'gpu_load': 0.01}
    [Client 10] Round 5 - Sending updated weights to server...
    [Client 8] System Stats: {'client_rank': 8, 'round': 5, 'timestamp': '2025-07-25 12:11:45', 'cpu_time': 995068.97, 'cpu_freq_mhz': 2084.3765625, 'ram_used_mb': 3224.82176, 'net_sent_bytes': 34961925111, 'net_recv_bytes': 541222313940, 'gpu_mem_used_mb': 31475.0, 'gpu_load': 0.01}
    [Client 8] Round 5 - Sending updated weights to server...
    [Client 3] System Stats: {'client_rank': 3, 'round': 5, 'timestamp': '2025-07-25 12:11:45', 'cpu_time': 219260.71, 'cpu_freq_mhz': 2100.0005, 'ram_used_mb': 3103.678464, 'net_sent_bytes': 3701012709, 'net_recv_bytes': 19223104748, 'gpu_mem_used_mb': 31475.0, 'gpu_load': 0.0}
    [Client 3] Round 5 - Sending updated weights to server...
    [Client 5] System Stats: {'client_rank': 5, 'round': 5, 'timestamp': '2025-07-25 12:11:45', 'cpu_time': 1340960.0499999998, 'cpu_freq_mhz': 2100.00046875, 'ram_used_mb': 3245.019136, 'net_sent_bytes': 16998462879, 'net_recv_bytes': 69084104283, 'gpu_mem_used_mb': 31475.0, 'gpu_load': 0.0}
    [Client 2] System Stats: {'client_rank': 2, 'round': 5, 'timestamp': '2025-07-25 12:11:45', 'cpu_time': 849964.05, 'cpu_freq_mhz': 2065.225, 'ram_used_mb': 3262.27968, 'net_sent_bytes': 4232209984, 'net_recv_bytes': 25141739998, 'gpu_mem_used_mb': 31475.0, 'gpu_load': 0.0}
    [Client 5] Round 5 - Sending updated weights to server...
    [Client 2] Round 5 - Sending updated weights to server...
    [Client 1] System Stats: {'client_rank': 1, 'round': 5, 'timestamp': '2025-07-25 12:11:46', 'cpu_time': 749278.6900000001, 'cpu_freq_mhz': 2100.0013125, 'ram_used_mb': 3115.507712, 'net_sent_bytes': 6906563669, 'net_recv_bytes': 124348677304, 'gpu_mem_used_mb': 31475.0, 'gpu_load': 0.01}
    [Client 1] Round 5 - Sending updated weights to server...
Received weights from client 1
Waiting for model weights from client 2...
Received weights from client 2
Waiting for model weights from client 3...
Received weights from client 3
Waiting for model weights from client 4...
Received weights from client 4
Waiting for model weights from client 5...
Received weights from client 5
Waiting for model weights from client 6...
Received weights from client 6
Waiting for model weights from client 7...
Received weights from client 7
Waiting for model weights from client 8...
Received weights from client 8
Waiting for model weights from client 9...
Received weights from client 9
Waiting for model weights from client 10...
Received weights from client 10
Received system metrics from client 1: {'client_rank': 1, 'round': 5, 'timestamp': '2025-07-25 12:11:46', 'cpu_time': 749278.6900000001, 'cpu_freq_mhz': 2100.0013125, 'ram_used_mb': 3115.507712, 'net_sent_bytes': 6906563669, 'net_recv_bytes': 124348677304, 'gpu_mem_used_mb': 31475.0, 'gpu_load': 0.01}
Received system metrics from client 2: {'client_rank': 2, 'round': 5, 'timestamp': '2025-07-25 12:11:45', 'cpu_time': 849964.05, 'cpu_freq_mhz': 2065.225, 'ram_used_mb': 3262.27968, 'net_sent_bytes': 4232209984, 'net_recv_bytes': 25141739998, 'gpu_mem_used_mb': 31475.0, 'gpu_load': 0.0}
Received system metrics from client 3: {'client_rank': 3, 'round': 5, 'timestamp': '2025-07-25 12:11:45', 'cpu_time': 219260.71, 'cpu_freq_mhz': 2100.0005, 'ram_used_mb': 3103.678464, 'net_sent_bytes': 3701012709, 'net_recv_bytes': 19223104748, 'gpu_mem_used_mb': 31475.0, 'gpu_load': 0.0}
Received system metrics from client 4: {'client_rank': 4, 'round': 5, 'timestamp': '2025-07-25 12:11:45', 'cpu_time': 432396.16, 'cpu_freq_mhz': 2084.3768437500003, 'ram_used_mb': 3278.753792, 'net_sent_bytes': 3818812452, 'net_recv_bytes': 18035540311, 'gpu_mem_used_mb': 31475.0, 'gpu_load': 0.0}
Received system metrics from client 5: {'client_rank': 5, 'round': 5, 'timestamp': '2025-07-25 12:11:45', 'cpu_time': 1340960.0499999998, 'cpu_freq_mhz': 2100.00046875, 'ram_used_mb': 3245.019136, 'net_sent_bytes': 16998462879, 'net_recv_bytes': 69084104283, 'gpu_mem_used_mb': 31475.0, 'gpu_load': 0.0}
Received system metrics from client 6: {'client_rank': 6, 'round': 5, 'timestamp': '2025-07-25 12:11:45', 'cpu_time': 1698844.29, 'cpu_freq_mhz': 2100.0014375, 'ram_used_mb': 3128.119296, 'net_sent_bytes': 20598901614, 'net_recv_bytes': 44050396508, 'gpu_mem_used_mb': 31475.0, 'gpu_load': 0.0}
Received system metrics from client 7: {'client_rank': 7, 'round': 5, 'timestamp': '2025-07-25 12:11:45', 'cpu_time': 437326.52999999997, 'cpu_freq_mhz': 2099.81353125, 'ram_used_mb': 3278.37696, 'net_sent_bytes': 328721215079, 'net_recv_bytes': 360299239526, 'gpu_mem_used_mb': 31475.0, 'gpu_load': 0.0}
Received system metrics from client 8: {'client_rank': 8, 'round': 5, 'timestamp': '2025-07-25 12:11:45', 'cpu_time': 995068.97, 'cpu_freq_mhz': 2084.3765625, 'ram_used_mb': 3224.82176, 'net_sent_bytes': 34961925111, 'net_recv_bytes': 541222313940, 'gpu_mem_used_mb': 31475.0, 'gpu_load': 0.01}
Received system metrics from client 9: {'client_rank': 9, 'round': 5, 'timestamp': '2025-07-25 12:11:45', 'cpu_time': 978855.98, 'cpu_freq_mhz': 2088.4528125, 'ram_used_mb': 3170.992128, 'net_sent_bytes': 24238444476, 'net_recv_bytes': 358391491194, 'gpu_mem_used_mb': 31475.0, 'gpu_load': 0.01}
Received system metrics from client 10: {'client_rank': 10, 'round': 5, 'timestamp': '2025-07-25 12:11:45', 'cpu_time': 860403.62, 'cpu_freq_mhz': 2100.00059375, 'ram_used_mb': 3118.538752, 'net_sent_bytes': 29819645459, 'net_recv_bytes': 289086689060, 'gpu_mem_used_mb': 31475.0, 'gpu_load': 0.01}
Averaging model weights...
Evaluating updated global model on test set...
    [Client 4] Round 6 - Waiting for global weights...
    [Client 3] Round 6 - Waiting for global weights...
    [Client 6] Round 6 - Waiting for global weights...
    [Client 7] Round 6 - Waiting for global weights...
    [Client 9] Round 6 - Waiting for global weights...
    [Client 8] Round 6 - Waiting for global weights...
    [Client 2] Round 6 - Waiting for global weights...
    [Client 10] Round 6 - Waiting for global weights...
    [Client 1] Round 6 - Waiting for global weights...
    [Client 5] Round 6 - Waiting for global weights...
Round 5 Evaluation - Accuracy: 0.5628, Loss: 1.2147

===== Round 6 =====
Broadcasting global model to all clients...
Waiting for model weights from client 1...
    [Client 4] Round 6 - Training on local data...
    [Client 7] Round 6 - Training on local data...
    [Client 6] Round 6 - Training on local data...
    [Client 9] Round 6 - Training on local data...
    [Client 10] Round 6 - Training on local data...
    [Client 3] Round 6 - Training on local data...
    [Client 8] Round 6 - Training on local data...
    [Client 1] Round 6 - Training on local data...
    [Client 5] Round 6 - Training on local data...
    [Client 2] Round 6 - Training on local data...
    [Client 6] System Stats: {'client_rank': 6, 'round': 6, 'timestamp': '2025-07-25 12:12:02', 'cpu_time': 1698848.69, 'cpu_freq_mhz': 2100.00184375, 'ram_used_mb': 3260.121088, 'net_sent_bytes': 20598948260, 'net_recv_bytes': 44050467203, 'gpu_mem_used_mb': 31475.0, 'gpu_load': 0.0}
    [Client 6] Round 6 - Sending updated weights to server...
    [Client 4] System Stats: {'client_rank': 4, 'round': 6, 'timestamp': '2025-07-25 12:12:02', 'cpu_time': 432397.51, 'cpu_freq_mhz': 2100.0, 'ram_used_mb': 3386.392576, 'net_sent_bytes': 3818816490, 'net_recv_bytes': 18035593051, 'gpu_mem_used_mb': 31475.0, 'gpu_load': 0.01}
    [Client 4] Round 6 - Sending updated weights to server...
    [Client 9] System Stats: {'client_rank': 9, 'round': 6, 'timestamp': '2025-07-25 12:12:02', 'cpu_time': 978862.7, 'cpu_freq_mhz': 2087.9925000000003, 'ram_used_mb': 3321.319424, 'net_sent_bytes': 24238454421, 'net_recv_bytes': 358391548286, 'gpu_mem_used_mb': 31475.0, 'gpu_load': 0.01}
    [Client 9] Round 6 - Sending updated weights to server...
    [Client 8] System Stats: {'client_rank': 8, 'round': 6, 'timestamp': '2025-07-25 12:12:02', 'cpu_time': 995070.35, 'cpu_freq_mhz': 2100.00125, 'ram_used_mb': 3403.128832, 'net_sent_bytes': 34961929686, 'net_recv_bytes': 541222367130, 'gpu_mem_used_mb': 31475.0, 'gpu_load': 0.01}
    [Client 8] Round 6 - Sending updated weights to server...
    [Client 7] System Stats: {'client_rank': 7, 'round': 6, 'timestamp': '2025-07-25 12:12:02', 'cpu_time': 437328.37, 'cpu_freq_mhz': 2066.48325, 'ram_used_mb': 3251.314688, 'net_sent_bytes': 328721242650, 'net_recv_bytes': 360303673035, 'gpu_mem_used_mb': 31475.0, 'gpu_load': 0.01}
    [Client 3] System Stats: {'client_rank': 3, 'round': 6, 'timestamp': '2025-07-25 12:12:02', 'cpu_time': 219263.28, 'cpu_freq_mhz': 2100.0012500000003, 'ram_used_mb': 3255.083008, 'net_sent_bytes': 3701326064, 'net_recv_bytes': 19223442419, 'gpu_mem_used_mb': 31475.0, 'gpu_load': 0.01}
    [Client 10] System Stats: {'client_rank': 10, 'round': 6, 'timestamp': '2025-07-25 12:12:02', 'cpu_time': 860404.5599999999, 'cpu_freq_mhz': 2100.00078125, 'ram_used_mb': 3247.84128, 'net_sent_bytes': 29819647781, 'net_recv_bytes': 289086740244, 'gpu_mem_used_mb': 31475.0, 'gpu_load': 0.01}
    [Client 7] Round 6 - Sending updated weights to server...
    [Client 3] Round 6 - Sending updated weights to server...
    [Client 10] Round 6 - Sending updated weights to server...
    [Client 5] System Stats: {'client_rank': 5, 'round': 6, 'timestamp': '2025-07-25 12:12:03', 'cpu_time': 1340965.0499999998, 'cpu_freq_mhz': 2100.0009375, 'ram_used_mb': 3405.90592, 'net_sent_bytes': 16998466027, 'net_recv_bytes': 69084156971, 'gpu_mem_used_mb': 31475.0, 'gpu_load': 0.0}
    [Client 5] Round 6 - Sending updated weights to server...
    [Client 1] System Stats: {'client_rank': 1, 'round': 6, 'timestamp': '2025-07-25 12:12:03', 'cpu_time': 749287.14, 'cpu_freq_mhz': 2100.0005, 'ram_used_mb': 3245.514752, 'net_sent_bytes': 6906566597, 'net_recv_bytes': 124348729518, 'gpu_mem_used_mb': 31475.0, 'gpu_load': 0.0}
    [Client 1] Round 6 - Sending updated weights to server...
Received weights from client 1
Waiting for model weights from client 2...
    [Client 2] System Stats: {'client_rank': 2, 'round': 6, 'timestamp': '2025-07-25 12:12:03', 'cpu_time': 849966.22, 'cpu_freq_mhz': 2100.0015625, 'ram_used_mb': 3407.826944, 'net_sent_bytes': 4232228683, 'net_recv_bytes': 25141797884, 'gpu_mem_used_mb': 31475.0, 'gpu_load': 0.01}
    [Client 2] Round 6 - Sending updated weights to server...
Received weights from client 2
Waiting for model weights from client 3...
Received weights from client 3
Waiting for model weights from client 4...
Received weights from client 4
Waiting for model weights from client 5...
Received weights from client 5
Waiting for model weights from client 6...
Received weights from client 6
Waiting for model weights from client 7...
Received weights from client 7
Waiting for model weights from client 8...
Received weights from client 8
Waiting for model weights from client 9...
Received weights from client 9
Waiting for model weights from client 10...
Received weights from client 10
Received system metrics from client 1: {'client_rank': 1, 'round': 6, 'timestamp': '2025-07-25 12:12:03', 'cpu_time': 749287.14, 'cpu_freq_mhz': 2100.0005, 'ram_used_mb': 3245.514752, 'net_sent_bytes': 6906566597, 'net_recv_bytes': 124348729518, 'gpu_mem_used_mb': 31475.0, 'gpu_load': 0.0}
Received system metrics from client 2: {'client_rank': 2, 'round': 6, 'timestamp': '2025-07-25 12:12:03', 'cpu_time': 849966.22, 'cpu_freq_mhz': 2100.0015625, 'ram_used_mb': 3407.826944, 'net_sent_bytes': 4232228683, 'net_recv_bytes': 25141797884, 'gpu_mem_used_mb': 31475.0, 'gpu_load': 0.01}
Received system metrics from client 3: {'client_rank': 3, 'round': 6, 'timestamp': '2025-07-25 12:12:02', 'cpu_time': 219263.28, 'cpu_freq_mhz': 2100.0012500000003, 'ram_used_mb': 3255.083008, 'net_sent_bytes': 3701326064, 'net_recv_bytes': 19223442419, 'gpu_mem_used_mb': 31475.0, 'gpu_load': 0.01}
Received system metrics from client 4: {'client_rank': 4, 'round': 6, 'timestamp': '2025-07-25 12:12:02', 'cpu_time': 432397.51, 'cpu_freq_mhz': 2100.0, 'ram_used_mb': 3386.392576, 'net_sent_bytes': 3818816490, 'net_recv_bytes': 18035593051, 'gpu_mem_used_mb': 31475.0, 'gpu_load': 0.01}
Received system metrics from client 5: {'client_rank': 5, 'round': 6, 'timestamp': '2025-07-25 12:12:03', 'cpu_time': 1340965.0499999998, 'cpu_freq_mhz': 2100.0009375, 'ram_used_mb': 3405.90592, 'net_sent_bytes': 16998466027, 'net_recv_bytes': 69084156971, 'gpu_mem_used_mb': 31475.0, 'gpu_load': 0.0}
Received system metrics from client 6: {'client_rank': 6, 'round': 6, 'timestamp': '2025-07-25 12:12:02', 'cpu_time': 1698848.69, 'cpu_freq_mhz': 2100.00184375, 'ram_used_mb': 3260.121088, 'net_sent_bytes': 20598948260, 'net_recv_bytes': 44050467203, 'gpu_mem_used_mb': 31475.0, 'gpu_load': 0.0}
Received system metrics from client 7: {'client_rank': 7, 'round': 6, 'timestamp': '2025-07-25 12:12:02', 'cpu_time': 437328.37, 'cpu_freq_mhz': 2066.48325, 'ram_used_mb': 3251.314688, 'net_sent_bytes': 328721242650, 'net_recv_bytes': 360303673035, 'gpu_mem_used_mb': 31475.0, 'gpu_load': 0.01}
Received system metrics from client 8: {'client_rank': 8, 'round': 6, 'timestamp': '2025-07-25 12:12:02', 'cpu_time': 995070.35, 'cpu_freq_mhz': 2100.00125, 'ram_used_mb': 3403.128832, 'net_sent_bytes': 34961929686, 'net_recv_bytes': 541222367130, 'gpu_mem_used_mb': 31475.0, 'gpu_load': 0.01}
Received system metrics from client 9: {'client_rank': 9, 'round': 6, 'timestamp': '2025-07-25 12:12:02', 'cpu_time': 978862.7, 'cpu_freq_mhz': 2087.9925000000003, 'ram_used_mb': 3321.319424, 'net_sent_bytes': 24238454421, 'net_recv_bytes': 358391548286, 'gpu_mem_used_mb': 31475.0, 'gpu_load': 0.01}
Received system metrics from client 10: {'client_rank': 10, 'round': 6, 'timestamp': '2025-07-25 12:12:02', 'cpu_time': 860404.5599999999, 'cpu_freq_mhz': 2100.00078125, 'ram_used_mb': 3247.84128, 'net_sent_bytes': 29819647781, 'net_recv_bytes': 289086740244, 'gpu_mem_used_mb': 31475.0, 'gpu_load': 0.01}
Averaging model weights...
Evaluating updated global model on test set...
    [Client 1] Round 7 - Waiting for global weights...
    [Client 6] Round 7 - Waiting for global weights...
    [Client 4] Round 7 - Waiting for global weights...
    [Client 9] Round 7 - Waiting for global weights...
    [Client 3] Round 7 - Waiting for global weights...
    [Client 7] Round 7 - Waiting for global weights...
    [Client 10] Round 7 - Waiting for global weights...
    [Client 5] Round 7 - Waiting for global weights...
    [Client 8] Round 7 - Waiting for global weights...
    [Client 2] Round 7 - Waiting for global weights...
Round 6 Evaluation - Accuracy: 0.5950, Loss: 1.1343

===== Round 7 =====
Broadcasting global model to all clients...
Waiting for model weights from client 1...
    [Client 10] Round 7 - Training on local data...
    [Client 7] Round 7 - Training on local data...
    [Client 4] Round 7 - Training on local data...
    [Client 6] Round 7 - Training on local data...
    [Client 1] Round 7 - Training on local data...
    [Client 9] Round 7 - Training on local data...
    [Client 8] Round 7 - Training on local data...
    [Client 5] Round 7 - Training on local data...
    [Client 2] Round 7 - Training on local data...
    [Client 3] Round 7 - Training on local data...
    [Client 6] System Stats: {'client_rank': 6, 'round': 7, 'timestamp': '2025-07-25 12:12:19', 'cpu_time': 1698853.9, 'cpu_freq_mhz': 2100.0015625, 'ram_used_mb': 3430.498304, 'net_sent_bytes': 20598965314, 'net_recv_bytes': 44050528479, 'gpu_mem_used_mb': 31475.0, 'gpu_load': 0.01}
    [Client 6] Round 7 - Sending updated weights to server...
    [Client 4] System Stats: {'client_rank': 4, 'round': 7, 'timestamp': '2025-07-25 12:12:19', 'cpu_time': 432400.05, 'cpu_freq_mhz': 2095.37303125, 'ram_used_mb': 3581.333504, 'net_sent_bytes': 3818847578, 'net_recv_bytes': 18037894677, 'gpu_mem_used_mb': 31475.0, 'gpu_load': 0.01}
    [Client 4] Round 7 - Sending updated weights to server...
    [Client 9] System Stats: {'client_rank': 9, 'round': 7, 'timestamp': '2025-07-25 12:12:19', 'cpu_time': 978867.08, 'cpu_freq_mhz': 2080.45603125, 'ram_used_mb': 3495.002112, 'net_sent_bytes': 24238456788, 'net_recv_bytes': 358391594596, 'gpu_mem_used_mb': 31475.0, 'gpu_load': 0.01}
    [Client 9] Round 7 - Sending updated weights to server...
    [Client 8] System Stats: {'client_rank': 8, 'round': 7, 'timestamp': '2025-07-25 12:12:19', 'cpu_time': 995071.74, 'cpu_freq_mhz': 2100.00171875, 'ram_used_mb': 3572.404224, 'net_sent_bytes': 34961933346, 'net_recv_bytes': 541222414532, 'gpu_mem_used_mb': 31475.0, 'gpu_load': 0.01}
    [Client 8] Round 7 - Sending updated weights to server...
    [Client 3] System Stats: {'client_rank': 3, 'round': 7, 'timestamp': '2025-07-25 12:12:19', 'cpu_time': 219266.52, 'cpu_freq_mhz': 2100.00121875, 'ram_used_mb': 3431.079936, 'net_sent_bytes': 3701642168, 'net_recv_bytes': 19226024172, 'gpu_mem_used_mb': 31475.0, 'gpu_load': 0.0}
    [Client 3] Round 7 - Sending updated weights to server...
    [Client 7] System Stats: {'client_rank': 7, 'round': 7, 'timestamp': '2025-07-25 12:12:19', 'cpu_time': 437329.99, 'cpu_freq_mhz': 2075.14196875, 'ram_used_mb': 3408.269312, 'net_sent_bytes': 328721334475, 'net_recv_bytes': 360310501283, 'gpu_mem_used_mb': 31475.0, 'gpu_load': 0.01}
    [Client 7] Round 7 - Sending updated weights to server...
    [Client 1] System Stats: {'client_rank': 1, 'round': 7, 'timestamp': '2025-07-25 12:12:19', 'cpu_time': 749296.2699999999, 'cpu_freq_mhz': 2100.0004375, 'ram_used_mb': 3421.671424, 'net_sent_bytes': 6906588510, 'net_recv_bytes': 124348792405, 'gpu_mem_used_mb': 31475.0, 'gpu_load': 0.0}
    [Client 1] Round 7 - Sending updated weights to server...
Received weights from client 1
Waiting for model weights from client 2...
    [Client 10] System Stats: {'client_rank': 10, 'round': 7, 'timestamp': '2025-07-25 12:12:19', 'cpu_time': 860406.03, 'cpu_freq_mhz': 2100.00078125, 'ram_used_mb': 3424.329728, 'net_sent_bytes': 29819649662, 'net_recv_bytes': 289086786830, 'gpu_mem_used_mb': 31475.0, 'gpu_load': 0.01}
    [Client 10] Round 7 - Sending updated weights to server...
    [Client 2] System Stats: {'client_rank': 2, 'round': 7, 'timestamp': '2025-07-25 12:12:20', 'cpu_time': 849969.3899999999, 'cpu_freq_mhz': 2079.6414999999997, 'ram_used_mb': 3579.260928, 'net_sent_bytes': 4232274379, 'net_recv_bytes': 25144097236, 'gpu_mem_used_mb': 31475.0, 'gpu_load': 0.0}
    [Client 2] Round 7 - Sending updated weights to server...
Received weights from client 2
Waiting for model weights from client 3...
Received weights from client 3
Waiting for model weights from client 4...
Received weights from client 4
Waiting for model weights from client 5...
    [Client 5] System Stats: {'client_rank': 5, 'round': 7, 'timestamp': '2025-07-25 12:12:20', 'cpu_time': 1340970.9600000002, 'cpu_freq_mhz': 2099.98234375, 'ram_used_mb': 3579.764736, 'net_sent_bytes': 16998492239, 'net_recv_bytes': 69086450811, 'gpu_mem_used_mb': 31475.0, 'gpu_load': 0.0}
    [Client 5] Round 7 - Sending updated weights to server...
Received weights from client 5
Waiting for model weights from client 6...
Received weights from client 6
Waiting for model weights from client 7...
Received weights from client 7
Waiting for model weights from client 8...
Received weights from client 8
Waiting for model weights from client 9...
Received weights from client 9
Waiting for model weights from client 10...
Received weights from client 10
Received system metrics from client 1: {'client_rank': 1, 'round': 7, 'timestamp': '2025-07-25 12:12:19', 'cpu_time': 749296.2699999999, 'cpu_freq_mhz': 2100.0004375, 'ram_used_mb': 3421.671424, 'net_sent_bytes': 6906588510, 'net_recv_bytes': 124348792405, 'gpu_mem_used_mb': 31475.0, 'gpu_load': 0.0}
Received system metrics from client 2: {'client_rank': 2, 'round': 7, 'timestamp': '2025-07-25 12:12:20', 'cpu_time': 849969.3899999999, 'cpu_freq_mhz': 2079.6414999999997, 'ram_used_mb': 3579.260928, 'net_sent_bytes': 4232274379, 'net_recv_bytes': 25144097236, 'gpu_mem_used_mb': 31475.0, 'gpu_load': 0.0}
Received system metrics from client 3: {'client_rank': 3, 'round': 7, 'timestamp': '2025-07-25 12:12:19', 'cpu_time': 219266.52, 'cpu_freq_mhz': 2100.00121875, 'ram_used_mb': 3431.079936, 'net_sent_bytes': 3701642168, 'net_recv_bytes': 19226024172, 'gpu_mem_used_mb': 31475.0, 'gpu_load': 0.0}
Received system metrics from client 4: {'client_rank': 4, 'round': 7, 'timestamp': '2025-07-25 12:12:19', 'cpu_time': 432400.05, 'cpu_freq_mhz': 2095.37303125, 'ram_used_mb': 3581.333504, 'net_sent_bytes': 3818847578, 'net_recv_bytes': 18037894677, 'gpu_mem_used_mb': 31475.0, 'gpu_load': 0.01}
Received system metrics from client 5: {'client_rank': 5, 'round': 7, 'timestamp': '2025-07-25 12:12:20', 'cpu_time': 1340970.9600000002, 'cpu_freq_mhz': 2099.98234375, 'ram_used_mb': 3579.764736, 'net_sent_bytes': 16998492239, 'net_recv_bytes': 69086450811, 'gpu_mem_used_mb': 31475.0, 'gpu_load': 0.0}
Received system metrics from client 6: {'client_rank': 6, 'round': 7, 'timestamp': '2025-07-25 12:12:19', 'cpu_time': 1698853.9, 'cpu_freq_mhz': 2100.0015625, 'ram_used_mb': 3430.498304, 'net_sent_bytes': 20598965314, 'net_recv_bytes': 44050528479, 'gpu_mem_used_mb': 31475.0, 'gpu_load': 0.01}
Received system metrics from client 7: {'client_rank': 7, 'round': 7, 'timestamp': '2025-07-25 12:12:19', 'cpu_time': 437329.99, 'cpu_freq_mhz': 2075.14196875, 'ram_used_mb': 3408.269312, 'net_sent_bytes': 328721334475, 'net_recv_bytes': 360310501283, 'gpu_mem_used_mb': 31475.0, 'gpu_load': 0.01}
Received system metrics from client 8: {'client_rank': 8, 'round': 7, 'timestamp': '2025-07-25 12:12:19', 'cpu_time': 995071.74, 'cpu_freq_mhz': 2100.00171875, 'ram_used_mb': 3572.404224, 'net_sent_bytes': 34961933346, 'net_recv_bytes': 541222414532, 'gpu_mem_used_mb': 31475.0, 'gpu_load': 0.01}
Received system metrics from client 9: {'client_rank': 9, 'round': 7, 'timestamp': '2025-07-25 12:12:19', 'cpu_time': 978867.08, 'cpu_freq_mhz': 2080.45603125, 'ram_used_mb': 3495.002112, 'net_sent_bytes': 24238456788, 'net_recv_bytes': 358391594596, 'gpu_mem_used_mb': 31475.0, 'gpu_load': 0.01}
Received system metrics from client 10: {'client_rank': 10, 'round': 7, 'timestamp': '2025-07-25 12:12:19', 'cpu_time': 860406.03, 'cpu_freq_mhz': 2100.00078125, 'ram_used_mb': 3424.329728, 'net_sent_bytes': 29819649662, 'net_recv_bytes': 289086786830, 'gpu_mem_used_mb': 31475.0, 'gpu_load': 0.01}
Averaging model weights...
Evaluating updated global model on test set...
    [Client 1] Round 8 - Waiting for global weights...
    [Client 4] Round 8 - Waiting for global weights...
    [Client 3] Round 8 - Waiting for global weights...
    [Client 2] Round 8 - Waiting for global weights...
    [Client 6] Round 8 - Waiting for global weights...
    [Client 7] Round 8 - Waiting for global weights...
    [Client 9] Round 8 - Waiting for global weights...
    [Client 5] Round 8 - Waiting for global weights...
    [Client 8] Round 8 - Waiting for global weights...
    [Client 10] Round 8 - Waiting for global weights...
Round 7 Evaluation - Accuracy: 0.6308, Loss: 1.0400

===== Round 8 =====
Broadcasting global model to all clients...
Waiting for model weights from client 1...
    [Client 4] Round 8 - Training on local data...
    [Client 1] Round 8 - Training on local data...
    [Client 9] Round 8 - Training on local data...
    [Client 7] Round 8 - Training on local data...
    [Client 6] Round 8 - Training on local data...
    [Client 3] Round 8 - Training on local data...
    [Client 8] Round 8 - Training on local data...
    [Client 5] Round 8 - Training on local data...
    [Client 10] Round 8 - Training on local data...
    [Client 2] Round 8 - Training on local data...
    [Client 9] System Stats: {'client_rank': 9, 'round': 8, 'timestamp': '2025-07-25 12:12:36', 'cpu_time': 978871.75, 'cpu_freq_mhz': 2063.37809375, 'ram_used_mb': 3649.957888, 'net_sent_bytes': 24238482872, 'net_recv_bytes': 358393886565, 'gpu_mem_used_mb': 31477.0, 'gpu_load': 0.0}
    [Client 9] Round 8 - Sending updated weights to server...
    [Client 6] System Stats: {'client_rank': 6, 'round': 8, 'timestamp': '2025-07-25 12:12:36', 'cpu_time': 1698859.41, 'cpu_freq_mhz': 2100.00103125, 'ram_used_mb': 3605.901312, 'net_sent_bytes': 20599001295, 'net_recv_bytes': 44050607527, 'gpu_mem_used_mb': 31477.0, 'gpu_load': 0.01}
    [Client 6] Round 8 - Sending updated weights to server...
    [Client 3] System Stats: {'client_rank': 3, 'round': 8, 'timestamp': '2025-07-25 12:12:36', 'cpu_time': 219268.53, 'cpu_freq_mhz': 2100.001125, 'ram_used_mb': 3605.34016, 'net_sent_bytes': 3701947727, 'net_recv_bytes': 19226373867, 'gpu_mem_used_mb': 31477.0, 'gpu_load': 0.0}
    [Client 3] Round 8 - Sending updated weights to server...
    [Client 4] System Stats: {'client_rank': 4, 'round': 8, 'timestamp': '2025-07-25 12:12:36', 'cpu_time': 432401.32, 'cpu_freq_mhz': 2096.02675, 'ram_used_mb': 3755.88864, 'net_sent_bytes': 3818851433, 'net_recv_bytes': 18037943739, 'gpu_mem_used_mb': 31477.0, 'gpu_load': 0.01}
    [Client 4] Round 8 - Sending updated weights to server...
    [Client 1] System Stats: {'client_rank': 1, 'round': 8, 'timestamp': '2025-07-25 12:12:36', 'cpu_time': 749304.25, 'cpu_freq_mhz': 2100.0006875, 'ram_used_mb': 3597.008896, 'net_sent_bytes': 6906589988, 'net_recv_bytes': 124348838489, 'gpu_mem_used_mb': 31477.0, 'gpu_load': 0.01}
    [Client 1] Round 8 - Sending updated weights to server...
Received weights from client 1
Waiting for model weights from client 2...
    [Client 8] System Stats: {'client_rank': 8, 'round': 8, 'timestamp': '2025-07-25 12:12:36', 'cpu_time': 995074.61, 'cpu_freq_mhz': 2100.0023125, 'ram_used_mb': 3752.09984, 'net_sent_bytes': 34961963216, 'net_recv_bytes': 541224711163, 'gpu_mem_used_mb': 31477.0, 'gpu_load': 0.0}
    [Client 8] Round 8 - Sending updated weights to server...
    [Client 5] System Stats: {'client_rank': 5, 'round': 8, 'timestamp': '2025-07-25 12:12:36', 'cpu_time': 1340975.77, 'cpu_freq_mhz': 2100.00328125, 'ram_used_mb': 3753.824256, 'net_sent_bytes': 16998497183, 'net_recv_bytes': 69086499850, 'gpu_mem_used_mb': 31477.0, 'gpu_load': 0.0}
    [Client 7] System Stats: {'client_rank': 7, 'round': 8, 'timestamp': '2025-07-25 12:12:36', 'cpu_time': 437333.61000000004, 'cpu_freq_mhz': 2100.001625, 'ram_used_mb': 3601.8176, 'net_sent_bytes': 328721369341, 'net_recv_bytes': 360312797896, 'gpu_mem_used_mb': 31477.0, 'gpu_load': 0.01}
    [Client 5] Round 8 - Sending updated weights to server...
    [Client 7] Round 8 - Sending updated weights to server...
    [Client 10] System Stats: {'client_rank': 10, 'round': 8, 'timestamp': '2025-07-25 12:12:36', 'cpu_time': 860408.3500000001, 'cpu_freq_mhz': 2100.0005625, 'ram_used_mb': 3598.073856, 'net_sent_bytes': 29819677481, 'net_recv_bytes': 289089081246, 'gpu_mem_used_mb': 31477.0, 'gpu_load': 0.0}
    [Client 10] Round 8 - Sending updated weights to server...
    [Client 2] System Stats: {'client_rank': 2, 'round': 8, 'timestamp': '2025-07-25 12:12:36', 'cpu_time': 849971.34, 'cpu_freq_mhz': 2063.80075, 'ram_used_mb': 3756.81024, 'net_sent_bytes': 4232282907, 'net_recv_bytes': 25144146887, 'gpu_mem_used_mb': 31477.0, 'gpu_load': 0.01}
    [Client 2] Round 8 - Sending updated weights to server...
Received weights from client 2
Waiting for model weights from client 3...
Received weights from client 3
Waiting for model weights from client 4...
Received weights from client 4
Waiting for model weights from client 5...
Received weights from client 5
Waiting for model weights from client 6...
Received weights from client 6
Waiting for model weights from client 7...
Received weights from client 7
Waiting for model weights from client 8...
Received weights from client 8
Waiting for model weights from client 9...
Received weights from client 9
Waiting for model weights from client 10...
Received weights from client 10
Received system metrics from client 1: {'client_rank': 1, 'round': 8, 'timestamp': '2025-07-25 12:12:36', 'cpu_time': 749304.25, 'cpu_freq_mhz': 2100.0006875, 'ram_used_mb': 3597.008896, 'net_sent_bytes': 6906589988, 'net_recv_bytes': 124348838489, 'gpu_mem_used_mb': 31477.0, 'gpu_load': 0.01}
Received system metrics from client 2: {'client_rank': 2, 'round': 8, 'timestamp': '2025-07-25 12:12:36', 'cpu_time': 849971.34, 'cpu_freq_mhz': 2063.80075, 'ram_used_mb': 3756.81024, 'net_sent_bytes': 4232282907, 'net_recv_bytes': 25144146887, 'gpu_mem_used_mb': 31477.0, 'gpu_load': 0.01}
Received system metrics from client 3: {'client_rank': 3, 'round': 8, 'timestamp': '2025-07-25 12:12:36', 'cpu_time': 219268.53, 'cpu_freq_mhz': 2100.001125, 'ram_used_mb': 3605.34016, 'net_sent_bytes': 3701947727, 'net_recv_bytes': 19226373867, 'gpu_mem_used_mb': 31477.0, 'gpu_load': 0.0}
Received system metrics from client 4: {'client_rank': 4, 'round': 8, 'timestamp': '2025-07-25 12:12:36', 'cpu_time': 432401.32, 'cpu_freq_mhz': 2096.02675, 'ram_used_mb': 3755.88864, 'net_sent_bytes': 3818851433, 'net_recv_bytes': 18037943739, 'gpu_mem_used_mb': 31477.0, 'gpu_load': 0.01}
Received system metrics from client 5: {'client_rank': 5, 'round': 8, 'timestamp': '2025-07-25 12:12:36', 'cpu_time': 1340975.77, 'cpu_freq_mhz': 2100.00328125, 'ram_used_mb': 3753.824256, 'net_sent_bytes': 16998497183, 'net_recv_bytes': 69086499850, 'gpu_mem_used_mb': 31477.0, 'gpu_load': 0.0}
Received system metrics from client 6: {'client_rank': 6, 'round': 8, 'timestamp': '2025-07-25 12:12:36', 'cpu_time': 1698859.41, 'cpu_freq_mhz': 2100.00103125, 'ram_used_mb': 3605.901312, 'net_sent_bytes': 20599001295, 'net_recv_bytes': 44050607527, 'gpu_mem_used_mb': 31477.0, 'gpu_load': 0.01}
Received system metrics from client 7: {'client_rank': 7, 'round': 8, 'timestamp': '2025-07-25 12:12:36', 'cpu_time': 437333.61000000004, 'cpu_freq_mhz': 2100.001625, 'ram_used_mb': 3601.8176, 'net_sent_bytes': 328721369341, 'net_recv_bytes': 360312797896, 'gpu_mem_used_mb': 31477.0, 'gpu_load': 0.01}
Received system metrics from client 8: {'client_rank': 8, 'round': 8, 'timestamp': '2025-07-25 12:12:36', 'cpu_time': 995074.61, 'cpu_freq_mhz': 2100.0023125, 'ram_used_mb': 3752.09984, 'net_sent_bytes': 34961963216, 'net_recv_bytes': 541224711163, 'gpu_mem_used_mb': 31477.0, 'gpu_load': 0.0}
Received system metrics from client 9: {'client_rank': 9, 'round': 8, 'timestamp': '2025-07-25 12:12:36', 'cpu_time': 978871.75, 'cpu_freq_mhz': 2063.37809375, 'ram_used_mb': 3649.957888, 'net_sent_bytes': 24238482872, 'net_recv_bytes': 358393886565, 'gpu_mem_used_mb': 31477.0, 'gpu_load': 0.0}
Received system metrics from client 10: {'client_rank': 10, 'round': 8, 'timestamp': '2025-07-25 12:12:36', 'cpu_time': 860408.3500000001, 'cpu_freq_mhz': 2100.0005625, 'ram_used_mb': 3598.073856, 'net_sent_bytes': 29819677481, 'net_recv_bytes': 289089081246, 'gpu_mem_used_mb': 31477.0, 'gpu_load': 0.0}
Averaging model weights...
Evaluating updated global model on test set...
    [Client 1] Round 9 - Waiting for global weights...
    [Client 4] Round 9 - Waiting for global weights...
    [Client 6] Round 9 - Waiting for global weights...
    [Client 10] Round 9 - Waiting for global weights...
    [Client 3] Round 9 - Waiting for global weights...
    [Client 9] Round 9 - Waiting for global weights...
    [Client 5] Round 9 - Waiting for global weights...
    [Client 7] Round 9 - Waiting for global weights...
    [Client 8] Round 9 - Waiting for global weights...
Round 8 Evaluation - Accuracy: 0.6544, Loss: 0.9677

===== Round 9 =====
Broadcasting global model to all clients...
    [Client 3] Round 9 - Training on local data...
    [Client 7] Round 9 - Training on local data...
    [Client 5] Round 9 - Training on local data...
    [Client 1] Round 9 - Training on local data...
    [Client 9] Round 9 - Training on local data...
    [Client 2] Round 9 - Waiting for global weights...
Waiting for model weights from client 1...
    [Client 10] Round 9 - Training on local data...
    [Client 6] Round 9 - Training on local data...
    [Client 2] Round 9 - Training on local data...
    [Client 8] Round 9 - Training on local data...
    [Client 4] Round 9 - Training on local data...
    [Client 6] System Stats: {'client_rank': 6, 'round': 9, 'timestamp': '2025-07-25 12:12:53', 'cpu_time': 1698863.71, 'cpu_freq_mhz': 2100.005625, 'ram_used_mb': 3733.557248, 'net_sent_bytes': 20599018350, 'net_recv_bytes': 44050662549, 'gpu_mem_used_mb': 31477.0, 'gpu_load': 0.01}
    [Client 6] Round 9 - Sending updated weights to server...
    [Client 2] System Stats: {'client_rank': 2, 'round': 9, 'timestamp': '2025-07-25 12:12:53', 'cpu_time': 849972.23, 'cpu_freq_mhz': 2067.213625, 'ram_used_mb': 3878.2976, 'net_sent_bytes': 4232291944, 'net_recv_bytes': 25144192310, 'gpu_mem_used_mb': 31477.0, 'gpu_load': 0.01}
    [Client 2] Round 9 - Sending updated weights to server...
    [Client 9] System Stats: {'client_rank': 9, 'round': 9, 'timestamp': '2025-07-25 12:12:53', 'cpu_time': 978880.3300000001, 'cpu_freq_mhz': 2075.23890625, 'ram_used_mb': 3794.280448, 'net_sent_bytes': 24238484362, 'net_recv_bytes': 358393927535, 'gpu_mem_used_mb': 31477.0, 'gpu_load': 0.0}
    [Client 10] System Stats: {'client_rank': 10, 'round': 9, 'timestamp': '2025-07-25 12:12:53', 'cpu_time': 860409.51, 'cpu_freq_mhz': 2100.000125, 'ram_used_mb': 3718.283264, 'net_sent_bytes': 29819678947, 'net_recv_bytes': 289089120896, 'gpu_mem_used_mb': 31477.0, 'gpu_load': 0.01}
    [Client 9] Round 9 - Sending updated weights to server...
    [Client 10] Round 9 - Sending updated weights to server...
    [Client 3] System Stats: {'client_rank': 3, 'round': 9, 'timestamp': '2025-07-25 12:12:53', 'cpu_time': 219270.76, 'cpu_freq_mhz': 2100.0006562500002, 'ram_used_mb': 3726.954496, 'net_sent_bytes': 3702240608, 'net_recv_bytes': 19226705741, 'gpu_mem_used_mb': 31477.0, 'gpu_load': 0.01}
    [Client 3] Round 9 - Sending updated weights to server...
    [Client 8] System Stats: {'client_rank': 8, 'round': 9, 'timestamp': '2025-07-25 12:12:53', 'cpu_time': 995075.97, 'cpu_freq_mhz': 2084.46084375, 'ram_used_mb': 3874.742272, 'net_sent_bytes': 34961967572, 'net_recv_bytes': 541224753959, 'gpu_mem_used_mb': 31477.0, 'gpu_load': 0.0}
    [Client 8] Round 9 - Sending updated weights to server...
    [Client 7] System Stats: {'client_rank': 7, 'round': 9, 'timestamp': '2025-07-25 12:12:53', 'cpu_time': 437335.67000000004, 'cpu_freq_mhz': 2091.87771875, 'ram_used_mb': 3722.19904, 'net_sent_bytes': 328721378418, 'net_recv_bytes': 360312842584, 'gpu_mem_used_mb': 31477.0, 'gpu_load': 0.01}
    [Client 1] System Stats: {'client_rank': 1, 'round': 9, 'timestamp': '2025-07-25 12:12:53', 'cpu_time': 749312.19, 'cpu_freq_mhz': 2100.0015937499998, 'ram_used_mb': 3721.187328, 'net_sent_bytes': 6906592727, 'net_recv_bytes': 124348880417, 'gpu_mem_used_mb': 31477.0, 'gpu_load': 0.0}
    [Client 7] Round 9 - Sending updated weights to server...
    [Client 4] System Stats: {'client_rank': 4, 'round': 9, 'timestamp': '2025-07-25 12:12:53', 'cpu_time': 432403.19, 'cpu_freq_mhz': 2100.00125, 'ram_used_mb': 3710.349312, 'net_sent_bytes': 3818870414, 'net_recv_bytes': 18042362006, 'gpu_mem_used_mb': 31477.0, 'gpu_load': 0.0}
    [Client 1] Round 9 - Sending updated weights to server...
Received weights from client 1
Waiting for model weights from client 2...
Received weights from client 2
Waiting for model weights from client 3...
Received weights from client 3
Waiting for model weights from client 4...
    [Client 4] Round 9 - Sending updated weights to server...
Received weights from client 4
Waiting for model weights from client 5...
    [Client 5] System Stats: {'client_rank': 5, 'round': 9, 'timestamp': '2025-07-25 12:12:53', 'cpu_time': 1340980.91, 'cpu_freq_mhz': 2100.00534375, 'ram_used_mb': 3873.40288, 'net_sent_bytes': 16998499513, 'net_recv_bytes': 69086541158, 'gpu_mem_used_mb': 31477.0, 'gpu_load': 0.0}
    [Client 5] Round 9 - Sending updated weights to server...
Received weights from client 5
Waiting for model weights from client 6...
Received weights from client 6
Waiting for model weights from client 7...
Received weights from client 7
Waiting for model weights from client 8...
Received weights from client 8
Waiting for model weights from client 9...
Received weights from client 9
Waiting for model weights from client 10...
Received weights from client 10
Received system metrics from client 1: {'client_rank': 1, 'round': 9, 'timestamp': '2025-07-25 12:12:53', 'cpu_time': 749312.19, 'cpu_freq_mhz': 2100.0015937499998, 'ram_used_mb': 3721.187328, 'net_sent_bytes': 6906592727, 'net_recv_bytes': 124348880417, 'gpu_mem_used_mb': 31477.0, 'gpu_load': 0.0}
Received system metrics from client 2: {'client_rank': 2, 'round': 9, 'timestamp': '2025-07-25 12:12:53', 'cpu_time': 849972.23, 'cpu_freq_mhz': 2067.213625, 'ram_used_mb': 3878.2976, 'net_sent_bytes': 4232291944, 'net_recv_bytes': 25144192310, 'gpu_mem_used_mb': 31477.0, 'gpu_load': 0.01}
Received system metrics from client 3: {'client_rank': 3, 'round': 9, 'timestamp': '2025-07-25 12:12:53', 'cpu_time': 219270.76, 'cpu_freq_mhz': 2100.0006562500002, 'ram_used_mb': 3726.954496, 'net_sent_bytes': 3702240608, 'net_recv_bytes': 19226705741, 'gpu_mem_used_mb': 31477.0, 'gpu_load': 0.01}
Received system metrics from client 4: {'client_rank': 4, 'round': 9, 'timestamp': '2025-07-25 12:12:53', 'cpu_time': 432403.19, 'cpu_freq_mhz': 2100.00125, 'ram_used_mb': 3710.349312, 'net_sent_bytes': 3818870414, 'net_recv_bytes': 18042362006, 'gpu_mem_used_mb': 31477.0, 'gpu_load': 0.0}
Received system metrics from client 5: {'client_rank': 5, 'round': 9, 'timestamp': '2025-07-25 12:12:53', 'cpu_time': 1340980.91, 'cpu_freq_mhz': 2100.00534375, 'ram_used_mb': 3873.40288, 'net_sent_bytes': 16998499513, 'net_recv_bytes': 69086541158, 'gpu_mem_used_mb': 31477.0, 'gpu_load': 0.0}
Received system metrics from client 6: {'client_rank': 6, 'round': 9, 'timestamp': '2025-07-25 12:12:53', 'cpu_time': 1698863.71, 'cpu_freq_mhz': 2100.005625, 'ram_used_mb': 3733.557248, 'net_sent_bytes': 20599018350, 'net_recv_bytes': 44050662549, 'gpu_mem_used_mb': 31477.0, 'gpu_load': 0.01}
Received system metrics from client 7: {'client_rank': 7, 'round': 9, 'timestamp': '2025-07-25 12:12:53', 'cpu_time': 437335.67000000004, 'cpu_freq_mhz': 2091.87771875, 'ram_used_mb': 3722.19904, 'net_sent_bytes': 328721378418, 'net_recv_bytes': 360312842584, 'gpu_mem_used_mb': 31477.0, 'gpu_load': 0.01}
Received system metrics from client 8: {'client_rank': 8, 'round': 9, 'timestamp': '2025-07-25 12:12:53', 'cpu_time': 995075.97, 'cpu_freq_mhz': 2084.46084375, 'ram_used_mb': 3874.742272, 'net_sent_bytes': 34961967572, 'net_recv_bytes': 541224753959, 'gpu_mem_used_mb': 31477.0, 'gpu_load': 0.0}
Received system metrics from client 9: {'client_rank': 9, 'round': 9, 'timestamp': '2025-07-25 12:12:53', 'cpu_time': 978880.3300000001, 'cpu_freq_mhz': 2075.23890625, 'ram_used_mb': 3794.280448, 'net_sent_bytes': 24238484362, 'net_recv_bytes': 358393927535, 'gpu_mem_used_mb': 31477.0, 'gpu_load': 0.0}
Received system metrics from client 10: {'client_rank': 10, 'round': 9, 'timestamp': '2025-07-25 12:12:53', 'cpu_time': 860409.51, 'cpu_freq_mhz': 2100.000125, 'ram_used_mb': 3718.283264, 'net_sent_bytes': 29819678947, 'net_recv_bytes': 289089120896, 'gpu_mem_used_mb': 31477.0, 'gpu_load': 0.01}
Averaging model weights...
Evaluating updated global model on test set...
    [Client 2] Round 10 - Waiting for global weights...
    [Client 1] Round 10 - Waiting for global weights...
    [Client 3] Round 10 - Waiting for global weights...
    [Client 4] Round 10 - Waiting for global weights...
    [Client 6] Round 10 - Waiting for global weights...
    [Client 8] Round 10 - Waiting for global weights...
    [Client 10] Round 10 - Waiting for global weights...
    [Client 9] Round 10 - Waiting for global weights...
    [Client 7] Round 10 - Waiting for global weights...
    [Client 5] Round 10 - Waiting for global weights...
Round 9 Evaluation - Accuracy: 0.6703, Loss: 0.9256

===== Round 10 =====
Broadcasting global model to all clients...
Waiting for model weights from client 1...
    [Client 2] Round 10 - Training on local data...
    [Client 4] Round 10 - Training on local data...
    [Client 10] Round 10 - Training on local data...
    [Client 8] Round 10 - Training on local data...
    [Client 1] Round 10 - Training on local data...
    [Client 3] Round 10 - Training on local data...
    [Client 6] Round 10 - Training on local data...
    [Client 9] Round 10 - Training on local data...
    [Client 7] Round 10 - Training on local data...
    [Client 5] Round 10 - Training on local data...
    [Client 2] System Stats: {'client_rank': 2, 'round': 10, 'timestamp': '2025-07-25 12:13:10', 'cpu_time': 849974.69, 'cpu_freq_mhz': 2077.3728125, 'ram_used_mb': 4052.97152, 'net_sent_bytes': 4232296821, 'net_recv_bytes': 25144240807, 'gpu_mem_used_mb': 31479.0, 'gpu_load': 0.0}
    [Client 2] Round 10 - Sending updated weights to server...
    [Client 9] System Stats: {'client_rank': 9, 'round': 10, 'timestamp': '2025-07-25 12:13:10', 'cpu_time': 978883.8200000001, 'cpu_freq_mhz': 2069.766625, 'ram_used_mb': 3949.953024, 'net_sent_bytes': 24238488408, 'net_recv_bytes': 358393974221, 'gpu_mem_used_mb': 31479.0, 'gpu_load': 0.0}
    [Client 9] Round 10 - Sending updated weights to server...
    [Client 10] System Stats: {'client_rank': 10, 'round': 10, 'timestamp': '2025-07-25 12:13:10', 'cpu_time': 860410.63, 'cpu_freq_mhz': 2100.000375, 'ram_used_mb': 3895.885824, 'net_sent_bytes': 29819681137, 'net_recv_bytes': 289089166636, 'gpu_mem_used_mb': 31479.0, 'gpu_load': 0.01}
    [Client 10] Round 10 - Sending updated weights to server...
    [Client 4] System Stats: {'client_rank': 4, 'round': 10, 'timestamp': '2025-07-25 12:13:10', 'cpu_time': 432404.49000000005, 'cpu_freq_mhz': 2073.1005937500004, 'ram_used_mb': 3903.578112, 'net_sent_bytes': 3818873667, 'net_recv_bytes': 18042408792, 'gpu_mem_used_mb': 31479.0, 'gpu_load': 0.0}
    [Client 8] System Stats: {'client_rank': 8, 'round': 10, 'timestamp': '2025-07-25 12:13:10', 'cpu_time': 995077.2899999999, 'cpu_freq_mhz': 2100.001375, 'ram_used_mb': 4048.175104, 'net_sent_bytes': 34961972318, 'net_recv_bytes': 541224802197, 'gpu_mem_used_mb': 31479.0, 'gpu_load': 0.01}
    [Client 4] Round 10 - Sending updated weights to server...
    [Client 8] Round 10 - Sending updated weights to server...
    [Client 6] System Stats: {'client_rank': 6, 'round': 10, 'timestamp': '2025-07-25 12:13:10', 'cpu_time': 1698867.9100000001, 'cpu_freq_mhz': 2100.0031249999997, 'ram_used_mb': 3906.301952, 'net_sent_bytes': 20599038109, 'net_recv_bytes': 44050727127, 'gpu_mem_used_mb': 31479.0, 'gpu_load': 0.01}
    [Client 6] Round 10 - Sending updated weights to server...
    [Client 3] System Stats: {'client_rank': 3, 'round': 10, 'timestamp': '2025-07-25 12:13:10', 'cpu_time': 219273.39, 'cpu_freq_mhz': 2100.0005625, 'ram_used_mb': 3900.317696, 'net_sent_bytes': 3702601129, 'net_recv_bytes': 19227110064, 'gpu_mem_used_mb': 31479.0, 'gpu_load': 0.01}
    [Client 3] Round 10 - Sending updated weights to server...
    [Client 1] System Stats: {'client_rank': 1, 'round': 10, 'timestamp': '2025-07-25 12:13:10', 'cpu_time': 749319.97, 'cpu_freq_mhz': 2100.00084375, 'ram_used_mb': 3894.12864, 'net_sent_bytes': 6906594923, 'net_recv_bytes': 124348926631, 'gpu_mem_used_mb': 31479.0, 'gpu_load': 0.0}
    [Client 1] Round 10 - Sending updated weights to server...
Received weights from client 1
Waiting for model weights from client 2...
Received weights from client 2
Waiting for model weights from client 3...
Received weights from client 3
Waiting for model weights from client 4...
Received weights from client 4
Waiting for model weights from client 5...
    [Client 7] System Stats: {'client_rank': 7, 'round': 10, 'timestamp': '2025-07-25 12:13:10', 'cpu_time': 437339.74, 'cpu_freq_mhz': 2100.0015625, 'ram_used_mb': 3878.776832, 'net_sent_bytes': 328721390014, 'net_recv_bytes': 360312902041, 'gpu_mem_used_mb': 31479.0, 'gpu_load': 0.0}
    [Client 7] Round 10 - Sending updated weights to server...
    [Client 1] Round 11 - Waiting for global weights...
    [Client 3] Round 11 - Waiting for global weights...
    [Client 4] Round 11 - Waiting for global weights...
    [Client 2] Round 11 - Waiting for global weights...
    [Client 5] System Stats: {'client_rank': 5, 'round': 10, 'timestamp': '2025-07-25 12:13:11', 'cpu_time': 1340986.3099999998, 'cpu_freq_mhz': 2100.00040625, 'ram_used_mb': 4049.5104, 'net_sent_bytes': 16998502168, 'net_recv_bytes': 69086589082, 'gpu_mem_used_mb': 31479.0, 'gpu_load': 0.0}
    [Client 5] Round 10 - Sending updated weights to server...
Received weights from client 5
Waiting for model weights from client 6...
Received weights from client 6
Waiting for model weights from client 7...
Received weights from client 7
Waiting for model weights from client 8...
Received weights from client 8
Waiting for model weights from client 9...
Received weights from client 9
Waiting for model weights from client 10...
Received weights from client 10
Received system metrics from client 1: {'client_rank': 1, 'round': 10, 'timestamp': '2025-07-25 12:13:10', 'cpu_time': 749319.97, 'cpu_freq_mhz': 2100.00084375, 'ram_used_mb': 3894.12864, 'net_sent_bytes': 6906594923, 'net_recv_bytes': 124348926631, 'gpu_mem_used_mb': 31479.0, 'gpu_load': 0.0}
Received system metrics from client 2: {'client_rank': 2, 'round': 10, 'timestamp': '2025-07-25 12:13:10', 'cpu_time': 849974.69, 'cpu_freq_mhz': 2077.3728125, 'ram_used_mb': 4052.97152, 'net_sent_bytes': 4232296821, 'net_recv_bytes': 25144240807, 'gpu_mem_used_mb': 31479.0, 'gpu_load': 0.0}
Received system metrics from client 3: {'client_rank': 3, 'round': 10, 'timestamp': '2025-07-25 12:13:10', 'cpu_time': 219273.39, 'cpu_freq_mhz': 2100.0005625, 'ram_used_mb': 3900.317696, 'net_sent_bytes': 3702601129, 'net_recv_bytes': 19227110064, 'gpu_mem_used_mb': 31479.0, 'gpu_load': 0.01}
Received system metrics from client 4: {'client_rank': 4, 'round': 10, 'timestamp': '2025-07-25 12:13:10', 'cpu_time': 432404.49000000005, 'cpu_freq_mhz': 2073.1005937500004, 'ram_used_mb': 3903.578112, 'net_sent_bytes': 3818873667, 'net_recv_bytes': 18042408792, 'gpu_mem_used_mb': 31479.0, 'gpu_load': 0.0}
Received system metrics from client 5: {'client_rank': 5, 'round': 10, 'timestamp': '2025-07-25 12:13:11', 'cpu_time': 1340986.3099999998, 'cpu_freq_mhz': 2100.00040625, 'ram_used_mb': 4049.5104, 'net_sent_bytes': 16998502168, 'net_recv_bytes': 69086589082, 'gpu_mem_used_mb': 31479.0, 'gpu_load': 0.0}
Received system metrics from client 6: {'client_rank': 6, 'round': 10, 'timestamp': '2025-07-25 12:13:10', 'cpu_time': 1698867.9100000001, 'cpu_freq_mhz': 2100.0031249999997, 'ram_used_mb': 3906.301952, 'net_sent_bytes': 20599038109, 'net_recv_bytes': 44050727127, 'gpu_mem_used_mb': 31479.0, 'gpu_load': 0.01}
Received system metrics from client 7: {'client_rank': 7, 'round': 10, 'timestamp': '2025-07-25 12:13:10', 'cpu_time': 437339.74, 'cpu_freq_mhz': 2100.0015625, 'ram_used_mb': 3878.776832, 'net_sent_bytes': 328721390014, 'net_recv_bytes': 360312902041, 'gpu_mem_used_mb': 31479.0, 'gpu_load': 0.0}
Received system metrics from client 8: {'client_rank': 8, 'round': 10, 'timestamp': '2025-07-25 12:13:10', 'cpu_time': 995077.2899999999, 'cpu_freq_mhz': 2100.001375, 'ram_used_mb': 4048.175104, 'net_sent_bytes': 34961972318, 'net_recv_bytes': 541224802197, 'gpu_mem_used_mb': 31479.0, 'gpu_load': 0.01}
Received system metrics from client 9: {'client_rank': 9, 'round': 10, 'timestamp': '2025-07-25 12:13:10', 'cpu_time': 978883.8200000001, 'cpu_freq_mhz': 2069.766625, 'ram_used_mb': 3949.953024, 'net_sent_bytes': 24238488408, 'net_recv_bytes': 358393974221, 'gpu_mem_used_mb': 31479.0, 'gpu_load': 0.0}
Received system metrics from client 10: {'client_rank': 10, 'round': 10, 'timestamp': '2025-07-25 12:13:10', 'cpu_time': 860410.63, 'cpu_freq_mhz': 2100.000375, 'ram_used_mb': 3895.885824, 'net_sent_bytes': 29819681137, 'net_recv_bytes': 289089166636, 'gpu_mem_used_mb': 31479.0, 'gpu_load': 0.01}
Averaging model weights...
Evaluating updated global model on test set...
    [Client 9] Round 11 - Waiting for global weights...
    [Client 10] Round 11 - Waiting for global weights...
    [Client 6] Round 11 - Waiting for global weights...
    [Client 8] Round 11 - Waiting for global weights...
    [Client 7] Round 11 - Waiting for global weights...
    [Client 5] Round 11 - Waiting for global weights...
Round 10 Evaluation - Accuracy: 0.6947, Loss: 0.8592

===== Round 11 =====
Broadcasting global model to all clients...
Waiting for model weights from client 1...
    [Client 9] Round 11 - Training on local data...
    [Client 2] Round 11 - Training on local data...
    [Client 3] Round 11 - Training on local data...
    [Client 10] Round 11 - Training on local data...
    [Client 1] Round 11 - Training on local data...
    [Client 8] Round 11 - Training on local data...
    [Client 7] Round 11 - Training on local data...
    [Client 6] Round 11 - Training on local data...
    [Client 4] Round 11 - Training on local data...
    [Client 5] Round 11 - Training on local data...
    [Client 2] System Stats: {'client_rank': 2, 'round': 11, 'timestamp': '2025-07-25 12:13:28', 'cpu_time': 849977.82, 'cpu_freq_mhz': 2061.1706875, 'ram_used_mb': 4160.094208, 'net_sent_bytes': 4232300791, 'net_recv_bytes': 25144290596, 'gpu_mem_used_mb': 31479.0, 'gpu_load': 0.0}
    [Client 2] Round 11 - Sending updated weights to server...
    [Client 3] System Stats: {'client_rank': 3, 'round': 11, 'timestamp': '2025-07-25 12:13:28', 'cpu_time': 219275.81, 'cpu_freq_mhz': 2100.00075, 'ram_used_mb': 4005.21216, 'net_sent_bytes': 3702933091, 'net_recv_bytes': 19227487222, 'gpu_mem_used_mb': 31479.0, 'gpu_load': 0.0}
    [Client 3] Round 11 - Sending updated weights to server...
    [Client 9] System Stats: {'client_rank': 9, 'round': 11, 'timestamp': '2025-07-25 12:13:28', 'cpu_time': 978890.07, 'cpu_freq_mhz': 2082.801375, 'ram_used_mb': 4071.354368, 'net_sent_bytes': 24238517802, 'net_recv_bytes': 358394024976, 'gpu_mem_used_mb': 31479.0, 'gpu_load': 0.01}
    [Client 9] Round 11 - Sending updated weights to server...
    [Client 4] System Stats: {'client_rank': 4, 'round': 11, 'timestamp': '2025-07-25 12:13:28', 'cpu_time': 432405.80000000005, 'cpu_freq_mhz': 2100.0014687499997, 'ram_used_mb': 4007.747584, 'net_sent_bytes': 3818878699, 'net_recv_bytes': 18042459260, 'gpu_mem_used_mb': 31479.0, 'gpu_load': 0.01}
    [Client 4] Round 11 - Sending updated weights to server...
    [Client 10] System Stats: {'client_rank': 10, 'round': 11, 'timestamp': '2025-07-25 12:13:28', 'cpu_time': 860412.01, 'cpu_freq_mhz': 2100.003625, 'ram_used_mb': 3998.98624, 'net_sent_bytes': 29819683753, 'net_recv_bytes': 289089215228, 'gpu_mem_used_mb': 31479.0, 'gpu_load': 0.01}
    [Client 10] Round 11 - Sending updated weights to server...
    [Client 8] System Stats: {'client_rank': 8, 'round': 11, 'timestamp': '2025-07-25 12:13:28', 'cpu_time': 995079.14, 'cpu_freq_mhz': 2085.34715625, 'ram_used_mb': 3982.413824, 'net_sent_bytes': 34961994439, 'net_recv_bytes': 541229229754, 'gpu_mem_used_mb': 31479.0, 'gpu_load': 0.01}
    [Client 8] Round 11 - Sending updated weights to server...
    [Client 5] System Stats: {'client_rank': 5, 'round': 11, 'timestamp': '2025-07-25 12:13:28', 'cpu_time': 1340991.0999999999, 'cpu_freq_mhz': 2100.0005, 'ram_used_mb': 4155.174912, 'net_sent_bytes': 16998504412, 'net_recv_bytes': 69086634992, 'gpu_mem_used_mb': 31479.0, 'gpu_load': 0.0}
    [Client 6] System Stats: {'client_rank': 6, 'round': 11, 'timestamp': '2025-07-25 12:13:28', 'cpu_time': 1698872.87, 'cpu_freq_mhz': 2100.00075, 'ram_used_mb': 3993.198592, 'net_sent_bytes': 20599057789, 'net_recv_bytes': 44050793388, 'gpu_mem_used_mb': 31479.0, 'gpu_load': 0.0}
    [Client 6] Round 11 - Sending updated weights to server...
    [Client 5] Round 11 - Sending updated weights to server...
    [Client 1] System Stats: {'client_rank': 1, 'round': 11, 'timestamp': '2025-07-25 12:13:28', 'cpu_time': 749328.5, 'cpu_freq_mhz': 2100.00225, 'ram_used_mb': 3981.217792, 'net_sent_bytes': 6906626448, 'net_recv_bytes': 124348979371, 'gpu_mem_used_mb': 31479.0, 'gpu_load': 0.01}
    [Client 1] Round 11 - Sending updated weights to server...
Received weights from client 1
Waiting for model weights from client 2...
Received weights from client 2
Waiting for model weights from client 3...
Received weights from client 3
Waiting for model weights from client 4...
Received weights from client 4
Waiting for model weights from client 5...
Received weights from client 5
Waiting for model weights from client 6...
Received weights from client 6
Waiting for model weights from client 7...
    [Client 4] Round 12 - Waiting for global weights...
    [Client 2] Round 12 - Waiting for global weights...
    [Client 3] Round 12 - Waiting for global weights...
    [Client 6] Round 12 - Waiting for global weights...
    [Client 5] Round 12 - Waiting for global weights...
    [Client 1] Round 12 - Waiting for global weights...
    [Client 7] System Stats: {'client_rank': 7, 'round': 11, 'timestamp': '2025-07-25 12:13:28', 'cpu_time': 437346.08, 'cpu_freq_mhz': 2070.85134375, 'ram_used_mb': 3983.07328, 'net_sent_bytes': 328721402632, 'net_recv_bytes': 360312960590, 'gpu_mem_used_mb': 31479.0, 'gpu_load': 0.01}
    [Client 7] Round 11 - Sending updated weights to server...
Received weights from client 7
Waiting for model weights from client 8...
Received weights from client 8
Waiting for model weights from client 9...
Received weights from client 9
Waiting for model weights from client 10...
Received weights from client 10
Received system metrics from client 1: {'client_rank': 1, 'round': 11, 'timestamp': '2025-07-25 12:13:28', 'cpu_time': 749328.5, 'cpu_freq_mhz': 2100.00225, 'ram_used_mb': 3981.217792, 'net_sent_bytes': 6906626448, 'net_recv_bytes': 124348979371, 'gpu_mem_used_mb': 31479.0, 'gpu_load': 0.01}
Received system metrics from client 2: {'client_rank': 2, 'round': 11, 'timestamp': '2025-07-25 12:13:28', 'cpu_time': 849977.82, 'cpu_freq_mhz': 2061.1706875, 'ram_used_mb': 4160.094208, 'net_sent_bytes': 4232300791, 'net_recv_bytes': 25144290596, 'gpu_mem_used_mb': 31479.0, 'gpu_load': 0.0}
Received system metrics from client 3: {'client_rank': 3, 'round': 11, 'timestamp': '2025-07-25 12:13:28', 'cpu_time': 219275.81, 'cpu_freq_mhz': 2100.00075, 'ram_used_mb': 4005.21216, 'net_sent_bytes': 3702933091, 'net_recv_bytes': 19227487222, 'gpu_mem_used_mb': 31479.0, 'gpu_load': 0.0}
Received system metrics from client 4: {'client_rank': 4, 'round': 11, 'timestamp': '2025-07-25 12:13:28', 'cpu_time': 432405.80000000005, 'cpu_freq_mhz': 2100.0014687499997, 'ram_used_mb': 4007.747584, 'net_sent_bytes': 3818878699, 'net_recv_bytes': 18042459260, 'gpu_mem_used_mb': 31479.0, 'gpu_load': 0.01}
Received system metrics from client 5: {'client_rank': 5, 'round': 11, 'timestamp': '2025-07-25 12:13:28', 'cpu_time': 1340991.0999999999, 'cpu_freq_mhz': 2100.0005, 'ram_used_mb': 4155.174912, 'net_sent_bytes': 16998504412, 'net_recv_bytes': 69086634992, 'gpu_mem_used_mb': 31479.0, 'gpu_load': 0.0}
Received system metrics from client 6: {'client_rank': 6, 'round': 11, 'timestamp': '2025-07-25 12:13:28', 'cpu_time': 1698872.87, 'cpu_freq_mhz': 2100.00075, 'ram_used_mb': 3993.198592, 'net_sent_bytes': 20599057789, 'net_recv_bytes': 44050793388, 'gpu_mem_used_mb': 31479.0, 'gpu_load': 0.0}
Received system metrics from client 7: {'client_rank': 7, 'round': 11, 'timestamp': '2025-07-25 12:13:28', 'cpu_time': 437346.08, 'cpu_freq_mhz': 2070.85134375, 'ram_used_mb': 3983.07328, 'net_sent_bytes': 328721402632, 'net_recv_bytes': 360312960590, 'gpu_mem_used_mb': 31479.0, 'gpu_load': 0.01}
Received system metrics from client 8: {'client_rank': 8, 'round': 11, 'timestamp': '2025-07-25 12:13:28', 'cpu_time': 995079.14, 'cpu_freq_mhz': 2085.34715625, 'ram_used_mb': 3982.413824, 'net_sent_bytes': 34961994439, 'net_recv_bytes': 541229229754, 'gpu_mem_used_mb': 31479.0, 'gpu_load': 0.01}
Received system metrics from client 9: {'client_rank': 9, 'round': 11, 'timestamp': '2025-07-25 12:13:28', 'cpu_time': 978890.07, 'cpu_freq_mhz': 2082.801375, 'ram_used_mb': 4071.354368, 'net_sent_bytes': 24238517802, 'net_recv_bytes': 358394024976, 'gpu_mem_used_mb': 31479.0, 'gpu_load': 0.01}
Received system metrics from client 10: {'client_rank': 10, 'round': 11, 'timestamp': '2025-07-25 12:13:28', 'cpu_time': 860412.01, 'cpu_freq_mhz': 2100.003625, 'ram_used_mb': 3998.98624, 'net_sent_bytes': 29819683753, 'net_recv_bytes': 289089215228, 'gpu_mem_used_mb': 31479.0, 'gpu_load': 0.01}
Averaging model weights...
Evaluating updated global model on test set...
    [Client 9] Round 12 - Waiting for global weights...
    [Client 8] Round 12 - Waiting for global weights...
    [Client 7] Round 12 - Waiting for global weights...
    [Client 10] Round 12 - Waiting for global weights...
Round 11 Evaluation - Accuracy: 0.7120, Loss: 0.8121

===== Round 12 =====
Broadcasting global model to all clients...
Waiting for model weights from client 1...
    [Client 4] Round 12 - Training on local data...
    [Client 2] Round 12 - Training on local data...
    [Client 9] Round 12 - Training on local data...
    [Client 3] Round 12 - Training on local data...
    [Client 8] Round 12 - Training on local data...
    [Client 10] Round 12 - Training on local data...
    [Client 7] Round 12 - Training on local data...
