2025-07-24 09:14:44.113973: I tensorflow/core/util/port.cc:153] oneDNN custom operations are on. You may see slightly different numerical results due to floating-point round-off errors from different computation orders. To turn them off, set the environment variable `TF_ENABLE_ONEDNN_OPTS=0`.
2025-07-24 09:14:44.135677: E external/local_xla/xla/stream_executor/cuda/cuda_fft.cc:485] Unable to register cuFFT factory: Attempting to register factory for plugin cuFFT when one has already been registered
2025-07-24 09:14:44.160756: E external/local_xla/xla/stream_executor/cuda/cuda_dnn.cc:8454] Unable to register cuDNN factory: Attempting to register factory for plugin cuDNN when one has already been registered
2025-07-24 09:14:44.168246: E external/local_xla/xla/stream_executor/cuda/cuda_blas.cc:1452] Unable to register cuBLAS factory: Attempting to register factory for plugin cuBLAS when one has already been registered
2025-07-24 09:14:44.187166: I tensorflow/core/platform/cpu_feature_guard.cc:210] This TensorFlow binary is optimized to use available CPU instructions in performance-critical operations.
To enable the following instructions: AVX2 AVX512F AVX512_VNNI FMA, in other operations, rebuild TensorFlow with the appropriate compiler flags.
2025-07-24 09:15:00.027052: W tensorflow/compiler/tf2tensorrt/utils/py_utils.cc:38] TF-TRT Warning: Could not find TensorRT
/home/aymenoml/venvs/fedcifar/lib/python3.11/site-packages/keras/src/layers/convolutional/base_conv.py:113: UserWarning: Do not pass an `input_shape`/`input_dim` argument to a layer. When using Sequential models, prefer using an `Input(shape)` object as the first layer in the model instead.
  super().__init__(activity_regularizer=activity_regularizer, **kwargs)
2025-07-24 09:16:29.832329: I tensorflow/core/util/port.cc:153] oneDNN custom operations are on. You may see slightly different numerical results due to floating-point round-off errors from different computation orders. To turn them off, set the environment variable `TF_ENABLE_ONEDNN_OPTS=0`.
2025-07-24 09:16:29.832207: I tensorflow/core/util/port.cc:153] oneDNN custom operations are on. You may see slightly different numerical results due to floating-point round-off errors from different computation orders. To turn them off, set the environment variable `TF_ENABLE_ONEDNN_OPTS=0`.
2025-07-24 09:16:29.891799: I tensorflow/core/util/port.cc:153] oneDNN custom operations are on. You may see slightly different numerical results due to floating-point round-off errors from different computation orders. To turn them off, set the environment variable `TF_ENABLE_ONEDNN_OPTS=0`.
2025-07-24 09:16:29.904255: I tensorflow/core/util/port.cc:153] oneDNN custom operations are on. You may see slightly different numerical results due to floating-point round-off errors from different computation orders. To turn them off, set the environment variable `TF_ENABLE_ONEDNN_OPTS=0`.
2025-07-24 09:16:29.910410: I tensorflow/core/util/port.cc:153] oneDNN custom operations are on. You may see slightly different numerical results due to floating-point round-off errors from different computation orders. To turn them off, set the environment variable `TF_ENABLE_ONEDNN_OPTS=0`.
2025-07-24 09:16:29.903014: I tensorflow/core/util/port.cc:153] oneDNN custom operations are on. You may see slightly different numerical results due to floating-point round-off errors from different computation orders. To turn them off, set the environment variable `TF_ENABLE_ONEDNN_OPTS=0`.
2025-07-24 09:16:30.597903: I tensorflow/core/util/port.cc:153] oneDNN custom operations are on. You may see slightly different numerical results due to floating-point round-off errors from different computation orders. To turn them off, set the environment variable `TF_ENABLE_ONEDNN_OPTS=0`.
2025-07-24 09:16:40.280367: I tensorflow/core/util/port.cc:153] oneDNN custom operations are on. You may see slightly different numerical results due to floating-point round-off errors from different computation orders. To turn them off, set the environment variable `TF_ENABLE_ONEDNN_OPTS=0`.
2025-07-24 09:16:40.410972: I tensorflow/core/util/port.cc:153] oneDNN custom operations are on. You may see slightly different numerical results due to floating-point round-off errors from different computation orders. To turn them off, set the environment variable `TF_ENABLE_ONEDNN_OPTS=0`.
2025-07-24 09:16:41.821099: I tensorflow/core/util/port.cc:153] oneDNN custom operations are on. You may see slightly different numerical results due to floating-point round-off errors from different computation orders. To turn them off, set the environment variable `TF_ENABLE_ONEDNN_OPTS=0`.
2025-07-24 09:16:47.784851: I tensorflow/core/util/port.cc:153] oneDNN custom operations are on. You may see slightly different numerical results due to floating-point round-off errors from different computation orders. To turn them off, set the environment variable `TF_ENABLE_ONEDNN_OPTS=0`.
2025-07-24 09:16:50.261418: E external/local_xla/xla/stream_executor/cuda/cuda_fft.cc:485] Unable to register cuFFT factory: Attempting to register factory for plugin cuFFT when one has already been registered
2025-07-24 09:16:50.401133: E external/local_xla/xla/stream_executor/cuda/cuda_fft.cc:485] Unable to register cuFFT factory: Attempting to register factory for plugin cuFFT when one has already been registered
2025-07-24 09:16:50.420420: E external/local_xla/xla/stream_executor/cuda/cuda_fft.cc:485] Unable to register cuFFT factory: Attempting to register factory for plugin cuFFT when one has already been registered
2025-07-24 09:16:50.420445: E external/local_xla/xla/stream_executor/cuda/cuda_fft.cc:485] Unable to register cuFFT factory: Attempting to register factory for plugin cuFFT when one has already been registered
2025-07-24 09:16:50.503367: E external/local_xla/xla/stream_executor/cuda/cuda_fft.cc:485] Unable to register cuFFT factory: Attempting to register factory for plugin cuFFT when one has already been registered
2025-07-24 09:16:50.521333: E external/local_xla/xla/stream_executor/cuda/cuda_fft.cc:485] Unable to register cuFFT factory: Attempting to register factory for plugin cuFFT when one has already been registered
2025-07-24 09:16:50.574505: E external/local_xla/xla/stream_executor/cuda/cuda_fft.cc:485] Unable to register cuFFT factory: Attempting to register factory for plugin cuFFT when one has already been registered
2025-07-24 09:16:51.614768: I tensorflow/core/util/port.cc:153] oneDNN custom operations are on. You may see slightly different numerical results due to floating-point round-off errors from different computation orders. To turn them off, set the environment variable `TF_ENABLE_ONEDNN_OPTS=0`.
2025-07-24 09:16:52.083610: E external/local_xla/xla/stream_executor/cuda/cuda_dnn.cc:8454] Unable to register cuDNN factory: Attempting to register factory for plugin cuDNN when one has already been registered
2025-07-24 09:16:52.606505: E external/local_xla/xla/stream_executor/cuda/cuda_fft.cc:485] Unable to register cuFFT factory: Attempting to register factory for plugin cuFFT when one has already been registered
2025-07-24 09:16:52.663742: E external/local_xla/xla/stream_executor/cuda/cuda_dnn.cc:8454] Unable to register cuDNN factory: Attempting to register factory for plugin cuDNN when one has already been registered
2025-07-24 09:16:52.672889: E external/local_xla/xla/stream_executor/cuda/cuda_dnn.cc:8454] Unable to register cuDNN factory: Attempting to register factory for plugin cuDNN when one has already been registered
2025-07-24 09:16:52.688803: E external/local_xla/xla/stream_executor/cuda/cuda_fft.cc:485] Unable to register cuFFT factory: Attempting to register factory for plugin cuFFT when one has already been registered
2025-07-24 09:16:52.729156: E external/local_xla/xla/stream_executor/cuda/cuda_dnn.cc:8454] Unable to register cuDNN factory: Attempting to register factory for plugin cuDNN when one has already been registered
2025-07-24 09:16:53.027885: E external/local_xla/xla/stream_executor/cuda/cuda_dnn.cc:8454] Unable to register cuDNN factory: Attempting to register factory for plugin cuDNN when one has already been registered
2025-07-24 09:16:53.085658: E external/local_xla/xla/stream_executor/cuda/cuda_blas.cc:1452] Unable to register cuBLAS factory: Attempting to register factory for plugin cuBLAS when one has already been registered
2025-07-24 09:16:53.356872: E external/local_xla/xla/stream_executor/cuda/cuda_dnn.cc:8454] Unable to register cuDNN factory: Attempting to register factory for plugin cuDNN when one has already been registered
2025-07-24 09:16:53.532491: E external/local_xla/xla/stream_executor/cuda/cuda_dnn.cc:8454] Unable to register cuDNN factory: Attempting to register factory for plugin cuDNN when one has already been registered
2025-07-24 09:16:53.611047: E external/local_xla/xla/stream_executor/cuda/cuda_blas.cc:1452] Unable to register cuBLAS factory: Attempting to register factory for plugin cuBLAS when one has already been registered
2025-07-24 09:16:53.707273: E external/local_xla/xla/stream_executor/cuda/cuda_fft.cc:485] Unable to register cuFFT factory: Attempting to register factory for plugin cuFFT when one has already been registered
2025-07-24 09:16:53.711683: E external/local_xla/xla/stream_executor/cuda/cuda_blas.cc:1452] Unable to register cuBLAS factory: Attempting to register factory for plugin cuBLAS when one has already been registered
2025-07-24 09:16:53.720250: E external/local_xla/xla/stream_executor/cuda/cuda_blas.cc:1452] Unable to register cuBLAS factory: Attempting to register factory for plugin cuBLAS when one has already been registered
2025-07-24 09:16:53.835414: E external/local_xla/xla/stream_executor/cuda/cuda_blas.cc:1452] Unable to register cuBLAS factory: Attempting to register factory for plugin cuBLAS when one has already been registered
2025-07-24 09:16:54.138886: E external/local_xla/xla/stream_executor/cuda/cuda_blas.cc:1452] Unable to register cuBLAS factory: Attempting to register factory for plugin cuBLAS when one has already been registered
2025-07-24 09:16:54.467600: E external/local_xla/xla/stream_executor/cuda/cuda_blas.cc:1452] Unable to register cuBLAS factory: Attempting to register factory for plugin cuBLAS when one has already been registered
2025-07-24 09:16:56.814471: E external/local_xla/xla/stream_executor/cuda/cuda_fft.cc:485] Unable to register cuFFT factory: Attempting to register factory for plugin cuFFT when one has already been registered
2025-07-24 09:16:57.243916: E external/local_xla/xla/stream_executor/cuda/cuda_dnn.cc:8454] Unable to register cuDNN factory: Attempting to register factory for plugin cuDNN when one has already been registered
2025-07-24 09:16:57.259260: E external/local_xla/xla/stream_executor/cuda/cuda_dnn.cc:8454] Unable to register cuDNN factory: Attempting to register factory for plugin cuDNN when one has already been registered
2025-07-24 09:16:58.201416: E external/local_xla/xla/stream_executor/cuda/cuda_blas.cc:1452] Unable to register cuBLAS factory: Attempting to register factory for plugin cuBLAS when one has already been registered
2025-07-24 09:16:58.245759: E external/local_xla/xla/stream_executor/cuda/cuda_dnn.cc:8454] Unable to register cuDNN factory: Attempting to register factory for plugin cuDNN when one has already been registered
2025-07-24 09:16:58.359930: E external/local_xla/xla/stream_executor/cuda/cuda_blas.cc:1452] Unable to register cuBLAS factory: Attempting to register factory for plugin cuBLAS when one has already been registered
2025-07-24 09:16:58.738393: I tensorflow/core/platform/cpu_feature_guard.cc:210] This TensorFlow binary is optimized to use available CPU instructions in performance-critical operations.
To enable the following instructions: AVX2 AVX512F AVX512_VNNI FMA, in other operations, rebuild TensorFlow with the appropriate compiler flags.
2025-07-24 09:16:59.057677: I tensorflow/core/util/port.cc:153] oneDNN custom operations are on. You may see slightly different numerical results due to floating-point round-off errors from different computation orders. To turn them off, set the environment variable `TF_ENABLE_ONEDNN_OPTS=0`.
2025-07-24 09:16:59.060549: I tensorflow/core/platform/cpu_feature_guard.cc:210] This TensorFlow binary is optimized to use available CPU instructions in performance-critical operations.
To enable the following instructions: AVX2 AVX512F AVX512_VNNI FMA, in other operations, rebuild TensorFlow with the appropriate compiler flags.
2025-07-24 09:16:59.078105: I tensorflow/core/platform/cpu_feature_guard.cc:210] This TensorFlow binary is optimized to use available CPU instructions in performance-critical operations.
To enable the following instructions: AVX2 AVX512F AVX512_VNNI FMA, in other operations, rebuild TensorFlow with the appropriate compiler flags.
2025-07-24 09:16:59.172616: E external/local_xla/xla/stream_executor/cuda/cuda_blas.cc:1452] Unable to register cuBLAS factory: Attempting to register factory for plugin cuBLAS when one has already been registered
2025-07-24 09:16:59.340122: I tensorflow/core/platform/cpu_feature_guard.cc:210] This TensorFlow binary is optimized to use available CPU instructions in performance-critical operations.
To enable the following instructions: AVX2 AVX512F AVX512_VNNI FMA, in other operations, rebuild TensorFlow with the appropriate compiler flags.
2025-07-24 09:16:59.547673: I tensorflow/core/platform/cpu_feature_guard.cc:210] This TensorFlow binary is optimized to use available CPU instructions in performance-critical operations.
To enable the following instructions: AVX2 AVX512F AVX512_VNNI FMA, in other operations, rebuild TensorFlow with the appropriate compiler flags.
2025-07-24 09:17:00.064777: I tensorflow/core/platform/cpu_feature_guard.cc:210] This TensorFlow binary is optimized to use available CPU instructions in performance-critical operations.
To enable the following instructions: AVX2 AVX512F AVX512_VNNI FMA, in other operations, rebuild TensorFlow with the appropriate compiler flags.
2025-07-24 09:17:00.065081: E external/local_xla/xla/stream_executor/cuda/cuda_dnn.cc:8454] Unable to register cuDNN factory: Attempting to register factory for plugin cuDNN when one has already been registered
2025-07-24 09:17:00.495989: I tensorflow/core/platform/cpu_feature_guard.cc:210] This TensorFlow binary is optimized to use available CPU instructions in performance-critical operations.
To enable the following instructions: AVX2 AVX512F AVX512_VNNI FMA, in other operations, rebuild TensorFlow with the appropriate compiler flags.
2025-07-24 09:17:00.491675: I tensorflow/core/util/port.cc:153] oneDNN custom operations are on. You may see slightly different numerical results due to floating-point round-off errors from different computation orders. To turn them off, set the environment variable `TF_ENABLE_ONEDNN_OPTS=0`.
2025-07-24 09:17:00.947219: E external/local_xla/xla/stream_executor/cuda/cuda_blas.cc:1452] Unable to register cuBLAS factory: Attempting to register factory for plugin cuBLAS when one has already been registered
2025-07-24 09:17:03.664246: E external/local_xla/xla/stream_executor/cuda/cuda_fft.cc:485] Unable to register cuFFT factory: Attempting to register factory for plugin cuFFT when one has already been registered
2025-07-24 09:17:04.067973: I tensorflow/core/platform/cpu_feature_guard.cc:210] This TensorFlow binary is optimized to use available CPU instructions in performance-critical operations.
To enable the following instructions: AVX2 AVX512F AVX512_VNNI FMA, in other operations, rebuild TensorFlow with the appropriate compiler flags.
2025-07-24 09:17:04.421569: I tensorflow/core/platform/cpu_feature_guard.cc:210] This TensorFlow binary is optimized to use available CPU instructions in performance-critical operations.
To enable the following instructions: AVX2 AVX512F AVX512_VNNI FMA, in other operations, rebuild TensorFlow with the appropriate compiler flags.
2025-07-24 09:17:05.954122: I tensorflow/core/platform/cpu_feature_guard.cc:210] This TensorFlow binary is optimized to use available CPU instructions in performance-critical operations.
To enable the following instructions: AVX2 AVX512F AVX512_VNNI FMA, in other operations, rebuild TensorFlow with the appropriate compiler flags.
2025-07-24 09:17:07.074357: I tensorflow/core/platform/cpu_feature_guard.cc:210] This TensorFlow binary is optimized to use available CPU instructions in performance-critical operations.
To enable the following instructions: AVX2 AVX512F AVX512_VNNI FMA, in other operations, rebuild TensorFlow with the appropriate compiler flags.
2025-07-24 09:17:08.065882: E external/local_xla/xla/stream_executor/cuda/cuda_dnn.cc:8454] Unable to register cuDNN factory: Attempting to register factory for plugin cuDNN when one has already been registered
2025-07-24 09:17:09.391471: E external/local_xla/xla/stream_executor/cuda/cuda_blas.cc:1452] Unable to register cuBLAS factory: Attempting to register factory for plugin cuBLAS when one has already been registered
2025-07-24 09:17:10.212937: E external/local_xla/xla/stream_executor/cuda/cuda_fft.cc:485] Unable to register cuFFT factory: Attempting to register factory for plugin cuFFT when one has already been registered
2025-07-24 09:17:10.745753: E external/local_xla/xla/stream_executor/cuda/cuda_fft.cc:485] Unable to register cuFFT factory: Attempting to register factory for plugin cuFFT when one has already been registered
2025-07-24 09:17:11.402605: E external/local_xla/xla/stream_executor/cuda/cuda_dnn.cc:8454] Unable to register cuDNN factory: Attempting to register factory for plugin cuDNN when one has already been registered
2025-07-24 09:17:11.445439: E external/local_xla/xla/stream_executor/cuda/cuda_dnn.cc:8454] Unable to register cuDNN factory: Attempting to register factory for plugin cuDNN when one has already been registered
2025-07-24 09:17:12.356575: E external/local_xla/xla/stream_executor/cuda/cuda_blas.cc:1452] Unable to register cuBLAS factory: Attempting to register factory for plugin cuBLAS when one has already been registered
2025-07-24 09:17:12.439153: E external/local_xla/xla/stream_executor/cuda/cuda_blas.cc:1452] Unable to register cuBLAS factory: Attempting to register factory for plugin cuBLAS when one has already been registered
2025-07-24 09:17:12.549062: I tensorflow/core/platform/cpu_feature_guard.cc:210] This TensorFlow binary is optimized to use available CPU instructions in performance-critical operations.
To enable the following instructions: AVX2 AVX512F AVX512_VNNI FMA, in other operations, rebuild TensorFlow with the appropriate compiler flags.
2025-07-24 09:17:13.200247: I tensorflow/core/platform/cpu_feature_guard.cc:210] This TensorFlow binary is optimized to use available CPU instructions in performance-critical operations.
To enable the following instructions: AVX2 AVX512F AVX512_VNNI FMA, in other operations, rebuild TensorFlow with the appropriate compiler flags.
2025-07-24 09:17:13.331598: I tensorflow/core/platform/cpu_feature_guard.cc:210] This TensorFlow binary is optimized to use available CPU instructions in performance-critical operations.
To enable the following instructions: AVX2 AVX512F AVX512_VNNI FMA, in other operations, rebuild TensorFlow with the appropriate compiler flags.
2025-07-24 09:17:31.502126: I tensorflow/core/util/port.cc:153] oneDNN custom operations are on. You may see slightly different numerical results due to floating-point round-off errors from different computation orders. To turn them off, set the environment variable `TF_ENABLE_ONEDNN_OPTS=0`.
2025-07-24 09:17:34.201690: E external/local_xla/xla/stream_executor/cuda/cuda_fft.cc:485] Unable to register cuFFT factory: Attempting to register factory for plugin cuFFT when one has already been registered
2025-07-24 09:17:36.242680: E external/local_xla/xla/stream_executor/cuda/cuda_dnn.cc:8454] Unable to register cuDNN factory: Attempting to register factory for plugin cuDNN when one has already been registered
2025-07-24 09:17:36.537643: E external/local_xla/xla/stream_executor/cuda/cuda_blas.cc:1452] Unable to register cuBLAS factory: Attempting to register factory for plugin cuBLAS when one has already been registered
2025-07-24 09:17:39.879542: I tensorflow/core/platform/cpu_feature_guard.cc:210] This TensorFlow binary is optimized to use available CPU instructions in performance-critical operations.
To enable the following instructions: AVX2 AVX512F AVX512_VNNI FMA, in other operations, rebuild TensorFlow with the appropriate compiler flags.
2025-07-24 09:17:56.007900: W tensorflow/compiler/tf2tensorrt/utils/py_utils.cc:38] TF-TRT Warning: Could not find TensorRT
2025-07-24 09:17:56.010970: W tensorflow/compiler/tf2tensorrt/utils/py_utils.cc:38] TF-TRT Warning: Could not find TensorRT
2025-07-24 09:17:56.033145: W tensorflow/compiler/tf2tensorrt/utils/py_utils.cc:38] TF-TRT Warning: Could not find TensorRT
2025-07-24 09:17:56.040286: W tensorflow/compiler/tf2tensorrt/utils/py_utils.cc:38] TF-TRT Warning: Could not find TensorRT
2025-07-24 09:17:56.042603: W tensorflow/compiler/tf2tensorrt/utils/py_utils.cc:38] TF-TRT Warning: Could not find TensorRT
2025-07-24 09:17:56.043101: W tensorflow/compiler/tf2tensorrt/utils/py_utils.cc:38] TF-TRT Warning: Could not find TensorRT
2025-07-24 09:17:56.070861: W tensorflow/compiler/tf2tensorrt/utils/py_utils.cc:38] TF-TRT Warning: Could not find TensorRT
2025-07-24 09:17:56.105910: W tensorflow/compiler/tf2tensorrt/utils/py_utils.cc:38] TF-TRT Warning: Could not find TensorRT
2025-07-24 09:17:56.230568: W tensorflow/compiler/tf2tensorrt/utils/py_utils.cc:38] TF-TRT Warning: Could not find TensorRT
2025-07-24 09:17:56.466604: W tensorflow/compiler/tf2tensorrt/utils/py_utils.cc:38] TF-TRT Warning: Could not find TensorRT
2025-07-24 09:18:04.289933: W tensorflow/compiler/tf2tensorrt/utils/py_utils.cc:38] TF-TRT Warning: Could not find TensorRT
2025-07-24 09:18:06.751818: W tensorflow/compiler/tf2tensorrt/utils/py_utils.cc:38] TF-TRT Warning: Could not find TensorRT
2025-07-24 09:18:09.403306: W tensorflow/compiler/tf2tensorrt/utils/py_utils.cc:38] TF-TRT Warning: Could not find TensorRT
2025-07-24 09:18:11.661465: W tensorflow/compiler/tf2tensorrt/utils/py_utils.cc:38] TF-TRT Warning: Could not find TensorRT
2025-07-24 09:18:13.180944: W tensorflow/compiler/tf2tensorrt/utils/py_utils.cc:38] TF-TRT Warning: Could not find TensorRT
/home/aymenoml/venvs/fedcifar/lib/python3.11/site-packages/keras/src/layers/convolutional/base_conv.py:113: UserWarning: Do not pass an `input_shape`/`input_dim` argument to a layer. When using Sequential models, prefer using an `Input(shape)` object as the first layer in the model instead.
  super().__init__(activity_regularizer=activity_regularizer, **kwargs)
/home/aymenoml/venvs/fedcifar/lib/python3.11/site-packages/keras/src/layers/convolutional/base_conv.py:113: UserWarning: Do not pass an `input_shape`/`input_dim` argument to a layer. When using Sequential models, prefer using an `Input(shape)` object as the first layer in the model instead.
  super().__init__(activity_regularizer=activity_regularizer, **kwargs)
/home/aymenoml/venvs/fedcifar/lib/python3.11/site-packages/keras/src/layers/convolutional/base_conv.py:113: UserWarning: Do not pass an `input_shape`/`input_dim` argument to a layer. When using Sequential models, prefer using an `Input(shape)` object as the first layer in the model instead.
  super().__init__(activity_regularizer=activity_regularizer, **kwargs)
/home/aymenoml/venvs/fedcifar/lib/python3.11/site-packages/keras/src/layers/convolutional/base_conv.py:113: UserWarning: Do not pass an `input_shape`/`input_dim` argument to a layer. When using Sequential models, prefer using an `Input(shape)` object as the first layer in the model instead.
  super().__init__(activity_regularizer=activity_regularizer, **kwargs)
/home/aymenoml/venvs/fedcifar/lib/python3.11/site-packages/keras/src/layers/convolutional/base_conv.py:113: UserWarning: Do not pass an `input_shape`/`input_dim` argument to a layer. When using Sequential models, prefer using an `Input(shape)` object as the first layer in the model instead.
  super().__init__(activity_regularizer=activity_regularizer, **kwargs)
/home/aymenoml/venvs/fedcifar/lib/python3.11/site-packages/keras/src/layers/convolutional/base_conv.py:113: UserWarning: Do not pass an `input_shape`/`input_dim` argument to a layer. When using Sequential models, prefer using an `Input(shape)` object as the first layer in the model instead.
  super().__init__(activity_regularizer=activity_regularizer, **kwargs)
/home/aymenoml/venvs/fedcifar/lib/python3.11/site-packages/keras/src/layers/convolutional/base_conv.py:113: UserWarning: Do not pass an `input_shape`/`input_dim` argument to a layer. When using Sequential models, prefer using an `Input(shape)` object as the first layer in the model instead.
  super().__init__(activity_regularizer=activity_regularizer, **kwargs)
/home/aymenoml/venvs/fedcifar/lib/python3.11/site-packages/keras/src/layers/convolutional/base_conv.py:113: UserWarning: Do not pass an `input_shape`/`input_dim` argument to a layer. When using Sequential models, prefer using an `Input(shape)` object as the first layer in the model instead.
  super().__init__(activity_regularizer=activity_regularizer, **kwargs)
/home/aymenoml/venvs/fedcifar/lib/python3.11/site-packages/keras/src/layers/convolutional/base_conv.py:113: UserWarning: Do not pass an `input_shape`/`input_dim` argument to a layer. When using Sequential models, prefer using an `Input(shape)` object as the first layer in the model instead.
  super().__init__(activity_regularizer=activity_regularizer, **kwargs)
/home/aymenoml/venvs/fedcifar/lib/python3.11/site-packages/keras/src/layers/convolutional/base_conv.py:113: UserWarning: Do not pass an `input_shape`/`input_dim` argument to a layer. When using Sequential models, prefer using an `Input(shape)` object as the first layer in the model instead.
  super().__init__(activity_regularizer=activity_regularizer, **kwargs)
/home/aymenoml/venvs/fedcifar/lib/python3.11/site-packages/keras/src/layers/convolutional/base_conv.py:113: UserWarning: Do not pass an `input_shape`/`input_dim` argument to a layer. When using Sequential models, prefer using an `Input(shape)` object as the first layer in the model instead.
  super().__init__(activity_regularizer=activity_regularizer, **kwargs)
/home/aymenoml/venvs/fedcifar/lib/python3.11/site-packages/keras/src/layers/convolutional/base_conv.py:113: UserWarning: Do not pass an `input_shape`/`input_dim` argument to a layer. When using Sequential models, prefer using an `Input(shape)` object as the first layer in the model instead.
  super().__init__(activity_regularizer=activity_regularizer, **kwargs)
/home/aymenoml/venvs/fedcifar/lib/python3.11/site-packages/keras/src/layers/convolutional/base_conv.py:113: UserWarning: Do not pass an `input_shape`/`input_dim` argument to a layer. When using Sequential models, prefer using an `Input(shape)` object as the first layer in the model instead.
  super().__init__(activity_regularizer=activity_regularizer, **kwargs)
/home/aymenoml/venvs/fedcifar/lib/python3.11/site-packages/keras/src/layers/convolutional/base_conv.py:113: UserWarning: Do not pass an `input_shape`/`input_dim` argument to a layer. When using Sequential models, prefer using an `Input(shape)` object as the first layer in the model instead.
  super().__init__(activity_regularizer=activity_regularizer, **kwargs)
/home/aymenoml/venvs/fedcifar/lib/python3.11/site-packages/keras/src/layers/convolutional/base_conv.py:113: UserWarning: Do not pass an `input_shape`/`input_dim` argument to a layer. When using Sequential models, prefer using an `Input(shape)` object as the first layer in the model instead.
  super().__init__(activity_regularizer=activity_regularizer, **kwargs)
Traceback (most recent call last):
  File "/scratch/aymenoml/system-utility-cifar10/federated_mpi/mpi_main.py", line 15, in <module>
Traceback (most recent call last):
  File "/scratch/aymenoml/system-utility-cifar10/federated_mpi/mpi_main.py", line 15, in <module>
Traceback (most recent call last):
  File "/scratch/aymenoml/system-utility-cifar10/federated_mpi/mpi_main.py", line 15, in <module>
Traceback (most recent call last):
  File "/scratch/aymenoml/system-utility-cifar10/federated_mpi/mpi_main.py", line 15, in <module>
    main()
  File "/scratch/aymenoml/system-utility-cifar10/federated_mpi/mpi_main.py", line 12, in main
    main()
  File "/scratch/aymenoml/system-utility-cifar10/federated_mpi/mpi_main.py", line 12, in main
    main()
  File "/scratch/aymenoml/system-utility-cifar10/federated_mpi/mpi_main.py", line 12, in main
    run_client(comm, rank)
  File "/scratch/aymenoml/system-utility-cifar10/federated_mpi/mpi_client.py", line 69, in run_client
    run_client(comm, rank)
  File "/scratch/aymenoml/system-utility-cifar10/federated_mpi/mpi_client.py", line 69, in run_client
    global_weights = comm.bcast(None, root=0)
                     ^^^^^^^^^^^^^^^^^^^^^^^^
  File "src/mpi4py/MPI.src/Comm.pyx", line 2113, in mpi4py.MPI.Comm.bcast
    run_client(comm, rank)
  File "/scratch/aymenoml/system-utility-cifar10/federated_mpi/mpi_client.py", line 69, in run_client
  File "src/mpi4py/MPI.src/msgpickle.pxi", line 776, in mpi4py.MPI.PyMPI_bcast
    global_weights = comm.bcast(None, root=0)
                     ^^^^^^^^^^^^^^^^^^^^^^^^
  File "src/mpi4py/MPI.src/Comm.pyx", line 2113, in mpi4py.MPI.Comm.bcast
  File "src/mpi4py/MPI.src/msgpickle.pxi", line 206, in mpi4py.MPI.pickle_load
    main()
  File "/scratch/aymenoml/system-utility-cifar10/federated_mpi/mpi_main.py", line 12, in main
  File "src/mpi4py/MPI.src/msgpickle.pxi", line 195, in mpi4py.MPI.cloads
    run_client(comm, rank)
  File "/scratch/aymenoml/system-utility-cifar10/federated_mpi/mpi_client.py", line 69, in run_client
    global_weights = comm.bcast(None, root=0)
                     ^^^^^^^^^^^^^^^^^^^^^^^^
  File "src/mpi4py/MPI.src/Comm.pyx", line 2113, in mpi4py.MPI.Comm.bcast
    global_weights = comm.bcast(None, root=0)
                     ^^^^^^^^^^^^^^^^^^^^^^^^
  File "src/mpi4py/MPI.src/Comm.pyx", line 2113, in mpi4py.MPI.Comm.bcast
_pickle.UnpicklingError: invalid load key, '\x00'.
  File "src/mpi4py/MPI.src/msgpickle.pxi", line 776, in mpi4py.MPI.PyMPI_bcast
  File "src/mpi4py/MPI.src/msgpickle.pxi", line 776, in mpi4py.MPI.PyMPI_bcast
  File "src/mpi4py/MPI.src/msgpickle.pxi", line 206, in mpi4py.MPI.pickle_load
  File "src/mpi4py/MPI.src/msgpickle.pxi", line 195, in mpi4py.MPI.cloads
_pickle.UnpicklingError: invalid load key, '\x00'.
  File "src/mpi4py/MPI.src/msgpickle.pxi", line 206, in mpi4py.MPI.pickle_load
  File "src/mpi4py/MPI.src/msgpickle.pxi", line 776, in mpi4py.MPI.PyMPI_bcast
  File "src/mpi4py/MPI.src/msgpickle.pxi", line 195, in mpi4py.MPI.cloads
_pickle.UnpicklingError: invalid load key, '\x00'.
  File "src/mpi4py/MPI.src/msgpickle.pxi", line 206, in mpi4py.MPI.pickle_load
  File "src/mpi4py/MPI.src/msgpickle.pxi", line 195, in mpi4py.MPI.cloads
_pickle.UnpicklingError: invalid load key, '\x00'.
Traceback (most recent call last):
  File "/scratch/aymenoml/system-utility-cifar10/federated_mpi/mpi_main.py", line 15, in <module>
    main()
  File "/scratch/aymenoml/system-utility-cifar10/federated_mpi/mpi_main.py", line 9, in main
    run_server(comm)
  File "/scratch/aymenoml/system-utility-cifar10/federated_mpi/mpi_server.py", line 51, in run_server
    received = comm.recv(source=i, tag=i)
               ^^^^^^^^^^^^^^^^^^^^^^^^^^
  File "src/mpi4py/MPI.src/Comm.pyx", line 1978, in mpi4py.MPI.Comm.recv
  File "src/mpi4py/MPI.src/msgpickle.pxi", line 408, in mpi4py.MPI.PyMPI_recv
  File "src/mpi4py/MPI.src/msgpickle.pxi", line 372, in mpi4py.MPI.PyMPI_recv_match
  File "src/mpi4py/MPI.src/msgpickle.pxi", line 206, in mpi4py.MPI.pickle_load
  File "src/mpi4py/MPI.src/msgpickle.pxi", line 195, in mpi4py.MPI.cloads
UnicodeDecodeError: 'utf-8' codec can't decode byte 0xb3 in position 2: invalid start byte
slurmstepd: error:  mpi/pmix_v4: pmixp_coll_tree_reset_if_to: cdr1732 [10]: pmixp_coll_tree.c:1321: 0x147fc80771c0: collective timeout seq=1
slurmstepd: error:  mpi/pmix_v4: pmixp_coll_log: cdr1732 [10]: pmixp_coll.c:286: Dumping collective state
slurmstepd: error:  mpi/pmix_v4: pmixp_coll_tree_log: cdr1732 [10]: pmixp_coll_tree.c:1337: 0x147fc80771c0: COLL_FENCE_TREE state seq=1 contribs: loc=1/prnt=0/child=0
slurmstepd: error:  mpi/pmix_v4: pmixp_coll_tree_log: cdr1732 [10]: pmixp_coll_tree.c:1342: my peerid: 1:cdr2213
slurmstepd: error:  mpi/pmix_v4: pmixp_coll_tree_log: cdr1732 [10]: pmixp_coll_tree.c:1345: root host: 9:cdr1700
slurmstepd: error:  mpi/pmix_v4: pmixp_coll_tree_log: cdr1732 [10]: pmixp_coll_tree.c:1348: prnt host: 9:cdr1700
slurmstepd: error:  mpi/pmix_v4: pmixp_coll_tree_log: cdr1732 [10]: pmixp_coll_tree.c:1350: prnt contrib:
slurmstepd: error:  mpi/pmix_v4: pmixp_coll_tree_log: cdr1732 [10]: pmixp_coll_tree.c:1351: 	 [9:cdr1700] false
slurmstepd: error:  mpi/pmix_v4: pmixp_coll_tree_log: cdr1732 [10]: pmixp_coll_tree.c:1392: status: coll=COLL_UPFWD upfw=COLL_SND_DONE dfwd=COLL_SND_NONE
slurmstepd: error:  mpi/pmix_v4: pmixp_coll_tree_log: cdr1732 [10]: pmixp_coll_tree.c:1396: dfwd status: dfwd_cb_cnt=0, dfwd_cb_wait=0
slurmstepd: error:  mpi/pmix_v4: pmixp_coll_tree_log: cdr1732 [10]: pmixp_coll_tree.c:1398: bufs (offset/size): upfw 69/16415, dfwd 69/16415
slurmstepd: error:  mpi/pmix_v4: pmixp_coll_tree_reset_if_to: cdr2448 [6]: pmixp_coll_tree.c:1321: 0x14b15c060460: collective timeout seq=1
slurmstepd: error:  mpi/pmix_v4: pmixp_coll_log: cdr2448 [6]: pmixp_coll.c:286: Dumping collective state
slurmstepd: error:  mpi/pmix_v4: pmixp_coll_tree_log: cdr2448 [6]: pmixp_coll_tree.c:1337: 0x14b15c060460: COLL_FENCE_TREE state seq=1 contribs: loc=1/prnt=0/child=0
slurmstepd: error:  mpi/pmix_v4: pmixp_coll_tree_log: cdr2448 [6]: pmixp_coll_tree.c:1342: my peerid: 13:cdr1748
slurmstepd: error:  mpi/pmix_v4: pmixp_coll_tree_log: cdr2448 [6]: pmixp_coll_tree.c:1345: root host: 9:cdr1700
slurmstepd: error:  mpi/pmix_v4: pmixp_coll_tree_log: cdr2448 [6]: pmixp_coll_tree.c:1348: prnt host: 9:cdr1700
slurmstepd: error:  mpi/pmix_v4: pmixp_coll_tree_log: cdr2448 [6]: pmixp_coll_tree.c:1350: prnt contrib:
slurmstepd: error:  mpi/pmix_v4: pmixp_coll_tree_log: cdr2448 [6]: pmixp_coll_tree.c:1351: 	 [9:cdr1700] false
slurmstepd: error:  mpi/pmix_v4: pmixp_coll_tree_log: cdr2448 [6]: pmixp_coll_tree.c:1392: status: coll=COLL_UPFWD upfw=COLL_SND_DONE dfwd=COLL_SND_NONE
slurmstepd: error:  mpi/pmix_v4: pmixp_coll_tree_log: cdr2448 [6]: pmixp_coll_tree.c:1396: dfwd status: dfwd_cb_cnt=0, dfwd_cb_wait=0
slurmstepd: error:  mpi/pmix_v4: pmixp_coll_tree_log: cdr2448 [6]: pmixp_coll_tree.c:1398: bufs (offset/size): upfw 69/16415, dfwd 69/16415
slurmstepd: error:  mpi/pmix_v4: pmixp_coll_tree_reset_if_to: cdr1700 [9]: pmixp_coll_tree.c:1321: 0x15392c0606c0: collective timeout seq=1
slurmstepd: error:  mpi/pmix_v4: pmixp_coll_log: cdr1700 [9]: pmixp_coll.c:286: Dumping collective state
slurmstepd: error:  mpi/pmix_v4: pmixp_coll_tree_log: cdr1700 [9]: pmixp_coll_tree.c:1337: 0x15392c0606c0: COLL_FENCE_TREE state seq=1 contribs: loc=0/prnt=0/child=5
slurmstepd: error:  mpi/pmix_v4: pmixp_coll_tree_log: cdr1700 [9]: pmixp_coll_tree.c:1342: my peerid: 0:cdr2055
slurmstepd: error:  mpi/pmix_v4: pmixp_coll_tree_log: cdr1700 [9]: pmixp_coll_tree.c:1345: root host: 0:cdr2055
slurmstepd: error:  mpi/pmix_v4: pmixp_coll_tree_log: cdr1700 [9]: pmixp_coll_tree.c:1359: child contribs [15]:
slurmstepd: error:  mpi/pmix_v4: pmixp_coll_tree_log: cdr1700 [9]: pmixp_coll_tree.c:1385: 	 done contrib: cdr[1732,1754,2055,2334,2448]
slurmstepd: error:  mpi/pmix_v4: pmixp_coll_tree_log: cdr1700 [9]: pmixp_coll_tree.c:1387: 	 wait contrib: cdr[1733,1747-1748,1762,2213,2439,2442,2444,2454,2465]
slurmstepd: error:  mpi/pmix_v4: pmixp_coll_tree_log: cdr1700 [9]: pmixp_coll_tree.c:1392: status: coll=COLL_COLLECT upfw=COLL_SND_NONE dfwd=COLL_SND_NONE
slurmstepd: error:  mpi/pmix_v4: pmixp_coll_tree_log: cdr1700 [9]: pmixp_coll_tree.c:1396: dfwd status: dfwd_cb_cnt=0, dfwd_cb_wait=0
slurmstepd: error:  mpi/pmix_v4: pmixp_coll_tree_log: cdr1700 [9]: pmixp_coll_tree.c:1398: bufs (offset/size): upfw 69/16415, dfwd 69/16415
slurmstepd: error:  mpi/pmix_v4: pmixp_coll_tree_reset_if_to: cdr1754 [14]: pmixp_coll_tree.c:1321: 0x14a710065fd0: collective timeout seq=1
slurmstepd: error:  mpi/pmix_v4: pmixp_coll_log: cdr1754 [14]: pmixp_coll.c:286: Dumping collective state
slurmstepd: error:  mpi/pmix_v4: pmixp_coll_tree_log: cdr1754 [14]: pmixp_coll_tree.c:1337: 0x14a710065fd0: COLL_FENCE_TREE state seq=1 contribs: loc=1/prnt=0/child=0
slurmstepd: error:  mpi/pmix_v4: pmixp_coll_tree_log: cdr1754 [14]: pmixp_coll_tree.c:1342: my peerid: 5:cdr2444
slurmstepd: error:  mpi/pmix_v4: pmixp_coll_tree_log: cdr1754 [14]: pmixp_coll_tree.c:1345: root host: 9:cdr1700
slurmstepd: error:  mpi/pmix_v4: pmixp_coll_tree_log: cdr1754 [14]: pmixp_coll_tree.c:1348: prnt host: 9:cdr1700
slurmstepd: error:  mpi/pmix_v4: pmixp_coll_tree_log: cdr1754 [14]: pmixp_coll_tree.c:1350: prnt contrib:
slurmstepd: error:  mpi/pmix_v4: pmixp_coll_tree_log: cdr1754 [14]: pmixp_coll_tree.c:1351: 	 [9:cdr1700] false
slurmstepd: error:  mpi/pmix_v4: pmixp_coll_tree_log: cdr1754 [14]: pmixp_coll_tree.c:1392: status: coll=COLL_UPFWD upfw=COLL_SND_DONE dfwd=COLL_SND_NONE
slurmstepd: error:  mpi/pmix_v4: pmixp_coll_tree_log: cdr1754 [14]: pmixp_coll_tree.c:1396: dfwd status: dfwd_cb_cnt=0, dfwd_cb_wait=0
slurmstepd: error:  mpi/pmix_v4: pmixp_coll_tree_log: cdr1754 [14]: pmixp_coll_tree.c:1398: bufs (offset/size): upfw 69/16415, dfwd 69/16415
slurmstepd: error:  mpi/pmix_v4: pmixp_coll_tree_reset_if_to: cdr2334 [2]: pmixp_coll_tree.c:1321: 0x146c50060660: collective timeout seq=1
slurmstepd: error:  mpi/pmix_v4: pmixp_coll_log: cdr2334 [2]: pmixp_coll.c:286: Dumping collective state
slurmstepd: error:  mpi/pmix_v4: pmixp_coll_tree_log: cdr2334 [2]: pmixp_coll_tree.c:1337: 0x146c50060660: COLL_FENCE_TREE state seq=1 contribs: loc=1/prnt=0/child=0
slurmstepd: error:  mpi/pmix_v4: pmixp_coll_tree_log: cdr2334 [2]: pmixp_coll_tree.c:1342: my peerid: 9:cdr1700
slurmstepd: error:  mpi/pmix_v4: pmixp_coll_tree_log: cdr2334 [2]: pmixp_coll_tree.c:1345: root host: 9:cdr1700
slurmstepd: error:  mpi/pmix_v4: pmixp_coll_tree_log: cdr2334 [2]: pmixp_coll_tree.c:1348: prnt host: 9:cdr1700
slurmstepd: error:  mpi/pmix_v4: pmixp_coll_tree_log: cdr2334 [2]: pmixp_coll_tree.c:1350: prnt contrib:
slurmstepd: error:  mpi/pmix_v4: pmixp_coll_tree_log: cdr2334 [2]: pmixp_coll_tree.c:1351: 	 [9:cdr1700] false
slurmstepd: error:  mpi/pmix_v4: pmixp_coll_tree_log: cdr2334 [2]: pmixp_coll_tree.c:1392: status: coll=COLL_UPFWD upfw=COLL_SND_DONE dfwd=COLL_SND_NONE
slurmstepd: error:  mpi/pmix_v4: pmixp_coll_tree_log: cdr2334 [2]: pmixp_coll_tree.c:1396: dfwd status: dfwd_cb_cnt=0, dfwd_cb_wait=0
slurmstepd: error:  mpi/pmix_v4: pmixp_coll_tree_log: cdr2334 [2]: pmixp_coll_tree.c:1398: bufs (offset/size): upfw 69/16415, dfwd 69/16415
srun: error: cdr1754: task 14: Exited with exit code 1
srun: Terminating StepId=64638748.0
slurmstepd: error: *** STEP 64638748.0 ON cdr2055 CANCELLED AT 2025-07-24T09:29:15 ***
srun: error: cdr1732: task 10: Terminated
srun: error: cdr2442: task 4: Terminated
srun: error: cdr1748: task 13: Terminated
srun: error: cdr2465: task 8: Terminated
srun: error: cdr1733: task 11: Terminated
srun: error: cdr1762: task 15: Terminated
srun: error: cdr1747: task 12: Terminated
srun: error: cdr2448: task 6: Exited with exit code 1
srun: error: cdr2439: task 3: Terminated
srun: error: cdr2454: task 7: Terminated
srun: error: cdr2055: task 0: Terminated
srun: error: cdr2213: task 1: Terminated
srun: error: cdr1700: task 9: Terminated
srun: error: cdr2334: task 2: Terminated
srun: error: cdr2444: task 5: Terminated
srun: Force Terminated StepId=64638748.0
cp: cannot stat 'federated_metrics.png': No such file or directory
