    [Client 9] Initializing...
    [Client 9] Starting on host: cdr2649.int.cedar.computecanada.ca
Loading data from .npy files...
Training set: (50000, 32, 32, 3), Labels: (50000, 1)
Test set:     (10000, 32, 32, 3), Labels: (10000, 1)
    [Client 9] Round 1 - Waiting for global weights...
=== Federated Server Started ===
Total processes: 11 (1 server + 10 clients)

    [Client 5] Initializing...
    [Client 5] Starting on host: cdr2641.int.cedar.computecanada.ca
    [Client 1] Initializing...
    [Client 1] Starting on host: cdr2598.int.cedar.computecanada.ca
Loading data from .npy files...
Training set: (50000, 32, 32, 3), Labels: (50000, 10)
Test set:     (10000, 32, 32, 3), Labels: (10000, 10)

===== Round 1 =====
Broadcasting global model to all clients...
Loading data from .npy files...
Training set: (50000, 32, 32, 3), Labels: (50000, 1)
Test set:     (10000, 32, 32, 3), Labels: (10000, 1)
    [Client 1] Round 1 - Waiting for global weights...
    [Client 1] Round 1 - Training on local data...
Loading data from .npy files...
Training set: (50000, 32, 32, 3), Labels: (50000, 1)
Test set:     (10000, 32, 32, 3), Labels: (10000, 1)
    [Client 5] Round 1 - Waiting for global weights...
    [Client 5] Round 1 - Training on local data...
    [Client 9] Round 1 - Training on local data...
    [Client 3] Initializing...
    [Client 3] Starting on host: cdr2632.int.cedar.computecanada.ca
    [Client 4] Initializing...
    [Client 4] Starting on host: cdr2637.int.cedar.computecanada.ca
Loading data from .npy files...
Training set: (50000, 32, 32, 3), Labels: (50000, 1)
Test set:     (10000, 32, 32, 3), Labels: (10000, 1)
    [Client 3] Round 1 - Waiting for global weights...
    [Client 3] Round 1 - Training on local data...
Loading data from .npy files...
Training set: (50000, 32, 32, 3), Labels: (50000, 1)
Test set:     (10000, 32, 32, 3), Labels: (10000, 1)
    [Client 4] Round 1 - Waiting for global weights...
    [Client 1] System Stats: {'client_rank': 1, 'round': 1, 'timestamp': '2025-07-25 11:04:33', 'cpu_time': 1093950.75, 'cpu_freq_mhz': 2063.7073124999997, 'ram_used_mb': 2542.40768, 'net_sent_bytes': 12295433917, 'net_recv_bytes': 56137336653, 'gpu_mem_used_mb': 31471.0, 'gpu_load': 0.0}
    [Client 1] Round 1 - Sending updated weights to server...
    [Client 9] System Stats: {'client_rank': 9, 'round': 1, 'timestamp': '2025-07-25 11:04:33', 'cpu_time': 1113552.89, 'cpu_freq_mhz': 2078.8529375, 'ram_used_mb': 2538.921984, 'net_sent_bytes': 24544014552, 'net_recv_bytes': 576141869813, 'gpu_mem_used_mb': 31471.0, 'gpu_load': 0.0}
    [Client 9] Round 1 - Sending updated weights to server...
    [Client 5] System Stats: {'client_rank': 5, 'round': 1, 'timestamp': '2025-07-25 11:04:33', 'cpu_time': 992615.11, 'cpu_freq_mhz': 2100.0004375, 'ram_used_mb': 2541.256704, 'net_sent_bytes': 34959341138, 'net_recv_bytes': 541182932272, 'gpu_mem_used_mb': 31471.0, 'gpu_load': 0.01}
    [Client 5] Round 1 - Sending updated weights to server...
    [Client 3] System Stats: {'client_rank': 3, 'round': 1, 'timestamp': '2025-07-25 11:04:36', 'cpu_time': 1069574.07, 'cpu_freq_mhz': 2083.4639687500003, 'ram_used_mb': 2538.156032, 'net_sent_bytes': 35499780091, 'net_recv_bytes': 241633378278, 'gpu_mem_used_mb': 31471.0, 'gpu_load': 0.01}
    [Client 3] Round 1 - Sending updated weights to server...
    [Client 8] Initializing...
    [Client 8] Starting on host: cdr2648.int.cedar.computecanada.ca
    [Client 2] Initializing...
    [Client 2] Starting on host: cdr2611.int.cedar.computecanada.ca
    [Client 7] Initializing...
    [Client 7] Starting on host: cdr2644.int.cedar.computecanada.ca
    [Client 10] Initializing...
    [Client 10] Starting on host: cdr2651.int.cedar.computecanada.ca
    [Client 6] Initializing...
    [Client 6] Starting on host: cdr2642.int.cedar.computecanada.ca
Loading data from .npy files...
Training set: (50000, 32, 32, 3), Labels: (50000, 1)
Test set:     (10000, 32, 32, 3), Labels: (10000, 1)
    [Client 7] Round 1 - Waiting for global weights...
Loading data from .npy files...
Training set: (50000, 32, 32, 3), Labels: (50000, 1)
Test set:     (10000, 32, 32, 3), Labels: (10000, 1)
    [Client 8] Round 1 - Waiting for global weights...
Loading data from .npy files...
Training set: (50000, 32, 32, 3), Labels: (50000, 1)
Test set:     (10000, 32, 32, 3), Labels: (10000, 1)
    [Client 2] Round 1 - Waiting for global weights...
    [Client 7] Round 1 - Training on local data...
Loading data from .npy files...
Training set: (50000, 32, 32, 3), Labels: (50000, 1)
Test set:     (10000, 32, 32, 3), Labels: (10000, 1)
    [Client 10] Round 1 - Waiting for global weights...
    [Client 8] Round 1 - Training on local data...
    [Client 4] Round 1 - Training on local data...
Loading data from .npy files...
Training set: (50000, 32, 32, 3), Labels: (50000, 1)
Test set:     (10000, 32, 32, 3), Labels: (10000, 1)
    [Client 6] Round 1 - Waiting for global weights...
    [Client 2] Round 1 - Training on local data...
Waiting for model weights from client 1...
Received weights from client 1
Waiting for model weights from client 2...
    [Client 10] Round 1 - Training on local data...
    [Client 6] Round 1 - Training on local data...
    [Client 1] Round 2 - Waiting for global weights...
    [Client 4] System Stats: {'client_rank': 4, 'round': 1, 'timestamp': '2025-07-25 11:06:11', 'cpu_time': 1194106.84, 'cpu_freq_mhz': 2100.001375, 'ram_used_mb': 2534.273024, 'net_sent_bytes': 73991253863, 'net_recv_bytes': 154564783766, 'gpu_mem_used_mb': 31471.0, 'gpu_load': 0.0}
    [Client 4] Round 1 - Sending updated weights to server...
    [Client 8] System Stats: {'client_rank': 8, 'round': 1, 'timestamp': '2025-07-25 11:06:13', 'cpu_time': 1037187.05, 'cpu_freq_mhz': 2100.00040625, 'ram_used_mb': 2537.766912, 'net_sent_bytes': 34702678646, 'net_recv_bytes': 245534752139, 'gpu_mem_used_mb': 31471.0, 'gpu_load': 0.0}
    [Client 10] System Stats: {'client_rank': 10, 'round': 1, 'timestamp': '2025-07-25 11:06:13', 'cpu_time': 928780.38, 'cpu_freq_mhz': 2099.99021875, 'ram_used_mb': 2542.51008, 'net_sent_bytes': 25973620008, 'net_recv_bytes': 247309265299, 'gpu_mem_used_mb': 31471.0, 'gpu_load': 0.01}
    [Client 8] Round 1 - Sending updated weights to server...
    [Client 10] Round 1 - Sending updated weights to server...
    [Client 7] System Stats: {'client_rank': 7, 'round': 1, 'timestamp': '2025-07-25 11:06:13', 'cpu_time': 775212.07, 'cpu_freq_mhz': 2100.00103125, 'ram_used_mb': 2536.177664, 'net_sent_bytes': 33664735263, 'net_recv_bytes': 880913505548, 'gpu_mem_used_mb': 31471.0, 'gpu_load': 0.01}
    [Client 7] Round 1 - Sending updated weights to server...
    [Client 6] System Stats: {'client_rank': 6, 'round': 1, 'timestamp': '2025-07-25 11:06:14', 'cpu_time': 918759.46, 'cpu_freq_mhz': 2100.001125, 'ram_used_mb': 2540.76928, 'net_sent_bytes': 32872932510, 'net_recv_bytes': 1155678748402, 'gpu_mem_used_mb': 31471.0, 'gpu_load': 0.0}
    [Client 6] Round 1 - Sending updated weights to server...
    [Client 2] System Stats: {'client_rank': 2, 'round': 1, 'timestamp': '2025-07-25 11:06:14', 'cpu_time': 162173.51, 'cpu_freq_mhz': 2100.0008749999997, 'ram_used_mb': 2540.900352, 'net_sent_bytes': 1686547750, 'net_recv_bytes': 11772653908, 'gpu_mem_used_mb': 31471.0, 'gpu_load': 0.01}
    [Client 2] Round 1 - Sending updated weights to server...
Received weights from client 2
Waiting for model weights from client 3...
Received weights from client 3
Waiting for model weights from client 4...
Received weights from client 4
Waiting for model weights from client 5...
Received weights from client 5
Waiting for model weights from client 6...
Received weights from client 6
Waiting for model weights from client 7...
Received weights from client 7
Waiting for model weights from client 8...
Received weights from client 8
Waiting for model weights from client 9...
Received weights from client 9
Waiting for model weights from client 10...
Received weights from client 10
Received system metrics from client 1: {'client_rank': 1, 'round': 1, 'timestamp': '2025-07-25 11:04:33', 'cpu_time': 1093950.75, 'cpu_freq_mhz': 2063.7073124999997, 'ram_used_mb': 2542.40768, 'net_sent_bytes': 12295433917, 'net_recv_bytes': 56137336653, 'gpu_mem_used_mb': 31471.0, 'gpu_load': 0.0}
Received system metrics from client 2: {'client_rank': 2, 'round': 1, 'timestamp': '2025-07-25 11:06:14', 'cpu_time': 162173.51, 'cpu_freq_mhz': 2100.0008749999997, 'ram_used_mb': 2540.900352, 'net_sent_bytes': 1686547750, 'net_recv_bytes': 11772653908, 'gpu_mem_used_mb': 31471.0, 'gpu_load': 0.01}
Received system metrics from client 3: {'client_rank': 3, 'round': 1, 'timestamp': '2025-07-25 11:04:36', 'cpu_time': 1069574.07, 'cpu_freq_mhz': 2083.4639687500003, 'ram_used_mb': 2538.156032, 'net_sent_bytes': 35499780091, 'net_recv_bytes': 241633378278, 'gpu_mem_used_mb': 31471.0, 'gpu_load': 0.01}
Received system metrics from client 4: {'client_rank': 4, 'round': 1, 'timestamp': '2025-07-25 11:06:11', 'cpu_time': 1194106.84, 'cpu_freq_mhz': 2100.001375, 'ram_used_mb': 2534.273024, 'net_sent_bytes': 73991253863, 'net_recv_bytes': 154564783766, 'gpu_mem_used_mb': 31471.0, 'gpu_load': 0.0}
Received system metrics from client 5: {'client_rank': 5, 'round': 1, 'timestamp': '2025-07-25 11:04:33', 'cpu_time': 992615.11, 'cpu_freq_mhz': 2100.0004375, 'ram_used_mb': 2541.256704, 'net_sent_bytes': 34959341138, 'net_recv_bytes': 541182932272, 'gpu_mem_used_mb': 31471.0, 'gpu_load': 0.01}
Received system metrics from client 6: {'client_rank': 6, 'round': 1, 'timestamp': '2025-07-25 11:06:14', 'cpu_time': 918759.46, 'cpu_freq_mhz': 2100.001125, 'ram_used_mb': 2540.76928, 'net_sent_bytes': 32872932510, 'net_recv_bytes': 1155678748402, 'gpu_mem_used_mb': 31471.0, 'gpu_load': 0.0}
Received system metrics from client 7: {'client_rank': 7, 'round': 1, 'timestamp': '2025-07-25 11:06:13', 'cpu_time': 775212.07, 'cpu_freq_mhz': 2100.00103125, 'ram_used_mb': 2536.177664, 'net_sent_bytes': 33664735263, 'net_recv_bytes': 880913505548, 'gpu_mem_used_mb': 31471.0, 'gpu_load': 0.01}
Received system metrics from client 8: {'client_rank': 8, 'round': 1, 'timestamp': '2025-07-25 11:06:13', 'cpu_time': 1037187.05, 'cpu_freq_mhz': 2100.00040625, 'ram_used_mb': 2537.766912, 'net_sent_bytes': 34702678646, 'net_recv_bytes': 245534752139, 'gpu_mem_used_mb': 31471.0, 'gpu_load': 0.0}
Received system metrics from client 9: {'client_rank': 9, 'round': 1, 'timestamp': '2025-07-25 11:04:33', 'cpu_time': 1113552.89, 'cpu_freq_mhz': 2078.8529375, 'ram_used_mb': 2538.921984, 'net_sent_bytes': 24544014552, 'net_recv_bytes': 576141869813, 'gpu_mem_used_mb': 31471.0, 'gpu_load': 0.0}
Received system metrics from client 10: {'client_rank': 10, 'round': 1, 'timestamp': '2025-07-25 11:06:13', 'cpu_time': 928780.38, 'cpu_freq_mhz': 2099.99021875, 'ram_used_mb': 2542.51008, 'net_sent_bytes': 25973620008, 'net_recv_bytes': 247309265299, 'gpu_mem_used_mb': 31471.0, 'gpu_load': 0.01}
Averaging model weights...
Evaluating updated global model on test set...
    [Client 2] Round 2 - Waiting for global weights...
    [Client 4] Round 2 - Waiting for global weights...
    [Client 3] Round 2 - Waiting for global weights...
    [Client 6] Round 2 - Waiting for global weights...
    [Client 5] Round 2 - Waiting for global weights...
    [Client 8] Round 2 - Waiting for global weights...
    [Client 9] Round 2 - Waiting for global weights...
    [Client 7] Round 2 - Waiting for global weights...
    [Client 10] Round 2 - Waiting for global weights...
Round 1 Evaluation - Accuracy: 0.1178, Loss: 2.3152

===== Round 2 =====
Broadcasting global model to all clients...
Waiting for model weights from client 1...
    [Client 2] Round 2 - Training on local data...
    [Client 6] Round 2 - Training on local data...
    [Client 3] Round 2 - Training on local data...
    [Client 5] Round 2 - Training on local data...
    [Client 9] Round 2 - Training on local data...
    [Client 7] Round 2 - Training on local data...
    [Client 4] Round 2 - Training on local data...
    [Client 1] Round 2 - Training on local data...
    [Client 10] Round 2 - Training on local data...
    [Client 8] Round 2 - Training on local data...
    [Client 2] System Stats: {'client_rank': 2, 'round': 2, 'timestamp': '2025-07-25 11:06:33', 'cpu_time': 162180.45, 'cpu_freq_mhz': 2099.999625, 'ram_used_mb': 2772.410368, 'net_sent_bytes': 1686551338, 'net_recv_bytes': 11772712618, 'gpu_mem_used_mb': 31471.0, 'gpu_load': 0.01}
    [Client 2] Round 2 - Sending updated weights to server...
    [Client 3] System Stats: {'client_rank': 3, 'round': 2, 'timestamp': '2025-07-25 11:06:33', 'cpu_time': 1069585.51, 'cpu_freq_mhz': 2099.5974375, 'ram_used_mb': 2767.872, 'net_sent_bytes': 35499798391, 'net_recv_bytes': 241633710253, 'gpu_mem_used_mb': 31471.0, 'gpu_load': 0.0}
    [Client 3] Round 2 - Sending updated weights to server...
    [Client 10] System Stats: {'client_rank': 10, 'round': 2, 'timestamp': '2025-07-25 11:06:33', 'cpu_time': 928781.78, 'cpu_freq_mhz': 2100.00140625, 'ram_used_mb': 2773.46304, 'net_sent_bytes': 25973623444, 'net_recv_bytes': 247309325219, 'gpu_mem_used_mb': 31471.0, 'gpu_load': 0.0}
    [Client 10] Round 2 - Sending updated weights to server...
    [Client 9] System Stats: {'client_rank': 9, 'round': 2, 'timestamp': '2025-07-25 11:06:33', 'cpu_time': 1113564.24, 'cpu_freq_mhz': 2061.23875, 'ram_used_mb': 2770.927616, 'net_sent_bytes': 24544058563, 'net_recv_bytes': 576142216200, 'gpu_mem_used_mb': 31471.0, 'gpu_load': 0.01}
    [Client 9] Round 2 - Sending updated weights to server...
    [Client 6] System Stats: {'client_rank': 6, 'round': 2, 'timestamp': '2025-07-25 11:06:33', 'cpu_time': 918766.32, 'cpu_freq_mhz': 2100.00078125, 'ram_used_mb': 2771.206144, 'net_sent_bytes': 32872936460, 'net_recv_bytes': 1155678807982, 'gpu_mem_used_mb': 31471.0, 'gpu_load': 0.0}
    [Client 6] Round 2 - Sending updated weights to server...
    [Client 4] System Stats: {'client_rank': 4, 'round': 2, 'timestamp': '2025-07-25 11:06:33', 'cpu_time': 1194112.99, 'cpu_freq_mhz': 2100.0005625, 'ram_used_mb': 2730.676224, 'net_sent_bytes': 73991258186, 'net_recv_bytes': 154564851295, 'gpu_mem_used_mb': 31471.0, 'gpu_load': 0.01}
    [Client 4] Round 2 - Sending updated weights to server...
    [Client 8] System Stats: {'client_rank': 8, 'round': 2, 'timestamp': '2025-07-25 11:06:34', 'cpu_time': 1037188.94, 'cpu_freq_mhz': 2100.00096875, 'ram_used_mb': 2768.355328, 'net_sent_bytes': 34702680563, 'net_recv_bytes': 245534812613, 'gpu_mem_used_mb': 31471.0, 'gpu_load': 0.01}
    [Client 8] Round 2 - Sending updated weights to server...
    [Client 5] System Stats: {'client_rank': 5, 'round': 2, 'timestamp': '2025-07-25 11:06:34', 'cpu_time': 992791.15, 'cpu_freq_mhz': 2100.00103125, 'ram_used_mb': 2771.439616, 'net_sent_bytes': 34959389409, 'net_recv_bytes': 541183285447, 'gpu_mem_used_mb': 31471.0, 'gpu_load': 0.01}
    [Client 5] Round 2 - Sending updated weights to server...
    [Client 1] System Stats: {'client_rank': 1, 'round': 2, 'timestamp': '2025-07-25 11:06:34', 'cpu_time': 1093981.7200000002, 'cpu_freq_mhz': 2062.8001249999998, 'ram_used_mb': 2772.660224, 'net_sent_bytes': 12295448201, 'net_recv_bytes': 56137680389, 'gpu_mem_used_mb': 31471.0, 'gpu_load': 0.01}
    [Client 1] Round 2 - Sending updated weights to server...
Received weights from client 1
Waiting for model weights from client 2...
Received weights from client 2
Waiting for model weights from client 3...
Received weights from client 3
Waiting for model weights from client 4...
Received weights from client 4
Waiting for model weights from client 5...
Received weights from client 5
Waiting for model weights from client 6...
Received weights from client 6
Waiting for model weights from client 7...
    [Client 7] System Stats: {'client_rank': 7, 'round': 2, 'timestamp': '2025-07-25 11:06:34', 'cpu_time': 775217.94, 'cpu_freq_mhz': 2086.19671875, 'ram_used_mb': 2755.014656, 'net_sent_bytes': 33664761580, 'net_recv_bytes': 880915909243, 'gpu_mem_used_mb': 31471.0, 'gpu_load': 0.0}
    [Client 7] Round 2 - Sending updated weights to server...
Received weights from client 7
Waiting for model weights from client 8...
Received weights from client 8
Waiting for model weights from client 9...
Received weights from client 9
Waiting for model weights from client 10...
Received weights from client 10
    [Client 1] Round 3 - Waiting for global weights...
    [Client 4] Round 3 - Waiting for global weights...
    [Client 3] Round 3 - Waiting for global weights...
    [Client 5] Round 3 - Waiting for global weights...
    [Client 2] Round 3 - Waiting for global weights...
    [Client 6] Round 3 - Waiting for global weights...
Received system metrics from client 1: {'client_rank': 1, 'round': 2, 'timestamp': '2025-07-25 11:06:34', 'cpu_time': 1093981.7200000002, 'cpu_freq_mhz': 2062.8001249999998, 'ram_used_mb': 2772.660224, 'net_sent_bytes': 12295448201, 'net_recv_bytes': 56137680389, 'gpu_mem_used_mb': 31471.0, 'gpu_load': 0.01}
Received system metrics from client 2: {'client_rank': 2, 'round': 2, 'timestamp': '2025-07-25 11:06:33', 'cpu_time': 162180.45, 'cpu_freq_mhz': 2099.999625, 'ram_used_mb': 2772.410368, 'net_sent_bytes': 1686551338, 'net_recv_bytes': 11772712618, 'gpu_mem_used_mb': 31471.0, 'gpu_load': 0.01}
Received system metrics from client 3: {'client_rank': 3, 'round': 2, 'timestamp': '2025-07-25 11:06:33', 'cpu_time': 1069585.51, 'cpu_freq_mhz': 2099.5974375, 'ram_used_mb': 2767.872, 'net_sent_bytes': 35499798391, 'net_recv_bytes': 241633710253, 'gpu_mem_used_mb': 31471.0, 'gpu_load': 0.0}
Received system metrics from client 4: {'client_rank': 4, 'round': 2, 'timestamp': '2025-07-25 11:06:33', 'cpu_time': 1194112.99, 'cpu_freq_mhz': 2100.0005625, 'ram_used_mb': 2730.676224, 'net_sent_bytes': 73991258186, 'net_recv_bytes': 154564851295, 'gpu_mem_used_mb': 31471.0, 'gpu_load': 0.01}
Received system metrics from client 5: {'client_rank': 5, 'round': 2, 'timestamp': '2025-07-25 11:06:34', 'cpu_time': 992791.15, 'cpu_freq_mhz': 2100.00103125, 'ram_used_mb': 2771.439616, 'net_sent_bytes': 34959389409, 'net_recv_bytes': 541183285447, 'gpu_mem_used_mb': 31471.0, 'gpu_load': 0.01}
Received system metrics from client 6: {'client_rank': 6, 'round': 2, 'timestamp': '2025-07-25 11:06:33', 'cpu_time': 918766.32, 'cpu_freq_mhz': 2100.00078125, 'ram_used_mb': 2771.206144, 'net_sent_bytes': 32872936460, 'net_recv_bytes': 1155678807982, 'gpu_mem_used_mb': 31471.0, 'gpu_load': 0.0}
Received system metrics from client 7: {'client_rank': 7, 'round': 2, 'timestamp': '2025-07-25 11:06:34', 'cpu_time': 775217.94, 'cpu_freq_mhz': 2086.19671875, 'ram_used_mb': 2755.014656, 'net_sent_bytes': 33664761580, 'net_recv_bytes': 880915909243, 'gpu_mem_used_mb': 31471.0, 'gpu_load': 0.0}
Received system metrics from client 8: {'client_rank': 8, 'round': 2, 'timestamp': '2025-07-25 11:06:34', 'cpu_time': 1037188.94, 'cpu_freq_mhz': 2100.00096875, 'ram_used_mb': 2768.355328, 'net_sent_bytes': 34702680563, 'net_recv_bytes': 245534812613, 'gpu_mem_used_mb': 31471.0, 'gpu_load': 0.01}
Received system metrics from client 9: {'client_rank': 9, 'round': 2, 'timestamp': '2025-07-25 11:06:33', 'cpu_time': 1113564.24, 'cpu_freq_mhz': 2061.23875, 'ram_used_mb': 2770.927616, 'net_sent_bytes': 24544058563, 'net_recv_bytes': 576142216200, 'gpu_mem_used_mb': 31471.0, 'gpu_load': 0.01}
Received system metrics from client 10: {'client_rank': 10, 'round': 2, 'timestamp': '2025-07-25 11:06:33', 'cpu_time': 928781.78, 'cpu_freq_mhz': 2100.00140625, 'ram_used_mb': 2773.46304, 'net_sent_bytes': 25973623444, 'net_recv_bytes': 247309325219, 'gpu_mem_used_mb': 31471.0, 'gpu_load': 0.0}
Averaging model weights...
Evaluating updated global model on test set...
    [Client 9] Round 3 - Waiting for global weights...
    [Client 8] Round 3 - Waiting for global weights...
    [Client 7] Round 3 - Waiting for global weights...
    [Client 10] Round 3 - Waiting for global weights...
Round 2 Evaluation - Accuracy: 0.2562, Loss: 2.0534

===== Round 3 =====
Broadcasting global model to all clients...
Waiting for model weights from client 1...
    [Client 9] Round 3 - Training on local data...
    [Client 3] Round 3 - Training on local data...
    [Client 1] Round 3 - Training on local data...
    [Client 4] Round 3 - Training on local data...
    [Client 2] Round 3 - Training on local data...
    [Client 5] Round 3 - Training on local data...
    [Client 10] Round 3 - Training on local data...
    [Client 6] Round 3 - Training on local data...
    [Client 8] Round 3 - Training on local data...
    [Client 7] Round 3 - Training on local data...
    [Client 10] System Stats: {'client_rank': 10, 'round': 3, 'timestamp': '2025-07-25 11:06:52', 'cpu_time': 928783.1900000001, 'cpu_freq_mhz': 2100.0005625, 'ram_used_mb': 2963.746816, 'net_sent_bytes': 25973625448, 'net_recv_bytes': 247309367993, 'gpu_mem_used_mb': 31473.0, 'gpu_load': 0.01}
    [Client 10] Round 3 - Sending updated weights to server...
    [Client 9] System Stats: {'client_rank': 9, 'round': 3, 'timestamp': '2025-07-25 11:06:52', 'cpu_time': 1113565.33, 'cpu_freq_mhz': 2083.17640625, 'ram_used_mb': 2957.971456, 'net_sent_bytes': 24544061980, 'net_recv_bytes': 576142259238, 'gpu_mem_used_mb': 31473.0, 'gpu_load': 0.0}
    [Client 9] Round 3 - Sending updated weights to server...
    [Client 3] System Stats: {'client_rank': 3, 'round': 3, 'timestamp': '2025-07-25 11:06:52', 'cpu_time': 1069586.82, 'cpu_freq_mhz': 2059.86325, 'ram_used_mb': 2937.778176, 'net_sent_bytes': 35499801640, 'net_recv_bytes': 241633754708, 'gpu_mem_used_mb': 31473.0, 'gpu_load': 0.01}
    [Client 3] Round 3 - Sending updated weights to server...
    [Client 4] System Stats: {'client_rank': 4, 'round': 3, 'timestamp': '2025-07-25 11:06:52', 'cpu_time': 1194117.66, 'cpu_freq_mhz': 2100.0003125, 'ram_used_mb': 2925.838336, 'net_sent_bytes': 73991261657, 'net_recv_bytes': 154564894140, 'gpu_mem_used_mb': 31473.0, 'gpu_load': 0.0}
    [Client 4] Round 3 - Sending updated weights to server...
    [Client 1] System Stats: {'client_rank': 1, 'round': 3, 'timestamp': '2025-07-25 11:06:52', 'cpu_time': 1093986.04, 'cpu_freq_mhz': 2087.62203125, 'ram_used_mb': 2945.35168, 'net_sent_bytes': 12295482403, 'net_recv_bytes': 56137732256, 'gpu_mem_used_mb': 31473.0, 'gpu_load': 0.0}
    [Client 1] Round 3 - Sending updated weights to server...
Received weights from client 1
Waiting for model weights from client 2...
    [Client 8] System Stats: {'client_rank': 8, 'round': 3, 'timestamp': '2025-07-25 11:06:52', 'cpu_time': 1037190.6, 'cpu_freq_mhz': 2100.0035625, 'ram_used_mb': 2954.842112, 'net_sent_bytes': 34702682355, 'net_recv_bytes': 245534854781, 'gpu_mem_used_mb': 31473.0, 'gpu_load': 0.01}
    [Client 8] Round 3 - Sending updated weights to server...
    [Client 2] System Stats: {'client_rank': 2, 'round': 3, 'timestamp': '2025-07-25 11:06:52', 'cpu_time': 162187.91, 'cpu_freq_mhz': 2100.0004062499997, 'ram_used_mb': 2941.19424, 'net_sent_bytes': 1686553335, 'net_recv_bytes': 11772756588, 'gpu_mem_used_mb': 31473.0, 'gpu_load': 0.01}
    [Client 2] Round 3 - Sending updated weights to server...
Received weights from client 2
Waiting for model weights from client 3...
Received weights from client 3
Waiting for model weights from client 4...
Received weights from client 4
Waiting for model weights from client 5...
    [Client 7] System Stats: {'client_rank': 7, 'round': 3, 'timestamp': '2025-07-25 11:06:52', 'cpu_time': 775224.99, 'cpu_freq_mhz': 2075.272375, 'ram_used_mb': 2943.471616, 'net_sent_bytes': 33664795741, 'net_recv_bytes': 880915971287, 'gpu_mem_used_mb': 31473.0, 'gpu_load': 0.01}
    [Client 7] Round 3 - Sending updated weights to server...
    [Client 1] Round 4 - Waiting for global weights...
    [Client 5] System Stats: {'client_rank': 5, 'round': 3, 'timestamp': '2025-07-25 11:06:52', 'cpu_time': 992829.2200000001, 'cpu_freq_mhz': 2100.00034375, 'ram_used_mb': 2962.210816, 'net_sent_bytes': 34959393004, 'net_recv_bytes': 541183330060, 'gpu_mem_used_mb': 31473.0, 'gpu_load': 0.01}
    [Client 5] Round 3 - Sending updated weights to server...
Received weights from client 5
Waiting for model weights from client 6...
    [Client 4] Round 4 - Waiting for global weights...
    [Client 2] Round 4 - Waiting for global weights...
    [Client 3] Round 4 - Waiting for global weights...
    [Client 6] System Stats: {'client_rank': 6, 'round': 3, 'timestamp': '2025-07-25 11:06:53', 'cpu_time': 918776.2799999999, 'cpu_freq_mhz': 2100.0006875, 'ram_used_mb': 2961.08032, 'net_sent_bytes': 32872941087, 'net_recv_bytes': 1155678855129, 'gpu_mem_used_mb': 31473.0, 'gpu_load': 0.01}
    [Client 6] Round 3 - Sending updated weights to server...
Received weights from client 6
Waiting for model weights from client 7...
Received weights from client 7
Waiting for model weights from client 8...
Received weights from client 8
Waiting for model weights from client 9...
Received weights from client 9
Waiting for model weights from client 10...
Received weights from client 10
Received system metrics from client 1: {'client_rank': 1, 'round': 3, 'timestamp': '2025-07-25 11:06:52', 'cpu_time': 1093986.04, 'cpu_freq_mhz': 2087.62203125, 'ram_used_mb': 2945.35168, 'net_sent_bytes': 12295482403, 'net_recv_bytes': 56137732256, 'gpu_mem_used_mb': 31473.0, 'gpu_load': 0.0}
Received system metrics from client 2: {'client_rank': 2, 'round': 3, 'timestamp': '2025-07-25 11:06:52', 'cpu_time': 162187.91, 'cpu_freq_mhz': 2100.0004062499997, 'ram_used_mb': 2941.19424, 'net_sent_bytes': 1686553335, 'net_recv_bytes': 11772756588, 'gpu_mem_used_mb': 31473.0, 'gpu_load': 0.01}
Received system metrics from client 3: {'client_rank': 3, 'round': 3, 'timestamp': '2025-07-25 11:06:52', 'cpu_time': 1069586.82, 'cpu_freq_mhz': 2059.86325, 'ram_used_mb': 2937.778176, 'net_sent_bytes': 35499801640, 'net_recv_bytes': 241633754708, 'gpu_mem_used_mb': 31473.0, 'gpu_load': 0.01}
Received system metrics from client 4: {'client_rank': 4, 'round': 3, 'timestamp': '2025-07-25 11:06:52', 'cpu_time': 1194117.66, 'cpu_freq_mhz': 2100.0003125, 'ram_used_mb': 2925.838336, 'net_sent_bytes': 73991261657, 'net_recv_bytes': 154564894140, 'gpu_mem_used_mb': 31473.0, 'gpu_load': 0.0}
Received system metrics from client 5: {'client_rank': 5, 'round': 3, 'timestamp': '2025-07-25 11:06:52', 'cpu_time': 992829.2200000001, 'cpu_freq_mhz': 2100.00034375, 'ram_used_mb': 2962.210816, 'net_sent_bytes': 34959393004, 'net_recv_bytes': 541183330060, 'gpu_mem_used_mb': 31473.0, 'gpu_load': 0.01}
Received system metrics from client 6: {'client_rank': 6, 'round': 3, 'timestamp': '2025-07-25 11:06:53', 'cpu_time': 918776.2799999999, 'cpu_freq_mhz': 2100.0006875, 'ram_used_mb': 2961.08032, 'net_sent_bytes': 32872941087, 'net_recv_bytes': 1155678855129, 'gpu_mem_used_mb': 31473.0, 'gpu_load': 0.01}
Received system metrics from client 7: {'client_rank': 7, 'round': 3, 'timestamp': '2025-07-25 11:06:52', 'cpu_time': 775224.99, 'cpu_freq_mhz': 2075.272375, 'ram_used_mb': 2943.471616, 'net_sent_bytes': 33664795741, 'net_recv_bytes': 880915971287, 'gpu_mem_used_mb': 31473.0, 'gpu_load': 0.01}
Received system metrics from client 8: {'client_rank': 8, 'round': 3, 'timestamp': '2025-07-25 11:06:52', 'cpu_time': 1037190.6, 'cpu_freq_mhz': 2100.0035625, 'ram_used_mb': 2954.842112, 'net_sent_bytes': 34702682355, 'net_recv_bytes': 245534854781, 'gpu_mem_used_mb': 31473.0, 'gpu_load': 0.01}
Received system metrics from client 9: {'client_rank': 9, 'round': 3, 'timestamp': '2025-07-25 11:06:52', 'cpu_time': 1113565.33, 'cpu_freq_mhz': 2083.17640625, 'ram_used_mb': 2957.971456, 'net_sent_bytes': 24544061980, 'net_recv_bytes': 576142259238, 'gpu_mem_used_mb': 31473.0, 'gpu_load': 0.0}
Received system metrics from client 10: {'client_rank': 10, 'round': 3, 'timestamp': '2025-07-25 11:06:52', 'cpu_time': 928783.1900000001, 'cpu_freq_mhz': 2100.0005625, 'ram_used_mb': 2963.746816, 'net_sent_bytes': 25973625448, 'net_recv_bytes': 247309367993, 'gpu_mem_used_mb': 31473.0, 'gpu_load': 0.01}
Averaging model weights...
Evaluating updated global model on test set...
    [Client 5] Round 4 - Waiting for global weights...
    [Client 9] Round 4 - Waiting for global weights...
    [Client 7] Round 4 - Waiting for global weights...
    [Client 8] Round 4 - Waiting for global weights...
    [Client 10] Round 4 - Waiting for global weights...
    [Client 6] Round 4 - Waiting for global weights...
Round 3 Evaluation - Accuracy: 0.3998, Loss: 1.6070

===== Round 4 =====
Broadcasting global model to all clients...
Waiting for model weights from client 1...
    [Client 9] Round 4 - Training on local data...
    [Client 1] Round 4 - Training on local data...
    [Client 4] Round 4 - Training on local data...
    [Client 2] Round 4 - Training on local data...
    [Client 3] Round 4 - Training on local data...
    [Client 7] Round 4 - Training on local data...
    [Client 10] Round 4 - Training on local data...
    [Client 6] Round 4 - Training on local data...
    [Client 8] Round 4 - Training on local data...
    [Client 5] Round 4 - Training on local data...
    [Client 1] System Stats: {'client_rank': 1, 'round': 4, 'timestamp': '2025-07-25 11:07:09', 'cpu_time': 1093990.37, 'cpu_freq_mhz': 2099.8254375, 'ram_used_mb': 3053.182976, 'net_sent_bytes': 12295489565, 'net_recv_bytes': 56137783198, 'gpu_mem_used_mb': 31473.0, 'gpu_load': 0.01}
    [Client 1] Round 4 - Sending updated weights to server...
Received weights from client 1
Waiting for model weights from client 2...
    [Client 9] System Stats: {'client_rank': 9, 'round': 4, 'timestamp': '2025-07-25 11:07:09', 'cpu_time': 1113566.4200000002, 'cpu_freq_mhz': 2084.98728125, 'ram_used_mb': 3083.812864, 'net_sent_bytes': 24544064955, 'net_recv_bytes': 576142307984, 'gpu_mem_used_mb': 31473.0, 'gpu_load': 0.0}
    [Client 9] Round 4 - Sending updated weights to server...
    [Client 4] System Stats: {'client_rank': 4, 'round': 4, 'timestamp': '2025-07-25 11:07:09', 'cpu_time': 1194122.31, 'cpu_freq_mhz': 2100.00121875, 'ram_used_mb': 3069.263872, 'net_sent_bytes': 73991263441, 'net_recv_bytes': 154564941806, 'gpu_mem_used_mb': 31473.0, 'gpu_load': 0.01}
    [Client 4] Round 4 - Sending updated weights to server...
    [Client 7] System Stats: {'client_rank': 7, 'round': 4, 'timestamp': '2025-07-25 11:07:09', 'cpu_time': 775225.83, 'cpu_freq_mhz': 2075.92778125, 'ram_used_mb': 3086.770176, 'net_sent_bytes': 33664798246, 'net_recv_bytes': 880916019361, 'gpu_mem_used_mb': 31473.0, 'gpu_load': 0.0}
    [Client 7] Round 4 - Sending updated weights to server...
    [Client 10] System Stats: {'client_rank': 10, 'round': 4, 'timestamp': '2025-07-25 11:07:09', 'cpu_time': 928785.09, 'cpu_freq_mhz': 2100.00221875, 'ram_used_mb': 3072.270336, 'net_sent_bytes': 25973626957, 'net_recv_bytes': 247309416751, 'gpu_mem_used_mb': 31473.0, 'gpu_load': 0.01}
    [Client 10] Round 4 - Sending updated weights to server...
    [Client 1] Round 5 - Waiting for global weights...
    [Client 2] System Stats: {'client_rank': 2, 'round': 4, 'timestamp': '2025-07-25 11:07:09', 'cpu_time': 162195.51, 'cpu_freq_mhz': 2097.8545937500003, 'ram_used_mb': 3089.002496, 'net_sent_bytes': 1686556337, 'net_recv_bytes': 11772805212, 'gpu_mem_used_mb': 31473.0, 'gpu_load': 0.0}
    [Client 2] Round 4 - Sending updated weights to server...
Received weights from client 2
Waiting for model weights from client 3...
    [Client 3] System Stats: {'client_rank': 3, 'round': 4, 'timestamp': '2025-07-25 11:07:10', 'cpu_time': 1069587.91, 'cpu_freq_mhz': 2070.44034375, 'ram_used_mb': 3089.575936, 'net_sent_bytes': 35499804487, 'net_recv_bytes': 241633804609, 'gpu_mem_used_mb': 31473.0, 'gpu_load': 0.0}
    [Client 3] Round 4 - Sending updated weights to server...
Received weights from client 3
Waiting for model weights from client 4...
Received weights from client 4
Waiting for model weights from client 5...
    [Client 2] Round 5 - Waiting for global weights...
    [Client 8] System Stats: {'client_rank': 8, 'round': 4, 'timestamp': '2025-07-25 11:07:10', 'cpu_time': 1037192.15, 'cpu_freq_mhz': 2100.00140625, 'ram_used_mb': 3085.565952, 'net_sent_bytes': 34702685935, 'net_recv_bytes': 245534904687, 'gpu_mem_used_mb': 31473.0, 'gpu_load': 0.0}
    [Client 8] Round 4 - Sending updated weights to server...
    [Client 4] Round 5 - Waiting for global weights...
    [Client 3] Round 5 - Waiting for global weights...
    [Client 5] System Stats: {'client_rank': 5, 'round': 4, 'timestamp': '2025-07-25 11:07:10', 'cpu_time': 992865.06, 'cpu_freq_mhz': 2100.00084375, 'ram_used_mb': 3102.253056, 'net_sent_bytes': 34959396745, 'net_recv_bytes': 541183380603, 'gpu_mem_used_mb': 31473.0, 'gpu_load': 0.0}
    [Client 5] Round 4 - Sending updated weights to server...
Received weights from client 5
Waiting for model weights from client 6...
    [Client 6] System Stats: {'client_rank': 6, 'round': 4, 'timestamp': '2025-07-25 11:07:10', 'cpu_time': 918785.86, 'cpu_freq_mhz': 2100.0008125, 'ram_used_mb': 3104.817152, 'net_sent_bytes': 32872947222, 'net_recv_bytes': 1155678909869, 'gpu_mem_used_mb': 31473.0, 'gpu_load': 0.0}
    [Client 6] Round 4 - Sending updated weights to server...
Received weights from client 6
Waiting for model weights from client 7...
Received weights from client 7
Waiting for model weights from client 8...
Received weights from client 8
Waiting for model weights from client 9...
Received weights from client 9
Waiting for model weights from client 10...
Received weights from client 10
Received system metrics from client 1: {'client_rank': 1, 'round': 4, 'timestamp': '2025-07-25 11:07:09', 'cpu_time': 1093990.37, 'cpu_freq_mhz': 2099.8254375, 'ram_used_mb': 3053.182976, 'net_sent_bytes': 12295489565, 'net_recv_bytes': 56137783198, 'gpu_mem_used_mb': 31473.0, 'gpu_load': 0.01}
Received system metrics from client 2: {'client_rank': 2, 'round': 4, 'timestamp': '2025-07-25 11:07:09', 'cpu_time': 162195.51, 'cpu_freq_mhz': 2097.8545937500003, 'ram_used_mb': 3089.002496, 'net_sent_bytes': 1686556337, 'net_recv_bytes': 11772805212, 'gpu_mem_used_mb': 31473.0, 'gpu_load': 0.0}
Received system metrics from client 3: {'client_rank': 3, 'round': 4, 'timestamp': '2025-07-25 11:07:10', 'cpu_time': 1069587.91, 'cpu_freq_mhz': 2070.44034375, 'ram_used_mb': 3089.575936, 'net_sent_bytes': 35499804487, 'net_recv_bytes': 241633804609, 'gpu_mem_used_mb': 31473.0, 'gpu_load': 0.0}
Received system metrics from client 4: {'client_rank': 4, 'round': 4, 'timestamp': '2025-07-25 11:07:09', 'cpu_time': 1194122.31, 'cpu_freq_mhz': 2100.00121875, 'ram_used_mb': 3069.263872, 'net_sent_bytes': 73991263441, 'net_recv_bytes': 154564941806, 'gpu_mem_used_mb': 31473.0, 'gpu_load': 0.01}
Received system metrics from client 5: {'client_rank': 5, 'round': 4, 'timestamp': '2025-07-25 11:07:10', 'cpu_time': 992865.06, 'cpu_freq_mhz': 2100.00084375, 'ram_used_mb': 3102.253056, 'net_sent_bytes': 34959396745, 'net_recv_bytes': 541183380603, 'gpu_mem_used_mb': 31473.0, 'gpu_load': 0.0}
Received system metrics from client 6: {'client_rank': 6, 'round': 4, 'timestamp': '2025-07-25 11:07:10', 'cpu_time': 918785.86, 'cpu_freq_mhz': 2100.0008125, 'ram_used_mb': 3104.817152, 'net_sent_bytes': 32872947222, 'net_recv_bytes': 1155678909869, 'gpu_mem_used_mb': 31473.0, 'gpu_load': 0.0}
Received system metrics from client 7: {'client_rank': 7, 'round': 4, 'timestamp': '2025-07-25 11:07:09', 'cpu_time': 775225.83, 'cpu_freq_mhz': 2075.92778125, 'ram_used_mb': 3086.770176, 'net_sent_bytes': 33664798246, 'net_recv_bytes': 880916019361, 'gpu_mem_used_mb': 31473.0, 'gpu_load': 0.0}
Received system metrics from client 8: {'client_rank': 8, 'round': 4, 'timestamp': '2025-07-25 11:07:10', 'cpu_time': 1037192.15, 'cpu_freq_mhz': 2100.00140625, 'ram_used_mb': 3085.565952, 'net_sent_bytes': 34702685935, 'net_recv_bytes': 245534904687, 'gpu_mem_used_mb': 31473.0, 'gpu_load': 0.0}
Received system metrics from client 9: {'client_rank': 9, 'round': 4, 'timestamp': '2025-07-25 11:07:09', 'cpu_time': 1113566.4200000002, 'cpu_freq_mhz': 2084.98728125, 'ram_used_mb': 3083.812864, 'net_sent_bytes': 24544064955, 'net_recv_bytes': 576142307984, 'gpu_mem_used_mb': 31473.0, 'gpu_load': 0.0}
Received system metrics from client 10: {'client_rank': 10, 'round': 4, 'timestamp': '2025-07-25 11:07:09', 'cpu_time': 928785.09, 'cpu_freq_mhz': 2100.00221875, 'ram_used_mb': 3072.270336, 'net_sent_bytes': 25973626957, 'net_recv_bytes': 247309416751, 'gpu_mem_used_mb': 31473.0, 'gpu_load': 0.01}
Averaging model weights...
Evaluating updated global model on test set...
    [Client 5] Round 5 - Waiting for global weights...
    [Client 7] Round 5 - Waiting for global weights...
    [Client 9] Round 5 - Waiting for global weights...
    [Client 6] Round 5 - Waiting for global weights...
    [Client 8] Round 5 - Waiting for global weights...
    [Client 10] Round 5 - Waiting for global weights...
Round 4 Evaluation - Accuracy: 0.4887, Loss: 1.4092

===== Round 5 =====
Broadcasting global model to all clients...
Waiting for model weights from client 1...
    [Client 2] Round 5 - Training on local data...
    [Client 6] Round 5 - Training on local data...
    [Client 7] Round 5 - Training on local data...
    [Client 1] Round 5 - Training on local data...
    [Client 4] Round 5 - Training on local data...
    [Client 9] Round 5 - Training on local data...
    [Client 3] Round 5 - Training on local data...
    [Client 10] Round 5 - Training on local data...
    [Client 5] Round 5 - Training on local data...
    [Client 8] Round 5 - Training on local data...
    [Client 9] System Stats: {'client_rank': 9, 'round': 5, 'timestamp': '2025-07-25 11:07:27', 'cpu_time': 1113567.57, 'cpu_freq_mhz': 2084.72471875, 'ram_used_mb': 3276.087296, 'net_sent_bytes': 24544066808, 'net_recv_bytes': 576142357194, 'gpu_mem_used_mb': 31475.0, 'gpu_load': 0.01}
    [Client 10] System Stats: {'client_rank': 10, 'round': 5, 'timestamp': '2025-07-25 11:07:27', 'cpu_time': 928786.12, 'cpu_freq_mhz': 2100.00459375, 'ram_used_mb': 3280.367616, 'net_sent_bytes': 25973629745, 'net_recv_bytes': 247309465887, 'gpu_mem_used_mb': 31475.0, 'gpu_load': 0.01}
    [Client 9] Round 5 - Sending updated weights to server...
    [Client 10] Round 5 - Sending updated weights to server...
    [Client 1] System Stats: {'client_rank': 1, 'round': 5, 'timestamp': '2025-07-25 11:07:27', 'cpu_time': 1093994.0399999998, 'cpu_freq_mhz': 2088.544625, 'ram_used_mb': 3261.587456, 'net_sent_bytes': 12295491473, 'net_recv_bytes': 56137833048, 'gpu_mem_used_mb': 31475.0, 'gpu_load': 0.0}
    [Client 1] Round 5 - Sending updated weights to server...
Received weights from client 1
Waiting for model weights from client 2...
    [Client 4] System Stats: {'client_rank': 4, 'round': 5, 'timestamp': '2025-07-25 11:07:27', 'cpu_time': 1194126.6800000002, 'cpu_freq_mhz': 2100.00328125, 'ram_used_mb': 3260.014592, 'net_sent_bytes': 73991265257, 'net_recv_bytes': 154564991738, 'gpu_mem_used_mb': 31475.0, 'gpu_load': 0.01}
    [Client 3] System Stats: {'client_rank': 3, 'round': 5, 'timestamp': '2025-07-25 11:07:27', 'cpu_time': 1069588.99, 'cpu_freq_mhz': 2063.16634375, 'ram_used_mb': 3244.531712, 'net_sent_bytes': 35499833826, 'net_recv_bytes': 241633856196, 'gpu_mem_used_mb': 31475.0, 'gpu_load': 0.01}
    [Client 4] Round 5 - Sending updated weights to server...
    [Client 3] Round 5 - Sending updated weights to server...
    [Client 2] System Stats: {'client_rank': 2, 'round': 5, 'timestamp': '2025-07-25 11:07:27', 'cpu_time': 162201.38, 'cpu_freq_mhz': 2100.0010625, 'ram_used_mb': 3262.693376, 'net_sent_bytes': 1686559904, 'net_recv_bytes': 11772861486, 'gpu_mem_used_mb': 31475.0, 'gpu_load': 0.0}
    [Client 2] Round 5 - Sending updated weights to server...
Received weights from client 2
Waiting for model weights from client 3...
Received weights from client 3
Waiting for model weights from client 4...
Received weights from client 4
Waiting for model weights from client 5...
    [Client 1] Round 6 - Waiting for global weights...
    [Client 7] System Stats: {'client_rank': 7, 'round': 5, 'timestamp': '2025-07-25 11:07:27', 'cpu_time': 775226.58, 'cpu_freq_mhz': 2060.73328125, 'ram_used_mb': 3258.363904, 'net_sent_bytes': 33664800454, 'net_recv_bytes': 880916069470, 'gpu_mem_used_mb': 31475.0, 'gpu_load': 0.0}
    [Client 7] Round 5 - Sending updated weights to server...
    [Client 3] Round 6 - Waiting for global weights...
    [Client 2] Round 6 - Waiting for global weights...
    [Client 4] Round 6 - Waiting for global weights...
    [Client 8] System Stats: {'client_rank': 8, 'round': 5, 'timestamp': '2025-07-25 11:07:27', 'cpu_time': 1037193.57, 'cpu_freq_mhz': 2100.0026562499997, 'ram_used_mb': 3240.538112, 'net_sent_bytes': 34702687720, 'net_recv_bytes': 245534954358, 'gpu_mem_used_mb': 31475.0, 'gpu_load': 0.0}
    [Client 8] Round 5 - Sending updated weights to server...
    [Client 5] System Stats: {'client_rank': 5, 'round': 5, 'timestamp': '2025-07-25 11:07:27', 'cpu_time': 992898.76, 'cpu_freq_mhz': 2100.00121875, 'ram_used_mb': 3275.5712, 'net_sent_bytes': 34959398661, 'net_recv_bytes': 541183429592, 'gpu_mem_used_mb': 31475.0, 'gpu_load': 0.01}
    [Client 5] Round 5 - Sending updated weights to server...
Received weights from client 5
Waiting for model weights from client 6...
    [Client 6] System Stats: {'client_rank': 6, 'round': 5, 'timestamp': '2025-07-25 11:07:28', 'cpu_time': 918791.78, 'cpu_freq_mhz': 2100.0008749999997, 'ram_used_mb': 3278.516224, 'net_sent_bytes': 32872954283, 'net_recv_bytes': 1155678965019, 'gpu_mem_used_mb': 31475.0, 'gpu_load': 0.0}
    [Client 6] Round 5 - Sending updated weights to server...
Received weights from client 6
Waiting for model weights from client 7...
Received weights from client 7
Waiting for model weights from client 8...
Received weights from client 8
Waiting for model weights from client 9...
Received weights from client 9
Waiting for model weights from client 10...
Received weights from client 10
Received system metrics from client 1: {'client_rank': 1, 'round': 5, 'timestamp': '2025-07-25 11:07:27', 'cpu_time': 1093994.0399999998, 'cpu_freq_mhz': 2088.544625, 'ram_used_mb': 3261.587456, 'net_sent_bytes': 12295491473, 'net_recv_bytes': 56137833048, 'gpu_mem_used_mb': 31475.0, 'gpu_load': 0.0}
Received system metrics from client 2: {'client_rank': 2, 'round': 5, 'timestamp': '2025-07-25 11:07:27', 'cpu_time': 162201.38, 'cpu_freq_mhz': 2100.0010625, 'ram_used_mb': 3262.693376, 'net_sent_bytes': 1686559904, 'net_recv_bytes': 11772861486, 'gpu_mem_used_mb': 31475.0, 'gpu_load': 0.0}
Received system metrics from client 3: {'client_rank': 3, 'round': 5, 'timestamp': '2025-07-25 11:07:27', 'cpu_time': 1069588.99, 'cpu_freq_mhz': 2063.16634375, 'ram_used_mb': 3244.531712, 'net_sent_bytes': 35499833826, 'net_recv_bytes': 241633856196, 'gpu_mem_used_mb': 31475.0, 'gpu_load': 0.01}
Received system metrics from client 4: {'client_rank': 4, 'round': 5, 'timestamp': '2025-07-25 11:07:27', 'cpu_time': 1194126.6800000002, 'cpu_freq_mhz': 2100.00328125, 'ram_used_mb': 3260.014592, 'net_sent_bytes': 73991265257, 'net_recv_bytes': 154564991738, 'gpu_mem_used_mb': 31475.0, 'gpu_load': 0.01}
Received system metrics from client 5: {'client_rank': 5, 'round': 5, 'timestamp': '2025-07-25 11:07:27', 'cpu_time': 992898.76, 'cpu_freq_mhz': 2100.00121875, 'ram_used_mb': 3275.5712, 'net_sent_bytes': 34959398661, 'net_recv_bytes': 541183429592, 'gpu_mem_used_mb': 31475.0, 'gpu_load': 0.01}
Received system metrics from client 6: {'client_rank': 6, 'round': 5, 'timestamp': '2025-07-25 11:07:28', 'cpu_time': 918791.78, 'cpu_freq_mhz': 2100.0008749999997, 'ram_used_mb': 3278.516224, 'net_sent_bytes': 32872954283, 'net_recv_bytes': 1155678965019, 'gpu_mem_used_mb': 31475.0, 'gpu_load': 0.0}
Received system metrics from client 7: {'client_rank': 7, 'round': 5, 'timestamp': '2025-07-25 11:07:27', 'cpu_time': 775226.58, 'cpu_freq_mhz': 2060.73328125, 'ram_used_mb': 3258.363904, 'net_sent_bytes': 33664800454, 'net_recv_bytes': 880916069470, 'gpu_mem_used_mb': 31475.0, 'gpu_load': 0.0}
Received system metrics from client 8: {'client_rank': 8, 'round': 5, 'timestamp': '2025-07-25 11:07:27', 'cpu_time': 1037193.57, 'cpu_freq_mhz': 2100.0026562499997, 'ram_used_mb': 3240.538112, 'net_sent_bytes': 34702687720, 'net_recv_bytes': 245534954358, 'gpu_mem_used_mb': 31475.0, 'gpu_load': 0.0}
Received system metrics from client 9: {'client_rank': 9, 'round': 5, 'timestamp': '2025-07-25 11:07:27', 'cpu_time': 1113567.57, 'cpu_freq_mhz': 2084.72471875, 'ram_used_mb': 3276.087296, 'net_sent_bytes': 24544066808, 'net_recv_bytes': 576142357194, 'gpu_mem_used_mb': 31475.0, 'gpu_load': 0.01}
Received system metrics from client 10: {'client_rank': 10, 'round': 5, 'timestamp': '2025-07-25 11:07:27', 'cpu_time': 928786.12, 'cpu_freq_mhz': 2100.00459375, 'ram_used_mb': 3280.367616, 'net_sent_bytes': 25973629745, 'net_recv_bytes': 247309465887, 'gpu_mem_used_mb': 31475.0, 'gpu_load': 0.01}
Averaging model weights...
Evaluating updated global model on test set...
    [Client 5] Round 6 - Waiting for global weights...
    [Client 9] Round 6 - Waiting for global weights...
    [Client 8] Round 6 - Waiting for global weights...
    [Client 7] Round 6 - Waiting for global weights...
    [Client 10] Round 6 - Waiting for global weights...
    [Client 6] Round 6 - Waiting for global weights...
Round 5 Evaluation - Accuracy: 0.5554, Loss: 1.2257

===== Round 6 =====
Broadcasting global model to all clients...
Waiting for model weights from client 1...
    [Client 9] Round 6 - Training on local data...
    [Client 3] Round 6 - Training on local data...
    [Client 2] Round 6 - Training on local data...
    [Client 1] Round 6 - Training on local data...
    [Client 10] Round 6 - Training on local data...
    [Client 5] Round 6 - Training on local data...
    [Client 4] Round 6 - Training on local data...
    [Client 7] Round 6 - Training on local data...
    [Client 6] Round 6 - Training on local data...
    [Client 8] Round 6 - Training on local data...
    [Client 1] System Stats: {'client_rank': 1, 'round': 6, 'timestamp': '2025-07-25 11:07:44', 'cpu_time': 1093998.3299999998, 'cpu_freq_mhz': 2074.03990625, 'ram_used_mb': 3405.123584, 'net_sent_bytes': 12295493609, 'net_recv_bytes': 56137886933, 'gpu_mem_used_mb': 31475.0, 'gpu_load': 0.01}
    [Client 3] System Stats: {'client_rank': 3, 'round': 6, 'timestamp': '2025-07-25 11:07:44', 'cpu_time': 1069593.4000000001, 'cpu_freq_mhz': 2075.26371875, 'ram_used_mb': 3387.63776, 'net_sent_bytes': 35499835978, 'net_recv_bytes': 241633909963, 'gpu_mem_used_mb': 31475.0, 'gpu_load': 0.01}
    [Client 1] Round 6 - Sending updated weights to server...
    [Client 3] Round 6 - Sending updated weights to server...
Received weights from client 1
Waiting for model weights from client 2...
    [Client 2] System Stats: {'client_rank': 2, 'round': 6, 'timestamp': '2025-07-25 11:07:44', 'cpu_time': 162207.79, 'cpu_freq_mhz': 2098.3295625, 'ram_used_mb': 3392.028672, 'net_sent_bytes': 1686654463, 'net_recv_bytes': 11772988263, 'gpu_mem_used_mb': 31475.0, 'gpu_load': 0.0}
    [Client 2] Round 6 - Sending updated weights to server...
Received weights from client 2
Waiting for model weights from client 3...
Received weights from client 3
Waiting for model weights from client 4...
    [Client 9] System Stats: {'client_rank': 9, 'round': 6, 'timestamp': '2025-07-25 11:07:44', 'cpu_time': 1113568.74, 'cpu_freq_mhz': 2070.2813125000002, 'ram_used_mb': 3401.285632, 'net_sent_bytes': 24544068990, 'net_recv_bytes': 576142411712, 'gpu_mem_used_mb': 31475.0, 'gpu_load': 0.01}
    [Client 10] System Stats: {'client_rank': 10, 'round': 6, 'timestamp': '2025-07-25 11:07:44', 'cpu_time': 928787.4600000001, 'cpu_freq_mhz': 2100.00084375, 'ram_used_mb': 3408.723968, 'net_sent_bytes': 25973632727, 'net_recv_bytes': 247309520753, 'gpu_mem_used_mb': 31475.0, 'gpu_load': 0.0}
    [Client 9] Round 6 - Sending updated weights to server...
    [Client 10] Round 6 - Sending updated weights to server...
    [Client 1] Round 7 - Waiting for global weights...
    [Client 2] Round 7 - Waiting for global weights...
    [Client 3] Round 7 - Waiting for global weights...
    [Client 7] System Stats: {'client_rank': 7, 'round': 6, 'timestamp': '2025-07-25 11:07:45', 'cpu_time': 775229.6499999999, 'cpu_freq_mhz': 2064.0165625, 'ram_used_mb': 3399.790592, 'net_sent_bytes': 33664958139, 'net_recv_bytes': 880916301769, 'gpu_mem_used_mb': 31475.0, 'gpu_load': 0.0}
    [Client 7] Round 6 - Sending updated weights to server...
    [Client 4] System Stats: {'client_rank': 4, 'round': 6, 'timestamp': '2025-07-25 11:07:45', 'cpu_time': 1194131.54, 'cpu_freq_mhz': 2100.0008125, 'ram_used_mb': 3383.046144, 'net_sent_bytes': 73991267933, 'net_recv_bytes': 154565046422, 'gpu_mem_used_mb': 31475.0, 'gpu_load': 0.0}
    [Client 4] Round 6 - Sending updated weights to server...
    [Client 5] System Stats: {'client_rank': 5, 'round': 6, 'timestamp': '2025-07-25 11:07:45', 'cpu_time': 992931.5599999999, 'cpu_freq_mhz': 2100.00015625, 'ram_used_mb': 3382.964224, 'net_sent_bytes': 34959400330, 'net_recv_bytes': 541183481863, 'gpu_mem_used_mb': 31475.0, 'gpu_load': 0.0}
Received weights from client 4
Waiting for model weights from client 5...
    [Client 5] Round 6 - Sending updated weights to server...
Received weights from client 5
Waiting for model weights from client 6...
    [Client 8] System Stats: {'client_rank': 8, 'round': 6, 'timestamp': '2025-07-25 11:07:45', 'cpu_time': 1037195.44, 'cpu_freq_mhz': 2100.0059375, 'ram_used_mb': 3401.691136, 'net_sent_bytes': 34702691240, 'net_recv_bytes': 245535009509, 'gpu_mem_used_mb': 31475.0, 'gpu_load': 0.0}
    [Client 8] Round 6 - Sending updated weights to server...
    [Client 4] Round 7 - Waiting for global weights...
    [Client 5] Round 7 - Waiting for global weights...
    [Client 6] System Stats: {'client_rank': 6, 'round': 6, 'timestamp': '2025-07-25 11:07:45', 'cpu_time': 918798.7100000001, 'cpu_freq_mhz': 2100.0005625, 'ram_used_mb': 3406.921728, 'net_sent_bytes': 32872962848, 'net_recv_bytes': 1155679026667, 'gpu_mem_used_mb': 31475.0, 'gpu_load': 0.01}
    [Client 6] Round 6 - Sending updated weights to server...
Received weights from client 6
Waiting for model weights from client 7...
Received weights from client 7
Waiting for model weights from client 8...
Received weights from client 8
Waiting for model weights from client 9...
Received weights from client 9
Waiting for model weights from client 10...
Received weights from client 10
Received system metrics from client 1: {'client_rank': 1, 'round': 6, 'timestamp': '2025-07-25 11:07:44', 'cpu_time': 1093998.3299999998, 'cpu_freq_mhz': 2074.03990625, 'ram_used_mb': 3405.123584, 'net_sent_bytes': 12295493609, 'net_recv_bytes': 56137886933, 'gpu_mem_used_mb': 31475.0, 'gpu_load': 0.01}
Received system metrics from client 2: {'client_rank': 2, 'round': 6, 'timestamp': '2025-07-25 11:07:44', 'cpu_time': 162207.79, 'cpu_freq_mhz': 2098.3295625, 'ram_used_mb': 3392.028672, 'net_sent_bytes': 1686654463, 'net_recv_bytes': 11772988263, 'gpu_mem_used_mb': 31475.0, 'gpu_load': 0.0}
Received system metrics from client 3: {'client_rank': 3, 'round': 6, 'timestamp': '2025-07-25 11:07:44', 'cpu_time': 1069593.4000000001, 'cpu_freq_mhz': 2075.26371875, 'ram_used_mb': 3387.63776, 'net_sent_bytes': 35499835978, 'net_recv_bytes': 241633909963, 'gpu_mem_used_mb': 31475.0, 'gpu_load': 0.01}
Received system metrics from client 4: {'client_rank': 4, 'round': 6, 'timestamp': '2025-07-25 11:07:45', 'cpu_time': 1194131.54, 'cpu_freq_mhz': 2100.0008125, 'ram_used_mb': 3383.046144, 'net_sent_bytes': 73991267933, 'net_recv_bytes': 154565046422, 'gpu_mem_used_mb': 31475.0, 'gpu_load': 0.0}
Received system metrics from client 5: {'client_rank': 5, 'round': 6, 'timestamp': '2025-07-25 11:07:45', 'cpu_time': 992931.5599999999, 'cpu_freq_mhz': 2100.00015625, 'ram_used_mb': 3382.964224, 'net_sent_bytes': 34959400330, 'net_recv_bytes': 541183481863, 'gpu_mem_used_mb': 31475.0, 'gpu_load': 0.0}
Received system metrics from client 6: {'client_rank': 6, 'round': 6, 'timestamp': '2025-07-25 11:07:45', 'cpu_time': 918798.7100000001, 'cpu_freq_mhz': 2100.0005625, 'ram_used_mb': 3406.921728, 'net_sent_bytes': 32872962848, 'net_recv_bytes': 1155679026667, 'gpu_mem_used_mb': 31475.0, 'gpu_load': 0.01}
Received system metrics from client 7: {'client_rank': 7, 'round': 6, 'timestamp': '2025-07-25 11:07:45', 'cpu_time': 775229.6499999999, 'cpu_freq_mhz': 2064.0165625, 'ram_used_mb': 3399.790592, 'net_sent_bytes': 33664958139, 'net_recv_bytes': 880916301769, 'gpu_mem_used_mb': 31475.0, 'gpu_load': 0.0}
Received system metrics from client 8: {'client_rank': 8, 'round': 6, 'timestamp': '2025-07-25 11:07:45', 'cpu_time': 1037195.44, 'cpu_freq_mhz': 2100.0059375, 'ram_used_mb': 3401.691136, 'net_sent_bytes': 34702691240, 'net_recv_bytes': 245535009509, 'gpu_mem_used_mb': 31475.0, 'gpu_load': 0.0}
Received system metrics from client 9: {'client_rank': 9, 'round': 6, 'timestamp': '2025-07-25 11:07:44', 'cpu_time': 1113568.74, 'cpu_freq_mhz': 2070.2813125000002, 'ram_used_mb': 3401.285632, 'net_sent_bytes': 24544068990, 'net_recv_bytes': 576142411712, 'gpu_mem_used_mb': 31475.0, 'gpu_load': 0.01}
Received system metrics from client 10: {'client_rank': 10, 'round': 6, 'timestamp': '2025-07-25 11:07:44', 'cpu_time': 928787.4600000001, 'cpu_freq_mhz': 2100.00084375, 'ram_used_mb': 3408.723968, 'net_sent_bytes': 25973632727, 'net_recv_bytes': 247309520753, 'gpu_mem_used_mb': 31475.0, 'gpu_load': 0.0}
Averaging model weights...
Evaluating updated global model on test set...
    [Client 9] Round 7 - Waiting for global weights...
    [Client 7] Round 7 - Waiting for global weights...
    [Client 10] Round 7 - Waiting for global weights...
    [Client 8] Round 7 - Waiting for global weights...
    [Client 6] Round 7 - Waiting for global weights...
Round 6 Evaluation - Accuracy: 0.5866, Loss: 1.1591

===== Round 7 =====
Broadcasting global model to all clients...
Waiting for model weights from client 1...
    [Client 7] Round 7 - Training on local data...
    [Client 1] Round 7 - Training on local data...
    [Client 9] Round 7 - Training on local data...
    [Client 3] Round 7 - Training on local data...
    [Client 10] Round 7 - Training on local data...
    [Client 2] Round 7 - Training on local data...
    [Client 6] Round 7 - Training on local data...
    [Client 4] Round 7 - Training on local data...
    [Client 8] Round 7 - Training on local data...
    [Client 5] Round 7 - Training on local data...
    [Client 9] System Stats: {'client_rank': 9, 'round': 7, 'timestamp': '2025-07-25 11:08:02', 'cpu_time': 1113569.94, 'cpu_freq_mhz': 2100.00009375, 'ram_used_mb': 3557.53984, 'net_sent_bytes': 24544100199, 'net_recv_bytes': 576142458751, 'gpu_mem_used_mb': 31475.0, 'gpu_load': 0.01}
    [Client 9] Round 7 - Sending updated weights to server...
    [Client 3] System Stats: {'client_rank': 3, 'round': 7, 'timestamp': '2025-07-25 11:08:02', 'cpu_time': 1069597.67, 'cpu_freq_mhz': 2078.99009375, 'ram_used_mb': 3561.025536, 'net_sent_bytes': 35499839217, 'net_recv_bytes': 241633955194, 'gpu_mem_used_mb': 31475.0, 'gpu_load': 0.0}
    [Client 3] Round 7 - Sending updated weights to server...
    [Client 1] System Stats: {'client_rank': 1, 'round': 7, 'timestamp': '2025-07-25 11:08:02', 'cpu_time': 1094000.53, 'cpu_freq_mhz': 2067.14225, 'ram_used_mb': 3574.5792, 'net_sent_bytes': 12295497246, 'net_recv_bytes': 56137932211, 'gpu_mem_used_mb': 31475.0, 'gpu_load': 0.0}
    [Client 1] Round 7 - Sending updated weights to server...
Received weights from client 1
Waiting for model weights from client 2...
    [Client 10] System Stats: {'client_rank': 10, 'round': 7, 'timestamp': '2025-07-25 11:08:02', 'cpu_time': 928788.74, 'cpu_freq_mhz': 2099.99921875, 'ram_used_mb': 3581.681664, 'net_sent_bytes': 25973638684, 'net_recv_bytes': 247309571817, 'gpu_mem_used_mb': 31475.0, 'gpu_load': 0.0}
    [Client 10] Round 7 - Sending updated weights to server...
    [Client 1] Round 8 - Waiting for global weights...
    [Client 4] System Stats: {'client_rank': 4, 'round': 7, 'timestamp': '2025-07-25 11:08:02', 'cpu_time': 1194135.8699999999, 'cpu_freq_mhz': 2100.00015625, 'ram_used_mb': 3538.251776, 'net_sent_bytes': 73991272181, 'net_recv_bytes': 154565092620, 'gpu_mem_used_mb': 31475.0, 'gpu_load': 0.01}
    [Client 4] Round 7 - Sending updated weights to server...
    [Client 2] System Stats: {'client_rank': 2, 'round': 7, 'timestamp': '2025-07-25 11:08:02', 'cpu_time': 162214.1, 'cpu_freq_mhz': 2100.0010625, 'ram_used_mb': 3565.4656, 'net_sent_bytes': 1686656232, 'net_recv_bytes': 11773032741, 'gpu_mem_used_mb': 31475.0, 'gpu_load': 0.01}
    [Client 7] System Stats: {'client_rank': 7, 'round': 7, 'timestamp': '2025-07-25 11:08:02', 'cpu_time': 775231.95, 'cpu_freq_mhz': 2084.51503125, 'ram_used_mb': 3572.105216, 'net_sent_bytes': 33664960844, 'net_recv_bytes': 880916346427, 'gpu_mem_used_mb': 31475.0, 'gpu_load': 0.01}
    [Client 2] Round 7 - Sending updated weights to server...
Received weights from client 2
Waiting for model weights from client 3...
Received weights from client 3
Waiting for model weights from client 4...
Received weights from client 4
Waiting for model weights from client 5...
    [Client 7] Round 7 - Sending updated weights to server...
    [Client 8] System Stats: {'client_rank': 8, 'round': 7, 'timestamp': '2025-07-25 11:08:02', 'cpu_time': 1037196.8, 'cpu_freq_mhz': 2100.00365625, 'ram_used_mb': 3575.083008, 'net_sent_bytes': 34702692970, 'net_recv_bytes': 245535052485, 'gpu_mem_used_mb': 31475.0, 'gpu_load': 0.0}
    [Client 8] Round 7 - Sending updated weights to server...
    [Client 6] System Stats: {'client_rank': 6, 'round': 7, 'timestamp': '2025-07-25 11:08:02', 'cpu_time': 918804.05, 'cpu_freq_mhz': 2100.00028125, 'ram_used_mb': 3561.857024, 'net_sent_bytes': 32872966413, 'net_recv_bytes': 1155679070670, 'gpu_mem_used_mb': 31475.0, 'gpu_load': 0.0}
    [Client 6] Round 7 - Sending updated weights to server...
    [Client 3] Round 8 - Waiting for global weights...
    [Client 4] Round 8 - Waiting for global weights...
    [Client 2] Round 8 - Waiting for global weights...
    [Client 5] System Stats: {'client_rank': 5, 'round': 7, 'timestamp': '2025-07-25 11:08:02', 'cpu_time': 992966.3300000001, 'cpu_freq_mhz': 2100.0009375, 'ram_used_mb': 3581.60384, 'net_sent_bytes': 34959402586, 'net_recv_bytes': 541183526949, 'gpu_mem_used_mb': 31475.0, 'gpu_load': 0.0}
    [Client 5] Round 7 - Sending updated weights to server...
Received weights from client 5
Waiting for model weights from client 6...
Received weights from client 6
Waiting for model weights from client 7...
Received weights from client 7
Waiting for model weights from client 8...
Received weights from client 8
Waiting for model weights from client 9...
Received weights from client 9
Waiting for model weights from client 10...
Received weights from client 10
Received system metrics from client 1: {'client_rank': 1, 'round': 7, 'timestamp': '2025-07-25 11:08:02', 'cpu_time': 1094000.53, 'cpu_freq_mhz': 2067.14225, 'ram_used_mb': 3574.5792, 'net_sent_bytes': 12295497246, 'net_recv_bytes': 56137932211, 'gpu_mem_used_mb': 31475.0, 'gpu_load': 0.0}
Received system metrics from client 2: {'client_rank': 2, 'round': 7, 'timestamp': '2025-07-25 11:08:02', 'cpu_time': 162214.1, 'cpu_freq_mhz': 2100.0010625, 'ram_used_mb': 3565.4656, 'net_sent_bytes': 1686656232, 'net_recv_bytes': 11773032741, 'gpu_mem_used_mb': 31475.0, 'gpu_load': 0.01}
Received system metrics from client 3: {'client_rank': 3, 'round': 7, 'timestamp': '2025-07-25 11:08:02', 'cpu_time': 1069597.67, 'cpu_freq_mhz': 2078.99009375, 'ram_used_mb': 3561.025536, 'net_sent_bytes': 35499839217, 'net_recv_bytes': 241633955194, 'gpu_mem_used_mb': 31475.0, 'gpu_load': 0.0}
Received system metrics from client 4: {'client_rank': 4, 'round': 7, 'timestamp': '2025-07-25 11:08:02', 'cpu_time': 1194135.8699999999, 'cpu_freq_mhz': 2100.00015625, 'ram_used_mb': 3538.251776, 'net_sent_bytes': 73991272181, 'net_recv_bytes': 154565092620, 'gpu_mem_used_mb': 31475.0, 'gpu_load': 0.01}
Received system metrics from client 5: {'client_rank': 5, 'round': 7, 'timestamp': '2025-07-25 11:08:02', 'cpu_time': 992966.3300000001, 'cpu_freq_mhz': 2100.0009375, 'ram_used_mb': 3581.60384, 'net_sent_bytes': 34959402586, 'net_recv_bytes': 541183526949, 'gpu_mem_used_mb': 31475.0, 'gpu_load': 0.0}
Received system metrics from client 6: {'client_rank': 6, 'round': 7, 'timestamp': '2025-07-25 11:08:02', 'cpu_time': 918804.05, 'cpu_freq_mhz': 2100.00028125, 'ram_used_mb': 3561.857024, 'net_sent_bytes': 32872966413, 'net_recv_bytes': 1155679070670, 'gpu_mem_used_mb': 31475.0, 'gpu_load': 0.0}
Received system metrics from client 7: {'client_rank': 7, 'round': 7, 'timestamp': '2025-07-25 11:08:02', 'cpu_time': 775231.95, 'cpu_freq_mhz': 2084.51503125, 'ram_used_mb': 3572.105216, 'net_sent_bytes': 33664960844, 'net_recv_bytes': 880916346427, 'gpu_mem_used_mb': 31475.0, 'gpu_load': 0.01}
Received system metrics from client 8: {'client_rank': 8, 'round': 7, 'timestamp': '2025-07-25 11:08:02', 'cpu_time': 1037196.8, 'cpu_freq_mhz': 2100.00365625, 'ram_used_mb': 3575.083008, 'net_sent_bytes': 34702692970, 'net_recv_bytes': 245535052485, 'gpu_mem_used_mb': 31475.0, 'gpu_load': 0.0}
Received system metrics from client 9: {'client_rank': 9, 'round': 7, 'timestamp': '2025-07-25 11:08:02', 'cpu_time': 1113569.94, 'cpu_freq_mhz': 2100.00009375, 'ram_used_mb': 3557.53984, 'net_sent_bytes': 24544100199, 'net_recv_bytes': 576142458751, 'gpu_mem_used_mb': 31475.0, 'gpu_load': 0.01}
Received system metrics from client 10: {'client_rank': 10, 'round': 7, 'timestamp': '2025-07-25 11:08:02', 'cpu_time': 928788.74, 'cpu_freq_mhz': 2099.99921875, 'ram_used_mb': 3581.681664, 'net_sent_bytes': 25973638684, 'net_recv_bytes': 247309571817, 'gpu_mem_used_mb': 31475.0, 'gpu_load': 0.0}
Averaging model weights...
Evaluating updated global model on test set...
    [Client 7] Round 8 - Waiting for global weights...
    [Client 9] Round 8 - Waiting for global weights...
    [Client 10] Round 8 - Waiting for global weights...
    [Client 6] Round 8 - Waiting for global weights...
    [Client 5] Round 8 - Waiting for global weights...
    [Client 8] Round 8 - Waiting for global weights...
Round 7 Evaluation - Accuracy: 0.6195, Loss: 1.0706

===== Round 8 =====
Broadcasting global model to all clients...
Waiting for model weights from client 1...
    [Client 9] Round 8 - Training on local data...
    [Client 7] Round 8 - Training on local data...
    [Client 1] Round 8 - Training on local data...
    [Client 10] Round 8 - Training on local data...
    [Client 4] Round 8 - Training on local data...
    [Client 3] Round 8 - Training on local data...
    [Client 6] Round 8 - Training on local data...
    [Client 5] Round 8 - Training on local data...
    [Client 8] Round 8 - Training on local data...
    [Client 2] Round 8 - Training on local data...
    [Client 9] System Stats: {'client_rank': 9, 'round': 8, 'timestamp': '2025-07-25 11:08:19', 'cpu_time': 1113571.02, 'cpu_freq_mhz': 2072.5219687500003, 'ram_used_mb': 3749.957632, 'net_sent_bytes': 24544104184, 'net_recv_bytes': 576142510770, 'gpu_mem_used_mb': 31477.0, 'gpu_load': 0.0}
    [Client 9] Round 8 - Sending updated weights to server...
    [Client 10] System Stats: {'client_rank': 10, 'round': 8, 'timestamp': '2025-07-25 11:08:19', 'cpu_time': 928790.17, 'cpu_freq_mhz': 2099.9968125, 'ram_used_mb': 3754.962944, 'net_sent_bytes': 25973667883, 'net_recv_bytes': 247309618623, 'gpu_mem_used_mb': 31477.0, 'gpu_load': 0.01}
    [Client 10] Round 8 - Sending updated weights to server...
    [Client 1] System Stats: {'client_rank': 1, 'round': 8, 'timestamp': '2025-07-25 11:08:19', 'cpu_time': 1094002.28, 'cpu_freq_mhz': 2066.37028125, 'ram_used_mb': 3752.456192, 'net_sent_bytes': 12295499923, 'net_recv_bytes': 56137977252, 'gpu_mem_used_mb': 31477.0, 'gpu_load': 0.0}
    [Client 1] Round 8 - Sending updated weights to server...
Received weights from client 1
Waiting for model weights from client 2...
    [Client 3] System Stats: {'client_rank': 3, 'round': 8, 'timestamp': '2025-07-25 11:08:19', 'cpu_time': 1069599.0699999998, 'cpu_freq_mhz': 2099.74634375, 'ram_used_mb': 3751.686144, 'net_sent_bytes': 35499841994, 'net_recv_bytes': 241634000516, 'gpu_mem_used_mb': 31477.0, 'gpu_load': 0.0}
    [Client 3] Round 8 - Sending updated weights to server...
    [Client 4] System Stats: {'client_rank': 4, 'round': 8, 'timestamp': '2025-07-25 11:08:19', 'cpu_time': 1194140.6300000001, 'cpu_freq_mhz': 2100.0031249999997, 'ram_used_mb': 3730.612224, 'net_sent_bytes': 73991273837, 'net_recv_bytes': 154565136319, 'gpu_mem_used_mb': 31477.0, 'gpu_load': 0.01}
    [Client 4] Round 8 - Sending updated weights to server...
    [Client 8] System Stats: {'client_rank': 8, 'round': 8, 'timestamp': '2025-07-25 11:08:19', 'cpu_time': 1037198.02, 'cpu_freq_mhz': 2100.0009375, 'ram_used_mb': 3750.395904, 'net_sent_bytes': 34702696586, 'net_recv_bytes': 245535097784, 'gpu_mem_used_mb': 31477.0, 'gpu_load': 0.01}
    [Client 7] System Stats: {'client_rank': 7, 'round': 8, 'timestamp': '2025-07-25 11:08:19', 'cpu_time': 775234.36, 'cpu_freq_mhz': 2070.66871875, 'ram_used_mb': 3749.134336, 'net_sent_bytes': 33664962227, 'net_recv_bytes': 880916390040, 'gpu_mem_used_mb': 31477.0, 'gpu_load': 0.01}
    [Client 8] Round 8 - Sending updated weights to server...
    [Client 7] Round 8 - Sending updated weights to server...
    [Client 5] System Stats: {'client_rank': 5, 'round': 8, 'timestamp': '2025-07-25 11:08:19', 'cpu_time': 992999.78, 'cpu_freq_mhz': 2100.00084375, 'ram_used_mb': 3754.622976, 'net_sent_bytes': 34959432946, 'net_recv_bytes': 541183574697, 'gpu_mem_used_mb': 31477.0, 'gpu_load': 0.0}
    [Client 5] Round 8 - Sending updated weights to server...
    [Client 2] System Stats: {'client_rank': 2, 'round': 8, 'timestamp': '2025-07-25 11:08:19', 'cpu_time': 162220.19, 'cpu_freq_mhz': 2098.7804375, 'ram_used_mb': 3721.015296, 'net_sent_bytes': 1686658125, 'net_recv_bytes': 11773078172, 'gpu_mem_used_mb': 31477.0, 'gpu_load': 0.0}
    [Client 2] Round 8 - Sending updated weights to server...
Received weights from client 2
Waiting for model weights from client 3...
Received weights from client 3
Waiting for model weights from client 4...
Received weights from client 4
Waiting for model weights from client 5...
Received weights from client 5
Waiting for model weights from client 6...
    [Client 1] Round 9 - Waiting for global weights...
    [Client 6] System Stats: {'client_rank': 6, 'round': 8, 'timestamp': '2025-07-25 11:08:20', 'cpu_time': 918809.91, 'cpu_freq_mhz': 2099.99984375, 'ram_used_mb': 3735.994368, 'net_sent_bytes': 32872971347, 'net_recv_bytes': 1155679119504, 'gpu_mem_used_mb': 31477.0, 'gpu_load': 0.0}
    [Client 6] Round 8 - Sending updated weights to server...
Received weights from client 6
Waiting for model weights from client 7...
Received weights from client 7
Waiting for model weights from client 8...
Received weights from client 8
Waiting for model weights from client 9...
Received weights from client 9
Waiting for model weights from client 10...
Received weights from client 10
Received system metrics from client 1: {'client_rank': 1, 'round': 8, 'timestamp': '2025-07-25 11:08:19', 'cpu_time': 1094002.28, 'cpu_freq_mhz': 2066.37028125, 'ram_used_mb': 3752.456192, 'net_sent_bytes': 12295499923, 'net_recv_bytes': 56137977252, 'gpu_mem_used_mb': 31477.0, 'gpu_load': 0.0}
Received system metrics from client 2: {'client_rank': 2, 'round': 8, 'timestamp': '2025-07-25 11:08:19', 'cpu_time': 162220.19, 'cpu_freq_mhz': 2098.7804375, 'ram_used_mb': 3721.015296, 'net_sent_bytes': 1686658125, 'net_recv_bytes': 11773078172, 'gpu_mem_used_mb': 31477.0, 'gpu_load': 0.0}
Received system metrics from client 3: {'client_rank': 3, 'round': 8, 'timestamp': '2025-07-25 11:08:19', 'cpu_time': 1069599.0699999998, 'cpu_freq_mhz': 2099.74634375, 'ram_used_mb': 3751.686144, 'net_sent_bytes': 35499841994, 'net_recv_bytes': 241634000516, 'gpu_mem_used_mb': 31477.0, 'gpu_load': 0.0}
Received system metrics from client 4: {'client_rank': 4, 'round': 8, 'timestamp': '2025-07-25 11:08:19', 'cpu_time': 1194140.6300000001, 'cpu_freq_mhz': 2100.0031249999997, 'ram_used_mb': 3730.612224, 'net_sent_bytes': 73991273837, 'net_recv_bytes': 154565136319, 'gpu_mem_used_mb': 31477.0, 'gpu_load': 0.01}
Received system metrics from client 5: {'client_rank': 5, 'round': 8, 'timestamp': '2025-07-25 11:08:19', 'cpu_time': 992999.78, 'cpu_freq_mhz': 2100.00084375, 'ram_used_mb': 3754.622976, 'net_sent_bytes': 34959432946, 'net_recv_bytes': 541183574697, 'gpu_mem_used_mb': 31477.0, 'gpu_load': 0.0}
Received system metrics from client 6: {'client_rank': 6, 'round': 8, 'timestamp': '2025-07-25 11:08:20', 'cpu_time': 918809.91, 'cpu_freq_mhz': 2099.99984375, 'ram_used_mb': 3735.994368, 'net_sent_bytes': 32872971347, 'net_recv_bytes': 1155679119504, 'gpu_mem_used_mb': 31477.0, 'gpu_load': 0.0}
Received system metrics from client 7: {'client_rank': 7, 'round': 8, 'timestamp': '2025-07-25 11:08:19', 'cpu_time': 775234.36, 'cpu_freq_mhz': 2070.66871875, 'ram_used_mb': 3749.134336, 'net_sent_bytes': 33664962227, 'net_recv_bytes': 880916390040, 'gpu_mem_used_mb': 31477.0, 'gpu_load': 0.01}
Received system metrics from client 8: {'client_rank': 8, 'round': 8, 'timestamp': '2025-07-25 11:08:19', 'cpu_time': 1037198.02, 'cpu_freq_mhz': 2100.0009375, 'ram_used_mb': 3750.395904, 'net_sent_bytes': 34702696586, 'net_recv_bytes': 245535097784, 'gpu_mem_used_mb': 31477.0, 'gpu_load': 0.01}
Received system metrics from client 9: {'client_rank': 9, 'round': 8, 'timestamp': '2025-07-25 11:08:19', 'cpu_time': 1113571.02, 'cpu_freq_mhz': 2072.5219687500003, 'ram_used_mb': 3749.957632, 'net_sent_bytes': 24544104184, 'net_recv_bytes': 576142510770, 'gpu_mem_used_mb': 31477.0, 'gpu_load': 0.0}
Received system metrics from client 10: {'client_rank': 10, 'round': 8, 'timestamp': '2025-07-25 11:08:19', 'cpu_time': 928790.17, 'cpu_freq_mhz': 2099.9968125, 'ram_used_mb': 3754.962944, 'net_sent_bytes': 25973667883, 'net_recv_bytes': 247309618623, 'gpu_mem_used_mb': 31477.0, 'gpu_load': 0.01}
Averaging model weights...
Evaluating updated global model on test set...
    [Client 3] Round 9 - Waiting for global weights...
    [Client 2] Round 9 - Waiting for global weights...
    [Client 4] Round 9 - Waiting for global weights...
    [Client 5] Round 9 - Waiting for global weights...
    [Client 9] Round 9 - Waiting for global weights...
    [Client 7] Round 9 - Waiting for global weights...
    [Client 10] Round 9 - Waiting for global weights...
    [Client 6] Round 9 - Waiting for global weights...
Round 8 Evaluation - Accuracy: 0.6654, Loss: 0.9471

===== Round 9 =====
Broadcasting global model to all clients...
    [Client 3] Round 9 - Training on local data...
    [Client 1] Round 9 - Training on local data...
    [Client 10] Round 9 - Training on local data...
    [Client 9] Round 9 - Training on local data...
    [Client 7] Round 9 - Training on local data...
    [Client 5] Round 9 - Training on local data...
    [Client 6] Round 9 - Training on local data...
    [Client 4] Round 9 - Training on local data...
    [Client 2] Round 9 - Training on local data...
    [Client 8] Round 9 - Waiting for global weights...
Waiting for model weights from client 1...
    [Client 8] Round 9 - Training on local data...
    [Client 10] System Stats: {'client_rank': 10, 'round': 9, 'timestamp': '2025-07-25 11:08:36', 'cpu_time': 928791.27, 'cpu_freq_mhz': 2100.00078125, 'ram_used_mb': 3878.576128, 'net_sent_bytes': 25973670346, 'net_recv_bytes': 247309663326, 'gpu_mem_used_mb': 31477.0, 'gpu_load': 0.01}
    [Client 3] System Stats: {'client_rank': 3, 'round': 9, 'timestamp': '2025-07-25 11:08:36', 'cpu_time': 1069600.52, 'cpu_freq_mhz': 2061.7575625, 'ram_used_mb': 3868.393472, 'net_sent_bytes': 35499844809, 'net_recv_bytes': 241634045014, 'gpu_mem_used_mb': 31477.0, 'gpu_load': 0.0}
    [Client 10] Round 9 - Sending updated weights to server...
    [Client 3] Round 9 - Sending updated weights to server...
    [Client 9] System Stats: {'client_rank': 9, 'round': 9, 'timestamp': '2025-07-25 11:08:36', 'cpu_time': 1113572.18, 'cpu_freq_mhz': 2070.0258125, 'ram_used_mb': 3870.265344, 'net_sent_bytes': 24544105728, 'net_recv_bytes': 576142555096, 'gpu_mem_used_mb': 31477.0, 'gpu_load': 0.0}
    [Client 9] Round 9 - Sending updated weights to server...
    [Client 1] System Stats: {'client_rank': 1, 'round': 9, 'timestamp': '2025-07-25 11:08:36', 'cpu_time': 1094008.6300000001, 'cpu_freq_mhz': 2071.9630625, 'ram_used_mb': 3873.345536, 'net_sent_bytes': 12295501717, 'net_recv_bytes': 56138021646, 'gpu_mem_used_mb': 31477.0, 'gpu_load': 0.0}
    [Client 1] Round 9 - Sending updated weights to server...
Received weights from client 1
Waiting for model weights from client 2...
    [Client 4] System Stats: {'client_rank': 4, 'round': 9, 'timestamp': '2025-07-25 11:08:36', 'cpu_time': 1194145.43, 'cpu_freq_mhz': 2100.0027812499998, 'ram_used_mb': 3869.36832, 'net_sent_bytes': 73991275822, 'net_recv_bytes': 154565180751, 'gpu_mem_used_mb': 31477.0, 'gpu_load': 0.01}
    [Client 4] Round 9 - Sending updated weights to server...
    [Client 2] System Stats: {'client_rank': 2, 'round': 9, 'timestamp': '2025-07-25 11:08:36', 'cpu_time': 162226.49, 'cpu_freq_mhz': 2100.001875, 'ram_used_mb': 3862.237184, 'net_sent_bytes': 1686660256, 'net_recv_bytes': 11773121196, 'gpu_mem_used_mb': 31477.0, 'gpu_load': 0.0}
    [Client 2] Round 9 - Sending updated weights to server...
Received weights from client 2
Waiting for model weights from client 3...
Received weights from client 3
Waiting for model weights from client 4...
Received weights from client 4
Waiting for model weights from client 5...
    [Client 7] System Stats: {'client_rank': 7, 'round': 9, 'timestamp': '2025-07-25 11:08:37', 'cpu_time': 775237.02, 'cpu_freq_mhz': 2061.49609375, 'ram_used_mb': 3871.977472, 'net_sent_bytes': 33664963958, 'net_recv_bytes': 880916434554, 'gpu_mem_used_mb': 31477.0, 'gpu_load': 0.01}
    [Client 8] System Stats: {'client_rank': 8, 'round': 9, 'timestamp': '2025-07-25 11:08:37', 'cpu_time': 1037199.74, 'cpu_freq_mhz': 2100.0005, 'ram_used_mb': 3874.69312, 'net_sent_bytes': 34702698137, 'net_recv_bytes': 245535142016, 'gpu_mem_used_mb': 31477.0, 'gpu_load': 0.01}
    [Client 7] Round 9 - Sending updated weights to server...
    [Client 8] Round 9 - Sending updated weights to server...
    [Client 1] Round 10 - Waiting for global weights...
    [Client 4] Round 10 - Waiting for global weights...
    [Client 2] Round 10 - Waiting for global weights...
    [Client 3] Round 10 - Waiting for global weights...
    [Client 5] System Stats: {'client_rank': 5, 'round': 9, 'timestamp': '2025-07-25 11:08:37', 'cpu_time': 993034.59, 'cpu_freq_mhz': 2100.000625, 'ram_used_mb': 3876.10624, 'net_sent_bytes': 34959434286, 'net_recv_bytes': 541183618597, 'gpu_mem_used_mb': 31477.0, 'gpu_load': 0.01}
    [Client 5] Round 9 - Sending updated weights to server...
Received weights from client 5
Waiting for model weights from client 6...
    [Client 6] System Stats: {'client_rank': 6, 'round': 9, 'timestamp': '2025-07-25 11:08:37', 'cpu_time': 918816.02, 'cpu_freq_mhz': 2099.9999374999998, 'ram_used_mb': 3877.203968, 'net_sent_bytes': 32873002740, 'net_recv_bytes': 1155679167617, 'gpu_mem_used_mb': 31477.0, 'gpu_load': 0.01}
    [Client 6] Round 9 - Sending updated weights to server...
Received weights from client 6
Waiting for model weights from client 7...
Received weights from client 7
Waiting for model weights from client 8...
Received weights from client 8
Waiting for model weights from client 9...
Received weights from client 9
Waiting for model weights from client 10...
Received weights from client 10
Received system metrics from client 1: {'client_rank': 1, 'round': 9, 'timestamp': '2025-07-25 11:08:36', 'cpu_time': 1094008.6300000001, 'cpu_freq_mhz': 2071.9630625, 'ram_used_mb': 3873.345536, 'net_sent_bytes': 12295501717, 'net_recv_bytes': 56138021646, 'gpu_mem_used_mb': 31477.0, 'gpu_load': 0.0}
Received system metrics from client 2: {'client_rank': 2, 'round': 9, 'timestamp': '2025-07-25 11:08:36', 'cpu_time': 162226.49, 'cpu_freq_mhz': 2100.001875, 'ram_used_mb': 3862.237184, 'net_sent_bytes': 1686660256, 'net_recv_bytes': 11773121196, 'gpu_mem_used_mb': 31477.0, 'gpu_load': 0.0}
Received system metrics from client 3: {'client_rank': 3, 'round': 9, 'timestamp': '2025-07-25 11:08:36', 'cpu_time': 1069600.52, 'cpu_freq_mhz': 2061.7575625, 'ram_used_mb': 3868.393472, 'net_sent_bytes': 35499844809, 'net_recv_bytes': 241634045014, 'gpu_mem_used_mb': 31477.0, 'gpu_load': 0.0}
Received system metrics from client 4: {'client_rank': 4, 'round': 9, 'timestamp': '2025-07-25 11:08:36', 'cpu_time': 1194145.43, 'cpu_freq_mhz': 2100.0027812499998, 'ram_used_mb': 3869.36832, 'net_sent_bytes': 73991275822, 'net_recv_bytes': 154565180751, 'gpu_mem_used_mb': 31477.0, 'gpu_load': 0.01}
Received system metrics from client 5: {'client_rank': 5, 'round': 9, 'timestamp': '2025-07-25 11:08:37', 'cpu_time': 993034.59, 'cpu_freq_mhz': 2100.000625, 'ram_used_mb': 3876.10624, 'net_sent_bytes': 34959434286, 'net_recv_bytes': 541183618597, 'gpu_mem_used_mb': 31477.0, 'gpu_load': 0.01}
Received system metrics from client 6: {'client_rank': 6, 'round': 9, 'timestamp': '2025-07-25 11:08:37', 'cpu_time': 918816.02, 'cpu_freq_mhz': 2099.9999374999998, 'ram_used_mb': 3877.203968, 'net_sent_bytes': 32873002740, 'net_recv_bytes': 1155679167617, 'gpu_mem_used_mb': 31477.0, 'gpu_load': 0.01}
Received system metrics from client 7: {'client_rank': 7, 'round': 9, 'timestamp': '2025-07-25 11:08:37', 'cpu_time': 775237.02, 'cpu_freq_mhz': 2061.49609375, 'ram_used_mb': 3871.977472, 'net_sent_bytes': 33664963958, 'net_recv_bytes': 880916434554, 'gpu_mem_used_mb': 31477.0, 'gpu_load': 0.01}
Received system metrics from client 8: {'client_rank': 8, 'round': 9, 'timestamp': '2025-07-25 11:08:37', 'cpu_time': 1037199.74, 'cpu_freq_mhz': 2100.0005, 'ram_used_mb': 3874.69312, 'net_sent_bytes': 34702698137, 'net_recv_bytes': 245535142016, 'gpu_mem_used_mb': 31477.0, 'gpu_load': 0.01}
Received system metrics from client 9: {'client_rank': 9, 'round': 9, 'timestamp': '2025-07-25 11:08:36', 'cpu_time': 1113572.18, 'cpu_freq_mhz': 2070.0258125, 'ram_used_mb': 3870.265344, 'net_sent_bytes': 24544105728, 'net_recv_bytes': 576142555096, 'gpu_mem_used_mb': 31477.0, 'gpu_load': 0.0}
Received system metrics from client 10: {'client_rank': 10, 'round': 9, 'timestamp': '2025-07-25 11:08:36', 'cpu_time': 928791.27, 'cpu_freq_mhz': 2100.00078125, 'ram_used_mb': 3878.576128, 'net_sent_bytes': 25973670346, 'net_recv_bytes': 247309663326, 'gpu_mem_used_mb': 31477.0, 'gpu_load': 0.01}
Averaging model weights...
Evaluating updated global model on test set...
    [Client 5] Round 10 - Waiting for global weights...
    [Client 9] Round 10 - Waiting for global weights...
    [Client 7] Round 10 - Waiting for global weights...
    [Client 8] Round 10 - Waiting for global weights...
    [Client 10] Round 10 - Waiting for global weights...
    [Client 6] Round 10 - Waiting for global weights...
Round 9 Evaluation - Accuracy: 0.6779, Loss: 0.9104

===== Round 10 =====
Broadcasting global model to all clients...
Waiting for model weights from client 1...
    [Client 9] Round 10 - Training on local data...
    [Client 3] Round 10 - Training on local data...
    [Client 1] Round 10 - Training on local data...
    [Client 8] Round 10 - Training on local data...
    [Client 5] Round 10 - Training on local data...
    [Client 2] Round 10 - Training on local data...
    [Client 7] Round 10 - Training on local data...
    [Client 4] Round 10 - Training on local data...
    [Client 6] Round 10 - Training on local data...
    [Client 10] Round 10 - Training on local data...
    [Client 9] System Stats: {'client_rank': 9, 'round': 10, 'timestamp': '2025-07-25 11:08:53', 'cpu_time': 1113573.14, 'cpu_freq_mhz': 2099.90346875, 'ram_used_mb': 4026.49088, 'net_sent_bytes': 24544107496, 'net_recv_bytes': 576142606399, 'gpu_mem_used_mb': 31479.0, 'gpu_load': 0.01}
    [Client 9] Round 10 - Sending updated weights to server...
    [Client 3] System Stats: {'client_rank': 3, 'round': 10, 'timestamp': '2025-07-25 11:08:53', 'cpu_time': 1069606.6600000001, 'cpu_freq_mhz': 2061.19184375, 'ram_used_mb': 4046.671872, 'net_sent_bytes': 35499846493, 'net_recv_bytes': 241634097090, 'gpu_mem_used_mb': 31479.0, 'gpu_load': 0.01}
    [Client 3] Round 10 - Sending updated weights to server...
    [Client 4] System Stats: {'client_rank': 4, 'round': 10, 'timestamp': '2025-07-25 11:08:53', 'cpu_time': 1194149.74, 'cpu_freq_mhz': 2100.00284375, 'ram_used_mb': 4044.886016, 'net_sent_bytes': 73991306203, 'net_recv_bytes': 154565235749, 'gpu_mem_used_mb': 31479.0, 'gpu_load': 0.01}
    [Client 4] Round 10 - Sending updated weights to server...
    [Client 1] System Stats: {'client_rank': 1, 'round': 10, 'timestamp': '2025-07-25 11:08:54', 'cpu_time': 1094017.2899999998, 'cpu_freq_mhz': 2062.7061249999997, 'ram_used_mb': 4046.475264, 'net_sent_bytes': 12295506087, 'net_recv_bytes': 56138076312, 'gpu_mem_used_mb': 31479.0, 'gpu_load': 0.0}
    [Client 1] Round 10 - Sending updated weights to server...
Received weights from client 1
Waiting for model weights from client 2...
    [Client 10] System Stats: {'client_rank': 10, 'round': 10, 'timestamp': '2025-07-25 11:08:54', 'cpu_time': 928792.46, 'cpu_freq_mhz': 2100.0009375, 'ram_used_mb': 4052.168704, 'net_sent_bytes': 25973673804, 'net_recv_bytes': 247309717082, 'gpu_mem_used_mb': 31479.0, 'gpu_load': 0.01}
    [Client 10] Round 10 - Sending updated weights to server...
    [Client 7] System Stats: {'client_rank': 7, 'round': 10, 'timestamp': '2025-07-25 11:08:54', 'cpu_time': 775238.91, 'cpu_freq_mhz': 2061.0385312500002, 'ram_used_mb': 4046.753792, 'net_sent_bytes': 33665010375, 'net_recv_bytes': 880916501503, 'gpu_mem_used_mb': 31479.0, 'gpu_load': 0.01}
    [Client 8] System Stats: {'client_rank': 8, 'round': 10, 'timestamp': '2025-07-25 11:08:54', 'cpu_time': 1037201.87, 'cpu_freq_mhz': 2100.00040625, 'ram_used_mb': 4049.473536, 'net_sent_bytes': 34702700368, 'net_recv_bytes': 245535193945, 'gpu_mem_used_mb': 31479.0, 'gpu_load': 0.0}
    [Client 7] Round 10 - Sending updated weights to server...
    [Client 8] Round 10 - Sending updated weights to server...
    [Client 2] System Stats: {'client_rank': 2, 'round': 10, 'timestamp': '2025-07-25 11:08:54', 'cpu_time': 162232.6, 'cpu_freq_mhz': 2099.968875, 'ram_used_mb': 4036.943872, 'net_sent_bytes': 1686664279, 'net_recv_bytes': 11773175217, 'gpu_mem_used_mb': 31479.0, 'gpu_load': 0.0}
    [Client 5] System Stats: {'client_rank': 5, 'round': 10, 'timestamp': '2025-07-25 11:08:54', 'cpu_time': 993068.4600000001, 'cpu_freq_mhz': 2100.00009375, 'ram_used_mb': 4049.891328, 'net_sent_bytes': 34959437208, 'net_recv_bytes': 541183670854, 'gpu_mem_used_mb': 31479.0, 'gpu_load': 0.0}
    [Client 2] Round 10 - Sending updated weights to server...
    [Client 5] Round 10 - Sending updated weights to server...
Received weights from client 2
Waiting for model weights from client 3...
Received weights from client 3
Waiting for model weights from client 4...
Received weights from client 4
Waiting for model weights from client 5...
Received weights from client 5
Waiting for model weights from client 6...
    [Client 1] Round 11 - Waiting for global weights...
    [Client 4] Round 11 - Waiting for global weights...
    [Client 3] Round 11 - Waiting for global weights...
    [Client 2] Round 11 - Waiting for global weights...
    [Client 6] System Stats: {'client_rank': 6, 'round': 10, 'timestamp': '2025-07-25 11:08:54', 'cpu_time': 918822.25, 'cpu_freq_mhz': 2100.00190625, 'ram_used_mb': 4051.501056, 'net_sent_bytes': 32873007129, 'net_recv_bytes': 1155679221504, 'gpu_mem_used_mb': 31479.0, 'gpu_load': 0.0}
    [Client 5] Round 11 - Waiting for global weights...
    [Client 6] Round 10 - Sending updated weights to server...
Received weights from client 6
Waiting for model weights from client 7...
Received weights from client 7
Waiting for model weights from client 8...
Received weights from client 8
Waiting for model weights from client 9...
Received weights from client 9
Waiting for model weights from client 10...
Received weights from client 10
Received system metrics from client 1: {'client_rank': 1, 'round': 10, 'timestamp': '2025-07-25 11:08:54', 'cpu_time': 1094017.2899999998, 'cpu_freq_mhz': 2062.7061249999997, 'ram_used_mb': 4046.475264, 'net_sent_bytes': 12295506087, 'net_recv_bytes': 56138076312, 'gpu_mem_used_mb': 31479.0, 'gpu_load': 0.0}
Received system metrics from client 2: {'client_rank': 2, 'round': 10, 'timestamp': '2025-07-25 11:08:54', 'cpu_time': 162232.6, 'cpu_freq_mhz': 2099.968875, 'ram_used_mb': 4036.943872, 'net_sent_bytes': 1686664279, 'net_recv_bytes': 11773175217, 'gpu_mem_used_mb': 31479.0, 'gpu_load': 0.0}
Received system metrics from client 3: {'client_rank': 3, 'round': 10, 'timestamp': '2025-07-25 11:08:53', 'cpu_time': 1069606.6600000001, 'cpu_freq_mhz': 2061.19184375, 'ram_used_mb': 4046.671872, 'net_sent_bytes': 35499846493, 'net_recv_bytes': 241634097090, 'gpu_mem_used_mb': 31479.0, 'gpu_load': 0.01}
Received system metrics from client 4: {'client_rank': 4, 'round': 10, 'timestamp': '2025-07-25 11:08:53', 'cpu_time': 1194149.74, 'cpu_freq_mhz': 2100.00284375, 'ram_used_mb': 4044.886016, 'net_sent_bytes': 73991306203, 'net_recv_bytes': 154565235749, 'gpu_mem_used_mb': 31479.0, 'gpu_load': 0.01}
Received system metrics from client 5: {'client_rank': 5, 'round': 10, 'timestamp': '2025-07-25 11:08:54', 'cpu_time': 993068.4600000001, 'cpu_freq_mhz': 2100.00009375, 'ram_used_mb': 4049.891328, 'net_sent_bytes': 34959437208, 'net_recv_bytes': 541183670854, 'gpu_mem_used_mb': 31479.0, 'gpu_load': 0.0}
Received system metrics from client 6: {'client_rank': 6, 'round': 10, 'timestamp': '2025-07-25 11:08:54', 'cpu_time': 918822.25, 'cpu_freq_mhz': 2100.00190625, 'ram_used_mb': 4051.501056, 'net_sent_bytes': 32873007129, 'net_recv_bytes': 1155679221504, 'gpu_mem_used_mb': 31479.0, 'gpu_load': 0.0}
Received system metrics from client 7: {'client_rank': 7, 'round': 10, 'timestamp': '2025-07-25 11:08:54', 'cpu_time': 775238.91, 'cpu_freq_mhz': 2061.0385312500002, 'ram_used_mb': 4046.753792, 'net_sent_bytes': 33665010375, 'net_recv_bytes': 880916501503, 'gpu_mem_used_mb': 31479.0, 'gpu_load': 0.01}
Received system metrics from client 8: {'client_rank': 8, 'round': 10, 'timestamp': '2025-07-25 11:08:54', 'cpu_time': 1037201.87, 'cpu_freq_mhz': 2100.00040625, 'ram_used_mb': 4049.473536, 'net_sent_bytes': 34702700368, 'net_recv_bytes': 245535193945, 'gpu_mem_used_mb': 31479.0, 'gpu_load': 0.0}
Received system metrics from client 9: {'client_rank': 9, 'round': 10, 'timestamp': '2025-07-25 11:08:53', 'cpu_time': 1113573.14, 'cpu_freq_mhz': 2099.90346875, 'ram_used_mb': 4026.49088, 'net_sent_bytes': 24544107496, 'net_recv_bytes': 576142606399, 'gpu_mem_used_mb': 31479.0, 'gpu_load': 0.01}
Received system metrics from client 10: {'client_rank': 10, 'round': 10, 'timestamp': '2025-07-25 11:08:54', 'cpu_time': 928792.46, 'cpu_freq_mhz': 2100.0009375, 'ram_used_mb': 4052.168704, 'net_sent_bytes': 25973673804, 'net_recv_bytes': 247309717082, 'gpu_mem_used_mb': 31479.0, 'gpu_load': 0.01}
Averaging model weights...
Evaluating updated global model on test set...
    [Client 9] Round 11 - Waiting for global weights...
    [Client 7] Round 11 - Waiting for global weights...
    [Client 8] Round 11 - Waiting for global weights...
    [Client 6] Round 11 - Waiting for global weights...
    [Client 10] Round 11 - Waiting for global weights...
Round 10 Evaluation - Accuracy: 0.6930, Loss: 0.8642

===== Round 11 =====
Broadcasting global model to all clients...
Waiting for model weights from client 1...
    [Client 4] Round 11 - Training on local data...
    [Client 9] Round 11 - Training on local data...
    [Client 3] Round 11 - Training on local data...
    [Client 7] Round 11 - Training on local data...
    [Client 1] Round 11 - Training on local data...
    [Client 8] Round 11 - Training on local data...
    [Client 2] Round 11 - Training on local data...
    [Client 5] Round 11 - Training on local data...
    [Client 10] Round 11 - Training on local data...
    [Client 6] Round 11 - Training on local data...
    [Client 9] System Stats: {'client_rank': 9, 'round': 11, 'timestamp': '2025-07-25 11:09:11', 'cpu_time': 1113574.19, 'cpu_freq_mhz': 2068.78328125, 'ram_used_mb': 4149.395456, 'net_sent_bytes': 24544111457, 'net_recv_bytes': 576142661358, 'gpu_mem_used_mb': 31479.0, 'gpu_load': 0.0}
    [Client 9] Round 11 - Sending updated weights to server...
    [Client 7] System Stats: {'client_rank': 7, 'round': 11, 'timestamp': '2025-07-25 11:09:11', 'cpu_time': 775240.0, 'cpu_freq_mhz': 2086.145875, 'ram_used_mb': 4150.525952, 'net_sent_bytes': 33665012285, 'net_recv_bytes': 880916553570, 'gpu_mem_used_mb': 31479.0, 'gpu_load': 0.01}
    [Client 7] Round 11 - Sending updated weights to server...
    [Client 3] System Stats: {'client_rank': 3, 'round': 11, 'timestamp': '2025-07-25 11:09:11', 'cpu_time': 1069610.4000000001, 'cpu_freq_mhz': 2083.029375, 'ram_used_mb': 4148.207616, 'net_sent_bytes': 35499848581, 'net_recv_bytes': 241634150121, 'gpu_mem_used_mb': 31479.0, 'gpu_load': 0.0}
    [Client 3] Round 11 - Sending updated weights to server...
    [Client 2] System Stats: {'client_rank': 2, 'round': 11, 'timestamp': '2025-07-25 11:09:11', 'cpu_time': 162238.32, 'cpu_freq_mhz': 2100.00034375, 'ram_used_mb': 4157.288448, 'net_sent_bytes': 1686666159, 'net_recv_bytes': 11773227720, 'gpu_mem_used_mb': 31479.0, 'gpu_load': 0.01}
    [Client 2] Round 11 - Sending updated weights to server...
    [Client 1] System Stats: {'client_rank': 1, 'round': 11, 'timestamp': '2025-07-25 11:09:11', 'cpu_time': 1094022.48, 'cpu_freq_mhz': 2080.0871562499997, 'ram_used_mb': 4151.078912, 'net_sent_bytes': 12295509271, 'net_recv_bytes': 56138130680, 'gpu_mem_used_mb': 31479.0, 'gpu_load': 0.01}
    [Client 1] Round 11 - Sending updated weights to server...
Received weights from client 1
Waiting for model weights from client 2...
Received weights from client 2
Waiting for model weights from client 3...
Received weights from client 3
Waiting for model weights from client 4...
    [Client 8] System Stats: {'client_rank': 8, 'round': 11, 'timestamp': '2025-07-25 11:09:11', 'cpu_time': 1037203.4900000001, 'cpu_freq_mhz': 2100.0003125000003, 'ram_used_mb': 4152.97536, 'net_sent_bytes': 34702730271, 'net_recv_bytes': 245535251127, 'gpu_mem_used_mb': 31479.0, 'gpu_load': 0.01}
    [Client 8] Round 11 - Sending updated weights to server...
    [Client 4] System Stats: {'client_rank': 4, 'round': 11, 'timestamp': '2025-07-25 11:09:11', 'cpu_time': 1194154.46, 'cpu_freq_mhz': 2100.0011875, 'ram_used_mb': 4148.002816, 'net_sent_bytes': 73991308159, 'net_recv_bytes': 154565289824, 'gpu_mem_used_mb': 31479.0, 'gpu_load': 0.01}
    [Client 4] Round 11 - Sending updated weights to server...
Received weights from client 4
Waiting for model weights from client 5...
    [Client 1] Round 12 - Waiting for global weights...
    [Client 2] Round 12 - Waiting for global weights...
    [Client 3] Round 12 - Waiting for global weights...
    [Client 10] System Stats: {'client_rank': 10, 'round': 11, 'timestamp': '2025-07-25 11:09:11', 'cpu_time': 928794.26, 'cpu_freq_mhz': 2100.004125, 'ram_used_mb': 4138.590208, 'net_sent_bytes': 25973676523, 'net_recv_bytes': 247309771425, 'gpu_mem_used_mb': 31479.0, 'gpu_load': 0.01}
    [Client 10] Round 11 - Sending updated weights to server...
    [Client 5] System Stats: {'client_rank': 5, 'round': 11, 'timestamp': '2025-07-25 11:09:12', 'cpu_time': 993103.9199999999, 'cpu_freq_mhz': 2100.0006875, 'ram_used_mb': 4152.205312, 'net_sent_bytes': 34959440352, 'net_recv_bytes': 541183725345, 'gpu_mem_used_mb': 31479.0, 'gpu_load': 0.0}
    [Client 5] Round 11 - Sending updated weights to server...
Received weights from client 5
Waiting for model weights from client 6...
    [Client 4] Round 12 - Waiting for global weights...
    [Client 5] Round 12 - Waiting for global weights...
    [Client 6] System Stats: {'client_rank': 6, 'round': 11, 'timestamp': '2025-07-25 11:09:12', 'cpu_time': 918828.5900000001, 'cpu_freq_mhz': 2100.0004062499997, 'ram_used_mb': 4155.551744, 'net_sent_bytes': 32873012630, 'net_recv_bytes': 1155679279999, 'gpu_mem_used_mb': 31479.0, 'gpu_load': 0.01}
    [Client 6] Round 11 - Sending updated weights to server...
Received weights from client 6
Waiting for model weights from client 7...
Received weights from client 7
Waiting for model weights from client 8...
Received weights from client 8
Waiting for model weights from client 9...
Received weights from client 9
Waiting for model weights from client 10...
Received weights from client 10
Received system metrics from client 1: {'client_rank': 1, 'round': 11, 'timestamp': '2025-07-25 11:09:11', 'cpu_time': 1094022.48, 'cpu_freq_mhz': 2080.0871562499997, 'ram_used_mb': 4151.078912, 'net_sent_bytes': 12295509271, 'net_recv_bytes': 56138130680, 'gpu_mem_used_mb': 31479.0, 'gpu_load': 0.01}
Received system metrics from client 2: {'client_rank': 2, 'round': 11, 'timestamp': '2025-07-25 11:09:11', 'cpu_time': 162238.32, 'cpu_freq_mhz': 2100.00034375, 'ram_used_mb': 4157.288448, 'net_sent_bytes': 1686666159, 'net_recv_bytes': 11773227720, 'gpu_mem_used_mb': 31479.0, 'gpu_load': 0.01}
Received system metrics from client 3: {'client_rank': 3, 'round': 11, 'timestamp': '2025-07-25 11:09:11', 'cpu_time': 1069610.4000000001, 'cpu_freq_mhz': 2083.029375, 'ram_used_mb': 4148.207616, 'net_sent_bytes': 35499848581, 'net_recv_bytes': 241634150121, 'gpu_mem_used_mb': 31479.0, 'gpu_load': 0.0}
Received system metrics from client 4: {'client_rank': 4, 'round': 11, 'timestamp': '2025-07-25 11:09:11', 'cpu_time': 1194154.46, 'cpu_freq_mhz': 2100.0011875, 'ram_used_mb': 4148.002816, 'net_sent_bytes': 73991308159, 'net_recv_bytes': 154565289824, 'gpu_mem_used_mb': 31479.0, 'gpu_load': 0.01}
Received system metrics from client 5: {'client_rank': 5, 'round': 11, 'timestamp': '2025-07-25 11:09:12', 'cpu_time': 993103.9199999999, 'cpu_freq_mhz': 2100.0006875, 'ram_used_mb': 4152.205312, 'net_sent_bytes': 34959440352, 'net_recv_bytes': 541183725345, 'gpu_mem_used_mb': 31479.0, 'gpu_load': 0.0}
Received system metrics from client 6: {'client_rank': 6, 'round': 11, 'timestamp': '2025-07-25 11:09:12', 'cpu_time': 918828.5900000001, 'cpu_freq_mhz': 2100.0004062499997, 'ram_used_mb': 4155.551744, 'net_sent_bytes': 32873012630, 'net_recv_bytes': 1155679279999, 'gpu_mem_used_mb': 31479.0, 'gpu_load': 0.01}
Received system metrics from client 7: {'client_rank': 7, 'round': 11, 'timestamp': '2025-07-25 11:09:11', 'cpu_time': 775240.0, 'cpu_freq_mhz': 2086.145875, 'ram_used_mb': 4150.525952, 'net_sent_bytes': 33665012285, 'net_recv_bytes': 880916553570, 'gpu_mem_used_mb': 31479.0, 'gpu_load': 0.01}
Received system metrics from client 8: {'client_rank': 8, 'round': 11, 'timestamp': '2025-07-25 11:09:11', 'cpu_time': 1037203.4900000001, 'cpu_freq_mhz': 2100.0003125000003, 'ram_used_mb': 4152.97536, 'net_sent_bytes': 34702730271, 'net_recv_bytes': 245535251127, 'gpu_mem_used_mb': 31479.0, 'gpu_load': 0.01}
Received system metrics from client 9: {'client_rank': 9, 'round': 11, 'timestamp': '2025-07-25 11:09:11', 'cpu_time': 1113574.19, 'cpu_freq_mhz': 2068.78328125, 'ram_used_mb': 4149.395456, 'net_sent_bytes': 24544111457, 'net_recv_bytes': 576142661358, 'gpu_mem_used_mb': 31479.0, 'gpu_load': 0.0}
Received system metrics from client 10: {'client_rank': 10, 'round': 11, 'timestamp': '2025-07-25 11:09:11', 'cpu_time': 928794.26, 'cpu_freq_mhz': 2100.004125, 'ram_used_mb': 4138.590208, 'net_sent_bytes': 25973676523, 'net_recv_bytes': 247309771425, 'gpu_mem_used_mb': 31479.0, 'gpu_load': 0.01}
Averaging model weights...
Evaluating updated global model on test set...
    [Client 7] Round 12 - Waiting for global weights...
    [Client 8] Round 12 - Waiting for global weights...
    [Client 10] Round 12 - Waiting for global weights...
    [Client 9] Round 12 - Waiting for global weights...
    [Client 6] Round 12 - Waiting for global weights...
Round 11 Evaluation - Accuracy: 0.6966, Loss: 0.8625

===== Round 12 =====
Broadcasting global model to all clients...
Waiting for model weights from client 1...
    [Client 3] Round 12 - Training on local data...
    [Client 4] Round 12 - Training on local data...
    [Client 1] Round 12 - Training on local data...
    [Client 10] Round 12 - Training on local data...
    [Client 7] Round 12 - Training on local data...
    [Client 5] Round 12 - Training on local data...
    [Client 8] Round 12 - Training on local data...
    [Client 9] Round 12 - Training on local data...
    [Client 6] Round 12 - Training on local data...
