    [Client 7] Initializing...
    [Client 7] Starting on host: ng10602
    [Client 33] Initializing...
    [Client 33] Starting on host: ng20202
    [Client 11] Initializing...
    [Client 11] Starting on host: ng10610
    [Client 9] Initializing...
    [Client 9] Starting on host: ng10606
    [Client 23] Initializing...
    [Client 23] Starting on host: ng10808
    [Client 25] Initializing...
    [Client 25] Starting on host: ng11002
    [Client 5] Initializing...
    [Client 5] Starting on host: ng10503
    [Client 29] Initializing...
    [Client 29] Starting on host: ng11006
    [Client 17] Initializing...
    [Client 17] Starting on host: ng10709
    [Client 3] Initializing...
    [Client 3] Starting on host: ng10501
    [Client 43] Initializing...
    [Client 43] Starting on host: ng30711
    [Client 34] Initializing...
    [Client 34] Starting on host: ng30701
    [Client 14] Initializing...
    [Client 14] Starting on host: ng10703
    [Client 20] Initializing...
    [Client 20] Starting on host: ng10804
    [Client 38] Initializing...
    [Client 38] Starting on host: ng30705
    [Client 36] Initializing...
    [Client 36] Starting on host: ng30703
    [Client 31] Initializing...
    [Client 31] Starting on host: ng11103
    [Client 27] Initializing...
    [Client 27] Starting on host: ng11004
    [Client 40] Initializing...
    [Client 40] Starting on host: ng30707
    [Client 2] Initializing...
    [Client 2] Starting on host: ng10204
    [Client 46] Initializing...
    [Client 46] Starting on host: ng31006
    [Client 48] Initializing...
    [Client 48] Starting on host: ng31303
    [Client 50] Initializing...
    [Client 50] Starting on host: ng31305
    [Client 12] Initializing...
    [Client 12] Starting on host: ng10701
    [Client 41] Initializing...
    [Client 41] Starting on host: ng30709
    [Client 18] Initializing...
    [Client 18] Starting on host: ng10710
    [Client 13] Initializing...
    [Client 13] Starting on host: ng10702
    [Client 32] Initializing...
    [Client 32] Starting on host: ng20102
    [Client 1] Initializing...
    [Client 1] Starting on host: ng10203
    [Client 30] Initializing...
    [Client 30] Starting on host: ng11102
    [Client 22] Initializing...
    [Client 22] Starting on host: ng10807
    [Client 45] Initializing...
    [Client 45] Starting on host: ng31001
    [Client 39] Initializing...
    [Client 39] Starting on host: ng30706
    [Client 26] Initializing...
    [Client 26] Starting on host: ng11003
    [Client 10] Initializing...
    [Client 10] Starting on host: ng10607
    [Client 21] Initializing...
    [Client 21] Starting on host: ng10805
    [Client 49] Initializing...
    [Client 49] Starting on host: ng31304
    [Client 19] Initializing...
    [Client 19] Starting on host: ng10803
    [Client 37] Initializing...
    [Client 37] Starting on host: ng30704
    [Client 35] Initializing...
    [Client 35] Starting on host: ng30702
    [Client 8] Initializing...
    [Client 8] Starting on host: ng10605
    [Client 4] Initializing...
    [Client 4] Starting on host: ng10502
    [Client 24] Initializing...
    [Client 24] Starting on host: ng10904
    [Client 28] Initializing...
    [Client 28] Starting on host: ng11005
    [Client 44] Initializing...
    [Client 44] Starting on host: ng30712
    [Client 47] Initializing...
    [Client 47] Starting on host: ng31102
    [Client 42] Initializing...
    [Client 42] Starting on host: ng30710
    [Client 6] Initializing...
    [Client 6] Starting on host: ng10601
Loading data from .npy files...
Training set: (50000, 32, 32, 3), Labels: (50000, 1)
Test set:     (10000, 32, 32, 3), Labels: (10000, 1)
[Client 1] Generated proportions: [2.07321966e-02 1.13451819e-02 3.85066330e-03 1.26250252e-02
 3.00726662e-03 1.81854069e-03 8.84731365e-02 6.00062398e-03
 4.43820247e-03 2.31790771e-02 7.53749331e-02 3.96666913e-06
 2.96320367e-03 4.19324674e-03 1.52076701e-02 1.03808300e-04
 4.26270482e-02 2.10589422e-02 4.18087369e-03 1.62559349e-02
 2.04478907e-02 1.22295569e-02 4.03635912e-03 1.23767645e-03
 3.50018757e-03 5.57757358e-03 1.32254259e-02 9.38758271e-04
 1.88876691e-04 4.66244378e-02 8.60387311e-03 6.64602926e-03
 1.80859359e-04 9.81172557e-02 1.06597340e-03 1.30173281e-02
 1.58506271e-02 4.48356799e-02 4.00264693e-11 1.16680043e-03
 1.39970791e-02 5.85672936e-02 1.06614023e-03 9.81208277e-02
 9.92140566e-02 7.52491242e-03 2.21419307e-02 2.76565111e-02
 1.00278163e-02 6.75272094e-03]
[Client 1] Assigned 1036 samples (from 0 to 1036)
Loading data from .npy files...
Training set: (50000, 32, 32, 3), Labels: (50000, 1)
Test set:     (10000, 32, 32, 3), Labels: (10000, 1)
[Client 12] Assigned 0 samples (from 12542 to 12542)
Loading data from .npy files...
Training set: (50000, 32, 32, 3), Labels: (50000, 1)
Test set:     (10000, 32, 32, 3), Labels: (10000, 1)
[Client 39] Assigned 0 samples (from 32688 to 32688)
Loading data from .npy files...
Training set: (50000, 32, 32, 3), Labels: (50000, 1)
Test set:     (10000, 32, 32, 3), Labels: (10000, 1)
[Client 29] Assigned 10 samples (from 20931 to 20941)
Loading data from .npy files...
Training set: (50000, 32, 32, 3), Labels: (50000, 1)
Test set:     (10000, 32, 32, 3), Labels: (10000, 1)
[Client 33] Assigned 9 samples (from 24034 to 24043)
Loading data from .npy files...
Training set: (50000, 32, 32, 3), Labels: (50000, 1)
Test set:     (10000, 32, 32, 3), Labels: (10000, 1)
[Client 43] Assigned 54 samples (from 36374 to 36428)
Loading data from .npy files...
Training set: (50000, 32, 32, 3), Labels: (50000, 1)
Test set:     (10000, 32, 32, 3), Labels: (10000, 1)
[Client 35] Assigned 54 samples (from 28949 to 29003)
Loading data from .npy files...
Training set: (50000, 32, 32, 3), Labels: (50000, 1)
Test set:     (10000, 32, 32, 3), Labels: (10000, 1)
[Client 28] Assigned 47 samples (from 20884 to 20931)
Loading data from .npy files...
Training set: (50000, 32, 32, 3), Labels: (50000, 1)
Test set:     (10000, 32, 32, 3), Labels: (10000, 1)
[Client 40] Assigned 58 samples (from 32688 to 32746)
Loading data from .npy files...
Training set: (50000, 32, 32, 3), Labels: (50000, 1)
Test set:     (10000, 32, 32, 3), Labels: (10000, 1)
[Client 6] Assigned 90 samples (from 2578 to 2668)
Loading data from .npy files...
Training set: (50000, 32, 32, 3), Labels: (50000, 1)
Test set:     (10000, 32, 32, 3), Labels: (10000, 1)
[Client 5] Assigned 151 samples (from 2427 to 2578)
Loading data from .npy files...
Training set: (50000, 32, 32, 3), Labels: (50000, 1)
Test set:     (10000, 32, 32, 3), Labels: (10000, 1)
[Client 3] Assigned 193 samples (from 1603 to 1796)
Loading data from .npy files...
Training set: (50000, 32, 32, 3), Labels: (50000, 1)
Test set:     (10000, 32, 32, 3), Labels: (10000, 1)
[Client 25] Assigned 175 samples (from 19769 to 19944)
Loading data from .npy files...
Training set: (50000, 32, 32, 3), Labels: (50000, 1)
Test set:     (10000, 32, 32, 3), Labels: (10000, 1)
[Client 2] Assigned 567 samples (from 1036 to 1603)
Loading data from .npy files...
Training set: (50000, 32, 32, 3), Labels: (50000, 1)
Test set:     (10000, 32, 32, 3), Labels: (10000, 1)
[Client 23] Assigned 202 samples (from 19505 to 19707)
Loading data from .npy files...
Training set: (50000, 32, 32, 3), Labels: (50000, 1)
Test set:     (10000, 32, 32, 3), Labels: (10000, 1)
[Client 14] Assigned 210 samples (from 12690 to 12900)
Loading data from .npy files...
Training set: (50000, 32, 32, 3), Labels: (50000, 1)
Test set:     (10000, 32, 32, 3), Labels: (10000, 1)
[Client 9] Assigned 222 samples (from 7392 to 7614)
Loading data from .npy files...
Training set: (50000, 32, 32, 3), Labels: (50000, 1)
Test set:     (10000, 32, 32, 3), Labels: (10000, 1)
[Client 50] Assigned 338 samples (from 49662 to 50000)
Loading data from .npy files...
Training set: (50000, 32, 32, 3), Labels: (50000, 1)
Test set:     (10000, 32, 32, 3), Labels: (10000, 1)
[Client 36] Assigned 650 samples (from 29003 to 29653)
Loading data from .npy files...
Training set: (50000, 32, 32, 3), Labels: (50000, 1)
Test set:     (10000, 32, 32, 3), Labels: (10000, 1)
[Client 41] Assigned 700 samples (from 32746 to 33446)
Loading data from .npy files...
Training set: (50000, 32, 32, 3), Labels: (50000, 1)
Test set:     (10000, 32, 32, 3), Labels: (10000, 1)
[Client 46] Assigned 377 samples (from 46294 to 46671)
Loading data from .npy files...
Training set: (50000, 32, 32, 3), Labels: (50000, 1)
Test set:     (10000, 32, 32, 3), Labels: (10000, 1)
[Client 24] Assigned 62 samples (from 19707 to 19769)
Loading data from .npy files...
Training set: (50000, 32, 32, 3), Labels: (50000, 1)
Test set:     (10000, 32, 32, 3), Labels: (10000, 1)
[Client 20] Assigned 812 samples (from 17059 to 17871)
Loading data from .npy files...
Training set: (50000, 32, 32, 3), Labels: (50000, 1)
Test set:     (10000, 32, 32, 3), Labels: (10000, 1)
[Client 13] Assigned 148 samples (from 12542 to 12690)
Loading data from .npy files...
Training set: (50000, 32, 32, 3), Labels: (50000, 1)
Test set:     (10000, 32, 32, 3), Labels: (10000, 1)
[Client 27] Assigned 661 samples (from 20223 to 20884)
Loading data from .npy files...
Training set: (50000, 32, 32, 3), Labels: (50000, 1)
Test set:     (10000, 32, 32, 3), Labels: (10000, 1)
[Client 7] Assigned 4424 samples (from 2668 to 7092)
Loading data from .npy files...
Training set: (50000, 32, 32, 3), Labels: (50000, 1)
Test set:     (10000, 32, 32, 3), Labels: (10000, 1)
[Client 19] Assigned 209 samples (from 16850 to 17059)
Loading data from .npy files...
Training set: (50000, 32, 32, 3), Labels: (50000, 1)
Test set:     (10000, 32, 32, 3), Labels: (10000, 1)
[Client 11] Assigned 3769 samples (from 8773 to 12542)
Loading data from .npy files...
Training set: (50000, 32, 32, 3), Labels: (50000, 1)
Test set:     (10000, 32, 32, 3), Labels: (10000, 1)
[Client 38] Assigned 2242 samples (from 30446 to 32688)
Loading data from .npy files...
Training set: (50000, 32, 32, 3), Labels: (50000, 1)
Test set:     (10000, 32, 32, 3), Labels: (10000, 1)
[Client 17] Assigned 2132 samples (from 13665 to 15797)
=== Federated Server Started ===
Total processes: 51 (1 server + 50 clients)

Loading data from .npy files...
Training set: (50000, 32, 32, 3), Labels: (50000, 1)
Test set:     (10000, 32, 32, 3), Labels: (10000, 1)
[Client 26] Assigned 279 samples (from 19944 to 20223)
Loading data from .npy files...
Training set: (50000, 32, 32, 3), Labels: (50000, 1)
Test set:     (10000, 32, 32, 3), Labels: (10000, 1)
[Client 34] Assigned 4906 samples (from 24043 to 28949)
Loading data from .npy files...
Training set: (50000, 32, 32, 3), Labels: (50000, 1)
Test set:     (10000, 32, 32, 3), Labels: (10000, 1)
[Client 4] Assigned 631 samples (from 1796 to 2427)
Loading data from .npy files...
Training set: (50000, 32, 32, 3), Labels: (50000, 1)
Test set:     (10000, 32, 32, 3), Labels: (10000, 1)
[Client 49] Assigned 502 samples (from 49160 to 49662)
Loading data from .npy files...
Training set: (50000, 32, 32, 3), Labels: (50000, 1)
Test set:     (10000, 32, 32, 3), Labels: (10000, 1)
[Client 8] Assigned 300 samples (from 7092 to 7392)
Loading data from .npy files...
Training set: (50000, 32, 32, 3), Labels: (50000, 1)
Test set:     (10000, 32, 32, 3), Labels: (10000, 1)
[Client 10] Assigned 1159 samples (from 7614 to 8773)
Loading data from .npy files...
Training set: (50000, 32, 32, 3), Labels: (50000, 1)
Test set:     (10000, 32, 32, 3), Labels: (10000, 1)
[Client 18] Assigned 1053 samples (from 15797 to 16850)
Loading data from .npy files...
Training set: (50000, 32, 32, 3), Labels: (50000, 1)
Test set:     (10000, 32, 32, 3), Labels: (10000, 1)
[Client 22] Assigned 611 samples (from 18894 to 19505)
Loading data from .npy files...
Training set: (50000, 32, 32, 3), Labels: (50000, 1)
Test set:     (10000, 32, 32, 3), Labels: (10000, 1)
[Client 37] Assigned 793 samples (from 29653 to 30446)
Loading data from .npy files...
Training set: (50000, 32, 32, 3), Labels: (50000, 1)
Test set:     (10000, 32, 32, 3), Labels: (10000, 1)
[Client 21] Assigned 1023 samples (from 17871 to 18894)
    [Client 12] Round 1 - Waiting for global weights...
    [Client 39] Round 1 - Waiting for global weights...
    [Client 29] Round 1 - Waiting for global weights...
    [Client 1] Round 1 - Waiting for global weights...
    [Client 33] Round 1 - Waiting for global weights...
Loading data from .npy files...
Training set: (50000, 32, 32, 3), Labels: (50000, 1)
Test set:     (10000, 32, 32, 3), Labels: (10000, 1)
[Client 30] Assigned 2331 samples (from 20941 to 23272)
    [Client 43] Round 1 - Waiting for global weights...
    [Client 35] Round 1 - Waiting for global weights...
    [Client 28] Round 1 - Waiting for global weights...
    [Client 40] Round 1 - Waiting for global weights...
    [Client 5] Round 1 - Waiting for global weights...
Loading data from .npy files...
Training set: (50000, 32, 32, 3), Labels: (50000, 1)
Test set:     (10000, 32, 32, 3), Labels: (10000, 1)
[Client 42] Assigned 2928 samples (from 33446 to 36374)
    [Client 23] Round 1 - Waiting for global weights...
    [Client 14] Round 1 - Waiting for global weights...
    [Client 36] Round 1 - Waiting for global weights...
    [Client 25] Round 1 - Waiting for global weights...
    [Client 9] Round 1 - Waiting for global weights...
Loading data from .npy files...
Training set: (50000, 32, 32, 3), Labels: (50000, 1)
Test set:     (10000, 32, 32, 3), Labels: (10000, 1)
[Client 44] Assigned 4906 samples (from 36428 to 41334)
Loading data from .npy files...
Training set: (50000, 32, 32, 3), Labels: (50000, 1)
Test set:     (10000, 32, 32, 3), Labels: (10000, 1)
[Client 45] Assigned 4960 samples (from 41334 to 46294)
    [Client 2] Round 1 - Waiting for global weights...
    [Client 3] Round 1 - Waiting for global weights...
    [Client 41] Round 1 - Waiting for global weights...
    [Client 46] Round 1 - Waiting for global weights...
    [Client 13] Round 1 - Waiting for global weights...
    [Client 19] Round 1 - Waiting for global weights...
    [Client 7] Round 1 - Waiting for global weights...
    [Client 20] Round 1 - Waiting for global weights...
    [Client 27] Round 1 - Waiting for global weights...
    [Client 11] Round 1 - Waiting for global weights...
    [Client 17] Round 1 - Waiting for global weights...
    [Client 38] Round 1 - Waiting for global weights...
    [Client 26] Round 1 - Waiting for global weights...
    [Client 34] Round 1 - Waiting for global weights...
    [Client 50] Round 1 - Waiting for global weights...
    [Client 18] Round 1 - Waiting for global weights...
    [Client 22] Round 1 - Waiting for global weights...
    [Client 37] Round 1 - Waiting for global weights...
    [Client 10] Round 1 - Waiting for global weights...
    [Client 4] Round 1 - Waiting for global weights...
    [Client 8] Round 1 - Waiting for global weights...
    [Client 49] Round 1 - Waiting for global weights...
    [Client 21] Round 1 - Waiting for global weights...
    [Client 24] Round 1 - Waiting for global weights...
    [Client 6] Round 1 - Waiting for global weights...
    [Client 30] Round 1 - Waiting for global weights...
    [Client 42] Round 1 - Waiting for global weights...
    [Client 44] Round 1 - Waiting for global weights...
    [Client 45] Round 1 - Waiting for global weights...
Loading data from .npy files...
Training set: (50000, 32, 32, 3), Labels: (50000, 10)
Test set:     (10000, 32, 32, 3), Labels: (10000, 10)

===== Round 1 =====
Broadcasting global model to all clients...
    [Client 2] Round 1 - Training on local data...
    [Client 1] Round 1 - Training on local data...
    [Client 3] Round 1 - Training on local data...
    [Client 9] Round 1 - Training on local data...
    [Client 10] Round 1 - Training on local data...
    [Client 8] Round 1 - Training on local data...
    [Client 11] Round 1 - Training on local data...
    [Client 4] Round 1 - Training on local data...
    [Client 6] Round 1 - Training on local data...
    [Client 7] Round 1 - Training on local data...
    [Client 5] Round 1 - Training on local data...
    [Client 13] Round 1 - Training on local data...
    [Client 14] Round 1 - Training on local data...
    [Client 3] System Stats: {'cpu_time': 71.15000000037253, 'ram_used_mb': 2842.607616, 'net_sent_bytes': 1738, 'net_recv_bytes': 42539, 'gpu_mem_used_mb': 38937.0, 'gpu_load': 0.0, 'client_rank': 3, 'round': 1, 'timestamp': '2025-08-04 09:26:17'}
    [Client 10] System Stats: {'cpu_time': 45.55000000074506, 'ram_used_mb': 2861.154304, 'net_sent_bytes': 48165, 'net_recv_bytes': 71438, 'gpu_mem_used_mb': 38937.0, 'gpu_load': 0.0, 'client_rank': 10, 'round': 1, 'timestamp': '2025-08-04 09:26:18'}
    [Client 8] System Stats: {'cpu_time': 54.169999999925494, 'ram_used_mb': 2828.06272, 'net_sent_bytes': 5275, 'net_recv_bytes': 48248, 'gpu_mem_used_mb': 38937.0, 'gpu_load': 0.0, 'client_rank': 8, 'round': 1, 'timestamp': '2025-08-04 09:26:18'}
    [Client 9] System Stats: {'cpu_time': 47.619999999180436, 'ram_used_mb': 2796.695552, 'net_sent_bytes': 1502, 'net_recv_bytes': 46379, 'gpu_mem_used_mb': 38937.0, 'gpu_load': 0.0, 'client_rank': 9, 'round': 1, 'timestamp': '2025-08-04 09:26:18'}
    [Client 1] System Stats: {'cpu_time': 163.75, 'ram_used_mb': 2853.953536, 'net_sent_bytes': 71487, 'net_recv_bytes': 106569, 'gpu_mem_used_mb': 38937.0, 'gpu_load': 0.0, 'client_rank': 1, 'round': 1, 'timestamp': '2025-08-04 09:26:18'}
    [Client 4] System Stats: {'cpu_time': 102.6699999999255, 'ram_used_mb': 2847.17056, 'net_sent_bytes': 42460, 'net_recv_bytes': 65370, 'gpu_mem_used_mb': 38937.0, 'gpu_load': 0.0, 'client_rank': 4, 'round': 1, 'timestamp': '2025-08-04 09:26:18'}
    [Client 13] System Stats: {'cpu_time': 27.07999999821186, 'ram_used_mb': 2793.713664, 'net_sent_bytes': 25257, 'net_recv_bytes': 60975, 'gpu_mem_used_mb': 38937.0, 'gpu_load': 0.0, 'client_rank': 13, 'round': 1, 'timestamp': '2025-08-04 09:26:18'}
    [Client 11] System Stats: {'cpu_time': 28.570000000298023, 'ram_used_mb': 2889.150464, 'net_sent_bytes': 64464, 'net_recv_bytes': 76899, 'gpu_mem_used_mb': 38937.0, 'gpu_load': 0.0, 'client_rank': 11, 'round': 1, 'timestamp': '2025-08-04 09:26:18'}
    [Client 7] System Stats: {'cpu_time': 45.39000000059605, 'ram_used_mb': 2866.675712, 'net_sent_bytes': 260719, 'net_recv_bytes': 265079, 'gpu_mem_used_mb': 38937.0, 'gpu_load': 0.0, 'client_rank': 7, 'round': 1, 'timestamp': '2025-08-04 09:26:18'}
    [Client 2] System Stats: {'cpu_time': 159.59000000357628, 'ram_used_mb': 2844.454912, 'net_sent_bytes': 1896, 'net_recv_bytes': 51617, 'gpu_mem_used_mb': 38937.0, 'gpu_load': 0.0, 'client_rank': 2, 'round': 1, 'timestamp': '2025-08-04 09:26:18'}
    [Client 5] System Stats: {'cpu_time': 19.259999999776483, 'ram_used_mb': 2794.377216, 'net_sent_bytes': 4063, 'net_recv_bytes': 47475, 'gpu_mem_used_mb': 38937.0, 'gpu_load': 0.01, 'client_rank': 5, 'round': 1, 'timestamp': '2025-08-04 09:26:18'}
    [Client 3] Statistical Utility: {'client_rank': 3, 'round': 1, 'data_size': 193, 'data_variance': 0.06324220448732376, 'local_loss': 3.7494213581085205, 'local_accuracy': 8.808290213346481}
    [Client 3] Round 1 - Sending updated weights to server...
    [Client 10] Statistical Utility: {'client_rank': 10, 'round': 1, 'data_size': 1159, 'data_variance': 0.06460206210613251, 'local_loss': 2.317610263824463, 'local_accuracy': 16.997411847114563}
    [Client 10] Round 1 - Sending updated weights to server...
    [Client 9] Statistical Utility: {'client_rank': 9, 'round': 1, 'data_size': 222, 'data_variance': 0.06440037488937378, 'local_loss': 2.4807584285736084, 'local_accuracy': 9.459459781646729}
    [Client 8] Statistical Utility: {'client_rank': 8, 'round': 1, 'data_size': 300, 'data_variance': 0.06496948003768921, 'local_loss': 2.346613883972168, 'local_accuracy': 13.333334028720856}
    [Client 9] Round 1 - Sending updated weights to server...
    [Client 8] Round 1 - Sending updated weights to server...
    [Client 1] Statistical Utility: {'client_rank': 1, 'round': 1, 'data_size': 1036, 'data_variance': 0.06285252422094345, 'local_loss': 2.4119584560394287, 'local_accuracy': 10.71428582072258}
    [Client 1] Round 1 - Sending updated weights to server...
    [Client 4] Statistical Utility: {'client_rank': 4, 'round': 1, 'data_size': 631, 'data_variance': 0.06230689212679863, 'local_loss': 2.5001511573791504, 'local_accuracy': 9.984152019023895}
    [Client 4] Round 1 - Sending updated weights to server...
    [Client 13] Statistical Utility: {'client_rank': 13, 'round': 1, 'data_size': 148, 'data_variance': 0.060754742473363876, 'local_loss': 2.9054200649261475, 'local_accuracy': 10.810811072587967}
    [Client 13] Round 1 - Sending updated weights to server...
    [Client 2] Statistical Utility: {'client_rank': 2, 'round': 1, 'data_size': 567, 'data_variance': 0.0628812313079834, 'local_loss': 2.281949996948242, 'local_accuracy': 11.640211939811707}
    [Client 2] Round 1 - Sending updated weights to server...
    [Client 5] Statistical Utility: {'client_rank': 5, 'round': 1, 'data_size': 151, 'data_variance': 0.06262253224849701, 'local_loss': 2.466351270675659, 'local_accuracy': 9.933774918317795}
    [Client 5] Round 1 - Sending updated weights to server...
    [Client 11] Statistical Utility: {'client_rank': 11, 'round': 1, 'data_size': 3769, 'data_variance': 0.06272221356630325, 'local_loss': 2.6597886085510254, 'local_accuracy': 18.413372337818146}
    [Client 11] Round 1 - Sending updated weights to server...
    [Client 7] Statistical Utility: {'client_rank': 7, 'round': 1, 'data_size': 4424, 'data_variance': 0.06420613080263138, 'local_loss': 2.3790669441223145, 'local_accuracy': 20.14014422893524}
    [Client 7] Round 1 - Sending updated weights to server...
    [Client 6] System Stats: {'cpu_time': 305.8500000014901, 'ram_used_mb': 2819.432448, 'net_sent_bytes': 209013, 'net_recv_bytes': 49689071, 'gpu_mem_used_mb': 38937.0, 'gpu_load': 0.01, 'client_rank': 6, 'round': 1, 'timestamp': '2025-08-04 09:26:21'}
    [Client 14] System Stats: {'cpu_time': 58.23999999999069, 'ram_used_mb': 2821.963776, 'net_sent_bytes': 711409, 'net_recv_bytes': 179973634, 'gpu_mem_used_mb': 38937.0, 'gpu_load': 0.0, 'client_rank': 14, 'round': 1, 'timestamp': '2025-08-04 09:26:21'}
    [Client 15] Initializing...
    [Client 15] Starting on host: ng10705
Loading data from .npy files...
Training set: (50000, 32, 32, 3), Labels: (50000, 1)
Test set:     (10000, 32, 32, 3), Labels: (10000, 1)
[Client 31] Assigned 430 samples (from 23272 to 23702)
Loading data from .npy files...
Training set: (50000, 32, 32, 3), Labels: (50000, 1)
Test set:     (10000, 32, 32, 3), Labels: (10000, 1)
[Client 15] Assigned 760 samples (from 12900 to 13660)
Loading data from .npy files...
Training set: (50000, 32, 32, 3), Labels: (50000, 1)
Test set:     (10000, 32, 32, 3), Labels: (10000, 1)
[Client 47] Assigned 1107 samples (from 46671 to 47778)
    [Client 6] Statistical Utility: {'client_rank': 6, 'round': 1, 'data_size': 90, 'data_variance': 0.06675214320421219, 'local_loss': 2.6866445541381836, 'local_accuracy': 14.444445073604584}
    [Client 6] Round 1 - Sending updated weights to server...
    [Client 14] Statistical Utility: {'client_rank': 14, 'round': 1, 'data_size': 210, 'data_variance': 0.06161591038107872, 'local_loss': 2.7632012367248535, 'local_accuracy': 11.428571492433548}
    [Client 14] Round 1 - Sending updated weights to server...
    [Client 31] Round 1 - Waiting for global weights...
    [Client 47] Round 1 - Waiting for global weights...
    [Client 15] Round 1 - Waiting for global weights...
    [Client 15] Round 1 - Training on local data...
    [Client 12] Round 1 - Training on local data...
    [Client 12] System Stats: {'cpu_time': 36.010000000707805, 'ram_used_mb': 2207.45728, 'net_sent_bytes': 15829, 'net_recv_bytes': 28193, 'gpu_mem_used_mb': 38911.0, 'gpu_load': 0.0, 'client_rank': 12, 'round': 1, 'timestamp': '2025-08-04 09:26:30'}
    [Client 15] System Stats: {'cpu_time': 96.85999999940395, 'ram_used_mb': 2848.210944, 'net_sent_bytes': 88621, 'net_recv_bytes': 3103816, 'gpu_mem_used_mb': 38937.0, 'gpu_load': 0.0, 'client_rank': 15, 'round': 1, 'timestamp': '2025-08-04 09:26:41'}
    [Client 15] Statistical Utility: {'client_rank': 15, 'round': 1, 'data_size': 760, 'data_variance': 0.06447447836399078, 'local_loss': 2.205029249191284, 'local_accuracy': 15.000000596046448}
    [Client 15] Round 1 - Sending updated weights to server...
    [Client 16] Initializing...
    [Client 16] Starting on host: ng10706
Loading data from .npy files...
Training set: (50000, 32, 32, 3), Labels: (50000, 1)
Test set:     (10000, 32, 32, 3), Labels: (10000, 1)
[Client 32] Assigned 332 samples (from 23702 to 24034)
Loading data from .npy files...
Training set: (50000, 32, 32, 3), Labels: (50000, 1)
Test set:     (10000, 32, 32, 3), Labels: (10000, 1)
[Client 16] Assigned 5 samples (from 13660 to 13665)
Loading data from .npy files...
Training set: (50000, 32, 32, 3), Labels: (50000, 1)
Test set:     (10000, 32, 32, 3), Labels: (10000, 1)
[Client 48] Assigned 1382 samples (from 47778 to 49160)
    [Client 32] Round 1 - Waiting for global weights...
    [Client 32] Round 1 - Training on local data...
    [Client 33] Round 1 - Training on local data...
    [Client 34] Round 1 - Training on local data...
    [Client 35] Round 1 - Training on local data...
    [Client 41] Round 1 - Training on local data...
    [Client 37] Round 1 - Training on local data...
    [Client 42] Round 1 - Training on local data...
    [Client 36] Round 1 - Training on local data...
    [Client 45] Round 1 - Training on local data...
    [Client 39] Round 1 - Training on local data...
    [Client 38] Round 1 - Training on local data...
    [Client 40] Round 1 - Training on local data...
    [Client 46] Round 1 - Training on local data...
    [Client 47] Round 1 - Training on local data...
    [Client 44] Round 1 - Training on local data...
    [Client 43] Round 1 - Training on local data...
    [Client 48] Round 1 - Waiting for global weights...
    [Client 39] System Stats: {'cpu_time': 10.259999999776483, 'ram_used_mb': 2191.736832, 'net_sent_bytes': 272, 'net_recv_bytes': 9026, 'gpu_mem_used_mb': 38911.0, 'gpu_load': 0.0, 'client_rank': 39, 'round': 1, 'timestamp': '2025-08-04 09:28:34'}
    [Client 33] System Stats: {'cpu_time': 144.4400000013411, 'ram_used_mb': 2740.056064, 'net_sent_bytes': 19130, 'net_recv_bytes': 3223662, 'gpu_mem_used_mb': 38937.0, 'gpu_load': 0.0, 'client_rank': 33, 'round': 1, 'timestamp': '2025-08-04 09:28:39'}
    [Client 45] System Stats: {'cpu_time': 120.24000000022352, 'ram_used_mb': 2801.11104, 'net_sent_bytes': 46663, 'net_recv_bytes': 79242, 'gpu_mem_used_mb': 38937.0, 'gpu_load': 0.34, 'client_rank': 45, 'round': 1, 'timestamp': '2025-08-04 09:28:40'}
    [Client 33] Statistical Utility: {'client_rank': 33, 'round': 1, 'data_size': 9, 'data_variance': 0.03573913872241974, 'local_loss': 2.445629835128784, 'local_accuracy': 11.11111119389534}
    [Client 33] Round 1 - Sending updated weights to server...
    [Client 45] Statistical Utility: {'client_rank': 45, 'round': 1, 'data_size': 4960, 'data_variance': 0.06276723742485046, 'local_loss': 2.6353952884674072, 'local_accuracy': 16.99596792459488}
    [Client 45] Round 1 - Sending updated weights to server...
    [Client 46] System Stats: {'cpu_time': 99.03999999910593, 'ram_used_mb': 2821.619712, 'net_sent_bytes': 624596, 'net_recv_bytes': 67517, 'gpu_mem_used_mb': 38937.0, 'gpu_load': 0.0, 'client_rank': 46, 'round': 1, 'timestamp': '2025-08-04 09:28:42'}
    [Client 40] System Stats: {'cpu_time': 185.73999999836087, 'ram_used_mb': 2825.076736, 'net_sent_bytes': 1813, 'net_recv_bytes': 43747, 'gpu_mem_used_mb': 38937.0, 'gpu_load': 0.0, 'client_rank': 40, 'round': 1, 'timestamp': '2025-08-04 09:28:43'}
    [Client 34] System Stats: {'cpu_time': 46.74000000022352, 'ram_used_mb': 2901.123072, 'net_sent_bytes': 67480, 'net_recv_bytes': 94260, 'gpu_mem_used_mb': 38937.0, 'gpu_load': 0.0, 'client_rank': 34, 'round': 1, 'timestamp': '2025-08-04 09:28:43'}
    [Client 41] System Stats: {'cpu_time': 156.35000000149012, 'ram_used_mb': 2846.752768, 'net_sent_bytes': 78747, 'net_recv_bytes': 73963, 'gpu_mem_used_mb': 38937.0, 'gpu_load': 0.0, 'client_rank': 41, 'round': 1, 'timestamp': '2025-08-04 09:28:43'}
    [Client 35] System Stats: {'cpu_time': 103.64000000013039, 'ram_used_mb': 2778.959872, 'net_sent_bytes': 89940, 'net_recv_bytes': 74869, 'gpu_mem_used_mb': 38937.0, 'gpu_load': 0.0, 'client_rank': 35, 'round': 1, 'timestamp': '2025-08-04 09:28:43'}
    [Client 43] System Stats: {'cpu_time': 85.64000000059605, 'ram_used_mb': 2737.627136, 'net_sent_bytes': 84455, 'net_recv_bytes': 74423, 'gpu_mem_used_mb': 38937.0, 'gpu_load': 0.0, 'client_rank': 43, 'round': 1, 'timestamp': '2025-08-04 09:28:43'}
    [Client 44] System Stats: {'cpu_time': 59.75999999977648, 'ram_used_mb': 2911.264768, 'net_sent_bytes': 105971, 'net_recv_bytes': 77771, 'gpu_mem_used_mb': 38937.0, 'gpu_load': 0.0, 'client_rank': 44, 'round': 1, 'timestamp': '2025-08-04 09:28:43'}
    [Client 32] System Stats: {'cpu_time': 160.7800000011921, 'ram_used_mb': 2834.460672, 'net_sent_bytes': 38359, 'net_recv_bytes': 9737573, 'gpu_mem_used_mb': 38937.0, 'gpu_load': 0.0, 'client_rank': 32, 'round': 1, 'timestamp': '2025-08-04 09:28:43'}
    [Client 46] Statistical Utility: {'client_rank': 46, 'round': 1, 'data_size': 377, 'data_variance': 0.06169150024652481, 'local_loss': 2.4886064529418945, 'local_accuracy': 10.875331610441208}
    [Client 46] Round 1 - Sending updated weights to server...
    [Client 42] System Stats: {'cpu_time': 279.4900000002235, 'ram_used_mb': 2862.133248, 'net_sent_bytes': 33988, 'net_recv_bytes': 49058, 'gpu_mem_used_mb': 38937.0, 'gpu_load': 0.0, 'client_rank': 42, 'round': 1, 'timestamp': '2025-08-04 09:28:44'}
    [Client 40] Statistical Utility: {'client_rank': 40, 'round': 1, 'data_size': 58, 'data_variance': 0.05720049887895584, 'local_loss': 2.6118884086608887, 'local_accuracy': 10.34482792019844}
    [Client 41] Statistical Utility: {'client_rank': 41, 'round': 1, 'data_size': 700, 'data_variance': 0.06264364719390869, 'local_loss': 2.290064811706543, 'local_accuracy': 14.28571492433548}
    [Client 41] Round 1 - Sending updated weights to server...
    [Client 40] Round 1 - Sending updated weights to server...
    [Client 38] System Stats: {'cpu_time': 123.66999999806285, 'ram_used_mb': 2892.312576, 'net_sent_bytes': 8399, 'net_recv_bytes': 58349, 'gpu_mem_used_mb': 38937.0, 'gpu_load': 0.0, 'client_rank': 38, 'round': 1, 'timestamp': '2025-08-04 09:28:44'}
    [Client 36] System Stats: {'cpu_time': 191.95999999903142, 'ram_used_mb': 2843.045888, 'net_sent_bytes': 53989, 'net_recv_bytes': 78229, 'gpu_mem_used_mb': 38937.0, 'gpu_load': 0.01, 'client_rank': 36, 'round': 1, 'timestamp': '2025-08-04 09:28:44'}
    [Client 35] Statistical Utility: {'client_rank': 35, 'round': 1, 'data_size': 54, 'data_variance': 0.05481398105621338, 'local_loss': 2.535520553588867, 'local_accuracy': 16.66666716337204}
    [Client 43] Statistical Utility: {'client_rank': 43, 'round': 1, 'data_size': 54, 'data_variance': 0.060210444033145905, 'local_loss': 2.530634641647339, 'local_accuracy': 7.407407462596893}
    [Client 34] Statistical Utility: {'client_rank': 34, 'round': 1, 'data_size': 4906, 'data_variance': 0.06292714923620224, 'local_loss': 3.098237991333008, 'local_accuracy': 15.430085361003876}
    [Client 35] Round 1 - Sending updated weights to server...
    [Client 43] Round 1 - Sending updated weights to server...
    [Client 34] Round 1 - Sending updated weights to server...
    [Client 44] Statistical Utility: {'client_rank': 44, 'round': 1, 'data_size': 4906, 'data_variance': 0.06297998875379562, 'local_loss': 2.835897922515869, 'local_accuracy': 13.615980744361877}
    [Client 44] Round 1 - Sending updated weights to server...
    [Client 32] Statistical Utility: {'client_rank': 32, 'round': 1, 'data_size': 332, 'data_variance': 0.0666794702410698, 'local_loss': 2.309624671936035, 'local_accuracy': 12.951807677745819}
    [Client 32] Round 1 - Sending updated weights to server...
    [Client 42] Statistical Utility: {'client_rank': 42, 'round': 1, 'data_size': 2928, 'data_variance': 0.06271663308143616, 'local_loss': 2.615341901779175, 'local_accuracy': 12.15846985578537}
    [Client 42] Round 1 - Sending updated weights to server...
    [Client 37] System Stats: {'cpu_time': 293.7900000009686, 'ram_used_mb': 2838.450176, 'net_sent_bytes': 95852, 'net_recv_bytes': 94965, 'gpu_mem_used_mb': 38937.0, 'gpu_load': 0.01, 'client_rank': 37, 'round': 1, 'timestamp': '2025-08-04 09:28:45'}
    [Client 36] Statistical Utility: {'client_rank': 36, 'round': 1, 'data_size': 650, 'data_variance': 0.06602594256401062, 'local_loss': 2.2158291339874268, 'local_accuracy': 15.076923370361328}
    [Client 38] Statistical Utility: {'client_rank': 38, 'round': 1, 'data_size': 2242, 'data_variance': 0.06379076093435287, 'local_loss': 2.5064780712127686, 'local_accuracy': 15.655665099620819}
    [Client 36] Round 1 - Sending updated weights to server...
    [Client 38] Round 1 - Sending updated weights to server...
    [Client 47] System Stats: {'cpu_time': 552.9599999999627, 'ram_used_mb': 2852.98688, 'net_sent_bytes': 868127, 'net_recv_bytes': 231425520, 'gpu_mem_used_mb': 38937.0, 'gpu_load': 0.0, 'client_rank': 47, 'round': 1, 'timestamp': '2025-08-04 09:28:47'}
    [Client 37] Statistical Utility: {'client_rank': 37, 'round': 1, 'data_size': 793, 'data_variance': 0.06372901797294617, 'local_loss': 2.2822272777557373, 'local_accuracy': 17.023959755897522}
    [Client 37] Round 1 - Sending updated weights to server...
    [Client 47] Statistical Utility: {'client_rank': 47, 'round': 1, 'data_size': 1107, 'data_variance': 0.06254247575998306, 'local_loss': 2.2799088954925537, 'local_accuracy': 19.33152675628662}
    [Client 47] Round 1 - Sending updated weights to server...
