=== Federated Server Started ===
Total processes: 11 (1 server + 10 clients)

Downloading CIFAR-10 dataset...
Downloading data from https://www.cs.toronto.edu/~kriz/cifar-10-python.tar.gz
    [Client 2] Initializing...
    [Client 2] Starting on host: ng10802
    [Client 8] Initializing...
    [Client 8] Starting on host: ng31204
    [Client 4] Initializing...
    [Client 4] Starting on host: ng31002
Downloading CIFAR-10 dataset...
Downloading data from https://www.cs.toronto.edu/~kriz/cifar-10-python.tar.gz
Downloading CIFAR-10 dataset...
Downloading data from https://www.cs.toronto.edu/~kriz/cifar-10-python.tar.gz
    [Client 9] Initializing...
    [Client 9] Starting on host: ng31303
    [Client 10] Initializing...
    [Client 10] Starting on host: ng31305
Downloading CIFAR-10 dataset...
Downloading data from https://www.cs.toronto.edu/~kriz/cifar-10-python.tar.gz
Downloading CIFAR-10 dataset...
Downloading data from https://www.cs.toronto.edu/~kriz/cifar-10-python.tar.gz
Downloading CIFAR-10 dataset...
Downloading data from https://www.cs.toronto.edu/~kriz/cifar-10-python.tar.gz
    [Client 5] Initializing...
    [Client 5] Starting on host: ng31004
Downloading CIFAR-10 dataset...
Downloading data from https://www.cs.toronto.edu/~kriz/cifar-10-python.tar.gz
    [Client 7] Initializing...
    [Client 7] Starting on host: ng31203
    [Client 3] Initializing...
    [Client 3] Starting on host: ng10807
    [Client 6] Initializing...
    [Client 6] Starting on host: ng31104
    [Client 1] Initializing...
    [Client 1] Starting on host: ng10403
Downloading CIFAR-10 dataset...
Downloading data from https://www.cs.toronto.edu/~kriz/cifar-10-python.tar.gz
Downloading CIFAR-10 dataset...
Downloading data from https://www.cs.toronto.edu/~kriz/cifar-10-python.tar.gz
Downloading CIFAR-10 dataset...
Downloading data from https://www.cs.toronto.edu/~kriz/cifar-10-python.tar.gz
Downloading CIFAR-10 dataset...
Downloading data from https://www.cs.toronto.edu/~kriz/cifar-10-python.tar.gz
