    [Client 3] Initializing...
    [Client 1] Initializing...
    [Client 2] Initializing...
    [Client 4] Initializing...
Loading data from .npy files...
Training set: (50000, 32, 32, 3), Labels: (50000, 10)
Test set:     (10000, 32, 32, 3), Labels: (10000, 10)
    [Client 1] Round 1 - Waiting for global weights...
Loading data from .npy files...
Training set: (50000, 32, 32, 3), Labels: (50000, 10)
Test set:     (10000, 32, 32, 3), Labels: (10000, 10)
    [Client 2] Round 1 - Waiting for global weights...
Loading data from .npy files...
Training set: (50000, 32, 32, 3), Labels: (50000, 10)
Test set:     (10000, 32, 32, 3), Labels: (10000, 10)
    [Client 4] Round 1 - Waiting for global weights...
Loading data from .npy files...
Training set: (50000, 32, 32, 3), Labels: (50000, 10)
Test set:     (10000, 32, 32, 3), Labels: (10000, 10)
    [Client 3] Round 1 - Waiting for global weights...
